ARM GAS  C:\Users\USUARIO\AppData\Local\Temp\ccHkBeH9.s 			page 1


   1              		.cpu cortex-m7
   2              		.eabi_attribute 27, 1
   3              		.eabi_attribute 28, 1
   4              		.eabi_attribute 20, 1
   5              		.eabi_attribute 21, 1
   6              		.eabi_attribute 23, 3
   7              		.eabi_attribute 24, 1
   8              		.eabi_attribute 25, 1
   9              		.eabi_attribute 26, 1
  10              		.eabi_attribute 30, 1
  11              		.eabi_attribute 34, 1
  12              		.eabi_attribute 18, 4
  13              		.file	"debugTasks.c"
  14              		.text
  15              	.Ltext0:
  16              		.cfi_sections	.debug_frame
  17              		.section	.text.blinkTask,"ax",%progbits
  18              		.align	1
  19              		.global	blinkTask
  20              		.arch armv7e-m
  21              		.syntax unified
  22              		.thumb
  23              		.thumb_func
  24              		.fpu fpv5-sp-d16
  26              	blinkTask:
  27              	.LVL0:
  28              	.LFB177:
  29              		.file 1 "Core/drogui/src/debugTasks.c"
   1:Core/drogui/src/debugTasks.c **** #include "debugTasks.h"
   2:Core/drogui/src/debugTasks.c **** #include "utils.h"
   3:Core/drogui/src/debugTasks.c **** #include "usart.h"
   4:Core/drogui/src/debugTasks.c **** #include "sensorsTasks.h"
   5:Core/drogui/src/debugTasks.c **** #include "task.h"
   6:Core/drogui/src/debugTasks.c **** #include <stdio.h>
   7:Core/drogui/src/debugTasks.c **** #include <string.h>
   8:Core/drogui/src/debugTasks.c **** 
   9:Core/drogui/src/debugTasks.c **** 
  10:Core/drogui/src/debugTasks.c **** void blinkTask(void *argument){
  30              		.loc 1 10 31 view -0
  31              		.cfi_startproc
  32              		@ args = 0, pretend = 0, frame = 0
  33              		@ frame_needed = 0, uses_anonymous_args = 0
  34              		.loc 1 10 31 is_stmt 0 view .LVU1
  35 0000 08B5     		push	{r3, lr}
  36              	.LCFI0:
  37              		.cfi_def_cfa_offset 8
  38              		.cfi_offset 3, -8
  39              		.cfi_offset 14, -4
  11:Core/drogui/src/debugTasks.c **** 
  12:Core/drogui/src/debugTasks.c ****     HAL_GPIO_TogglePin(LED_GPIO_Port, LED_Pin);
  40              		.loc 1 12 5 is_stmt 1 view .LVU2
  41 0002 0221     		movs	r1, #2
  42 0004 0148     		ldr	r0, .L3
  43              	.LVL1:
  44              		.loc 1 12 5 is_stmt 0 view .LVU3
  45 0006 FFF7FEFF 		bl	HAL_GPIO_TogglePin
  46              	.LVL2:
ARM GAS  C:\Users\USUARIO\AppData\Local\Temp\ccHkBeH9.s 			page 2


  13:Core/drogui/src/debugTasks.c **** }
  47              		.loc 1 13 1 view .LVU4
  48 000a 08BD     		pop	{r3, pc}
  49              	.L4:
  50              		.align	2
  51              	.L3:
  52 000c 00100240 		.word	1073876992
  53              		.cfi_endproc
  54              	.LFE177:
  56              		.global	__aeabi_f2d
  57              		.section	.rodata.debugTask.str1.4,"aMS",%progbits,1
  58              		.align	2
  59              	.LC0:
  60 0000 25660925 		.ascii	"%f\011%f\011;\012\000"
  60      66093B0A 
  60      00
  61              		.section	.text.debugTask,"ax",%progbits
  62              		.align	1
  63              		.global	debugTask
  64              		.syntax unified
  65              		.thumb
  66              		.thumb_func
  67              		.fpu fpv5-sp-d16
  69              	debugTask:
  70              	.LVL3:
  71              	.LFB178:
  14:Core/drogui/src/debugTasks.c **** 
  15:Core/drogui/src/debugTasks.c **** char buff[50] = "hola\n";
  16:Core/drogui/src/debugTasks.c **** void debugTask(void *argument){
  72              		.loc 1 16 31 is_stmt 1 view -0
  73              		.cfi_startproc
  74              		@ args = 0, pretend = 0, frame = 0
  75              		@ frame_needed = 0, uses_anonymous_args = 0
  76              		.loc 1 16 31 is_stmt 0 view .LVU6
  77 0000 D0B5     		push	{r4, r6, r7, lr}
  78              	.LCFI1:
  79              		.cfi_def_cfa_offset 16
  80              		.cfi_offset 4, -16
  81              		.cfi_offset 6, -12
  82              		.cfi_offset 7, -8
  83              		.cfi_offset 14, -4
  84 0002 82B0     		sub	sp, sp, #8
  85              	.LCFI2:
  86              		.cfi_def_cfa_offset 24
  17:Core/drogui/src/debugTasks.c ****     
  18:Core/drogui/src/debugTasks.c ****     //sprintf(buff, "%f\t%f\t%f\t%ld;\n", roll, pitch, yaw,TIME);
  19:Core/drogui/src/debugTasks.c ****     sprintf(buff, "%f\t%f\t;\n", myIMU.ax, ax);
  87              		.loc 1 19 5 is_stmt 1 view .LVU7
  88 0004 0E4B     		ldr	r3, .L7
  89 0006 1868     		ldr	r0, [r3]	@ float
  90              	.LVL4:
  91              		.loc 1 19 5 is_stmt 0 view .LVU8
  92 0008 FFF7FEFF 		bl	__aeabi_f2d
  93              	.LVL5:
  94 000c 0646     		mov	r6, r0
  95 000e 0F46     		mov	r7, r1
  96 0010 0C4C     		ldr	r4, .L7+4
ARM GAS  C:\Users\USUARIO\AppData\Local\Temp\ccHkBeH9.s 			page 3


  97 0012 0D4B     		ldr	r3, .L7+8
  98 0014 1868     		ldr	r0, [r3]	@ float
  99 0016 FFF7FEFF 		bl	__aeabi_f2d
 100              	.LVL6:
 101 001a CDE90001 		strd	r0, [sp]
 102 001e 3246     		mov	r2, r6
 103 0020 3B46     		mov	r3, r7
 104 0022 0A49     		ldr	r1, .L7+12
 105 0024 2046     		mov	r0, r4
 106 0026 FFF7FEFF 		bl	sprintf
 107              	.LVL7:
  20:Core/drogui/src/debugTasks.c ****     //sprintf(buff, "%lu;\n",TIME);
  21:Core/drogui/src/debugTasks.c ****     HAL_UART_Transmit(&huart2, (uint8_t*) buff, strlen(buff), 100);
 108              		.loc 1 21 5 is_stmt 1 view .LVU9
 109              		.loc 1 21 49 is_stmt 0 view .LVU10
 110 002a 2046     		mov	r0, r4
 111 002c FFF7FEFF 		bl	strlen
 112              	.LVL8:
 113              		.loc 1 21 5 view .LVU11
 114 0030 6423     		movs	r3, #100
 115 0032 82B2     		uxth	r2, r0
 116 0034 2146     		mov	r1, r4
 117 0036 0648     		ldr	r0, .L7+16
 118 0038 FFF7FEFF 		bl	HAL_UART_Transmit
 119              	.LVL9:
  22:Core/drogui/src/debugTasks.c **** }
 120              		.loc 1 22 1 view .LVU12
 121 003c 02B0     		add	sp, sp, #8
 122              	.LCFI3:
 123              		.cfi_def_cfa_offset 16
 124              		@ sp needed
 125 003e D0BD     		pop	{r4, r6, r7, pc}
 126              	.L8:
 127              		.align	2
 128              	.L7:
 129 0040 00000000 		.word	myIMU
 130 0044 00000000 		.word	.LANCHOR0
 131 0048 00000000 		.word	ax
 132 004c 00000000 		.word	.LC0
 133 0050 00000000 		.word	huart2
 134              		.cfi_endproc
 135              	.LFE178:
 137              		.section	.text.initDebug,"ax",%progbits
 138              		.align	1
 139              		.global	initDebug
 140              		.syntax unified
 141              		.thumb
 142              		.thumb_func
 143              		.fpu fpv5-sp-d16
 145              	initDebug:
 146              	.LFB179:
  23:Core/drogui/src/debugTasks.c **** 
  24:Core/drogui/src/debugTasks.c **** void initDebug(){
 147              		.loc 1 24 17 is_stmt 1 view -0
 148              		.cfi_startproc
 149              		@ args = 0, pretend = 0, frame = 0
 150              		@ frame_needed = 0, uses_anonymous_args = 0
ARM GAS  C:\Users\USUARIO\AppData\Local\Temp\ccHkBeH9.s 			page 4


 151 0000 08B5     		push	{r3, lr}
 152              	.LCFI4:
 153              		.cfi_def_cfa_offset 8
 154              		.cfi_offset 3, -8
 155              		.cfi_offset 14, -4
  25:Core/drogui/src/debugTasks.c ****     
  26:Core/drogui/src/debugTasks.c ****     addTask(&debugTask, 1000, 1);
 156              		.loc 1 26 5 view .LVU14
 157 0002 0122     		movs	r2, #1
 158 0004 4FF47A71 		mov	r1, #1000
 159 0008 0448     		ldr	r0, .L11
 160 000a FFF7FEFF 		bl	addTask
 161              	.LVL10:
  27:Core/drogui/src/debugTasks.c ****     addTask(&blinkTask, 1000000, 1);
 162              		.loc 1 27 5 view .LVU15
 163 000e 0122     		movs	r2, #1
 164 0010 0349     		ldr	r1, .L11+4
 165 0012 0448     		ldr	r0, .L11+8
 166 0014 FFF7FEFF 		bl	addTask
 167              	.LVL11:
  28:Core/drogui/src/debugTasks.c **** 
  29:Core/drogui/src/debugTasks.c **** }...
 168              		.loc 1 29 1 is_stmt 0 view .LVU16
 169 0018 08BD     		pop	{r3, pc}
 170              	.L12:
 171 001a 00BF     		.align	2
 172              	.L11:
 173 001c 00000000 		.word	debugTask
 174 0020 40420F00 		.word	1000000
 175 0024 00000000 		.word	blinkTask
 176              		.cfi_endproc
 177              	.LFE179:
 179              		.global	buff
 180              		.section	.data.buff,"aw"
 181              		.align	2
 182              		.set	.LANCHOR0,. + 0
 185              	buff:
 186 0000 686F6C61 		.ascii	"hola\012\000"
 186      0A00
 187 0006 00000000 		.space	44
 187      00000000 
 187      00000000 
 187      00000000 
 187      00000000 
 188              		.text
 189              	.Letext0:
 190              		.file 2 "c:\\program files (x86)\\gnu arm embedded toolchain\\10 2020-q4-major\\arm-none-eabi\\inc
 191              		.file 3 "c:\\program files (x86)\\gnu arm embedded toolchain\\10 2020-q4-major\\arm-none-eabi\\inc
 192              		.file 4 "Drivers/CMSIS/Device/ST/STM32F7xx/Include/stm32f746xx.h"
 193              		.file 5 "Drivers/STM32F7xx_HAL_Driver/Inc/stm32f7xx_hal_def.h"
 194              		.file 6 "Drivers/STM32F7xx_HAL_Driver/Inc/stm32f7xx_hal_dma.h"
 195              		.file 7 "Drivers/STM32F7xx_HAL_Driver/Inc/stm32f7xx_hal_uart.h"
 196              		.file 8 "Core/drogui/include/MPU9250.h"
 197              		.file 9 "Core/Inc/usart.h"
 198              		.file 10 "Core/drogui/include/sensorsTasks.h"
 199              		.file 11 "Core/drogui/include/task.h"
 200              		.file 12 "c:\\program files (x86)\\gnu arm embedded toolchain\\10 2020-q4-major\\arm-none-eabi\\in
ARM GAS  C:\Users\USUARIO\AppData\Local\Temp\ccHkBeH9.s 			page 5


 201              		.file 13 "c:\\program files (x86)\\gnu arm embedded toolchain\\10 2020-q4-major\\arm-none-eabi\\in
 202              		.file 14 "Drivers/STM32F7xx_HAL_Driver/Inc/stm32f7xx_hal_gpio.h"
ARM GAS  C:\Users\USUARIO\AppData\Local\Temp\ccHkBeH9.s 			page 6


DEFINED SYMBOLS
                            *ABS*:00000000 debugTasks.c
C:\Users\USUARIO\AppData\Local\Temp\ccHkBeH9.s:18     .text.blinkTask:00000000 $t
C:\Users\USUARIO\AppData\Local\Temp\ccHkBeH9.s:26     .text.blinkTask:00000000 blinkTask
C:\Users\USUARIO\AppData\Local\Temp\ccHkBeH9.s:52     .text.blinkTask:0000000c $d
C:\Users\USUARIO\AppData\Local\Temp\ccHkBeH9.s:58     .rodata.debugTask.str1.4:00000000 $d
C:\Users\USUARIO\AppData\Local\Temp\ccHkBeH9.s:62     .text.debugTask:00000000 $t
C:\Users\USUARIO\AppData\Local\Temp\ccHkBeH9.s:69     .text.debugTask:00000000 debugTask
C:\Users\USUARIO\AppData\Local\Temp\ccHkBeH9.s:129    .text.debugTask:00000040 $d
C:\Users\USUARIO\AppData\Local\Temp\ccHkBeH9.s:138    .text.initDebug:00000000 $t
C:\Users\USUARIO\AppData\Local\Temp\ccHkBeH9.s:145    .text.initDebug:00000000 initDebug
C:\Users\USUARIO\AppData\Local\Temp\ccHkBeH9.s:173    .text.initDebug:0000001c $d
C:\Users\USUARIO\AppData\Local\Temp\ccHkBeH9.s:185    .data.buff:00000000 buff
C:\Users\USUARIO\AppData\Local\Temp\ccHkBeH9.s:181    .data.buff:00000000 $d

UNDEFINED SYMBOLS
HAL_GPIO_TogglePin
__aeabi_f2d
sprintf
strlen
HAL_UART_Transmit
myIMU
ax
huart2
addTask
