ARM GAS  C:\Users\GUILLE~1\AppData\Local\Temp\ccxvnrYg.s 			page 1


   1              		.cpu cortex-m7
   2              		.eabi_attribute 27, 1
   3              		.eabi_attribute 28, 1
   4              		.eabi_attribute 20, 1
   5              		.eabi_attribute 21, 1
   6              		.eabi_attribute 23, 3
   7              		.eabi_attribute 24, 1
   8              		.eabi_attribute 25, 1
   9              		.eabi_attribute 26, 1
  10              		.eabi_attribute 30, 1
  11              		.eabi_attribute 34, 1
  12              		.eabi_attribute 18, 4
  13              		.file	"freertos.c"
  14              		.text
  15              	.Ltext0:
  16              		.cfi_sections	.debug_frame
  17              		.section	.text.MX_FREERTOS_Init,"ax",%progbits
  18              		.align	1
  19              		.global	MX_FREERTOS_Init
  20              		.arch armv7e-m
  21              		.syntax unified
  22              		.thumb
  23              		.thumb_func
  24              		.fpu fpv5-sp-d16
  26              	MX_FREERTOS_Init:
  27              	.LFB178:
  28              		.file 1 "Core/Src/freertos.c"
   1:Core/Src/freertos.c **** /* USER CODE BEGIN Header */
   2:Core/Src/freertos.c **** /**
   3:Core/Src/freertos.c ****   ******************************************************************************
   4:Core/Src/freertos.c ****   * File Name          : freertos.c
   5:Core/Src/freertos.c ****   * Description        : Code for freertos applications
   6:Core/Src/freertos.c ****   ******************************************************************************
   7:Core/Src/freertos.c ****   * @attention
   8:Core/Src/freertos.c ****   *
   9:Core/Src/freertos.c ****   * <h2><center>&copy; Copyright (c) 2021 STMicroelectronics.
  10:Core/Src/freertos.c ****   * All rights reserved.</center></h2>
  11:Core/Src/freertos.c ****   *
  12:Core/Src/freertos.c ****   * This software component is licensed by ST under Ultimate Liberty license
  13:Core/Src/freertos.c ****   * SLA0044, the "License"; You may not use this file except in compliance with
  14:Core/Src/freertos.c ****   * the License. You may obtain a copy of the License at:
  15:Core/Src/freertos.c ****   *                             www.st.com/SLA0044
  16:Core/Src/freertos.c ****   *
  17:Core/Src/freertos.c ****   ******************************************************************************
  18:Core/Src/freertos.c ****   */
  19:Core/Src/freertos.c **** /* USER CODE END Header */
  20:Core/Src/freertos.c **** 
  21:Core/Src/freertos.c **** /* Includes ------------------------------------------------------------------*/
  22:Core/Src/freertos.c **** #include "_freertos.h"
  23:Core/Src/freertos.c **** 
  24:Core/Src/freertos.c **** /* Private function prototypes -----------------------------------------------*/
  25:Core/Src/freertos.c **** /* USER CODE BEGIN FunctionPrototypes */
  26:Core/Src/freertos.c **** 
  27:Core/Src/freertos.c **** /* USER CODE END FunctionPrototypes */
  28:Core/Src/freertos.c **** 
  29:Core/Src/freertos.c **** 
  30:Core/Src/freertos.c **** void MX_FREERTOS_Init(void); /* (MISRA C 2004 rule 8.1) */
ARM GAS  C:\Users\GUILLE~1\AppData\Local\Temp\ccxvnrYg.s 			page 2


  31:Core/Src/freertos.c **** 
  32:Core/Src/freertos.c **** /**
  33:Core/Src/freertos.c ****   * @brief  FreeRTOS initialization
  34:Core/Src/freertos.c ****   * @param  None
  35:Core/Src/freertos.c ****   * @retval None
  36:Core/Src/freertos.c ****   */
  37:Core/Src/freertos.c **** void MX_FREERTOS_Init(void) {
  29              		.loc 1 37 29 view -0
  30              		.cfi_startproc
  31              		@ args = 0, pretend = 0, frame = 0
  32              		@ frame_needed = 0, uses_anonymous_args = 0
  33 0000 08B5     		push	{r3, lr}
  34              	.LCFI0:
  35              		.cfi_def_cfa_offset 8
  36              		.cfi_offset 3, -8
  37              		.cfi_offset 14, -4
  38:Core/Src/freertos.c ****   /* USER CODE BEGIN Init */
  39:Core/Src/freertos.c **** 
  40:Core/Src/freertos.c ****   /* USER CODE END Init */
  41:Core/Src/freertos.c **** 
  42:Core/Src/freertos.c ****   /* USER CODE BEGIN RTOS_MUTEX */
  43:Core/Src/freertos.c ****   /* add mutexes, ... */
  44:Core/Src/freertos.c ****   /* USER CODE END RTOS_MUTEX */
  45:Core/Src/freertos.c **** 
  46:Core/Src/freertos.c ****   /* USER CODE BEGIN RTOS_SEMAPHORES */
  47:Core/Src/freertos.c ****   /* add semaphores, ... */
  48:Core/Src/freertos.c ****   /* USER CODE END RTOS_SEMAPHORES */
  49:Core/Src/freertos.c **** 
  50:Core/Src/freertos.c ****   /* USER CODE BEGIN RTOS_TIMERS */
  51:Core/Src/freertos.c ****   /* start timers, add new ones, ... */
  52:Core/Src/freertos.c ****   /* USER CODE END RTOS_TIMERS */
  53:Core/Src/freertos.c **** 
  54:Core/Src/freertos.c ****   /* USER CODE BEGIN RTOS_QUEUES */
  55:Core/Src/freertos.c ****   /* add queues, ... */
  56:Core/Src/freertos.c ****   /* USER CODE END RTOS_QUEUES */
  57:Core/Src/freertos.c **** 
  58:Core/Src/freertos.c ****   /* Create the thread(s) */
  59:Core/Src/freertos.c ****   /* creation of defaultTask */
  60:Core/Src/freertos.c ****   initGlobal();
  38              		.loc 1 60 3 view .LVU1
  39 0002 FFF7FEFF 		bl	initGlobal
  40              	.LVL0:
  61:Core/Src/freertos.c **** 
  62:Core/Src/freertos.c ****   /* USER CODE BEGIN RTOS_THREADS */
  63:Core/Src/freertos.c ****   /* add threads, ... */
  64:Core/Src/freertos.c ****   /* USER CODE END RTOS_THREADS */
  65:Core/Src/freertos.c **** 
  66:Core/Src/freertos.c ****   /* USER CODE BEGIN RTOS_EVENTS */
  67:Core/Src/freertos.c ****   /* add events, ... */
  68:Core/Src/freertos.c ****   /* USER CODE END RTOS_EVENTS */
  69:Core/Src/freertos.c **** 
  70:Core/Src/freertos.c **** }
  41              		.loc 1 70 1 is_stmt 0 view .LVU2
  42 0006 08BD     		pop	{r3, pc}
  43              		.cfi_endproc
  44              	.LFE178:
  46              		.text
ARM GAS  C:\Users\GUILLE~1\AppData\Local\Temp\ccxvnrYg.s 			page 3


  47              	.Letext0:
  48              		.file 2 "Core/drogui/include/_freertos.h"
ARM GAS  C:\Users\GUILLE~1\AppData\Local\Temp\ccxvnrYg.s 			page 4


DEFINED SYMBOLS
                            *ABS*:00000000 freertos.c
C:\Users\GUILLE~1\AppData\Local\Temp\ccxvnrYg.s:18     .text.MX_FREERTOS_Init:00000000 $t
C:\Users\GUILLE~1\AppData\Local\Temp\ccxvnrYg.s:26     .text.MX_FREERTOS_Init:00000000 MX_FREERTOS_Init

UNDEFINED SYMBOLS
initGlobal
