ARM GAS  C:\Users\GUILLE~1\AppData\Local\Temp\ccMPfl1W.s 			page 1


   1              		.cpu cortex-m7
   2              		.eabi_attribute 27, 1
   3              		.eabi_attribute 28, 1
   4              		.eabi_attribute 20, 1
   5              		.eabi_attribute 21, 1
   6              		.eabi_attribute 23, 3
   7              		.eabi_attribute 24, 1
   8              		.eabi_attribute 25, 1
   9              		.eabi_attribute 26, 1
  10              		.eabi_attribute 30, 1
  11              		.eabi_attribute 34, 1
  12              		.eabi_attribute 18, 4
  13              		.file	"gpio.c"
  14              		.text
  15              	.Ltext0:
  16              		.cfi_sections	.debug_frame
  17              		.section	.text.MX_GPIO_Init,"ax",%progbits
  18              		.align	1
  19              		.global	MX_GPIO_Init
  20              		.arch armv7e-m
  21              		.syntax unified
  22              		.thumb
  23              		.thumb_func
  24              		.fpu fpv5-sp-d16
  26              	MX_GPIO_Init:
  27              	.LFB141:
  28              		.file 1 "Core/Src/gpio.c"
   1:Core/Src/gpio.c **** /**
   2:Core/Src/gpio.c ****   ******************************************************************************
   3:Core/Src/gpio.c ****   * @file    gpio.c
   4:Core/Src/gpio.c ****   * @brief   This file provides code for the configuration
   5:Core/Src/gpio.c ****   *          of all used GPIO pins.
   6:Core/Src/gpio.c ****   ******************************************************************************
   7:Core/Src/gpio.c ****   * @attention
   8:Core/Src/gpio.c ****   *
   9:Core/Src/gpio.c ****   * <h2><center>&copy; Copyright (c) 2021 STMicroelectronics.
  10:Core/Src/gpio.c ****   * All rights reserved.</center></h2>
  11:Core/Src/gpio.c ****   *
  12:Core/Src/gpio.c ****   * This software component is licensed by ST under Ultimate Liberty license
  13:Core/Src/gpio.c ****   * SLA0044, the "License"; You may not use this file except in compliance with
  14:Core/Src/gpio.c ****   * the License. You may obtain a copy of the License at:
  15:Core/Src/gpio.c ****   *                             www.st.com/SLA0044
  16:Core/Src/gpio.c ****   *
  17:Core/Src/gpio.c ****   ******************************************************************************
  18:Core/Src/gpio.c ****   */
  19:Core/Src/gpio.c **** 
  20:Core/Src/gpio.c **** /* Includes ------------------------------------------------------------------*/
  21:Core/Src/gpio.c **** #include "gpio.h"
  22:Core/Src/gpio.c **** 
  23:Core/Src/gpio.c **** /* USER CODE BEGIN 0 */
  24:Core/Src/gpio.c **** 
  25:Core/Src/gpio.c **** /* USER CODE END 0 */
  26:Core/Src/gpio.c **** 
  27:Core/Src/gpio.c **** /*----------------------------------------------------------------------------*/
  28:Core/Src/gpio.c **** /* Configure GPIO                                                             */
  29:Core/Src/gpio.c **** /*----------------------------------------------------------------------------*/
  30:Core/Src/gpio.c **** /* USER CODE BEGIN 1 */
ARM GAS  C:\Users\GUILLE~1\AppData\Local\Temp\ccMPfl1W.s 			page 2


  31:Core/Src/gpio.c **** 
  32:Core/Src/gpio.c **** /* USER CODE END 1 */
  33:Core/Src/gpio.c **** 
  34:Core/Src/gpio.c **** /** Configure pins
  35:Core/Src/gpio.c **** */
  36:Core/Src/gpio.c **** void MX_GPIO_Init(void)
  37:Core/Src/gpio.c **** {
  29              		.loc 1 37 1 view -0
  30              		.cfi_startproc
  31              		@ args = 0, pretend = 0, frame = 32
  32              		@ frame_needed = 0, uses_anonymous_args = 0
  33 0000 30B5     		push	{r4, r5, lr}
  34              	.LCFI0:
  35              		.cfi_def_cfa_offset 12
  36              		.cfi_offset 4, -12
  37              		.cfi_offset 5, -8
  38              		.cfi_offset 14, -4
  39 0002 89B0     		sub	sp, sp, #36
  40              	.LCFI1:
  41              		.cfi_def_cfa_offset 48
  38:Core/Src/gpio.c **** 
  39:Core/Src/gpio.c ****   GPIO_InitTypeDef GPIO_InitStruct = {0};
  42              		.loc 1 39 3 view .LVU1
  43              		.loc 1 39 20 is_stmt 0 view .LVU2
  44 0004 0024     		movs	r4, #0
  45 0006 0394     		str	r4, [sp, #12]
  46 0008 0494     		str	r4, [sp, #16]
  47 000a 0594     		str	r4, [sp, #20]
  48 000c 0694     		str	r4, [sp, #24]
  49 000e 0794     		str	r4, [sp, #28]
  40:Core/Src/gpio.c **** 
  41:Core/Src/gpio.c ****   /* GPIO Ports Clock Enable */
  42:Core/Src/gpio.c ****   __HAL_RCC_GPIOD_CLK_ENABLE();
  50              		.loc 1 42 3 is_stmt 1 view .LVU3
  51              	.LBB2:
  52              		.loc 1 42 3 view .LVU4
  53              		.loc 1 42 3 view .LVU5
  54 0010 164B     		ldr	r3, .L3
  55 0012 1A6B     		ldr	r2, [r3, #48]
  56 0014 42F00802 		orr	r2, r2, #8
  57 0018 1A63     		str	r2, [r3, #48]
  58              		.loc 1 42 3 view .LVU6
  59 001a 1A6B     		ldr	r2, [r3, #48]
  60 001c 02F00802 		and	r2, r2, #8
  61 0020 0092     		str	r2, [sp]
  62              		.loc 1 42 3 view .LVU7
  63 0022 009A     		ldr	r2, [sp]
  64              	.LBE2:
  65              		.loc 1 42 3 view .LVU8
  43:Core/Src/gpio.c ****   __HAL_RCC_GPIOB_CLK_ENABLE();
  66              		.loc 1 43 3 view .LVU9
  67              	.LBB3:
  68              		.loc 1 43 3 view .LVU10
  69              		.loc 1 43 3 view .LVU11
  70 0024 1A6B     		ldr	r2, [r3, #48]
  71 0026 42F00202 		orr	r2, r2, #2
  72 002a 1A63     		str	r2, [r3, #48]
ARM GAS  C:\Users\GUILLE~1\AppData\Local\Temp\ccMPfl1W.s 			page 3


  73              		.loc 1 43 3 view .LVU12
  74 002c 1A6B     		ldr	r2, [r3, #48]
  75 002e 02F00202 		and	r2, r2, #2
  76 0032 0192     		str	r2, [sp, #4]
  77              		.loc 1 43 3 view .LVU13
  78 0034 019A     		ldr	r2, [sp, #4]
  79              	.LBE3:
  80              		.loc 1 43 3 view .LVU14
  44:Core/Src/gpio.c ****   __HAL_RCC_GPIOE_CLK_ENABLE();
  81              		.loc 1 44 3 view .LVU15
  82              	.LBB4:
  83              		.loc 1 44 3 view .LVU16
  84              		.loc 1 44 3 view .LVU17
  85 0036 1A6B     		ldr	r2, [r3, #48]
  86 0038 42F01002 		orr	r2, r2, #16
  87 003c 1A63     		str	r2, [r3, #48]
  88              		.loc 1 44 3 view .LVU18
  89 003e 1B6B     		ldr	r3, [r3, #48]
  90 0040 03F01003 		and	r3, r3, #16
  91 0044 0293     		str	r3, [sp, #8]
  92              		.loc 1 44 3 view .LVU19
  93 0046 029B     		ldr	r3, [sp, #8]
  94              	.LBE4:
  95              		.loc 1 44 3 view .LVU20
  45:Core/Src/gpio.c **** 
  46:Core/Src/gpio.c ****   /*Configure GPIO pin Output Level */
  47:Core/Src/gpio.c ****   HAL_GPIO_WritePin(LED_GPIO_Port, LED_Pin, GPIO_PIN_RESET);
  96              		.loc 1 47 3 view .LVU21
  97 0048 094D     		ldr	r5, .L3+4
  98 004a 2246     		mov	r2, r4
  99 004c 0221     		movs	r1, #2
 100 004e 2846     		mov	r0, r5
 101 0050 FFF7FEFF 		bl	HAL_GPIO_WritePin
 102              	.LVL0:
  48:Core/Src/gpio.c **** 
  49:Core/Src/gpio.c ****   /*Configure GPIO pin : PtPin */
  50:Core/Src/gpio.c ****   GPIO_InitStruct.Pin = LED_Pin;
 103              		.loc 1 50 3 view .LVU22
 104              		.loc 1 50 23 is_stmt 0 view .LVU23
 105 0054 0223     		movs	r3, #2
 106 0056 0393     		str	r3, [sp, #12]
  51:Core/Src/gpio.c ****   GPIO_InitStruct.Mode = GPIO_MODE_OUTPUT_PP;
 107              		.loc 1 51 3 is_stmt 1 view .LVU24
 108              		.loc 1 51 24 is_stmt 0 view .LVU25
 109 0058 0123     		movs	r3, #1
 110 005a 0493     		str	r3, [sp, #16]
  52:Core/Src/gpio.c ****   GPIO_InitStruct.Pull = GPIO_NOPULL;
 111              		.loc 1 52 3 is_stmt 1 view .LVU26
 112              		.loc 1 52 24 is_stmt 0 view .LVU27
 113 005c 0594     		str	r4, [sp, #20]
  53:Core/Src/gpio.c ****   GPIO_InitStruct.Speed = GPIO_SPEED_FREQ_LOW;
 114              		.loc 1 53 3 is_stmt 1 view .LVU28
 115              		.loc 1 53 25 is_stmt 0 view .LVU29
 116 005e 0694     		str	r4, [sp, #24]
  54:Core/Src/gpio.c ****   HAL_GPIO_Init(LED_GPIO_Port, &GPIO_InitStruct);
 117              		.loc 1 54 3 is_stmt 1 view .LVU30
 118 0060 03A9     		add	r1, sp, #12
ARM GAS  C:\Users\GUILLE~1\AppData\Local\Temp\ccMPfl1W.s 			page 4


 119 0062 2846     		mov	r0, r5
 120 0064 FFF7FEFF 		bl	HAL_GPIO_Init
 121              	.LVL1:
  55:Core/Src/gpio.c **** 
  56:Core/Src/gpio.c **** }
 122              		.loc 1 56 1 is_stmt 0 view .LVU31
 123 0068 09B0     		add	sp, sp, #36
 124              	.LCFI2:
 125              		.cfi_def_cfa_offset 12
 126              		@ sp needed
 127 006a 30BD     		pop	{r4, r5, pc}
 128              	.L4:
 129              		.align	2
 130              	.L3:
 131 006c 00380240 		.word	1073887232
 132 0070 00100240 		.word	1073876992
 133              		.cfi_endproc
 134              	.LFE141:
 136              		.text
 137              	.Letext0:
 138              		.file 2 "c:\\program files (x86)\\gnu arm embedded toolchain\\10 2020-q4-major\\arm-none-eabi\\inc
 139              		.file 3 "c:\\program files (x86)\\gnu arm embedded toolchain\\10 2020-q4-major\\arm-none-eabi\\inc
 140              		.file 4 "Drivers/CMSIS/Device/ST/STM32F7xx/Include/stm32f746xx.h"
 141              		.file 5 "Drivers/STM32F7xx_HAL_Driver/Inc/stm32f7xx_hal_gpio.h"
ARM GAS  C:\Users\GUILLE~1\AppData\Local\Temp\ccMPfl1W.s 			page 5


DEFINED SYMBOLS
                            *ABS*:00000000 gpio.c
C:\Users\GUILLE~1\AppData\Local\Temp\ccMPfl1W.s:18     .text.MX_GPIO_Init:00000000 $t
C:\Users\GUILLE~1\AppData\Local\Temp\ccMPfl1W.s:26     .text.MX_GPIO_Init:00000000 MX_GPIO_Init
C:\Users\GUILLE~1\AppData\Local\Temp\ccMPfl1W.s:131    .text.MX_GPIO_Init:0000006c $d

UNDEFINED SYMBOLS
HAL_GPIO_WritePin
HAL_GPIO_Init
