ARM GAS  C:\Users\GUILLE~1\AppData\Local\Temp\cc3OFfFF.s 			page 1


   1              		.cpu cortex-m7
   2              		.eabi_attribute 27, 1
   3              		.eabi_attribute 28, 1
   4              		.eabi_attribute 20, 1
   5              		.eabi_attribute 21, 1
   6              		.eabi_attribute 23, 3
   7              		.eabi_attribute 24, 1
   8              		.eabi_attribute 25, 1
   9              		.eabi_attribute 26, 1
  10              		.eabi_attribute 30, 1
  11              		.eabi_attribute 34, 1
  12              		.eabi_attribute 18, 4
  13              		.file	"sensorsTasks.c"
  14              		.text
  15              	.Ltext0:
  16              		.cfi_sections	.debug_frame
  17              		.section	.text.accelTask,"ax",%progbits
  18              		.align	1
  19              		.global	accelTask
  20              		.arch armv7e-m
  21              		.syntax unified
  22              		.thumb
  23              		.thumb_func
  24              		.fpu fpv5-sp-d16
  26              	accelTask:
  27              	.LFB177:
  28              		.file 1 "Core/drogui/src/sensorsTasks.c"
   1:Core/drogui/src/sensorsTasks.c **** #include "sensorsTasks.h"
   2:Core/drogui/src/sensorsTasks.c **** #include "mahony.h"
   3:Core/drogui/src/sensorsTasks.c **** #include "task.h"
   4:Core/drogui/src/sensorsTasks.c **** #include "usart.h"
   5:Core/drogui/src/sensorsTasks.c **** #include <stdio.h>
   6:Core/drogui/src/sensorsTasks.c **** #include <string.h>
   7:Core/drogui/src/sensorsTasks.c **** 
   8:Core/drogui/src/sensorsTasks.c **** 
   9:Core/drogui/src/sensorsTasks.c **** mpu9250 myIMU;
  10:Core/drogui/src/sensorsTasks.c **** 
  11:Core/drogui/src/sensorsTasks.c **** filter filter_gx, filter_gy, filter_gz;
  12:Core/drogui/src/sensorsTasks.c **** filter filter_gx2, filter_gy2, filter_gz2;
  13:Core/drogui/src/sensorsTasks.c **** dNotchFilter dnotch_gx, dnotch_gy, dnotch_gz; 
  14:Core/drogui/src/sensorsTasks.c **** dNotchFilter dnotch_gx2, dnotch_gy2, dnotch_gz2;
  15:Core/drogui/src/sensorsTasks.c **** 
  16:Core/drogui/src/sensorsTasks.c **** 
  17:Core/drogui/src/sensorsTasks.c **** filter filter_ax, filter_ay, filter_az;
  18:Core/drogui/src/sensorsTasks.c **** dNotchFilter dnotch_ax, dnotch_ay, dnotch_az; 
  19:Core/drogui/src/sensorsTasks.c **** 
  20:Core/drogui/src/sensorsTasks.c **** filter filter_roll, filter_pitch, filter_yaw;
  21:Core/drogui/src/sensorsTasks.c **** float roll, pitch, yaw, ax, ay, az, gx, gy, gz, mx, my, mz, x, y, z;
  22:Core/drogui/src/sensorsTasks.c **** 
  23:Core/drogui/src/sensorsTasks.c **** bmp388 myBMP;
  24:Core/drogui/src/sensorsTasks.c **** float altitude;
  25:Core/drogui/src/sensorsTasks.c **** 
  26:Core/drogui/src/sensorsTasks.c **** emaFilter ema_bmp;
  27:Core/drogui/src/sensorsTasks.c **** mvAvgFilter mvAvg_bmp;
  28:Core/drogui/src/sensorsTasks.c **** 
  29:Core/drogui/src/sensorsTasks.c **** 
  30:Core/drogui/src/sensorsTasks.c **** void accelTask(){   
ARM GAS  C:\Users\GUILLE~1\AppData\Local\Temp\cc3OFfFF.s 			page 2


  29              		.loc 1 30 17 view -0
  30              		.cfi_startproc
  31              		@ args = 0, pretend = 0, frame = 0
  32              		@ frame_needed = 0, uses_anonymous_args = 0
  33 0000 70B5     		push	{r4, r5, r6, lr}
  34              	.LCFI0:
  35              		.cfi_def_cfa_offset 16
  36              		.cfi_offset 4, -16
  37              		.cfi_offset 5, -12
  38              		.cfi_offset 6, -8
  39              		.cfi_offset 14, -4
  31:Core/drogui/src/sensorsTasks.c ****     readAcc(&myIMU);
  40              		.loc 1 31 5 view .LVU1
  41 0002 204C     		ldr	r4, .L3
  42 0004 2046     		mov	r0, r4
  43 0006 FFF7FEFF 		bl	readAcc
  44              	.LVL0:
  32:Core/drogui/src/sensorsTasks.c **** 
  33:Core/drogui/src/sensorsTasks.c ****     ax = computeFilter(&filter_ax, myIMU.ax);
  45              		.loc 1 33 5 view .LVU2
  46              		.loc 1 33 10 is_stmt 0 view .LVU3
  47 000a 94ED000A 		vldr.32	s0, [r4]
  48 000e 1E48     		ldr	r0, .L3+4
  49 0010 FFF7FEFF 		bl	computeFilter
  50              	.LVL1:
  51              		.loc 1 33 8 view .LVU4
  52 0014 1D4E     		ldr	r6, .L3+8
  53 0016 86ED000A 		vstr.32	s0, [r6]
  34:Core/drogui/src/sensorsTasks.c ****     ay = computeFilter(&filter_ay, myIMU.ay);
  54              		.loc 1 34 5 is_stmt 1 view .LVU5
  55              		.loc 1 34 10 is_stmt 0 view .LVU6
  56 001a 94ED010A 		vldr.32	s0, [r4, #4]
  57 001e 1C48     		ldr	r0, .L3+12
  58 0020 FFF7FEFF 		bl	computeFilter
  59              	.LVL2:
  60              		.loc 1 34 8 view .LVU7
  61 0024 1B4D     		ldr	r5, .L3+16
  62 0026 85ED000A 		vstr.32	s0, [r5]
  35:Core/drogui/src/sensorsTasks.c ****     az = computeFilter(&filter_az, myIMU.az);
  63              		.loc 1 35 5 is_stmt 1 view .LVU8
  64              		.loc 1 35 10 is_stmt 0 view .LVU9
  65 002a 94ED020A 		vldr.32	s0, [r4, #8]
  66 002e 1A48     		ldr	r0, .L3+20
  67 0030 FFF7FEFF 		bl	computeFilter
  68              	.LVL3:
  69              		.loc 1 35 8 view .LVU10
  70 0034 194C     		ldr	r4, .L3+24
  71 0036 84ED000A 		vstr.32	s0, [r4]
  36:Core/drogui/src/sensorsTasks.c **** 
  37:Core/drogui/src/sensorsTasks.c **** 
  38:Core/drogui/src/sensorsTasks.c ****     ax = computeDNotch(&dnotch_ax, ax);
  72              		.loc 1 38 5 is_stmt 1 view .LVU11
  73              		.loc 1 38 10 is_stmt 0 view .LVU12
  74 003a 96ED000A 		vldr.32	s0, [r6]
  75 003e 1848     		ldr	r0, .L3+28
  76 0040 FFF7FEFF 		bl	computeDNotch
  77              	.LVL4:
ARM GAS  C:\Users\GUILLE~1\AppData\Local\Temp\cc3OFfFF.s 			page 3


  78              		.loc 1 38 8 view .LVU13
  79 0044 86ED000A 		vstr.32	s0, [r6]
  39:Core/drogui/src/sensorsTasks.c ****     ay = computeDNotch(&dnotch_ay, ay);
  80              		.loc 1 39 5 is_stmt 1 view .LVU14
  81              		.loc 1 39 10 is_stmt 0 view .LVU15
  82 0048 95ED000A 		vldr.32	s0, [r5]
  83 004c 1548     		ldr	r0, .L3+32
  84 004e FFF7FEFF 		bl	computeDNotch
  85              	.LVL5:
  86              		.loc 1 39 8 view .LVU16
  87 0052 85ED000A 		vstr.32	s0, [r5]
  40:Core/drogui/src/sensorsTasks.c ****     az = computeDNotch(&dnotch_az, az);
  88              		.loc 1 40 5 is_stmt 1 view .LVU17
  89              		.loc 1 40 10 is_stmt 0 view .LVU18
  90 0056 94ED000A 		vldr.32	s0, [r4]
  91 005a 1348     		ldr	r0, .L3+36
  92 005c FFF7FEFF 		bl	computeDNotch
  93              	.LVL6:
  94              		.loc 1 40 8 view .LVU19
  95 0060 84ED000A 		vstr.32	s0, [r4]
  41:Core/drogui/src/sensorsTasks.c **** 
  42:Core/drogui/src/sensorsTasks.c ****     setReg(ACC_X,(float)(ax));
  96              		.loc 1 42 5 is_stmt 1 view .LVU20
  97 0064 96ED000A 		vldr.32	s0, [r6]
  98 0068 7420     		movs	r0, #116
  99 006a FFF7FEFF 		bl	setReg
 100              	.LVL7:
  43:Core/drogui/src/sensorsTasks.c ****     setReg(ACC_Y,(float)(ay));
 101              		.loc 1 43 5 view .LVU21
 102 006e 95ED000A 		vldr.32	s0, [r5]
 103 0072 7620     		movs	r0, #118
 104 0074 FFF7FEFF 		bl	setReg
 105              	.LVL8:
  44:Core/drogui/src/sensorsTasks.c ****     setReg(ACC_Z,(float)(az));
 106              		.loc 1 44 5 view .LVU22
 107 0078 94ED000A 		vldr.32	s0, [r4]
 108 007c 7820     		movs	r0, #120
 109 007e FFF7FEFF 		bl	setReg
 110              	.LVL9:
  45:Core/drogui/src/sensorsTasks.c **** }
 111              		.loc 1 45 1 is_stmt 0 view .LVU23
 112 0082 70BD     		pop	{r4, r5, r6, pc}
 113              	.L4:
 114              		.align	2
 115              	.L3:
 116 0084 00000000 		.word	.LANCHOR0
 117 0088 00000000 		.word	.LANCHOR1
 118 008c 00000000 		.word	.LANCHOR2
 119 0090 00000000 		.word	.LANCHOR3
 120 0094 00000000 		.word	.LANCHOR4
 121 0098 00000000 		.word	.LANCHOR5
 122 009c 00000000 		.word	.LANCHOR6
 123 00a0 00000000 		.word	.LANCHOR7
 124 00a4 00000000 		.word	.LANCHOR8
 125 00a8 00000000 		.word	.LANCHOR9
 126              		.cfi_endproc
 127              	.LFE177:
ARM GAS  C:\Users\GUILLE~1\AppData\Local\Temp\cc3OFfFF.s 			page 4


 129              		.section	.text.gyroTask,"ax",%progbits
 130              		.align	1
 131              		.global	gyroTask
 132              		.syntax unified
 133              		.thumb
 134              		.thumb_func
 135              		.fpu fpv5-sp-d16
 137              	gyroTask:
 138              	.LFB178:
  46:Core/drogui/src/sensorsTasks.c **** 
  47:Core/drogui/src/sensorsTasks.c **** char buff2[50] = "hola\n";
  48:Core/drogui/src/sensorsTasks.c **** void gyroTask(){
 139              		.loc 1 48 16 is_stmt 1 view -0
 140              		.cfi_startproc
 141              		@ args = 0, pretend = 0, frame = 0
 142              		@ frame_needed = 0, uses_anonymous_args = 0
 143 0000 70B5     		push	{r4, r5, r6, lr}
 144              	.LCFI1:
 145              		.cfi_def_cfa_offset 16
 146              		.cfi_offset 4, -16
 147              		.cfi_offset 5, -12
 148              		.cfi_offset 6, -8
 149              		.cfi_offset 14, -4
  49:Core/drogui/src/sensorsTasks.c **** 
  50:Core/drogui/src/sensorsTasks.c ****     readGyro(&myIMU);
 150              		.loc 1 50 5 view .LVU25
 151 0002 3E4D     		ldr	r5, .L7
 152 0004 2846     		mov	r0, r5
 153 0006 FFF7FEFF 		bl	readGyro
 154              	.LVL10:
  51:Core/drogui/src/sensorsTasks.c **** 
  52:Core/drogui/src/sensorsTasks.c ****     gx = computeFilter(&filter_gx, myIMU.gx);
 155              		.loc 1 52 5 view .LVU26
 156              		.loc 1 52 10 is_stmt 0 view .LVU27
 157 000a 95ED070A 		vldr.32	s0, [r5, #28]
 158 000e 3C48     		ldr	r0, .L7+4
 159 0010 FFF7FEFF 		bl	computeFilter
 160              	.LVL11:
 161              		.loc 1 52 8 view .LVU28
 162 0014 3B4E     		ldr	r6, .L7+8
 163 0016 86ED000A 		vstr.32	s0, [r6]
  53:Core/drogui/src/sensorsTasks.c ****     gy = computeFilter(&filter_gy, myIMU.gy);
 164              		.loc 1 53 5 is_stmt 1 view .LVU29
 165              		.loc 1 53 10 is_stmt 0 view .LVU30
 166 001a 95ED080A 		vldr.32	s0, [r5, #32]
 167 001e 3A48     		ldr	r0, .L7+12
 168 0020 FFF7FEFF 		bl	computeFilter
 169              	.LVL12:
 170              		.loc 1 53 8 view .LVU31
 171 0024 394C     		ldr	r4, .L7+16
 172 0026 84ED000A 		vstr.32	s0, [r4]
  54:Core/drogui/src/sensorsTasks.c ****     gz = computeFilter(&filter_gz, myIMU.gz);
 173              		.loc 1 54 5 is_stmt 1 view .LVU32
 174              		.loc 1 54 10 is_stmt 0 view .LVU33
 175 002a 95ED090A 		vldr.32	s0, [r5, #36]
 176 002e 3848     		ldr	r0, .L7+20
 177 0030 FFF7FEFF 		bl	computeFilter
ARM GAS  C:\Users\GUILLE~1\AppData\Local\Temp\cc3OFfFF.s 			page 5


 178              	.LVL13:
 179              		.loc 1 54 8 view .LVU34
 180 0034 374D     		ldr	r5, .L7+24
 181 0036 85ED000A 		vstr.32	s0, [r5]
  55:Core/drogui/src/sensorsTasks.c **** 
  56:Core/drogui/src/sensorsTasks.c ****     gx = computeFilter(&filter_gx2, gx);
 182              		.loc 1 56 5 is_stmt 1 view .LVU35
 183              		.loc 1 56 10 is_stmt 0 view .LVU36
 184 003a 96ED000A 		vldr.32	s0, [r6]
 185 003e 3648     		ldr	r0, .L7+28
 186 0040 FFF7FEFF 		bl	computeFilter
 187              	.LVL14:
 188              		.loc 1 56 8 view .LVU37
 189 0044 86ED000A 		vstr.32	s0, [r6]
  57:Core/drogui/src/sensorsTasks.c ****     gy = computeFilter(&filter_gy2, gy);
 190              		.loc 1 57 5 is_stmt 1 view .LVU38
 191              		.loc 1 57 10 is_stmt 0 view .LVU39
 192 0048 94ED000A 		vldr.32	s0, [r4]
 193 004c 3348     		ldr	r0, .L7+32
 194 004e FFF7FEFF 		bl	computeFilter
 195              	.LVL15:
 196              		.loc 1 57 8 view .LVU40
 197 0052 84ED000A 		vstr.32	s0, [r4]
  58:Core/drogui/src/sensorsTasks.c ****     gz = computeFilter(&filter_gz2, gz);
 198              		.loc 1 58 5 is_stmt 1 view .LVU41
 199              		.loc 1 58 10 is_stmt 0 view .LVU42
 200 0056 95ED000A 		vldr.32	s0, [r5]
 201 005a 3148     		ldr	r0, .L7+36
 202 005c FFF7FEFF 		bl	computeFilter
 203              	.LVL16:
 204              		.loc 1 58 8 view .LVU43
 205 0060 85ED000A 		vstr.32	s0, [r5]
  59:Core/drogui/src/sensorsTasks.c **** 
  60:Core/drogui/src/sensorsTasks.c ****     gx = computeDNotch(&dnotch_gx, gx);
 206              		.loc 1 60 5 is_stmt 1 view .LVU44
 207              		.loc 1 60 10 is_stmt 0 view .LVU45
 208 0064 96ED000A 		vldr.32	s0, [r6]
 209 0068 2E48     		ldr	r0, .L7+40
 210 006a FFF7FEFF 		bl	computeDNotch
 211              	.LVL17:
 212              		.loc 1 60 8 view .LVU46
 213 006e 86ED000A 		vstr.32	s0, [r6]
  61:Core/drogui/src/sensorsTasks.c ****     gy = computeDNotch(&dnotch_gy, gy);
 214              		.loc 1 61 5 is_stmt 1 view .LVU47
 215              		.loc 1 61 10 is_stmt 0 view .LVU48
 216 0072 94ED000A 		vldr.32	s0, [r4]
 217 0076 2C48     		ldr	r0, .L7+44
 218 0078 FFF7FEFF 		bl	computeDNotch
 219              	.LVL18:
 220              		.loc 1 61 8 view .LVU49
 221 007c 84ED000A 		vstr.32	s0, [r4]
  62:Core/drogui/src/sensorsTasks.c ****     gz = computeDNotch(&dnotch_gz, gz);
 222              		.loc 1 62 5 is_stmt 1 view .LVU50
 223              		.loc 1 62 10 is_stmt 0 view .LVU51
 224 0080 95ED000A 		vldr.32	s0, [r5]
 225 0084 2948     		ldr	r0, .L7+48
 226 0086 FFF7FEFF 		bl	computeDNotch
ARM GAS  C:\Users\GUILLE~1\AppData\Local\Temp\cc3OFfFF.s 			page 6


 227              	.LVL19:
 228              		.loc 1 62 8 view .LVU52
 229 008a 85ED000A 		vstr.32	s0, [r5]
  63:Core/drogui/src/sensorsTasks.c **** 
  64:Core/drogui/src/sensorsTasks.c ****     gx = computeDNotch(&dnotch_gx2, gx);
 230              		.loc 1 64 5 is_stmt 1 view .LVU53
 231              		.loc 1 64 10 is_stmt 0 view .LVU54
 232 008e 96ED000A 		vldr.32	s0, [r6]
 233 0092 2748     		ldr	r0, .L7+52
 234 0094 FFF7FEFF 		bl	computeDNotch
 235              	.LVL20:
 236              		.loc 1 64 8 view .LVU55
 237 0098 86ED000A 		vstr.32	s0, [r6]
  65:Core/drogui/src/sensorsTasks.c ****     gy = computeDNotch(&dnotch_gy2, gy);
 238              		.loc 1 65 5 is_stmt 1 view .LVU56
 239              		.loc 1 65 10 is_stmt 0 view .LVU57
 240 009c 94ED000A 		vldr.32	s0, [r4]
 241 00a0 2448     		ldr	r0, .L7+56
 242 00a2 FFF7FEFF 		bl	computeDNotch
 243              	.LVL21:
 244              		.loc 1 65 8 view .LVU58
 245 00a6 84ED000A 		vstr.32	s0, [r4]
  66:Core/drogui/src/sensorsTasks.c ****     gz = computeDNotch(&dnotch_gz2, gz);
 246              		.loc 1 66 5 is_stmt 1 view .LVU59
 247              		.loc 1 66 10 is_stmt 0 view .LVU60
 248 00aa 95ED000A 		vldr.32	s0, [r5]
 249 00ae 2248     		ldr	r0, .L7+60
 250 00b0 FFF7FEFF 		bl	computeDNotch
 251              	.LVL22:
 252 00b4 F0EE407A 		vmov.f32	s15, s0
 253              		.loc 1 66 8 view .LVU61
 254 00b8 85ED000A 		vstr.32	s0, [r5]
  67:Core/drogui/src/sensorsTasks.c ****     
  68:Core/drogui/src/sensorsTasks.c ****     gx /= 5;
 255              		.loc 1 68 5 is_stmt 1 view .LVU62
 256              		.loc 1 68 8 is_stmt 0 view .LVU63
 257 00bc D6ED006A 		vldr.32	s13, [r6]
 258 00c0 B1EE047A 		vmov.f32	s14, #5.0e+0
 259 00c4 86EE870A 		vdiv.f32	s0, s13, s14
 260 00c8 86ED000A 		vstr.32	s0, [r6]
  69:Core/drogui/src/sensorsTasks.c ****     gy /= 5;
 261              		.loc 1 69 5 is_stmt 1 view .LVU64
 262              		.loc 1 69 8 is_stmt 0 view .LVU65
 263 00cc 94ED006A 		vldr.32	s12, [r4]
 264 00d0 C6EE076A 		vdiv.f32	s13, s12, s14
 265 00d4 C4ED006A 		vstr.32	s13, [r4]
  70:Core/drogui/src/sensorsTasks.c ****     gz /= 5; 
 266              		.loc 1 70 5 is_stmt 1 view .LVU66
 267              		.loc 1 70 8 is_stmt 0 view .LVU67
 268 00d8 C7EE876A 		vdiv.f32	s13, s15, s14
 269 00dc C5ED006A 		vstr.32	s13, [r5]
  71:Core/drogui/src/sensorsTasks.c **** 
  72:Core/drogui/src/sensorsTasks.c **** 
  73:Core/drogui/src/sensorsTasks.c ****     setReg(GYRO_X, gx);
 270              		.loc 1 73 5 is_stmt 1 view .LVU68
 271 00e0 7C20     		movs	r0, #124
 272 00e2 FFF7FEFF 		bl	setReg
ARM GAS  C:\Users\GUILLE~1\AppData\Local\Temp\cc3OFfFF.s 			page 7


 273              	.LVL23:
  74:Core/drogui/src/sensorsTasks.c ****     setReg(GYRO_Y, gy);
 274              		.loc 1 74 5 view .LVU69
 275 00e6 94ED000A 		vldr.32	s0, [r4]
 276 00ea 7E20     		movs	r0, #126
 277 00ec FFF7FEFF 		bl	setReg
 278              	.LVL24:
  75:Core/drogui/src/sensorsTasks.c ****     setReg(GYRO_Z, gz);
 279              		.loc 1 75 5 view .LVU70
 280 00f0 95ED000A 		vldr.32	s0, [r5]
 281 00f4 8020     		movs	r0, #128
 282 00f6 FFF7FEFF 		bl	setReg
 283              	.LVL25:
  76:Core/drogui/src/sensorsTasks.c **** }
 284              		.loc 1 76 1 is_stmt 0 view .LVU71
 285 00fa 70BD     		pop	{r4, r5, r6, pc}
 286              	.L8:
 287              		.align	2
 288              	.L7:
 289 00fc 00000000 		.word	.LANCHOR0
 290 0100 00000000 		.word	.LANCHOR10
 291 0104 00000000 		.word	.LANCHOR11
 292 0108 00000000 		.word	.LANCHOR12
 293 010c 00000000 		.word	.LANCHOR13
 294 0110 00000000 		.word	.LANCHOR14
 295 0114 00000000 		.word	.LANCHOR15
 296 0118 00000000 		.word	.LANCHOR16
 297 011c 00000000 		.word	.LANCHOR17
 298 0120 00000000 		.word	.LANCHOR18
 299 0124 00000000 		.word	.LANCHOR19
 300 0128 00000000 		.word	.LANCHOR20
 301 012c 00000000 		.word	.LANCHOR21
 302 0130 00000000 		.word	.LANCHOR22
 303 0134 00000000 		.word	.LANCHOR23
 304 0138 00000000 		.word	.LANCHOR24
 305              		.cfi_endproc
 306              	.LFE178:
 308              		.section	.text.magTask,"ax",%progbits
 309              		.align	1
 310              		.global	magTask
 311              		.syntax unified
 312              		.thumb
 313              		.thumb_func
 314              		.fpu fpv5-sp-d16
 316              	magTask:
 317              	.LFB179:
  77:Core/drogui/src/sensorsTasks.c **** 
  78:Core/drogui/src/sensorsTasks.c **** void magTask(){
 318              		.loc 1 78 15 is_stmt 1 view -0
 319              		.cfi_startproc
 320              		@ args = 0, pretend = 0, frame = 0
 321              		@ frame_needed = 0, uses_anonymous_args = 0
 322 0000 10B5     		push	{r4, lr}
 323              	.LCFI2:
 324              		.cfi_def_cfa_offset 8
 325              		.cfi_offset 4, -8
 326              		.cfi_offset 14, -4
ARM GAS  C:\Users\GUILLE~1\AppData\Local\Temp\cc3OFfFF.s 			page 8


  79:Core/drogui/src/sensorsTasks.c ****     readMag(&myIMU);
 327              		.loc 1 79 5 view .LVU73
 328 0002 074C     		ldr	r4, .L11
 329 0004 2046     		mov	r0, r4
 330 0006 FFF7FEFF 		bl	readMag
 331              	.LVL26:
  80:Core/drogui/src/sensorsTasks.c ****     mx = myIMU.mx;
 332              		.loc 1 80 5 view .LVU74
 333              		.loc 1 80 15 is_stmt 0 view .LVU75
 334 000a 626B     		ldr	r2, [r4, #52]	@ float
 335              		.loc 1 80 8 view .LVU76
 336 000c 054B     		ldr	r3, .L11+4
 337 000e 1A60     		str	r2, [r3]	@ float
  81:Core/drogui/src/sensorsTasks.c ****     my = myIMU.my;
 338              		.loc 1 81 5 is_stmt 1 view .LVU77
 339              		.loc 1 81 15 is_stmt 0 view .LVU78
 340 0010 A26B     		ldr	r2, [r4, #56]	@ float
 341              		.loc 1 81 8 view .LVU79
 342 0012 054B     		ldr	r3, .L11+8
 343 0014 1A60     		str	r2, [r3]	@ float
  82:Core/drogui/src/sensorsTasks.c ****     mz = myIMU.mz;
 344              		.loc 1 82 5 is_stmt 1 view .LVU80
 345              		.loc 1 82 15 is_stmt 0 view .LVU81
 346 0016 E26B     		ldr	r2, [r4, #60]	@ float
 347              		.loc 1 82 8 view .LVU82
 348 0018 044B     		ldr	r3, .L11+12
 349 001a 1A60     		str	r2, [r3]	@ float
  83:Core/drogui/src/sensorsTasks.c **** }
 350              		.loc 1 83 1 view .LVU83
 351 001c 10BD     		pop	{r4, pc}
 352              	.L12:
 353 001e 00BF     		.align	2
 354              	.L11:
 355 0020 00000000 		.word	.LANCHOR0
 356 0024 00000000 		.word	.LANCHOR25
 357 0028 00000000 		.word	.LANCHOR26
 358 002c 00000000 		.word	.LANCHOR27
 359              		.cfi_endproc
 360              	.LFE179:
 362              		.section	.text.rpyTask,"ax",%progbits
 363              		.align	1
 364              		.global	rpyTask
 365              		.syntax unified
 366              		.thumb
 367              		.thumb_func
 368              		.fpu fpv5-sp-d16
 370              	rpyTask:
 371              	.LFB180:
  84:Core/drogui/src/sensorsTasks.c **** 
  85:Core/drogui/src/sensorsTasks.c **** float Kdfilt = 0.01;
  86:Core/drogui/src/sensorsTasks.c **** void rpyTask(){
 372              		.loc 1 86 15 is_stmt 1 view -0
 373              		.cfi_startproc
 374              		@ args = 0, pretend = 0, frame = 16
 375              		@ frame_needed = 0, uses_anonymous_args = 0
 376 0000 70B5     		push	{r4, r5, r6, lr}
 377              	.LCFI3:
ARM GAS  C:\Users\GUILLE~1\AppData\Local\Temp\cc3OFfFF.s 			page 9


 378              		.cfi_def_cfa_offset 16
 379              		.cfi_offset 4, -16
 380              		.cfi_offset 5, -12
 381              		.cfi_offset 6, -8
 382              		.cfi_offset 14, -4
 383 0002 84B0     		sub	sp, sp, #16
 384              	.LCFI4:
 385              		.cfi_def_cfa_offset 32
  87:Core/drogui/src/sensorsTasks.c ****     
  88:Core/drogui/src/sensorsTasks.c ****     float rpy[3];
 386              		.loc 1 88 5 view .LVU85
  89:Core/drogui/src/sensorsTasks.c ****     mahonyUpdate(gx*PI/360.0f, gy*PI/360.0f, gz*PI/360.0f, ax, ay, az, my, mx, mz);
 387              		.loc 1 89 5 view .LVU86
 388              		.loc 1 89 20 is_stmt 0 view .LVU87
 389 0004 2F4B     		ldr	r3, .L15
 390 0006 93ED000A 		vldr.32	s0, [r3]
 391 000a DFED2F7A 		vldr.32	s15, .L15+4
 392 000e 20EE270A 		vmul.f32	s0, s0, s15
 393              		.loc 1 89 34 view .LVU88
 394 0012 2E4B     		ldr	r3, .L15+8
 395 0014 D3ED000A 		vldr.32	s1, [r3]
 396 0018 60EEA70A 		vmul.f32	s1, s1, s15
 397              		.loc 1 89 48 view .LVU89
 398 001c 2C4B     		ldr	r3, .L15+12
 399 001e 93ED001A 		vldr.32	s2, [r3]
 400 0022 21EE271A 		vmul.f32	s2, s2, s15
 401              		.loc 1 89 5 view .LVU90
 402 0026 DFED2B7A 		vldr.32	s15, .L15+16
 403 002a 2B4B     		ldr	r3, .L15+20
 404 002c 93ED004A 		vldr.32	s8, [r3]
 405 0030 2A4B     		ldr	r3, .L15+24
 406 0032 D3ED003A 		vldr.32	s7, [r3]
 407 0036 2A4B     		ldr	r3, .L15+28
 408 0038 93ED003A 		vldr.32	s6, [r3]
 409 003c 294B     		ldr	r3, .L15+32
 410 003e D3ED002A 		vldr.32	s5, [r3]
 411 0042 294B     		ldr	r3, .L15+36
 412 0044 93ED002A 		vldr.32	s4, [r3]
 413 0048 284B     		ldr	r3, .L15+40
 414 004a D3ED001A 		vldr.32	s3, [r3]
 415 004e 81EE271A 		vdiv.f32	s2, s2, s15
 416 0052 C0EEA70A 		vdiv.f32	s1, s1, s15
 417 0056 80EE270A 		vdiv.f32	s0, s0, s15
 418 005a FFF7FEFF 		bl	mahonyUpdate
 419              	.LVL27:
  90:Core/drogui/src/sensorsTasks.c ****     getMahonyEuler(rpy);
 420              		.loc 1 90 5 is_stmt 1 view .LVU91
 421 005e 01A8     		add	r0, sp, #4
 422 0060 FFF7FEFF 		bl	getMahonyEuler
 423              	.LVL28:
  91:Core/drogui/src/sensorsTasks.c ****     roll = rpy[0], pitch = rpy[1], yaw = rpy[2];
 424              		.loc 1 91 5 view .LVU92
 425              		.loc 1 91 15 is_stmt 0 view .LVU93
 426 0064 9DED010A 		vldr.32	s0, [sp, #4]
 427              		.loc 1 91 10 view .LVU94
 428 0068 214E     		ldr	r6, .L15+44
 429 006a 86ED000A 		vstr.32	s0, [r6]
ARM GAS  C:\Users\GUILLE~1\AppData\Local\Temp\cc3OFfFF.s 			page 10


 430              		.loc 1 91 26 view .LVU95
 431 006e 214D     		ldr	r5, .L15+48
 432 0070 029B     		ldr	r3, [sp, #8]	@ float
 433 0072 2B60     		str	r3, [r5]	@ float
 434              		.loc 1 91 40 view .LVU96
 435 0074 204C     		ldr	r4, .L15+52
 436 0076 039B     		ldr	r3, [sp, #12]	@ float
 437 0078 2360     		str	r3, [r4]	@ float
  92:Core/drogui/src/sensorsTasks.c ****     
  93:Core/drogui/src/sensorsTasks.c ****     /*roll += fmax(fmin(Kdfilt, (rpy[0] - roll)),-Kdfilt);
  94:Core/drogui/src/sensorsTasks.c ****     pitch += fmax(fmin(Kdfilt, (rpy[1] - pitch)),-Kdfilt);
  95:Core/drogui/src/sensorsTasks.c ****     yaw += fmax(fmin(Kdfilt,(rpy[2] - yaw)),-Kdfilt);*/
  96:Core/drogui/src/sensorsTasks.c **** 
  97:Core/drogui/src/sensorsTasks.c ****     roll = computeFilter(&filter_roll, roll);
 438              		.loc 1 97 5 is_stmt 1 view .LVU97
 439              		.loc 1 97 12 is_stmt 0 view .LVU98
 440 007a 2048     		ldr	r0, .L15+56
 441 007c FFF7FEFF 		bl	computeFilter
 442              	.LVL29:
 443              		.loc 1 97 10 view .LVU99
 444 0080 86ED000A 		vstr.32	s0, [r6]
  98:Core/drogui/src/sensorsTasks.c ****     pitch = computeFilter(&filter_pitch, pitch);
 445              		.loc 1 98 5 is_stmt 1 view .LVU100
 446              		.loc 1 98 13 is_stmt 0 view .LVU101
 447 0084 95ED000A 		vldr.32	s0, [r5]
 448 0088 1D48     		ldr	r0, .L15+60
 449 008a FFF7FEFF 		bl	computeFilter
 450              	.LVL30:
 451              		.loc 1 98 11 view .LVU102
 452 008e 85ED000A 		vstr.32	s0, [r5]
  99:Core/drogui/src/sensorsTasks.c ****     yaw = computeFilter(&filter_yaw, yaw);
 453              		.loc 1 99 5 is_stmt 1 view .LVU103
 454              		.loc 1 99 11 is_stmt 0 view .LVU104
 455 0092 94ED000A 		vldr.32	s0, [r4]
 456 0096 1B48     		ldr	r0, .L15+64
 457 0098 FFF7FEFF 		bl	computeFilter
 458              	.LVL31:
 459              		.loc 1 99 9 view .LVU105
 460 009c 84ED000A 		vstr.32	s0, [r4]
 100:Core/drogui/src/sensorsTasks.c **** 
 101:Core/drogui/src/sensorsTasks.c **** 
 102:Core/drogui/src/sensorsTasks.c ****     setReg(ROLL_VAL, roll);
 461              		.loc 1 102 5 is_stmt 1 view .LVU106
 462 00a0 96ED000A 		vldr.32	s0, [r6]
 463 00a4 2E20     		movs	r0, #46
 464 00a6 FFF7FEFF 		bl	setReg
 465              	.LVL32:
 103:Core/drogui/src/sensorsTasks.c ****     setReg(PITCH_VAL, pitch);
 466              		.loc 1 103 5 view .LVU107
 467 00aa 95ED000A 		vldr.32	s0, [r5]
 468 00ae 3020     		movs	r0, #48
 469 00b0 FFF7FEFF 		bl	setReg
 470              	.LVL33:
 104:Core/drogui/src/sensorsTasks.c ****     setReg(YAW_VAL, yaw);
 471              		.loc 1 104 5 view .LVU108
 472 00b4 94ED000A 		vldr.32	s0, [r4]
 473 00b8 3220     		movs	r0, #50
ARM GAS  C:\Users\GUILLE~1\AppData\Local\Temp\cc3OFfFF.s 			page 11


 474 00ba FFF7FEFF 		bl	setReg
 475              	.LVL34:
 105:Core/drogui/src/sensorsTasks.c **** }
 476              		.loc 1 105 1 is_stmt 0 view .LVU109
 477 00be 04B0     		add	sp, sp, #16
 478              	.LCFI5:
 479              		.cfi_def_cfa_offset 16
 480              		@ sp needed
 481 00c0 70BD     		pop	{r4, r5, r6, pc}
 482              	.L16:
 483 00c2 00BF     		.align	2
 484              	.L15:
 485 00c4 00000000 		.word	.LANCHOR11
 486 00c8 DB0F4940 		.word	1078530011
 487 00cc 00000000 		.word	.LANCHOR13
 488 00d0 00000000 		.word	.LANCHOR15
 489 00d4 0000B443 		.word	1135869952
 490 00d8 00000000 		.word	.LANCHOR27
 491 00dc 00000000 		.word	.LANCHOR25
 492 00e0 00000000 		.word	.LANCHOR26
 493 00e4 00000000 		.word	.LANCHOR6
 494 00e8 00000000 		.word	.LANCHOR4
 495 00ec 00000000 		.word	.LANCHOR2
 496 00f0 00000000 		.word	.LANCHOR28
 497 00f4 00000000 		.word	.LANCHOR29
 498 00f8 00000000 		.word	.LANCHOR30
 499 00fc 00000000 		.word	.LANCHOR31
 500 0100 00000000 		.word	.LANCHOR32
 501 0104 00000000 		.word	.LANCHOR33
 502              		.cfi_endproc
 503              	.LFE180:
 505              		.section	.text.altitudeTask,"ax",%progbits
 506              		.align	1
 507              		.global	altitudeTask
 508              		.syntax unified
 509              		.thumb
 510              		.thumb_func
 511              		.fpu fpv5-sp-d16
 513              	altitudeTask:
 514              	.LFB181:
 106:Core/drogui/src/sensorsTasks.c **** 
 107:Core/drogui/src/sensorsTasks.c **** void altitudeTask(){
 515              		.loc 1 107 20 is_stmt 1 view -0
 516              		.cfi_startproc
 517              		@ args = 0, pretend = 0, frame = 0
 518              		@ frame_needed = 0, uses_anonymous_args = 0
 519 0000 10B5     		push	{r4, lr}
 520              	.LCFI6:
 521              		.cfi_def_cfa_offset 8
 522              		.cfi_offset 4, -8
 523              		.cfi_offset 14, -4
 108:Core/drogui/src/sensorsTasks.c ****     
 109:Core/drogui/src/sensorsTasks.c ****     bmp388ReadAltitude(&myBMP);
 524              		.loc 1 109 5 view .LVU111
 525 0002 0A4C     		ldr	r4, .L19
 526 0004 2046     		mov	r0, r4
 527 0006 FFF7FEFF 		bl	bmp388ReadAltitude
ARM GAS  C:\Users\GUILLE~1\AppData\Local\Temp\cc3OFfFF.s 			page 12


 528              	.LVL35:
 110:Core/drogui/src/sensorsTasks.c ****     altitude = compueteMvAvgFilter( &mvAvg_bmp, myBMP.altitude );
 529              		.loc 1 110 5 view .LVU112
 530              		.loc 1 110 16 is_stmt 0 view .LVU113
 531 000a 94ED030A 		vldr.32	s0, [r4, #12]
 532 000e 0848     		ldr	r0, .L19+4
 533 0010 FFF7FEFF 		bl	compueteMvAvgFilter
 534              	.LVL36:
 535              		.loc 1 110 14 view .LVU114
 536 0014 074C     		ldr	r4, .L19+8
 537 0016 84ED000A 		vstr.32	s0, [r4]
 111:Core/drogui/src/sensorsTasks.c ****     altitude = computeEmaFilter( &ema_bmp, altitude );
 538              		.loc 1 111 5 is_stmt 1 view .LVU115
 539              		.loc 1 111 16 is_stmt 0 view .LVU116
 540 001a 0748     		ldr	r0, .L19+12
 541 001c FFF7FEFF 		bl	computeEmaFilter
 542              	.LVL37:
 543              		.loc 1 111 14 view .LVU117
 544 0020 84ED000A 		vstr.32	s0, [r4]
 112:Core/drogui/src/sensorsTasks.c **** 
 113:Core/drogui/src/sensorsTasks.c ****     setReg(Z_VAL,altitude);
 545              		.loc 1 113 5 is_stmt 1 view .LVU118
 546 0024 3820     		movs	r0, #56
 547 0026 FFF7FEFF 		bl	setReg
 548              	.LVL38:
 114:Core/drogui/src/sensorsTasks.c **** 
 115:Core/drogui/src/sensorsTasks.c **** }
 549              		.loc 1 115 1 is_stmt 0 view .LVU119
 550 002a 10BD     		pop	{r4, pc}
 551              	.L20:
 552              		.align	2
 553              	.L19:
 554 002c 00000000 		.word	.LANCHOR34
 555 0030 00000000 		.word	.LANCHOR35
 556 0034 00000000 		.word	.LANCHOR36
 557 0038 00000000 		.word	.LANCHOR37
 558              		.cfi_endproc
 559              	.LFE181:
 561              		.section	.text.initSensorsTasks,"ax",%progbits
 562              		.align	1
 563              		.global	initSensorsTasks
 564              		.syntax unified
 565              		.thumb
 566              		.thumb_func
 567              		.fpu fpv5-sp-d16
 569              	initSensorsTasks:
 570              	.LFB182:
 116:Core/drogui/src/sensorsTasks.c **** 
 117:Core/drogui/src/sensorsTasks.c **** void initSensorsTasks(){
 571              		.loc 1 117 24 is_stmt 1 view -0
 572              		.cfi_startproc
 573              		@ args = 0, pretend = 0, frame = 0
 574              		@ frame_needed = 0, uses_anonymous_args = 0
 575 0000 2DE9F041 		push	{r4, r5, r6, r7, r8, lr}
 576              	.LCFI7:
 577              		.cfi_def_cfa_offset 24
 578              		.cfi_offset 4, -24
ARM GAS  C:\Users\GUILLE~1\AppData\Local\Temp\cc3OFfFF.s 			page 13


 579              		.cfi_offset 5, -20
 580              		.cfi_offset 6, -16
 581              		.cfi_offset 7, -12
 582              		.cfi_offset 8, -8
 583              		.cfi_offset 14, -4
 584 0004 2DED028B 		vpush.64	{d8}
 585              	.LCFI8:
 586              		.cfi_def_cfa_offset 32
 587              		.cfi_offset 80, -32
 588              		.cfi_offset 81, -28
 118:Core/drogui/src/sensorsTasks.c ****     
 119:Core/drogui/src/sensorsTasks.c ****     initMpu(&myIMU);
 589              		.loc 1 119 5 view .LVU121
 590 0008 DFF89482 		ldr	r8, .L23+164
 591 000c 4046     		mov	r0, r8
 592 000e FFF7FEFF 		bl	initMpu
 593              	.LVL39:
 120:Core/drogui/src/sensorsTasks.c **** 
 121:Core/drogui/src/sensorsTasks.c ****     initFilter(&filter_gx, 4 , k_1_10, v_1_10);
 594              		.loc 1 121 5 view .LVU122
 595 0012 7A4D     		ldr	r5, .L23
 596 0014 7A4C     		ldr	r4, .L23+4
 597 0016 2B46     		mov	r3, r5
 598 0018 2246     		mov	r2, r4
 599 001a 0421     		movs	r1, #4
 600 001c 7948     		ldr	r0, .L23+8
 601 001e FFF7FEFF 		bl	initFilter
 602              	.LVL40:
 122:Core/drogui/src/sensorsTasks.c ****     initFilter(&filter_gy, 4 , k_1_10, v_1_10);
 603              		.loc 1 122 5 view .LVU123
 604 0022 2B46     		mov	r3, r5
 605 0024 2246     		mov	r2, r4
 606 0026 0421     		movs	r1, #4
 607 0028 7748     		ldr	r0, .L23+12
 608 002a FFF7FEFF 		bl	initFilter
 609              	.LVL41:
 123:Core/drogui/src/sensorsTasks.c ****     initFilter(&filter_gz, 4 , k_1_10, v_1_10);
 610              		.loc 1 123 5 view .LVU124
 611 002e 2B46     		mov	r3, r5
 612 0030 2246     		mov	r2, r4
 613 0032 0421     		movs	r1, #4
 614 0034 7548     		ldr	r0, .L23+16
 615 0036 FFF7FEFF 		bl	initFilter
 616              	.LVL42:
 124:Core/drogui/src/sensorsTasks.c **** 
 125:Core/drogui/src/sensorsTasks.c ****     initFilter(&filter_gx2, 5 , k_3_10, v_3_10);
 617              		.loc 1 125 5 view .LVU125
 618 003a 754F     		ldr	r7, .L23+20
 619 003c 754E     		ldr	r6, .L23+24
 620 003e 3B46     		mov	r3, r7
 621 0040 3246     		mov	r2, r6
 622 0042 0521     		movs	r1, #5
 623 0044 7448     		ldr	r0, .L23+28
 624 0046 FFF7FEFF 		bl	initFilter
 625              	.LVL43:
 126:Core/drogui/src/sensorsTasks.c ****     initFilter(&filter_gy2, 5 , k_3_10, v_3_10);
 626              		.loc 1 126 5 view .LVU126
ARM GAS  C:\Users\GUILLE~1\AppData\Local\Temp\cc3OFfFF.s 			page 14


 627 004a 3B46     		mov	r3, r7
 628 004c 3246     		mov	r2, r6
 629 004e 0521     		movs	r1, #5
 630 0050 7248     		ldr	r0, .L23+32
 631 0052 FFF7FEFF 		bl	initFilter
 632              	.LVL44:
 127:Core/drogui/src/sensorsTasks.c ****     initFilter(&filter_gz2, 5 , k_3_10, v_3_10);
 633              		.loc 1 127 5 view .LVU127
 634 0056 3B46     		mov	r3, r7
 635 0058 3246     		mov	r2, r6
 636 005a 0521     		movs	r1, #5
 637 005c 7048     		ldr	r0, .L23+36
 638 005e FFF7FEFF 		bl	initFilter
 639              	.LVL45:
 128:Core/drogui/src/sensorsTasks.c **** 
 129:Core/drogui/src/sensorsTasks.c ****     initDNotchFilter(&dnotch_gx, 64, 50, 1000, 1, 10);
 640              		.loc 1 129 5 view .LVU128
 641 0062 9FED708A 		vldr.32	s16, .L23+40
 642 0066 DFED708A 		vldr.32	s17, .L23+44
 643 006a F2EE041A 		vmov.f32	s3, #1.0e+1
 644 006e B7EE001A 		vmov.f32	s2, #1.0e+0
 645 0072 F0EE480A 		vmov.f32	s1, s16
 646 0076 B0EE680A 		vmov.f32	s0, s17
 647 007a 4021     		movs	r1, #64
 648 007c 6B48     		ldr	r0, .L23+48
 649 007e FFF7FEFF 		bl	initDNotchFilter
 650              	.LVL46:
 130:Core/drogui/src/sensorsTasks.c ****     initDNotchFilter(&dnotch_gy, 64, 50, 1000, 1, 10);
 651              		.loc 1 130 5 view .LVU129
 652 0082 F2EE041A 		vmov.f32	s3, #1.0e+1
 653 0086 B7EE001A 		vmov.f32	s2, #1.0e+0
 654 008a F0EE480A 		vmov.f32	s1, s16
 655 008e B0EE680A 		vmov.f32	s0, s17
 656 0092 4021     		movs	r1, #64
 657 0094 6648     		ldr	r0, .L23+52
 658 0096 FFF7FEFF 		bl	initDNotchFilter
 659              	.LVL47:
 131:Core/drogui/src/sensorsTasks.c ****     initDNotchFilter(&dnotch_gz, 64, 50, 1000, 1, 10);
 660              		.loc 1 131 5 view .LVU130
 661 009a F2EE041A 		vmov.f32	s3, #1.0e+1
 662 009e B7EE001A 		vmov.f32	s2, #1.0e+0
 663 00a2 F0EE480A 		vmov.f32	s1, s16
 664 00a6 B0EE680A 		vmov.f32	s0, s17
 665 00aa 4021     		movs	r1, #64
 666 00ac 6148     		ldr	r0, .L23+56
 667 00ae FFF7FEFF 		bl	initDNotchFilter
 668              	.LVL48:
 132:Core/drogui/src/sensorsTasks.c **** 
 133:Core/drogui/src/sensorsTasks.c ****     initDNotchFilter(&dnotch_gx2, 64, 50, 1000, 1, 5);
 669              		.loc 1 133 5 view .LVU131
 670 00b2 F1EE041A 		vmov.f32	s3, #5.0e+0
 671 00b6 B7EE001A 		vmov.f32	s2, #1.0e+0
 672 00ba F0EE480A 		vmov.f32	s1, s16
 673 00be B0EE680A 		vmov.f32	s0, s17
 674 00c2 4021     		movs	r1, #64
 675 00c4 5C48     		ldr	r0, .L23+60
 676 00c6 FFF7FEFF 		bl	initDNotchFilter
ARM GAS  C:\Users\GUILLE~1\AppData\Local\Temp\cc3OFfFF.s 			page 15


 677              	.LVL49:
 134:Core/drogui/src/sensorsTasks.c ****     initDNotchFilter(&dnotch_gy2, 64, 50, 1000, 1, 5);
 678              		.loc 1 134 5 view .LVU132
 679 00ca F1EE041A 		vmov.f32	s3, #5.0e+0
 680 00ce B7EE001A 		vmov.f32	s2, #1.0e+0
 681 00d2 F0EE480A 		vmov.f32	s1, s16
 682 00d6 B0EE680A 		vmov.f32	s0, s17
 683 00da 4021     		movs	r1, #64
 684 00dc 5748     		ldr	r0, .L23+64
 685 00de FFF7FEFF 		bl	initDNotchFilter
 686              	.LVL50:
 135:Core/drogui/src/sensorsTasks.c ****     initDNotchFilter(&dnotch_gz2, 64, 50, 1000, 1, 5);
 687              		.loc 1 135 5 view .LVU133
 688 00e2 F1EE041A 		vmov.f32	s3, #5.0e+0
 689 00e6 B7EE001A 		vmov.f32	s2, #1.0e+0
 690 00ea F0EE480A 		vmov.f32	s1, s16
 691 00ee B0EE680A 		vmov.f32	s0, s17
 692 00f2 4021     		movs	r1, #64
 693 00f4 5248     		ldr	r0, .L23+68
 694 00f6 FFF7FEFF 		bl	initDNotchFilter
 695              	.LVL51:
 136:Core/drogui/src/sensorsTasks.c **** 
 137:Core/drogui/src/sensorsTasks.c ****     initFilter(&filter_ax, 4 , k_5_100, v_5_100);
 696              		.loc 1 137 5 view .LVU134
 697 00fa 524F     		ldr	r7, .L23+72
 698 00fc 524E     		ldr	r6, .L23+76
 699 00fe 3B46     		mov	r3, r7
 700 0100 3246     		mov	r2, r6
 701 0102 0421     		movs	r1, #4
 702 0104 5148     		ldr	r0, .L23+80
 703 0106 FFF7FEFF 		bl	initFilter
 704              	.LVL52:
 138:Core/drogui/src/sensorsTasks.c ****     initFilter(&filter_ay, 4 , k_5_100, v_5_100);
 705              		.loc 1 138 5 view .LVU135
 706 010a 3B46     		mov	r3, r7
 707 010c 3246     		mov	r2, r6
 708 010e 0421     		movs	r1, #4
 709 0110 4F48     		ldr	r0, .L23+84
 710 0112 FFF7FEFF 		bl	initFilter
 711              	.LVL53:
 139:Core/drogui/src/sensorsTasks.c ****     initFilter(&filter_az, 4 , k_5_100, v_5_100);
 712              		.loc 1 139 5 view .LVU136
 713 0116 3B46     		mov	r3, r7
 714 0118 3246     		mov	r2, r6
 715 011a 0421     		movs	r1, #4
 716 011c 4D48     		ldr	r0, .L23+88
 717 011e FFF7FEFF 		bl	initFilter
 718              	.LVL54:
 140:Core/drogui/src/sensorsTasks.c **** 
 141:Core/drogui/src/sensorsTasks.c **** 
 142:Core/drogui/src/sensorsTasks.c ****     initDNotchFilter(&dnotch_ax, 64, 40, 1000, 1, 1);
 719              		.loc 1 142 5 view .LVU137
 720 0122 DFED4D8A 		vldr.32	s17, .L23+92
 721 0126 F7EE001A 		vmov.f32	s3, #1.0e+0
 722 012a B0EE611A 		vmov.f32	s2, s3
 723 012e F0EE480A 		vmov.f32	s1, s16
 724 0132 B0EE680A 		vmov.f32	s0, s17
ARM GAS  C:\Users\GUILLE~1\AppData\Local\Temp\cc3OFfFF.s 			page 16


 725 0136 4021     		movs	r1, #64
 726 0138 4848     		ldr	r0, .L23+96
 727 013a FFF7FEFF 		bl	initDNotchFilter
 728              	.LVL55:
 143:Core/drogui/src/sensorsTasks.c ****     initDNotchFilter(&dnotch_ay, 64, 40, 1000, 1, 1);
 729              		.loc 1 143 5 view .LVU138
 730 013e F7EE001A 		vmov.f32	s3, #1.0e+0
 731 0142 B0EE611A 		vmov.f32	s2, s3
 732 0146 F0EE480A 		vmov.f32	s1, s16
 733 014a B0EE680A 		vmov.f32	s0, s17
 734 014e 4021     		movs	r1, #64
 735 0150 4348     		ldr	r0, .L23+100
 736 0152 FFF7FEFF 		bl	initDNotchFilter
 737              	.LVL56:
 144:Core/drogui/src/sensorsTasks.c ****     initDNotchFilter(&dnotch_az, 64, 40, 1000, 1, 1);
 738              		.loc 1 144 5 view .LVU139
 739 0156 F7EE001A 		vmov.f32	s3, #1.0e+0
 740 015a B0EE611A 		vmov.f32	s2, s3
 741 015e F0EE480A 		vmov.f32	s1, s16
 742 0162 B0EE680A 		vmov.f32	s0, s17
 743 0166 4021     		movs	r1, #64
 744 0168 3E48     		ldr	r0, .L23+104
 745 016a FFF7FEFF 		bl	initDNotchFilter
 746              	.LVL57:
 145:Core/drogui/src/sensorsTasks.c ****     
 146:Core/drogui/src/sensorsTasks.c **** 
 147:Core/drogui/src/sensorsTasks.c ****     initFilter(&filter_roll, 4, k_1_10, v_1_10);
 747              		.loc 1 147 5 view .LVU140
 748 016e 2B46     		mov	r3, r5
 749 0170 2246     		mov	r2, r4
 750 0172 0421     		movs	r1, #4
 751 0174 3C48     		ldr	r0, .L23+108
 752 0176 FFF7FEFF 		bl	initFilter
 753              	.LVL58:
 148:Core/drogui/src/sensorsTasks.c ****     initFilter(&filter_pitch, 4, k_1_10, v_1_10);
 754              		.loc 1 148 5 view .LVU141
 755 017a 2B46     		mov	r3, r5
 756 017c 2246     		mov	r2, r4
 757 017e 0421     		movs	r1, #4
 758 0180 3A48     		ldr	r0, .L23+112
 759 0182 FFF7FEFF 		bl	initFilter
 760              	.LVL59:
 149:Core/drogui/src/sensorsTasks.c ****     initFilter(&filter_yaw, 4, k_1_10, v_1_10);
 761              		.loc 1 149 5 view .LVU142
 762 0186 2B46     		mov	r3, r5
 763 0188 2246     		mov	r2, r4
 764 018a 0421     		movs	r1, #4
 765 018c 3848     		ldr	r0, .L23+116
 766 018e FFF7FEFF 		bl	initFilter
 767              	.LVL60:
 150:Core/drogui/src/sensorsTasks.c **** 
 151:Core/drogui/src/sensorsTasks.c ****     calibrateGyro(&myIMU);
 768              		.loc 1 151 5 view .LVU143
 769 0192 4046     		mov	r0, r8
 770 0194 FFF7FEFF 		bl	calibrateGyro
 771              	.LVL61:
 152:Core/drogui/src/sensorsTasks.c ****     //calibrateAccel(&myIMU);
ARM GAS  C:\Users\GUILLE~1\AppData\Local\Temp\cc3OFfFF.s 			page 17


 153:Core/drogui/src/sensorsTasks.c ****     //calibrateMag(&myIMU);
 154:Core/drogui/src/sensorsTasks.c ****     
 155:Core/drogui/src/sensorsTasks.c ****     initBmp388(&myBMP, 10);  
 772              		.loc 1 155 5 view .LVU144
 773 0198 0A21     		movs	r1, #10
 774 019a 3648     		ldr	r0, .L23+120
 775 019c FFF7FEFF 		bl	initBmp388
 776              	.LVL62:
 156:Core/drogui/src/sensorsTasks.c **** 
 157:Core/drogui/src/sensorsTasks.c ****     initMvAvgFilter(&mvAvg_bmp, N_BMP);
 777              		.loc 1 157 5 view .LVU145
 778 01a0 1921     		movs	r1, #25
 779 01a2 3548     		ldr	r0, .L23+124
 780 01a4 FFF7FEFF 		bl	initMvAvgFilter
 781              	.LVL63:
 158:Core/drogui/src/sensorsTasks.c ****     initEmaFilter(&ema_bmp, 0.6, 0.4, 0.5);
 782              		.loc 1 158 5 view .LVU146
 783 01a8 B6EE001A 		vmov.f32	s2, #5.0e-1
 784 01ac DFED330A 		vldr.32	s1, .L23+128
 785 01b0 9FED330A 		vldr.32	s0, .L23+132
 786 01b4 3348     		ldr	r0, .L23+136
 787 01b6 FFF7FEFF 		bl	initEmaFilter
 788              	.LVL64:
 159:Core/drogui/src/sensorsTasks.c **** 
 160:Core/drogui/src/sensorsTasks.c ****     addTask(&gyroTask, 1000, 2);
 789              		.loc 1 160 5 view .LVU147
 790 01ba 0222     		movs	r2, #2
 791 01bc 4FF47A71 		mov	r1, #1000
 792 01c0 3148     		ldr	r0, .L23+140
 793 01c2 FFF7FEFF 		bl	addTask
 794              	.LVL65:
 161:Core/drogui/src/sensorsTasks.c ****     addTask(&accelTask, 1000, 3);
 795              		.loc 1 161 5 view .LVU148
 796 01c6 0322     		movs	r2, #3
 797 01c8 4FF47A71 		mov	r1, #1000
 798 01cc 2F48     		ldr	r0, .L23+144
 799 01ce FFF7FEFF 		bl	addTask
 800              	.LVL66:
 162:Core/drogui/src/sensorsTasks.c ****     addTask(&magTask, 100000, 2);
 801              		.loc 1 162 5 view .LVU149
 802 01d2 0222     		movs	r2, #2
 803 01d4 2E49     		ldr	r1, .L23+148
 804 01d6 2F48     		ldr	r0, .L23+152
 805 01d8 FFF7FEFF 		bl	addTask
 806              	.LVL67:
 163:Core/drogui/src/sensorsTasks.c ****     addTask(&rpyTask, 2000, 2);
 807              		.loc 1 163 5 view .LVU150
 808 01dc 0222     		movs	r2, #2
 809 01de 4FF4FA61 		mov	r1, #2000
 810 01e2 2D48     		ldr	r0, .L23+156
 811 01e4 FFF7FEFF 		bl	addTask
 812              	.LVL68:
 164:Core/drogui/src/sensorsTasks.c ****     addTask(&altitudeTask,10000,3);
 813              		.loc 1 164 5 view .LVU151
 814 01e8 0322     		movs	r2, #3
 815 01ea 42F21071 		movw	r1, #10000
 816 01ee 2B48     		ldr	r0, .L23+160
ARM GAS  C:\Users\GUILLE~1\AppData\Local\Temp\cc3OFfFF.s 			page 18


 817 01f0 FFF7FEFF 		bl	addTask
 818              	.LVL69:
 165:Core/drogui/src/sensorsTasks.c **** 
 166:Core/drogui/src/sensorsTasks.c **** }...
 819              		.loc 1 166 1 is_stmt 0 view .LVU152
 820 01f4 BDEC028B 		vldm	sp!, {d8}
 821              	.LCFI9:
 822              		.cfi_restore 80
 823              		.cfi_restore 81
 824              		.cfi_def_cfa_offset 24
 825 01f8 BDE8F081 		pop	{r4, r5, r6, r7, r8, pc}
 826              	.L24:
 827              		.align	2
 828              	.L23:
 829 01fc 00000000 		.word	v_1_10
 830 0200 00000000 		.word	k_1_10
 831 0204 00000000 		.word	.LANCHOR10
 832 0208 00000000 		.word	.LANCHOR12
 833 020c 00000000 		.word	.LANCHOR14
 834 0210 00000000 		.word	v_3_10
 835 0214 00000000 		.word	k_3_10
 836 0218 00000000 		.word	.LANCHOR16
 837 021c 00000000 		.word	.LANCHOR17
 838 0220 00000000 		.word	.LANCHOR18
 839 0224 00007A44 		.word	1148846080
 840 0228 00004842 		.word	1112014848
 841 022c 00000000 		.word	.LANCHOR19
 842 0230 00000000 		.word	.LANCHOR20
 843 0234 00000000 		.word	.LANCHOR21
 844 0238 00000000 		.word	.LANCHOR22
 845 023c 00000000 		.word	.LANCHOR23
 846 0240 00000000 		.word	.LANCHOR24
 847 0244 00000000 		.word	v_5_100
 848 0248 00000000 		.word	k_5_100
 849 024c 00000000 		.word	.LANCHOR1
 850 0250 00000000 		.word	.LANCHOR3
 851 0254 00000000 		.word	.LANCHOR5
 852 0258 00002042 		.word	1109393408
 853 025c 00000000 		.word	.LANCHOR7
 854 0260 00000000 		.word	.LANCHOR8
 855 0264 00000000 		.word	.LANCHOR9
 856 0268 00000000 		.word	.LANCHOR31
 857 026c 00000000 		.word	.LANCHOR32
 858 0270 00000000 		.word	.LANCHOR33
 859 0274 00000000 		.word	.LANCHOR34
 860 0278 00000000 		.word	.LANCHOR35
 861 027c CDCCCC3E 		.word	1053609165
 862 0280 9A99193F 		.word	1058642330
 863 0284 00000000 		.word	.LANCHOR37
 864 0288 00000000 		.word	gyroTask
 865 028c 00000000 		.word	accelTask
 866 0290 A0860100 		.word	100000
 867 0294 00000000 		.word	magTask
 868 0298 00000000 		.word	rpyTask
 869 029c 00000000 		.word	altitudeTask
 870 02a0 00000000 		.word	.LANCHOR0
 871              		.cfi_endproc
ARM GAS  C:\Users\GUILLE~1\AppData\Local\Temp\cc3OFfFF.s 			page 19


 872              	.LFE182:
 874              		.global	Kdfilt
 875              		.global	buff2
 876              		.global	mvAvg_bmp
 877              		.global	ema_bmp
 878              		.global	altitude
 879              		.global	myBMP
 880              		.global	z
 881              		.global	y
 882              		.global	x
 883              		.global	mz
 884              		.global	my
 885              		.global	mx
 886              		.global	gz
 887              		.global	gy
 888              		.global	gx
 889              		.global	az
 890              		.global	ay
 891              		.global	ax
 892              		.global	yaw
 893              		.global	pitch
 894              		.global	roll
 895              		.global	filter_yaw
 896              		.global	filter_pitch
 897              		.global	filter_roll
 898              		.global	dnotch_az
 899              		.global	dnotch_ay
 900              		.global	dnotch_ax
 901              		.global	filter_az
 902              		.global	filter_ay
 903              		.global	filter_ax
 904              		.global	dnotch_gz2
 905              		.global	dnotch_gy2
 906              		.global	dnotch_gx2
 907              		.global	dnotch_gz
 908              		.global	dnotch_gy
 909              		.global	dnotch_gx
 910              		.global	filter_gz2
 911              		.global	filter_gy2
 912              		.global	filter_gx2
 913              		.global	filter_gz
 914              		.global	filter_gy
 915              		.global	filter_gx
 916              		.global	myIMU
 917              		.section	.bss.altitude,"aw",%nobits
 918              		.align	2
 919              		.set	.LANCHOR36,. + 0
 922              	altitude:
 923 0000 00000000 		.space	4
 924              		.section	.bss.ax,"aw",%nobits
 925              		.align	2
 926              		.set	.LANCHOR2,. + 0
 929              	ax:
 930 0000 00000000 		.space	4
 931              		.section	.bss.ay,"aw",%nobits
 932              		.align	2
 933              		.set	.LANCHOR4,. + 0
ARM GAS  C:\Users\GUILLE~1\AppData\Local\Temp\cc3OFfFF.s 			page 20


 936              	ay:
 937 0000 00000000 		.space	4
 938              		.section	.bss.az,"aw",%nobits
 939              		.align	2
 940              		.set	.LANCHOR6,. + 0
 943              	az:
 944 0000 00000000 		.space	4
 945              		.section	.bss.dnotch_ax,"aw",%nobits
 946              		.align	2
 947              		.set	.LANCHOR7,. + 0
 950              	dnotch_ax:
 951 0000 00000000 		.space	104
 951      00000000 
 951      00000000 
 951      00000000 
 951      00000000 
 952              		.section	.bss.dnotch_ay,"aw",%nobits
 953              		.align	2
 954              		.set	.LANCHOR8,. + 0
 957              	dnotch_ay:
 958 0000 00000000 		.space	104
 958      00000000 
 958      00000000 
 958      00000000 
 958      00000000 
 959              		.section	.bss.dnotch_az,"aw",%nobits
 960              		.align	2
 961              		.set	.LANCHOR9,. + 0
 964              	dnotch_az:
 965 0000 00000000 		.space	104
 965      00000000 
 965      00000000 
 965      00000000 
 965      00000000 
 966              		.section	.bss.dnotch_gx,"aw",%nobits
 967              		.align	2
 968              		.set	.LANCHOR19,. + 0
 971              	dnotch_gx:
 972 0000 00000000 		.space	104
 972      00000000 
 972      00000000 
 972      00000000 
 972      00000000 
 973              		.section	.bss.dnotch_gx2,"aw",%nobits
 974              		.align	2
 975              		.set	.LANCHOR22,. + 0
 978              	dnotch_gx2:
 979 0000 00000000 		.space	104
 979      00000000 
 979      00000000 
 979      00000000 
 979      00000000 
 980              		.section	.bss.dnotch_gy,"aw",%nobits
 981              		.align	2
 982              		.set	.LANCHOR20,. + 0
 985              	dnotch_gy:
 986 0000 00000000 		.space	104
ARM GAS  C:\Users\GUILLE~1\AppData\Local\Temp\cc3OFfFF.s 			page 21


 986      00000000 
 986      00000000 
 986      00000000 
 986      00000000 
 987              		.section	.bss.dnotch_gy2,"aw",%nobits
 988              		.align	2
 989              		.set	.LANCHOR23,. + 0
 992              	dnotch_gy2:
 993 0000 00000000 		.space	104
 993      00000000 
 993      00000000 
 993      00000000 
 993      00000000 
 994              		.section	.bss.dnotch_gz,"aw",%nobits
 995              		.align	2
 996              		.set	.LANCHOR21,. + 0
 999              	dnotch_gz:
 1000 0000 00000000 		.space	104
 1000      00000000 
 1000      00000000 
 1000      00000000 
 1000      00000000 
 1001              		.section	.bss.dnotch_gz2,"aw",%nobits
 1002              		.align	2
 1003              		.set	.LANCHOR24,. + 0
 1006              	dnotch_gz2:
 1007 0000 00000000 		.space	104
 1007      00000000 
 1007      00000000 
 1007      00000000 
 1007      00000000 
 1008              		.section	.bss.ema_bmp,"aw",%nobits
 1009              		.align	2
 1010              		.set	.LANCHOR37,. + 0
 1013              	ema_bmp:
 1014 0000 00000000 		.space	16
 1014      00000000 
 1014      00000000 
 1014      00000000 
 1015              		.section	.bss.filter_ax,"aw",%nobits
 1016              		.align	2
 1017              		.set	.LANCHOR1,. + 0
 1020              	filter_ax:
 1021 0000 00000000 		.space	20
 1021      00000000 
 1021      00000000 
 1021      00000000 
 1021      00000000 
 1022              		.section	.bss.filter_ay,"aw",%nobits
 1023              		.align	2
 1024              		.set	.LANCHOR3,. + 0
 1027              	filter_ay:
 1028 0000 00000000 		.space	20
 1028      00000000 
 1028      00000000 
 1028      00000000 
 1028      00000000 
ARM GAS  C:\Users\GUILLE~1\AppData\Local\Temp\cc3OFfFF.s 			page 22


 1029              		.section	.bss.filter_az,"aw",%nobits
 1030              		.align	2
 1031              		.set	.LANCHOR5,. + 0
 1034              	filter_az:
 1035 0000 00000000 		.space	20
 1035      00000000 
 1035      00000000 
 1035      00000000 
 1035      00000000 
 1036              		.section	.bss.filter_gx,"aw",%nobits
 1037              		.align	2
 1038              		.set	.LANCHOR10,. + 0
 1041              	filter_gx:
 1042 0000 00000000 		.space	20
 1042      00000000 
 1042      00000000 
 1042      00000000 
 1042      00000000 
 1043              		.section	.bss.filter_gx2,"aw",%nobits
 1044              		.align	2
 1045              		.set	.LANCHOR16,. + 0
 1048              	filter_gx2:
 1049 0000 00000000 		.space	20
 1049      00000000 
 1049      00000000 
 1049      00000000 
 1049      00000000 
 1050              		.section	.bss.filter_gy,"aw",%nobits
 1051              		.align	2
 1052              		.set	.LANCHOR12,. + 0
 1055              	filter_gy:
 1056 0000 00000000 		.space	20
 1056      00000000 
 1056      00000000 
 1056      00000000 
 1056      00000000 
 1057              		.section	.bss.filter_gy2,"aw",%nobits
 1058              		.align	2
 1059              		.set	.LANCHOR17,. + 0
 1062              	filter_gy2:
 1063 0000 00000000 		.space	20
 1063      00000000 
 1063      00000000 
 1063      00000000 
 1063      00000000 
 1064              		.section	.bss.filter_gz,"aw",%nobits
 1065              		.align	2
 1066              		.set	.LANCHOR14,. + 0
 1069              	filter_gz:
 1070 0000 00000000 		.space	20
 1070      00000000 
 1070      00000000 
 1070      00000000 
 1070      00000000 
 1071              		.section	.bss.filter_gz2,"aw",%nobits
 1072              		.align	2
 1073              		.set	.LANCHOR18,. + 0
ARM GAS  C:\Users\GUILLE~1\AppData\Local\Temp\cc3OFfFF.s 			page 23


 1076              	filter_gz2:
 1077 0000 00000000 		.space	20
 1077      00000000 
 1077      00000000 
 1077      00000000 
 1077      00000000 
 1078              		.section	.bss.filter_pitch,"aw",%nobits
 1079              		.align	2
 1080              		.set	.LANCHOR32,. + 0
 1083              	filter_pitch:
 1084 0000 00000000 		.space	20
 1084      00000000 
 1084      00000000 
 1084      00000000 
 1084      00000000 
 1085              		.section	.bss.filter_roll,"aw",%nobits
 1086              		.align	2
 1087              		.set	.LANCHOR31,. + 0
 1090              	filter_roll:
 1091 0000 00000000 		.space	20
 1091      00000000 
 1091      00000000 
 1091      00000000 
 1091      00000000 
 1092              		.section	.bss.filter_yaw,"aw",%nobits
 1093              		.align	2
 1094              		.set	.LANCHOR33,. + 0
 1097              	filter_yaw:
 1098 0000 00000000 		.space	20
 1098      00000000 
 1098      00000000 
 1098      00000000 
 1098      00000000 
 1099              		.section	.bss.gx,"aw",%nobits
 1100              		.align	2
 1101              		.set	.LANCHOR11,. + 0
 1104              	gx:
 1105 0000 00000000 		.space	4
 1106              		.section	.bss.gy,"aw",%nobits
 1107              		.align	2
 1108              		.set	.LANCHOR13,. + 0
 1111              	gy:
 1112 0000 00000000 		.space	4
 1113              		.section	.bss.gz,"aw",%nobits
 1114              		.align	2
 1115              		.set	.LANCHOR15,. + 0
 1118              	gz:
 1119 0000 00000000 		.space	4
 1120              		.section	.bss.mvAvg_bmp,"aw",%nobits
 1121              		.align	2
 1122              		.set	.LANCHOR35,. + 0
 1125              	mvAvg_bmp:
 1126 0000 00000000 		.space	16
 1126      00000000 
 1126      00000000 
 1126      00000000 
 1127              		.section	.bss.mx,"aw",%nobits
ARM GAS  C:\Users\GUILLE~1\AppData\Local\Temp\cc3OFfFF.s 			page 24


 1128              		.align	2
 1129              		.set	.LANCHOR25,. + 0
 1132              	mx:
 1133 0000 00000000 		.space	4
 1134              		.section	.bss.my,"aw",%nobits
 1135              		.align	2
 1136              		.set	.LANCHOR26,. + 0
 1139              	my:
 1140 0000 00000000 		.space	4
 1141              		.section	.bss.myBMP,"aw",%nobits
 1142              		.align	3
 1143              		.set	.LANCHOR34,. + 0
 1146              	myBMP:
 1147 0000 00000000 		.space	40
 1147      00000000 
 1147      00000000 
 1147      00000000 
 1147      00000000 
 1148              		.section	.bss.myIMU,"aw",%nobits
 1149              		.align	2
 1150              		.set	.LANCHOR0,. + 0
 1153              	myIMU:
 1154 0000 00000000 		.space	140
 1154      00000000 
 1154      00000000 
 1154      00000000 
 1154      00000000 
 1155              		.section	.bss.mz,"aw",%nobits
 1156              		.align	2
 1157              		.set	.LANCHOR27,. + 0
 1160              	mz:
 1161 0000 00000000 		.space	4
 1162              		.section	.bss.pitch,"aw",%nobits
 1163              		.align	2
 1164              		.set	.LANCHOR29,. + 0
 1167              	pitch:
 1168 0000 00000000 		.space	4
 1169              		.section	.bss.roll,"aw",%nobits
 1170              		.align	2
 1171              		.set	.LANCHOR28,. + 0
 1174              	roll:
 1175 0000 00000000 		.space	4
 1176              		.section	.bss.x,"aw",%nobits
 1177              		.align	2
 1180              	x:
 1181 0000 00000000 		.space	4
 1182              		.section	.bss.y,"aw",%nobits
 1183              		.align	2
 1186              	y:
 1187 0000 00000000 		.space	4
 1188              		.section	.bss.yaw,"aw",%nobits
 1189              		.align	2
 1190              		.set	.LANCHOR30,. + 0
 1193              	yaw:
 1194 0000 00000000 		.space	4
 1195              		.section	.bss.z,"aw",%nobits
 1196              		.align	2
ARM GAS  C:\Users\GUILLE~1\AppData\Local\Temp\cc3OFfFF.s 			page 25


 1199              	z:
 1200 0000 00000000 		.space	4
 1201              		.section	.data.Kdfilt,"aw"
 1202              		.align	2
 1205              	Kdfilt:
 1206 0000 0AD7233C 		.word	1008981770
 1207              		.section	.data.buff2,"aw"
 1208              		.align	2
 1211              	buff2:
 1212 0000 686F6C61 		.ascii	"hola\012\000"
 1212      0A00
 1213 0006 00000000 		.space	44
 1213      00000000 
 1213      00000000 
 1213      00000000 
 1213      00000000 
 1214              		.text
 1215              	.Letext0:
 1216              		.file 2 "c:\\program files (x86)\\gnu arm embedded toolchain\\10 2020-q4-major\\arm-none-eabi\\inc
 1217              		.file 3 "c:\\program files (x86)\\gnu arm embedded toolchain\\10 2020-q4-major\\arm-none-eabi\\inc
 1218              		.file 4 "Drivers/CMSIS/DSP/Include/arm_math.h"
 1219              		.file 5 "Core/drogui/include/filter.h"
 1220              		.file 6 "Core/drogui/include/MPU9250.h"
 1221              		.file 7 "Core/drogui/include/utils.h"
 1222              		.file 8 "Core/drogui/include/BMP388.h"
 1223              		.file 9 "Core/drogui/include/sensorsTasks.h"
 1224              		.file 10 "Core/drogui/include/task.h"
 1225              		.file 11 "Core/drogui/include/mahony.h"
ARM GAS  C:\Users\GUILLE~1\AppData\Local\Temp\cc3OFfFF.s 			page 26


DEFINED SYMBOLS
                            *ABS*:00000000 sensorsTasks.c
C:\Users\GUILLE~1\AppData\Local\Temp\cc3OFfFF.s:18     .text.accelTask:00000000 $t
C:\Users\GUILLE~1\AppData\Local\Temp\cc3OFfFF.s:26     .text.accelTask:00000000 accelTask
C:\Users\GUILLE~1\AppData\Local\Temp\cc3OFfFF.s:116    .text.accelTask:00000084 $d
C:\Users\GUILLE~1\AppData\Local\Temp\cc3OFfFF.s:130    .text.gyroTask:00000000 $t
C:\Users\GUILLE~1\AppData\Local\Temp\cc3OFfFF.s:137    .text.gyroTask:00000000 gyroTask
C:\Users\GUILLE~1\AppData\Local\Temp\cc3OFfFF.s:289    .text.gyroTask:000000fc $d
C:\Users\GUILLE~1\AppData\Local\Temp\cc3OFfFF.s:309    .text.magTask:00000000 $t
C:\Users\GUILLE~1\AppData\Local\Temp\cc3OFfFF.s:316    .text.magTask:00000000 magTask
C:\Users\GUILLE~1\AppData\Local\Temp\cc3OFfFF.s:355    .text.magTask:00000020 $d
C:\Users\GUILLE~1\AppData\Local\Temp\cc3OFfFF.s:363    .text.rpyTask:00000000 $t
C:\Users\GUILLE~1\AppData\Local\Temp\cc3OFfFF.s:370    .text.rpyTask:00000000 rpyTask
C:\Users\GUILLE~1\AppData\Local\Temp\cc3OFfFF.s:485    .text.rpyTask:000000c4 $d
C:\Users\GUILLE~1\AppData\Local\Temp\cc3OFfFF.s:506    .text.altitudeTask:00000000 $t
C:\Users\GUILLE~1\AppData\Local\Temp\cc3OFfFF.s:513    .text.altitudeTask:00000000 altitudeTask
C:\Users\GUILLE~1\AppData\Local\Temp\cc3OFfFF.s:554    .text.altitudeTask:0000002c $d
C:\Users\GUILLE~1\AppData\Local\Temp\cc3OFfFF.s:562    .text.initSensorsTasks:00000000 $t
C:\Users\GUILLE~1\AppData\Local\Temp\cc3OFfFF.s:569    .text.initSensorsTasks:00000000 initSensorsTasks
C:\Users\GUILLE~1\AppData\Local\Temp\cc3OFfFF.s:829    .text.initSensorsTasks:000001fc $d
C:\Users\GUILLE~1\AppData\Local\Temp\cc3OFfFF.s:1205   .data.Kdfilt:00000000 Kdfilt
C:\Users\GUILLE~1\AppData\Local\Temp\cc3OFfFF.s:1211   .data.buff2:00000000 buff2
C:\Users\GUILLE~1\AppData\Local\Temp\cc3OFfFF.s:1125   .bss.mvAvg_bmp:00000000 mvAvg_bmp
C:\Users\GUILLE~1\AppData\Local\Temp\cc3OFfFF.s:1013   .bss.ema_bmp:00000000 ema_bmp
C:\Users\GUILLE~1\AppData\Local\Temp\cc3OFfFF.s:922    .bss.altitude:00000000 altitude
C:\Users\GUILLE~1\AppData\Local\Temp\cc3OFfFF.s:1146   .bss.myBMP:00000000 myBMP
C:\Users\GUILLE~1\AppData\Local\Temp\cc3OFfFF.s:1199   .bss.z:00000000 z
C:\Users\GUILLE~1\AppData\Local\Temp\cc3OFfFF.s:1186   .bss.y:00000000 y
C:\Users\GUILLE~1\AppData\Local\Temp\cc3OFfFF.s:1180   .bss.x:00000000 x
C:\Users\GUILLE~1\AppData\Local\Temp\cc3OFfFF.s:1160   .bss.mz:00000000 mz
C:\Users\GUILLE~1\AppData\Local\Temp\cc3OFfFF.s:1139   .bss.my:00000000 my
C:\Users\GUILLE~1\AppData\Local\Temp\cc3OFfFF.s:1132   .bss.mx:00000000 mx
C:\Users\GUILLE~1\AppData\Local\Temp\cc3OFfFF.s:1118   .bss.gz:00000000 gz
C:\Users\GUILLE~1\AppData\Local\Temp\cc3OFfFF.s:1111   .bss.gy:00000000 gy
C:\Users\GUILLE~1\AppData\Local\Temp\cc3OFfFF.s:1104   .bss.gx:00000000 gx
C:\Users\GUILLE~1\AppData\Local\Temp\cc3OFfFF.s:943    .bss.az:00000000 az
C:\Users\GUILLE~1\AppData\Local\Temp\cc3OFfFF.s:936    .bss.ay:00000000 ay
C:\Users\GUILLE~1\AppData\Local\Temp\cc3OFfFF.s:929    .bss.ax:00000000 ax
C:\Users\GUILLE~1\AppData\Local\Temp\cc3OFfFF.s:1193   .bss.yaw:00000000 yaw
C:\Users\GUILLE~1\AppData\Local\Temp\cc3OFfFF.s:1167   .bss.pitch:00000000 pitch
C:\Users\GUILLE~1\AppData\Local\Temp\cc3OFfFF.s:1174   .bss.roll:00000000 roll
C:\Users\GUILLE~1\AppData\Local\Temp\cc3OFfFF.s:1097   .bss.filter_yaw:00000000 filter_yaw
C:\Users\GUILLE~1\AppData\Local\Temp\cc3OFfFF.s:1083   .bss.filter_pitch:00000000 filter_pitch
C:\Users\GUILLE~1\AppData\Local\Temp\cc3OFfFF.s:1090   .bss.filter_roll:00000000 filter_roll
C:\Users\GUILLE~1\AppData\Local\Temp\cc3OFfFF.s:964    .bss.dnotch_az:00000000 dnotch_az
C:\Users\GUILLE~1\AppData\Local\Temp\cc3OFfFF.s:957    .bss.dnotch_ay:00000000 dnotch_ay
C:\Users\GUILLE~1\AppData\Local\Temp\cc3OFfFF.s:950    .bss.dnotch_ax:00000000 dnotch_ax
C:\Users\GUILLE~1\AppData\Local\Temp\cc3OFfFF.s:1034   .bss.filter_az:00000000 filter_az
C:\Users\GUILLE~1\AppData\Local\Temp\cc3OFfFF.s:1027   .bss.filter_ay:00000000 filter_ay
C:\Users\GUILLE~1\AppData\Local\Temp\cc3OFfFF.s:1020   .bss.filter_ax:00000000 filter_ax
C:\Users\GUILLE~1\AppData\Local\Temp\cc3OFfFF.s:1006   .bss.dnotch_gz2:00000000 dnotch_gz2
C:\Users\GUILLE~1\AppData\Local\Temp\cc3OFfFF.s:992    .bss.dnotch_gy2:00000000 dnotch_gy2
C:\Users\GUILLE~1\AppData\Local\Temp\cc3OFfFF.s:978    .bss.dnotch_gx2:00000000 dnotch_gx2
C:\Users\GUILLE~1\AppData\Local\Temp\cc3OFfFF.s:999    .bss.dnotch_gz:00000000 dnotch_gz
C:\Users\GUILLE~1\AppData\Local\Temp\cc3OFfFF.s:985    .bss.dnotch_gy:00000000 dnotch_gy
C:\Users\GUILLE~1\AppData\Local\Temp\cc3OFfFF.s:971    .bss.dnotch_gx:00000000 dnotch_gx
C:\Users\GUILLE~1\AppData\Local\Temp\cc3OFfFF.s:1076   .bss.filter_gz2:00000000 filter_gz2
ARM GAS  C:\Users\GUILLE~1\AppData\Local\Temp\cc3OFfFF.s 			page 27


C:\Users\GUILLE~1\AppData\Local\Temp\cc3OFfFF.s:1062   .bss.filter_gy2:00000000 filter_gy2
C:\Users\GUILLE~1\AppData\Local\Temp\cc3OFfFF.s:1048   .bss.filter_gx2:00000000 filter_gx2
C:\Users\GUILLE~1\AppData\Local\Temp\cc3OFfFF.s:1069   .bss.filter_gz:00000000 filter_gz
C:\Users\GUILLE~1\AppData\Local\Temp\cc3OFfFF.s:1055   .bss.filter_gy:00000000 filter_gy
C:\Users\GUILLE~1\AppData\Local\Temp\cc3OFfFF.s:1041   .bss.filter_gx:00000000 filter_gx
C:\Users\GUILLE~1\AppData\Local\Temp\cc3OFfFF.s:1153   .bss.myIMU:00000000 myIMU
C:\Users\GUILLE~1\AppData\Local\Temp\cc3OFfFF.s:918    .bss.altitude:00000000 $d
C:\Users\GUILLE~1\AppData\Local\Temp\cc3OFfFF.s:925    .bss.ax:00000000 $d
C:\Users\GUILLE~1\AppData\Local\Temp\cc3OFfFF.s:932    .bss.ay:00000000 $d
C:\Users\GUILLE~1\AppData\Local\Temp\cc3OFfFF.s:939    .bss.az:00000000 $d
C:\Users\GUILLE~1\AppData\Local\Temp\cc3OFfFF.s:946    .bss.dnotch_ax:00000000 $d
C:\Users\GUILLE~1\AppData\Local\Temp\cc3OFfFF.s:953    .bss.dnotch_ay:00000000 $d
C:\Users\GUILLE~1\AppData\Local\Temp\cc3OFfFF.s:960    .bss.dnotch_az:00000000 $d
C:\Users\GUILLE~1\AppData\Local\Temp\cc3OFfFF.s:967    .bss.dnotch_gx:00000000 $d
C:\Users\GUILLE~1\AppData\Local\Temp\cc3OFfFF.s:974    .bss.dnotch_gx2:00000000 $d
C:\Users\GUILLE~1\AppData\Local\Temp\cc3OFfFF.s:981    .bss.dnotch_gy:00000000 $d
C:\Users\GUILLE~1\AppData\Local\Temp\cc3OFfFF.s:988    .bss.dnotch_gy2:00000000 $d
C:\Users\GUILLE~1\AppData\Local\Temp\cc3OFfFF.s:995    .bss.dnotch_gz:00000000 $d
C:\Users\GUILLE~1\AppData\Local\Temp\cc3OFfFF.s:1002   .bss.dnotch_gz2:00000000 $d
C:\Users\GUILLE~1\AppData\Local\Temp\cc3OFfFF.s:1009   .bss.ema_bmp:00000000 $d
C:\Users\GUILLE~1\AppData\Local\Temp\cc3OFfFF.s:1016   .bss.filter_ax:00000000 $d
C:\Users\GUILLE~1\AppData\Local\Temp\cc3OFfFF.s:1023   .bss.filter_ay:00000000 $d
C:\Users\GUILLE~1\AppData\Local\Temp\cc3OFfFF.s:1030   .bss.filter_az:00000000 $d
C:\Users\GUILLE~1\AppData\Local\Temp\cc3OFfFF.s:1037   .bss.filter_gx:00000000 $d
C:\Users\GUILLE~1\AppData\Local\Temp\cc3OFfFF.s:1044   .bss.filter_gx2:00000000 $d
C:\Users\GUILLE~1\AppData\Local\Temp\cc3OFfFF.s:1051   .bss.filter_gy:00000000 $d
C:\Users\GUILLE~1\AppData\Local\Temp\cc3OFfFF.s:1058   .bss.filter_gy2:00000000 $d
C:\Users\GUILLE~1\AppData\Local\Temp\cc3OFfFF.s:1065   .bss.filter_gz:00000000 $d
C:\Users\GUILLE~1\AppData\Local\Temp\cc3OFfFF.s:1072   .bss.filter_gz2:00000000 $d
C:\Users\GUILLE~1\AppData\Local\Temp\cc3OFfFF.s:1079   .bss.filter_pitch:00000000 $d
C:\Users\GUILLE~1\AppData\Local\Temp\cc3OFfFF.s:1086   .bss.filter_roll:00000000 $d
C:\Users\GUILLE~1\AppData\Local\Temp\cc3OFfFF.s:1093   .bss.filter_yaw:00000000 $d
C:\Users\GUILLE~1\AppData\Local\Temp\cc3OFfFF.s:1100   .bss.gx:00000000 $d
C:\Users\GUILLE~1\AppData\Local\Temp\cc3OFfFF.s:1107   .bss.gy:00000000 $d
C:\Users\GUILLE~1\AppData\Local\Temp\cc3OFfFF.s:1114   .bss.gz:00000000 $d
C:\Users\GUILLE~1\AppData\Local\Temp\cc3OFfFF.s:1121   .bss.mvAvg_bmp:00000000 $d
C:\Users\GUILLE~1\AppData\Local\Temp\cc3OFfFF.s:1128   .bss.mx:00000000 $d
C:\Users\GUILLE~1\AppData\Local\Temp\cc3OFfFF.s:1135   .bss.my:00000000 $d
C:\Users\GUILLE~1\AppData\Local\Temp\cc3OFfFF.s:1142   .bss.myBMP:00000000 $d
C:\Users\GUILLE~1\AppData\Local\Temp\cc3OFfFF.s:1149   .bss.myIMU:00000000 $d
C:\Users\GUILLE~1\AppData\Local\Temp\cc3OFfFF.s:1156   .bss.mz:00000000 $d
C:\Users\GUILLE~1\AppData\Local\Temp\cc3OFfFF.s:1163   .bss.pitch:00000000 $d
C:\Users\GUILLE~1\AppData\Local\Temp\cc3OFfFF.s:1170   .bss.roll:00000000 $d
C:\Users\GUILLE~1\AppData\Local\Temp\cc3OFfFF.s:1177   .bss.x:00000000 $d
C:\Users\GUILLE~1\AppData\Local\Temp\cc3OFfFF.s:1183   .bss.y:00000000 $d
C:\Users\GUILLE~1\AppData\Local\Temp\cc3OFfFF.s:1189   .bss.yaw:00000000 $d
C:\Users\GUILLE~1\AppData\Local\Temp\cc3OFfFF.s:1196   .bss.z:00000000 $d
C:\Users\GUILLE~1\AppData\Local\Temp\cc3OFfFF.s:1202   .data.Kdfilt:00000000 $d
C:\Users\GUILLE~1\AppData\Local\Temp\cc3OFfFF.s:1208   .data.buff2:00000000 $d

UNDEFINED SYMBOLS
readAcc
computeFilter
computeDNotch
setReg
readGyro
readMag
ARM GAS  C:\Users\GUILLE~1\AppData\Local\Temp\cc3OFfFF.s 			page 28


mahonyUpdate
getMahonyEuler
bmp388ReadAltitude
compueteMvAvgFilter
computeEmaFilter
initMpu
initFilter
initDNotchFilter
calibrateGyro
initBmp388
initMvAvgFilter
initEmaFilter
addTask
v_1_10
k_1_10
v_3_10
k_3_10
v_5_100
k_5_100
