ARM GAS  C:\Users\GUILLE~1\AppData\Local\Temp\ccsdSOUX.s 			page 1


   1              		.cpu cortex-m7
   2              		.eabi_attribute 27, 1
   3              		.eabi_attribute 28, 1
   4              		.eabi_attribute 20, 1
   5              		.eabi_attribute 21, 1
   6              		.eabi_attribute 23, 3
   7              		.eabi_attribute 24, 1
   8              		.eabi_attribute 25, 1
   9              		.eabi_attribute 26, 1
  10              		.eabi_attribute 30, 1
  11              		.eabi_attribute 34, 1
  12              		.eabi_attribute 18, 4
  13              		.file	"stm32f7xx_it.c"
  14              		.text
  15              	.Ltext0:
  16              		.cfi_sections	.debug_frame
  17              		.section	.text.NMI_Handler,"ax",%progbits
  18              		.align	1
  19              		.global	NMI_Handler
  20              		.arch armv7e-m
  21              		.syntax unified
  22              		.thumb
  23              		.thumb_func
  24              		.fpu fpv5-sp-d16
  26              	NMI_Handler:
  27              	.LFB141:
  28              		.file 1 "Core/Src/stm32f7xx_it.c"
   1:Core/Src/stm32f7xx_it.c **** /* USER CODE BEGIN Header */
   2:Core/Src/stm32f7xx_it.c **** /**
   3:Core/Src/stm32f7xx_it.c ****   ******************************************************************************
   4:Core/Src/stm32f7xx_it.c ****   * @file    stm32f7xx_it.c
   5:Core/Src/stm32f7xx_it.c ****   * @brief   Interrupt Service Routines.
   6:Core/Src/stm32f7xx_it.c ****   ******************************************************************************
   7:Core/Src/stm32f7xx_it.c ****   * @attention
   8:Core/Src/stm32f7xx_it.c ****   *
   9:Core/Src/stm32f7xx_it.c ****   * <h2><center>&copy; Copyright (c) 2021 STMicroelectronics.
  10:Core/Src/stm32f7xx_it.c ****   * All rights reserved.</center></h2>
  11:Core/Src/stm32f7xx_it.c ****   *
  12:Core/Src/stm32f7xx_it.c ****   * This software component is licensed by ST under BSD 3-Clause license,
  13:Core/Src/stm32f7xx_it.c ****   * the "License"; You may not use this file except in compliance with the
  14:Core/Src/stm32f7xx_it.c ****   * License. You may obtain a copy of the License at:
  15:Core/Src/stm32f7xx_it.c ****   *                        opensource.org/licenses/BSD-3-Clause
  16:Core/Src/stm32f7xx_it.c ****   *
  17:Core/Src/stm32f7xx_it.c ****   ******************************************************************************
  18:Core/Src/stm32f7xx_it.c ****   */
  19:Core/Src/stm32f7xx_it.c **** /* USER CODE END Header */
  20:Core/Src/stm32f7xx_it.c **** 
  21:Core/Src/stm32f7xx_it.c **** /* Includes ------------------------------------------------------------------*/
  22:Core/Src/stm32f7xx_it.c **** #include "main.h"
  23:Core/Src/stm32f7xx_it.c **** #include "stm32f7xx_it.h"
  24:Core/Src/stm32f7xx_it.c **** #include "usart.h"
  25:Core/Src/stm32f7xx_it.c **** /* Private includes ----------------------------------------------------------*/
  26:Core/Src/stm32f7xx_it.c **** /* USER CODE BEGIN Includes */
  27:Core/Src/stm32f7xx_it.c **** /* USER CODE END Includes */
  28:Core/Src/stm32f7xx_it.c **** 
  29:Core/Src/stm32f7xx_it.c **** /* Private typedef -----------------------------------------------------------*/
  30:Core/Src/stm32f7xx_it.c **** /* USER CODE BEGIN TD */
ARM GAS  C:\Users\GUILLE~1\AppData\Local\Temp\ccsdSOUX.s 			page 2


  31:Core/Src/stm32f7xx_it.c **** 
  32:Core/Src/stm32f7xx_it.c **** /* USER CODE END TD */
  33:Core/Src/stm32f7xx_it.c **** 
  34:Core/Src/stm32f7xx_it.c **** /* Private define ------------------------------------------------------------*/
  35:Core/Src/stm32f7xx_it.c **** /* USER CODE BEGIN PD */
  36:Core/Src/stm32f7xx_it.c **** 
  37:Core/Src/stm32f7xx_it.c **** /* USER CODE END PD */
  38:Core/Src/stm32f7xx_it.c **** 
  39:Core/Src/stm32f7xx_it.c **** /* Private macro -------------------------------------------------------------*/
  40:Core/Src/stm32f7xx_it.c **** /* USER CODE BEGIN PM */
  41:Core/Src/stm32f7xx_it.c **** 
  42:Core/Src/stm32f7xx_it.c **** /* USER CODE END PM */
  43:Core/Src/stm32f7xx_it.c **** 
  44:Core/Src/stm32f7xx_it.c **** /* Private variables ---------------------------------------------------------*/
  45:Core/Src/stm32f7xx_it.c **** /* USER CODE BEGIN PV */
  46:Core/Src/stm32f7xx_it.c **** 
  47:Core/Src/stm32f7xx_it.c **** /* USER CODE END PV */
  48:Core/Src/stm32f7xx_it.c **** 
  49:Core/Src/stm32f7xx_it.c **** /* Private function prototypes -----------------------------------------------*/
  50:Core/Src/stm32f7xx_it.c **** /* USER CODE BEGIN PFP */
  51:Core/Src/stm32f7xx_it.c **** 
  52:Core/Src/stm32f7xx_it.c **** /* USER CODE END PFP */
  53:Core/Src/stm32f7xx_it.c **** 
  54:Core/Src/stm32f7xx_it.c **** /* Private user code ---------------------------------------------------------*/
  55:Core/Src/stm32f7xx_it.c **** /* USER CODE BEGIN 0 */
  56:Core/Src/stm32f7xx_it.c **** 
  57:Core/Src/stm32f7xx_it.c **** /* USER CODE END 0 */
  58:Core/Src/stm32f7xx_it.c **** 
  59:Core/Src/stm32f7xx_it.c **** /* External variables --------------------------------------------------------*/
  60:Core/Src/stm32f7xx_it.c **** extern I2C_HandleTypeDef hi2c4;
  61:Core/Src/stm32f7xx_it.c **** /* USER CODE BEGIN EV */
  62:Core/Src/stm32f7xx_it.c **** 
  63:Core/Src/stm32f7xx_it.c **** /* USER CODE END EV */
  64:Core/Src/stm32f7xx_it.c **** 
  65:Core/Src/stm32f7xx_it.c **** /******************************************************************************/
  66:Core/Src/stm32f7xx_it.c **** /*           Cortex-M7 Processor Interruption and Exception Handlers          */
  67:Core/Src/stm32f7xx_it.c **** /******************************************************************************/
  68:Core/Src/stm32f7xx_it.c **** /**
  69:Core/Src/stm32f7xx_it.c ****   * @brief This function handles Non maskable interrupt.
  70:Core/Src/stm32f7xx_it.c ****   */
  71:Core/Src/stm32f7xx_it.c **** void NMI_Handler(void)
  72:Core/Src/stm32f7xx_it.c **** {
  29              		.loc 1 72 1 view -0
  30              		.cfi_startproc
  31              		@ Volatile: function does not return.
  32              		@ args = 0, pretend = 0, frame = 0
  33              		@ frame_needed = 0, uses_anonymous_args = 0
  34              		@ link register save eliminated.
  35              	.L2:
  73:Core/Src/stm32f7xx_it.c ****   /* USER CODE BEGIN NonMaskableInt_IRQn 0 */
  74:Core/Src/stm32f7xx_it.c **** 
  75:Core/Src/stm32f7xx_it.c ****   /* USER CODE END NonMaskableInt_IRQn 0 */
  76:Core/Src/stm32f7xx_it.c ****   /* USER CODE BEGIN NonMaskableInt_IRQn 1 */
  77:Core/Src/stm32f7xx_it.c ****   while (1)
  36              		.loc 1 77 3 discriminator 1 view .LVU1
  78:Core/Src/stm32f7xx_it.c ****   {
  79:Core/Src/stm32f7xx_it.c ****   }
ARM GAS  C:\Users\GUILLE~1\AppData\Local\Temp\ccsdSOUX.s 			page 3


  37              		.loc 1 79 3 discriminator 1 view .LVU2
  77:Core/Src/stm32f7xx_it.c ****   {
  38              		.loc 1 77 9 discriminator 1 view .LVU3
  39 0000 FEE7     		b	.L2
  40              		.cfi_endproc
  41              	.LFE141:
  43              		.section	.text.HardFault_Handler,"ax",%progbits
  44              		.align	1
  45              		.global	HardFault_Handler
  46              		.syntax unified
  47              		.thumb
  48              		.thumb_func
  49              		.fpu fpv5-sp-d16
  51              	HardFault_Handler:
  52              	.LFB142:
  80:Core/Src/stm32f7xx_it.c ****   /* USER CODE END NonMaskableInt_IRQn 1 */
  81:Core/Src/stm32f7xx_it.c **** }
  82:Core/Src/stm32f7xx_it.c **** 
  83:Core/Src/stm32f7xx_it.c **** /**
  84:Core/Src/stm32f7xx_it.c ****   * @brief This function handles Hard fault interrupt.
  85:Core/Src/stm32f7xx_it.c ****   */
  86:Core/Src/stm32f7xx_it.c **** void HardFault_Handler(void)
  87:Core/Src/stm32f7xx_it.c **** {
  53              		.loc 1 87 1 view -0
  54              		.cfi_startproc
  55              		@ Volatile: function does not return.
  56              		@ args = 0, pretend = 0, frame = 0
  57              		@ frame_needed = 0, uses_anonymous_args = 0
  58              		@ link register save eliminated.
  59              	.L4:
  88:Core/Src/stm32f7xx_it.c ****   /* USER CODE BEGIN HardFault_IRQn 0 */
  89:Core/Src/stm32f7xx_it.c **** 
  90:Core/Src/stm32f7xx_it.c ****   /* USER CODE END HardFault_IRQn 0 */
  91:Core/Src/stm32f7xx_it.c ****   while (1)
  60              		.loc 1 91 3 discriminator 1 view .LVU5
  92:Core/Src/stm32f7xx_it.c ****   {
  93:Core/Src/stm32f7xx_it.c ****     /* USER CODE BEGIN W1_HardFault_IRQn 0 */
  94:Core/Src/stm32f7xx_it.c ****     /* USER CODE END W1_HardFault_IRQn 0 */
  95:Core/Src/stm32f7xx_it.c ****   }
  61              		.loc 1 95 3 discriminator 1 view .LVU6
  91:Core/Src/stm32f7xx_it.c ****   {
  62              		.loc 1 91 9 discriminator 1 view .LVU7
  63 0000 FEE7     		b	.L4
  64              		.cfi_endproc
  65              	.LFE142:
  67              		.section	.text.MemManage_Handler,"ax",%progbits
  68              		.align	1
  69              		.global	MemManage_Handler
  70              		.syntax unified
  71              		.thumb
  72              		.thumb_func
  73              		.fpu fpv5-sp-d16
  75              	MemManage_Handler:
  76              	.LFB143:
  96:Core/Src/stm32f7xx_it.c **** }
  97:Core/Src/stm32f7xx_it.c **** 
  98:Core/Src/stm32f7xx_it.c **** /**
ARM GAS  C:\Users\GUILLE~1\AppData\Local\Temp\ccsdSOUX.s 			page 4


  99:Core/Src/stm32f7xx_it.c ****   * @brief This function handles Memory management fault.
 100:Core/Src/stm32f7xx_it.c ****   */
 101:Core/Src/stm32f7xx_it.c **** void MemManage_Handler(void)
 102:Core/Src/stm32f7xx_it.c **** {
  77              		.loc 1 102 1 view -0
  78              		.cfi_startproc
  79              		@ Volatile: function does not return.
  80              		@ args = 0, pretend = 0, frame = 0
  81              		@ frame_needed = 0, uses_anonymous_args = 0
  82              		@ link register save eliminated.
  83              	.L6:
 103:Core/Src/stm32f7xx_it.c ****   /* USER CODE BEGIN MemoryManagement_IRQn 0 */
 104:Core/Src/stm32f7xx_it.c **** 
 105:Core/Src/stm32f7xx_it.c ****   /* USER CODE END MemoryManagement_IRQn 0 */
 106:Core/Src/stm32f7xx_it.c ****   while (1)
  84              		.loc 1 106 3 discriminator 1 view .LVU9
 107:Core/Src/stm32f7xx_it.c ****   {
 108:Core/Src/stm32f7xx_it.c ****     /* USER CODE BEGIN W1_MemoryManagement_IRQn 0 */
 109:Core/Src/stm32f7xx_it.c ****     /* USER CODE END W1_MemoryManagement_IRQn 0 */
 110:Core/Src/stm32f7xx_it.c ****   }
  85              		.loc 1 110 3 discriminator 1 view .LVU10
 106:Core/Src/stm32f7xx_it.c ****   {
  86              		.loc 1 106 9 discriminator 1 view .LVU11
  87 0000 FEE7     		b	.L6
  88              		.cfi_endproc
  89              	.LFE143:
  91              		.section	.text.BusFault_Handler,"ax",%progbits
  92              		.align	1
  93              		.global	BusFault_Handler
  94              		.syntax unified
  95              		.thumb
  96              		.thumb_func
  97              		.fpu fpv5-sp-d16
  99              	BusFault_Handler:
 100              	.LFB144:
 111:Core/Src/stm32f7xx_it.c **** }
 112:Core/Src/stm32f7xx_it.c **** 
 113:Core/Src/stm32f7xx_it.c **** /**
 114:Core/Src/stm32f7xx_it.c ****   * @brief This function handles Pre-fetch fault, memory access fault.
 115:Core/Src/stm32f7xx_it.c ****   */
 116:Core/Src/stm32f7xx_it.c **** void BusFault_Handler(void)
 117:Core/Src/stm32f7xx_it.c **** {
 101              		.loc 1 117 1 view -0
 102              		.cfi_startproc
 103              		@ Volatile: function does not return.
 104              		@ args = 0, pretend = 0, frame = 0
 105              		@ frame_needed = 0, uses_anonymous_args = 0
 106              		@ link register save eliminated.
 107              	.L8:
 118:Core/Src/stm32f7xx_it.c ****   /* USER CODE BEGIN BusFault_IRQn 0 */
 119:Core/Src/stm32f7xx_it.c **** 
 120:Core/Src/stm32f7xx_it.c ****   /* USER CODE END BusFault_IRQn 0 */
 121:Core/Src/stm32f7xx_it.c ****   while (1)
 108              		.loc 1 121 3 discriminator 1 view .LVU13
 122:Core/Src/stm32f7xx_it.c ****   {
 123:Core/Src/stm32f7xx_it.c ****     /* USER CODE BEGIN W1_BusFault_IRQn 0 */
 124:Core/Src/stm32f7xx_it.c ****     /* USER CODE END W1_BusFault_IRQn 0 */
ARM GAS  C:\Users\GUILLE~1\AppData\Local\Temp\ccsdSOUX.s 			page 5


 125:Core/Src/stm32f7xx_it.c ****   }
 109              		.loc 1 125 3 discriminator 1 view .LVU14
 121:Core/Src/stm32f7xx_it.c ****   {
 110              		.loc 1 121 9 discriminator 1 view .LVU15
 111 0000 FEE7     		b	.L8
 112              		.cfi_endproc
 113              	.LFE144:
 115              		.section	.text.UsageFault_Handler,"ax",%progbits
 116              		.align	1
 117              		.global	UsageFault_Handler
 118              		.syntax unified
 119              		.thumb
 120              		.thumb_func
 121              		.fpu fpv5-sp-d16
 123              	UsageFault_Handler:
 124              	.LFB145:
 126:Core/Src/stm32f7xx_it.c **** }
 127:Core/Src/stm32f7xx_it.c **** 
 128:Core/Src/stm32f7xx_it.c **** /**
 129:Core/Src/stm32f7xx_it.c ****   * @brief This function handles Undefined instruction or illegal state.
 130:Core/Src/stm32f7xx_it.c ****   */
 131:Core/Src/stm32f7xx_it.c **** void UsageFault_Handler(void)
 132:Core/Src/stm32f7xx_it.c **** {
 125              		.loc 1 132 1 view -0
 126              		.cfi_startproc
 127              		@ Volatile: function does not return.
 128              		@ args = 0, pretend = 0, frame = 0
 129              		@ frame_needed = 0, uses_anonymous_args = 0
 130              		@ link register save eliminated.
 131              	.L10:
 133:Core/Src/stm32f7xx_it.c ****   /* USER CODE BEGIN UsageFault_IRQn 0 */
 134:Core/Src/stm32f7xx_it.c **** 
 135:Core/Src/stm32f7xx_it.c ****   /* USER CODE END UsageFault_IRQn 0 */
 136:Core/Src/stm32f7xx_it.c ****   while (1)
 132              		.loc 1 136 3 discriminator 1 view .LVU17
 137:Core/Src/stm32f7xx_it.c ****   {
 138:Core/Src/stm32f7xx_it.c ****     /* USER CODE BEGIN W1_UsageFault_IRQn 0 */
 139:Core/Src/stm32f7xx_it.c ****     /* USER CODE END W1_UsageFault_IRQn 0 */
 140:Core/Src/stm32f7xx_it.c ****   }
 133              		.loc 1 140 3 discriminator 1 view .LVU18
 136:Core/Src/stm32f7xx_it.c ****   {
 134              		.loc 1 136 9 discriminator 1 view .LVU19
 135 0000 FEE7     		b	.L10
 136              		.cfi_endproc
 137              	.LFE145:
 139              		.section	.text.SVC_Handler,"ax",%progbits
 140              		.align	1
 141              		.global	SVC_Handler
 142              		.syntax unified
 143              		.thumb
 144              		.thumb_func
 145              		.fpu fpv5-sp-d16
 147              	SVC_Handler:
 148              	.LFB146:
 141:Core/Src/stm32f7xx_it.c **** }
 142:Core/Src/stm32f7xx_it.c **** 
 143:Core/Src/stm32f7xx_it.c **** /**
ARM GAS  C:\Users\GUILLE~1\AppData\Local\Temp\ccsdSOUX.s 			page 6


 144:Core/Src/stm32f7xx_it.c ****   * @brief This function handles System service call via SWI instruction.
 145:Core/Src/stm32f7xx_it.c ****   */
 146:Core/Src/stm32f7xx_it.c **** void SVC_Handler(void)
 147:Core/Src/stm32f7xx_it.c **** {
 149              		.loc 1 147 1 view -0
 150              		.cfi_startproc
 151              		@ args = 0, pretend = 0, frame = 0
 152              		@ frame_needed = 0, uses_anonymous_args = 0
 153              		@ link register save eliminated.
 148:Core/Src/stm32f7xx_it.c ****   /* USER CODE BEGIN SVCall_IRQn 0 */
 149:Core/Src/stm32f7xx_it.c **** 
 150:Core/Src/stm32f7xx_it.c ****   /* USER CODE END SVCall_IRQn 0 */
 151:Core/Src/stm32f7xx_it.c ****   /* USER CODE BEGIN SVCall_IRQn 1 */
 152:Core/Src/stm32f7xx_it.c **** 
 153:Core/Src/stm32f7xx_it.c ****   /* USER CODE END SVCall_IRQn 1 */
 154:Core/Src/stm32f7xx_it.c **** }
 154              		.loc 1 154 1 view .LVU21
 155 0000 7047     		bx	lr
 156              		.cfi_endproc
 157              	.LFE146:
 159              		.section	.text.DebugMon_Handler,"ax",%progbits
 160              		.align	1
 161              		.global	DebugMon_Handler
 162              		.syntax unified
 163              		.thumb
 164              		.thumb_func
 165              		.fpu fpv5-sp-d16
 167              	DebugMon_Handler:
 168              	.LFB147:
 155:Core/Src/stm32f7xx_it.c **** 
 156:Core/Src/stm32f7xx_it.c **** /**
 157:Core/Src/stm32f7xx_it.c ****   * @brief This function handles Debug monitor.
 158:Core/Src/stm32f7xx_it.c ****   */
 159:Core/Src/stm32f7xx_it.c **** void DebugMon_Handler(void)
 160:Core/Src/stm32f7xx_it.c **** {
 169              		.loc 1 160 1 view -0
 170              		.cfi_startproc
 171              		@ args = 0, pretend = 0, frame = 0
 172              		@ frame_needed = 0, uses_anonymous_args = 0
 173              		@ link register save eliminated.
 161:Core/Src/stm32f7xx_it.c ****   /* USER CODE BEGIN DebugMonitor_IRQn 0 */
 162:Core/Src/stm32f7xx_it.c **** 
 163:Core/Src/stm32f7xx_it.c ****   /* USER CODE END DebugMonitor_IRQn 0 */
 164:Core/Src/stm32f7xx_it.c ****   /* USER CODE BEGIN DebugMonitor_IRQn 1 */
 165:Core/Src/stm32f7xx_it.c **** 
 166:Core/Src/stm32f7xx_it.c ****   /* USER CODE END DebugMonitor_IRQn 1 */
 167:Core/Src/stm32f7xx_it.c **** }
 174              		.loc 1 167 1 view .LVU23
 175 0000 7047     		bx	lr
 176              		.cfi_endproc
 177              	.LFE147:
 179              		.section	.text.PendSV_Handler,"ax",%progbits
 180              		.align	1
 181              		.global	PendSV_Handler
 182              		.syntax unified
 183              		.thumb
 184              		.thumb_func
ARM GAS  C:\Users\GUILLE~1\AppData\Local\Temp\ccsdSOUX.s 			page 7


 185              		.fpu fpv5-sp-d16
 187              	PendSV_Handler:
 188              	.LFB148:
 168:Core/Src/stm32f7xx_it.c **** 
 169:Core/Src/stm32f7xx_it.c **** /**
 170:Core/Src/stm32f7xx_it.c ****   * @brief This function handles Pendable request for system service.
 171:Core/Src/stm32f7xx_it.c ****   */
 172:Core/Src/stm32f7xx_it.c **** void PendSV_Handler(void)
 173:Core/Src/stm32f7xx_it.c **** {
 189              		.loc 1 173 1 view -0
 190              		.cfi_startproc
 191              		@ args = 0, pretend = 0, frame = 0
 192              		@ frame_needed = 0, uses_anonymous_args = 0
 193              		@ link register save eliminated.
 174:Core/Src/stm32f7xx_it.c ****   /* USER CODE BEGIN PendSV_IRQn 0 */
 175:Core/Src/stm32f7xx_it.c **** 
 176:Core/Src/stm32f7xx_it.c ****   /* USER CODE END PendSV_IRQn 0 */
 177:Core/Src/stm32f7xx_it.c ****   /* USER CODE BEGIN PendSV_IRQn 1 */
 178:Core/Src/stm32f7xx_it.c **** 
 179:Core/Src/stm32f7xx_it.c ****   /* USER CODE END PendSV_IRQn 1 */
 180:Core/Src/stm32f7xx_it.c **** }
 194              		.loc 1 180 1 view .LVU25
 195 0000 7047     		bx	lr
 196              		.cfi_endproc
 197              	.LFE148:
 199              		.section	.text.SysTick_Handler,"ax",%progbits
 200              		.align	1
 201              		.global	SysTick_Handler
 202              		.syntax unified
 203              		.thumb
 204              		.thumb_func
 205              		.fpu fpv5-sp-d16
 207              	SysTick_Handler:
 208              	.LFB149:
 181:Core/Src/stm32f7xx_it.c **** 
 182:Core/Src/stm32f7xx_it.c **** /**
 183:Core/Src/stm32f7xx_it.c ****   * @brief This function handles System tick timer.
 184:Core/Src/stm32f7xx_it.c ****   */
 185:Core/Src/stm32f7xx_it.c **** void SysTick_Handler(void)
 186:Core/Src/stm32f7xx_it.c **** {
 209              		.loc 1 186 1 view -0
 210              		.cfi_startproc
 211              		@ args = 0, pretend = 0, frame = 0
 212              		@ frame_needed = 0, uses_anonymous_args = 0
 213 0000 08B5     		push	{r3, lr}
 214              	.LCFI0:
 215              		.cfi_def_cfa_offset 8
 216              		.cfi_offset 3, -8
 217              		.cfi_offset 14, -4
 187:Core/Src/stm32f7xx_it.c ****   /* USER CODE BEGIN SysTick_IRQn 0 */
 188:Core/Src/stm32f7xx_it.c **** 
 189:Core/Src/stm32f7xx_it.c ****   /* USER CODE END SysTick_IRQn 0 */
 190:Core/Src/stm32f7xx_it.c ****   HAL_IncTick();
 218              		.loc 1 190 3 view .LVU27
 219 0002 FFF7FEFF 		bl	HAL_IncTick
 220              	.LVL0:
 191:Core/Src/stm32f7xx_it.c ****   /* USER CODE BEGIN SysTick_IRQn 1 */
ARM GAS  C:\Users\GUILLE~1\AppData\Local\Temp\ccsdSOUX.s 			page 8


 192:Core/Src/stm32f7xx_it.c **** 
 193:Core/Src/stm32f7xx_it.c ****   /* USER CODE END SysTick_IRQn 1 */
 194:Core/Src/stm32f7xx_it.c **** }
 221              		.loc 1 194 1 is_stmt 0 view .LVU28
 222 0006 08BD     		pop	{r3, pc}
 223              		.cfi_endproc
 224              	.LFE149:
 226              		.section	.rodata.I2C4_EV_IRQHandler.str1.4,"aMS",%progbits,1
 227              		.align	2
 228              	.LC0:
 229 0000 52580A00 		.ascii	"RX\012\000"
 230              		.align	2
 231              	.LC1:
 232 0004 54580A00 		.ascii	"TX\012\000"
 233              		.align	2
 234              	.LC2:
 235 0008 686F6C61 		.ascii	"hola\012\000"
 235      0A00
 236              		.section	.text.I2C4_EV_IRQHandler,"ax",%progbits
 237              		.align	1
 238              		.global	I2C4_EV_IRQHandler
 239              		.syntax unified
 240              		.thumb
 241              		.thumb_func
 242              		.fpu fpv5-sp-d16
 244              	I2C4_EV_IRQHandler:
 245              	.LFB150:
 195:Core/Src/stm32f7xx_it.c **** 
 196:Core/Src/stm32f7xx_it.c **** /******************************************************************************/
 197:Core/Src/stm32f7xx_it.c **** /* STM32F7xx Peripheral Interrupt Handlers                                    */
 198:Core/Src/stm32f7xx_it.c **** /* Add here the Interrupt Handlers for the used peripherals.                  */
 199:Core/Src/stm32f7xx_it.c **** /* For the available peripheral interrupt handler names,                      */
 200:Core/Src/stm32f7xx_it.c **** /* please refer to the startup file (startup_stm32f7xx.s).                    */
 201:Core/Src/stm32f7xx_it.c **** /******************************************************************************/
 202:Core/Src/stm32f7xx_it.c **** 
 203:Core/Src/stm32f7xx_it.c **** /**
 204:Core/Src/stm32f7xx_it.c ****   * @brief This function handles I2C4 event interrupt.
 205:Core/Src/stm32f7xx_it.c ****   */
 206:Core/Src/stm32f7xx_it.c ****  char buffer[50];
 207:Core/Src/stm32f7xx_it.c **** void I2C4_EV_IRQHandler(void)
 208:Core/Src/stm32f7xx_it.c **** {
 246              		.loc 1 208 1 is_stmt 1 view -0
 247              		.cfi_startproc
 248              		@ args = 0, pretend = 0, frame = 0
 249              		@ frame_needed = 0, uses_anonymous_args = 0
 209:Core/Src/stm32f7xx_it.c ****   /* USER CODE BEGIN I2C4_EV_IRQn 0 */
 210:Core/Src/stm32f7xx_it.c **** 
 211:Core/Src/stm32f7xx_it.c ****   
 212:Core/Src/stm32f7xx_it.c ****   /* USER CODE END I2C4_EV_IRQn 0 */
 213:Core/Src/stm32f7xx_it.c ****   uint32_t itflags   = READ_REG(hi2c4.Instance->ISR);
 250              		.loc 1 213 3 view .LVU30
 251              		.loc 1 213 24 is_stmt 0 view .LVU31
 252 0000 1D4B     		ldr	r3, .L26
 253 0002 1A68     		ldr	r2, [r3]
 254              		.loc 1 213 12 view .LVU32
 255 0004 9169     		ldr	r1, [r2, #24]
 256              	.LVL1:
ARM GAS  C:\Users\GUILLE~1\AppData\Local\Temp\ccsdSOUX.s 			page 9


 214:Core/Src/stm32f7xx_it.c ****   uint32_t itsources = READ_REG(hi2c4.Instance->CR1);
 257              		.loc 1 214 3 is_stmt 1 view .LVU33
 258              		.loc 1 214 12 is_stmt 0 view .LVU34
 259 0006 1268     		ldr	r2, [r2]
 260              	.LVL2:
 215:Core/Src/stm32f7xx_it.c **** __HAL_LOCK(&hi2c4);
 261              		.loc 1 215 1 is_stmt 1 view .LVU35
 262              		.loc 1 215 1 view .LVU36
 263 0008 93F84030 		ldrb	r3, [r3, #64]	@ zero_extendqisi2
 264 000c 012B     		cmp	r3, #1
 265 000e 31D0     		beq	.L21
 208:Core/Src/stm32f7xx_it.c ****   /* USER CODE BEGIN I2C4_EV_IRQn 0 */
 266              		.loc 1 208 1 is_stmt 0 discriminator 2 view .LVU37
 267 0010 10B5     		push	{r4, lr}
 268              	.LCFI1:
 269              		.cfi_def_cfa_offset 8
 270              		.cfi_offset 4, -8
 271              		.cfi_offset 14, -4
 272              		.loc 1 215 1 is_stmt 1 discriminator 2 view .LVU38
 273 0012 194B     		ldr	r3, .L26
 274 0014 0120     		movs	r0, #1
 275 0016 83F84000 		strb	r0, [r3, #64]
 276              		.loc 1 215 1 discriminator 2 view .LVU39
 216:Core/Src/stm32f7xx_it.c ****   if ((I2C_CHECK_FLAG(itflags, I2C_FLAG_RXNE) != RESET) && (I2C_CHECK_IT_SOURCE(itsources, I2C_IT_R
 277              		.loc 1 216 3 discriminator 2 view .LVU40
 278              		.loc 1 216 6 is_stmt 0 discriminator 2 view .LVU41
 279 001a 11F0040F 		tst	r1, #4
 280 001e 02D0     		beq	.L18
 281              		.loc 1 216 57 discriminator 1 view .LVU42
 282 0020 12F0040F 		tst	r2, #4
 283 0024 16D1     		bne	.L24
 284              	.L18:
 217:Core/Src/stm32f7xx_it.c ****   {
 218:Core/Src/stm32f7xx_it.c ****     
 219:Core/Src/stm32f7xx_it.c ****     HAL_UART_Transmit(&huart2, (uint8_t*) "RX\n", 4, 1000);
 220:Core/Src/stm32f7xx_it.c ****     
 221:Core/Src/stm32f7xx_it.c ****   }
 222:Core/Src/stm32f7xx_it.c ****   else if ((I2C_CHECK_FLAG(itflags, I2C_FLAG_TXIS) != RESET) && (I2C_CHECK_IT_SOURCE(itsources, I2C
 285              		.loc 1 222 8 is_stmt 1 view .LVU43
 286              		.loc 1 222 11 is_stmt 0 view .LVU44
 287 0026 11F0020F 		tst	r1, #2
 288 002a 02D0     		beq	.L19
 289              		.loc 1 222 62 discriminator 1 view .LVU45
 290 002c 12F0020F 		tst	r2, #2
 291 0030 18D1     		bne	.L25
 292              	.LVL3:
 293              	.L19:
 223:Core/Src/stm32f7xx_it.c ****   {
 224:Core/Src/stm32f7xx_it.c ****     HAL_UART_Transmit(&huart2, (uint8_t*) "TX\n", 4, 1000);
 225:Core/Src/stm32f7xx_it.c ****   }
 226:Core/Src/stm32f7xx_it.c ****   /* USER CODE BEGIN I2C4_EV_IRQn 1 */
 227:Core/Src/stm32f7xx_it.c ****   HAL_UART_Transmit(&huart2, hi2c4.pBuffPtr, 5, 1000);
 294              		.loc 1 227 3 is_stmt 1 view .LVU46
 295 0032 124C     		ldr	r4, .L26+4
 296 0034 4FF47A73 		mov	r3, #1000
 297 0038 0522     		movs	r2, #5
 298 003a 0F49     		ldr	r1, .L26
ARM GAS  C:\Users\GUILLE~1\AppData\Local\Temp\ccsdSOUX.s 			page 10


 299 003c 496A     		ldr	r1, [r1, #36]
 300 003e 2046     		mov	r0, r4
 301 0040 FFF7FEFF 		bl	HAL_UART_Transmit
 302              	.LVL4:
 228:Core/Src/stm32f7xx_it.c ****   
 229:Core/Src/stm32f7xx_it.c ****   HAL_UART_Transmit(&huart2, (uint8_t*) "hola\n", 6, 1000);
 303              		.loc 1 229 3 view .LVU47
 304 0044 4FF47A73 		mov	r3, #1000
 305 0048 0622     		movs	r2, #6
 306 004a 0D49     		ldr	r1, .L26+8
 307 004c 2046     		mov	r0, r4
 308 004e FFF7FEFF 		bl	HAL_UART_Transmit
 309              	.LVL5:
 230:Core/Src/stm32f7xx_it.c ****   /* USER CODE END I2C4_EV_IRQn 1 */
 231:Core/Src/stm32f7xx_it.c **** }
 310              		.loc 1 231 1 is_stmt 0 view .LVU48
 311 0052 10BD     		pop	{r4, pc}
 312              	.LVL6:
 313              	.L24:
 219:Core/Src/stm32f7xx_it.c ****     
 314              		.loc 1 219 5 is_stmt 1 view .LVU49
 315 0054 4FF47A73 		mov	r3, #1000
 316 0058 0422     		movs	r2, #4
 317              	.LVL7:
 219:Core/Src/stm32f7xx_it.c ****     
 318              		.loc 1 219 5 is_stmt 0 view .LVU50
 319 005a 0A49     		ldr	r1, .L26+12
 320              	.LVL8:
 219:Core/Src/stm32f7xx_it.c ****     
 321              		.loc 1 219 5 view .LVU51
 322 005c 0748     		ldr	r0, .L26+4
 323 005e FFF7FEFF 		bl	HAL_UART_Transmit
 324              	.LVL9:
 325 0062 E6E7     		b	.L19
 326              	.LVL10:
 327              	.L25:
 224:Core/Src/stm32f7xx_it.c ****   }
 328              		.loc 1 224 5 is_stmt 1 view .LVU52
 329 0064 4FF47A73 		mov	r3, #1000
 330 0068 0422     		movs	r2, #4
 331              	.LVL11:
 224:Core/Src/stm32f7xx_it.c ****   }
 332              		.loc 1 224 5 is_stmt 0 view .LVU53
 333 006a 0749     		ldr	r1, .L26+16
 334              	.LVL12:
 224:Core/Src/stm32f7xx_it.c ****   }
 335              		.loc 1 224 5 view .LVU54
 336 006c 0348     		ldr	r0, .L26+4
 337 006e FFF7FEFF 		bl	HAL_UART_Transmit
 338              	.LVL13:
 339 0072 DEE7     		b	.L19
 340              	.LVL14:
 341              	.L21:
 342              	.LCFI2:
 343              		.cfi_def_cfa_offset 0
 344              		.cfi_restore 4
 345              		.cfi_restore 14
ARM GAS  C:\Users\GUILLE~1\AppData\Local\Temp\ccsdSOUX.s 			page 11


 224:Core/Src/stm32f7xx_it.c ****   }
 346              		.loc 1 224 5 view .LVU55
 347 0074 7047     		bx	lr
 348              	.L27:
 349 0076 00BF     		.align	2
 350              	.L26:
 351 0078 00000000 		.word	hi2c4
 352 007c 00000000 		.word	huart2
 353 0080 08000000 		.word	.LC2
 354 0084 00000000 		.word	.LC0
 355 0088 04000000 		.word	.LC1
 356              		.cfi_endproc
 357              	.LFE150:
 359              		.global	buffer
 360              		.section	.bss.buffer,"aw",%nobits
 361              		.align	2
 364              	buffer:
 365 0000 00000000 		.space	50
 365      00000000 
 365      00000000 
 365      00000000 
 365      00000000 
 366              		.text
 367              	.Letext0:
 368              		.file 2 "c:\\program files (x86)\\gnu arm embedded toolchain\\10 2020-q4-major\\arm-none-eabi\\inc
 369              		.file 3 "c:\\program files (x86)\\gnu arm embedded toolchain\\10 2020-q4-major\\arm-none-eabi\\inc
 370              		.file 4 "Drivers/CMSIS/Device/ST/STM32F7xx/Include/stm32f746xx.h"
 371              		.file 5 "Drivers/CMSIS/Device/ST/STM32F7xx/Include/stm32f7xx.h"
 372              		.file 6 "Drivers/STM32F7xx_HAL_Driver/Inc/stm32f7xx_hal_def.h"
 373              		.file 7 "Drivers/STM32F7xx_HAL_Driver/Inc/stm32f7xx_hal_dma.h"
 374              		.file 8 "Drivers/STM32F7xx_HAL_Driver/Inc/stm32f7xx_hal_i2c.h"
 375              		.file 9 "Drivers/STM32F7xx_HAL_Driver/Inc/stm32f7xx_hal_uart.h"
 376              		.file 10 "Core/Inc/usart.h"
 377              		.file 11 "Drivers/STM32F7xx_HAL_Driver/Inc/stm32f7xx_hal.h"
ARM GAS  C:\Users\GUILLE~1\AppData\Local\Temp\ccsdSOUX.s 			page 12


DEFINED SYMBOLS
                            *ABS*:00000000 stm32f7xx_it.c
C:\Users\GUILLE~1\AppData\Local\Temp\ccsdSOUX.s:18     .text.NMI_Handler:00000000 $t
C:\Users\GUILLE~1\AppData\Local\Temp\ccsdSOUX.s:26     .text.NMI_Handler:00000000 NMI_Handler
C:\Users\GUILLE~1\AppData\Local\Temp\ccsdSOUX.s:44     .text.HardFault_Handler:00000000 $t
C:\Users\GUILLE~1\AppData\Local\Temp\ccsdSOUX.s:51     .text.HardFault_Handler:00000000 HardFault_Handler
C:\Users\GUILLE~1\AppData\Local\Temp\ccsdSOUX.s:68     .text.MemManage_Handler:00000000 $t
C:\Users\GUILLE~1\AppData\Local\Temp\ccsdSOUX.s:75     .text.MemManage_Handler:00000000 MemManage_Handler
C:\Users\GUILLE~1\AppData\Local\Temp\ccsdSOUX.s:92     .text.BusFault_Handler:00000000 $t
C:\Users\GUILLE~1\AppData\Local\Temp\ccsdSOUX.s:99     .text.BusFault_Handler:00000000 BusFault_Handler
C:\Users\GUILLE~1\AppData\Local\Temp\ccsdSOUX.s:116    .text.UsageFault_Handler:00000000 $t
C:\Users\GUILLE~1\AppData\Local\Temp\ccsdSOUX.s:123    .text.UsageFault_Handler:00000000 UsageFault_Handler
C:\Users\GUILLE~1\AppData\Local\Temp\ccsdSOUX.s:140    .text.SVC_Handler:00000000 $t
C:\Users\GUILLE~1\AppData\Local\Temp\ccsdSOUX.s:147    .text.SVC_Handler:00000000 SVC_Handler
C:\Users\GUILLE~1\AppData\Local\Temp\ccsdSOUX.s:160    .text.DebugMon_Handler:00000000 $t
C:\Users\GUILLE~1\AppData\Local\Temp\ccsdSOUX.s:167    .text.DebugMon_Handler:00000000 DebugMon_Handler
C:\Users\GUILLE~1\AppData\Local\Temp\ccsdSOUX.s:180    .text.PendSV_Handler:00000000 $t
C:\Users\GUILLE~1\AppData\Local\Temp\ccsdSOUX.s:187    .text.PendSV_Handler:00000000 PendSV_Handler
C:\Users\GUILLE~1\AppData\Local\Temp\ccsdSOUX.s:200    .text.SysTick_Handler:00000000 $t
C:\Users\GUILLE~1\AppData\Local\Temp\ccsdSOUX.s:207    .text.SysTick_Handler:00000000 SysTick_Handler
C:\Users\GUILLE~1\AppData\Local\Temp\ccsdSOUX.s:227    .rodata.I2C4_EV_IRQHandler.str1.4:00000000 $d
C:\Users\GUILLE~1\AppData\Local\Temp\ccsdSOUX.s:237    .text.I2C4_EV_IRQHandler:00000000 $t
C:\Users\GUILLE~1\AppData\Local\Temp\ccsdSOUX.s:244    .text.I2C4_EV_IRQHandler:00000000 I2C4_EV_IRQHandler
C:\Users\GUILLE~1\AppData\Local\Temp\ccsdSOUX.s:351    .text.I2C4_EV_IRQHandler:00000078 $d
C:\Users\GUILLE~1\AppData\Local\Temp\ccsdSOUX.s:364    .bss.buffer:00000000 buffer
C:\Users\GUILLE~1\AppData\Local\Temp\ccsdSOUX.s:361    .bss.buffer:00000000 $d

UNDEFINED SYMBOLS
HAL_IncTick
HAL_UART_Transmit
hi2c4
huart2
