ARM GAS  C:\Users\GUILLE~1\AppData\Local\Temp\ccsJp7br.s 			page 1


   1              		.cpu cortex-m7
   2              		.eabi_attribute 27, 1
   3              		.eabi_attribute 28, 1
   4              		.eabi_attribute 20, 1
   5              		.eabi_attribute 21, 1
   6              		.eabi_attribute 23, 3
   7              		.eabi_attribute 24, 1
   8              		.eabi_attribute 25, 1
   9              		.eabi_attribute 26, 1
  10              		.eabi_attribute 30, 1
  11              		.eabi_attribute 34, 1
  12              		.eabi_attribute 18, 4
  13              		.file	"task.c"
  14              		.text
  15              	.Ltext0:
  16              		.cfi_sections	.debug_frame
  17              		.section	.text.executeTask,"ax",%progbits
  18              		.align	1
  19              		.global	executeTask
  20              		.arch armv7e-m
  21              		.syntax unified
  22              		.thumb
  23              		.thumb_func
  24              		.fpu fpv5-sp-d16
  26              	executeTask:
  27              	.LVL0:
  28              	.LFB141:
  29              		.file 1 "Core/drogui/src/task.c"
   1:Core/drogui/src/task.c **** #include "task.h"
   2:Core/drogui/src/task.c **** #include <stdbool.h>
   3:Core/drogui/src/task.c **** int tasks_count = 0;
   4:Core/drogui/src/task.c **** 
   5:Core/drogui/src/task.c **** typedef struct _task{
   6:Core/drogui/src/task.c ****     uint32_t period, last_time;
   7:Core/drogui/src/task.c ****     int priority, ignored;
   8:Core/drogui/src/task.c ****     void (*function) ();
   9:Core/drogui/src/task.c **** } task;
  10:Core/drogui/src/task.c **** 
  11:Core/drogui/src/task.c **** 
  12:Core/drogui/src/task.c **** task Tasks[100]; 
  13:Core/drogui/src/task.c **** 
  14:Core/drogui/src/task.c **** 
  15:Core/drogui/src/task.c **** void executeTask(task* t){
  30              		.loc 1 15 26 view -0
  31              		.cfi_startproc
  32              		@ args = 0, pretend = 0, frame = 0
  33              		@ frame_needed = 0, uses_anonymous_args = 0
  34              		.loc 1 15 26 is_stmt 0 view .LVU1
  35 0000 08B5     		push	{r3, lr}
  36              	.LCFI0:
  37              		.cfi_def_cfa_offset 8
  38              		.cfi_offset 3, -8
  39              		.cfi_offset 14, -4
  16:Core/drogui/src/task.c ****     t->last_time = TIME;
  40              		.loc 1 16 5 is_stmt 1 view .LVU2
  41              		.loc 1 16 20 is_stmt 0 view .LVU3
  42 0002 034B     		ldr	r3, .L3
ARM GAS  C:\Users\GUILLE~1\AppData\Local\Temp\ccsJp7br.s 			page 2


  43 0004 1B68     		ldr	r3, [r3]
  44 0006 5B6A     		ldr	r3, [r3, #36]
  45              		.loc 1 16 18 view .LVU4
  46 0008 4360     		str	r3, [r0, #4]
  17:Core/drogui/src/task.c ****     t->function();
  47              		.loc 1 17 5 is_stmt 1 view .LVU5
  48              		.loc 1 17 6 is_stmt 0 view .LVU6
  49 000a 0369     		ldr	r3, [r0, #16]
  50              		.loc 1 17 5 view .LVU7
  51 000c 9847     		blx	r3
  52              	.LVL1:
  18:Core/drogui/src/task.c **** }
  53              		.loc 1 18 1 view .LVU8
  54 000e 08BD     		pop	{r3, pc}
  55              	.L4:
  56              		.align	2
  57              	.L3:
  58 0010 00000000 		.word	htim5
  59              		.cfi_endproc
  60              	.LFE141:
  62              		.section	.text.isTaskReady,"ax",%progbits
  63              		.align	1
  64              		.global	isTaskReady
  65              		.syntax unified
  66              		.thumb
  67              		.thumb_func
  68              		.fpu fpv5-sp-d16
  70              	isTaskReady:
  71              	.LVL2:
  72              	.LFB142:
  19:Core/drogui/src/task.c **** 
  20:Core/drogui/src/task.c **** bool isTaskReady(task* t){
  73              		.loc 1 20 26 is_stmt 1 view -0
  74              		.cfi_startproc
  75              		@ args = 0, pretend = 0, frame = 0
  76              		@ frame_needed = 0, uses_anonymous_args = 0
  77              		@ link register save eliminated.
  21:Core/drogui/src/task.c ****     return (TIME - (t->last_time)) > (t->period);
  78              		.loc 1 21 5 view .LVU10
  79              		.loc 1 21 13 is_stmt 0 view .LVU11
  80 0000 054B     		ldr	r3, .L6
  81 0002 1B68     		ldr	r3, [r3]
  82 0004 5B6A     		ldr	r3, [r3, #36]
  83              		.loc 1 21 22 view .LVU12
  84 0006 4268     		ldr	r2, [r0, #4]
  85              		.loc 1 21 18 view .LVU13
  86 0008 9B1A     		subs	r3, r3, r2
  87              		.loc 1 21 40 view .LVU14
  88 000a 0068     		ldr	r0, [r0]
  89              	.LVL3:
  22:Core/drogui/src/task.c **** }
  90              		.loc 1 22 1 view .LVU15
  91 000c 8342     		cmp	r3, r0
  92 000e 94BF     		ite	ls
  93 0010 0020     		movls	r0, #0
  94 0012 0120     		movhi	r0, #1
  95 0014 7047     		bx	lr
ARM GAS  C:\Users\GUILLE~1\AppData\Local\Temp\ccsJp7br.s 			page 3


  96              	.L7:
  97 0016 00BF     		.align	2
  98              	.L6:
  99 0018 00000000 		.word	htim5
 100              		.cfi_endproc
 101              	.LFE142:
 103              		.section	.text.addTask,"ax",%progbits
 104              		.align	1
 105              		.global	addTask
 106              		.syntax unified
 107              		.thumb
 108              		.thumb_func
 109              		.fpu fpv5-sp-d16
 111              	addTask:
 112              	.LVL4:
 113              	.LFB143:
  23:Core/drogui/src/task.c **** 
  24:Core/drogui/src/task.c **** void addTask(void (*f) (), uint32_t period, int priority){
 114              		.loc 1 24 58 is_stmt 1 view -0
 115              		.cfi_startproc
 116              		@ args = 0, pretend = 0, frame = 0
 117              		@ frame_needed = 0, uses_anonymous_args = 0
 118              		.loc 1 24 58 is_stmt 0 view .LVU17
 119 0000 30B5     		push	{r4, r5, lr}
 120              	.LCFI1:
 121              		.cfi_def_cfa_offset 12
 122              		.cfi_offset 4, -12
 123              		.cfi_offset 5, -8
 124              		.cfi_offset 14, -4
  25:Core/drogui/src/task.c ****     Tasks[tasks_count].period = period;
 125              		.loc 1 25 5 is_stmt 1 view .LVU18
 126              		.loc 1 25 23 is_stmt 0 view .LVU19
 127 0002 094D     		ldr	r5, .L10
 128 0004 2B68     		ldr	r3, [r5]
 129              		.loc 1 25 31 view .LVU20
 130 0006 094C     		ldr	r4, .L10+4
 131 0008 03EB830E 		add	lr, r3, r3, lsl #2
 132 000c 04EB8E0C 		add	ip, r4, lr, lsl #2
 133 0010 44F82E10 		str	r1, [r4, lr, lsl #2]
  26:Core/drogui/src/task.c ****     Tasks[tasks_count].priority = priority;
 134              		.loc 1 26 5 is_stmt 1 view .LVU21
 135              		.loc 1 26 33 is_stmt 0 view .LVU22
 136 0014 CCF80820 		str	r2, [ip, #8]
  27:Core/drogui/src/task.c ****     Tasks[tasks_count].ignored = 0;
 137              		.loc 1 27 5 is_stmt 1 view .LVU23
 138              		.loc 1 27 32 is_stmt 0 view .LVU24
 139 0018 0022     		movs	r2, #0
 140              	.LVL5:
 141              		.loc 1 27 32 view .LVU25
 142 001a CCF80C20 		str	r2, [ip, #12]
  28:Core/drogui/src/task.c ****     Tasks[tasks_count++].function = f;
 143              		.loc 1 28 5 is_stmt 1 view .LVU26
 144              		.loc 1 28 22 is_stmt 0 view .LVU27
 145 001e 5A1C     		adds	r2, r3, #1
 146 0020 2A60     		str	r2, [r5]
 147              		.loc 1 28 35 view .LVU28
 148 0022 CCF81000 		str	r0, [ip, #16]
ARM GAS  C:\Users\GUILLE~1\AppData\Local\Temp\ccsJp7br.s 			page 4


  29:Core/drogui/src/task.c **** }
 149              		.loc 1 29 1 view .LVU29
 150 0026 30BD     		pop	{r4, r5, pc}
 151              	.L11:
 152              		.align	2
 153              	.L10:
 154 0028 00000000 		.word	.LANCHOR0
 155 002c 00000000 		.word	.LANCHOR1
 156              		.cfi_endproc
 157              	.LFE143:
 159              		.section	.text.initRTOS,"ax",%progbits
 160              		.align	1
 161              		.global	initRTOS
 162              		.syntax unified
 163              		.thumb
 164              		.thumb_func
 165              		.fpu fpv5-sp-d16
 167              	initRTOS:
 168              	.LFB144:
  30:Core/drogui/src/task.c **** void initRTOS(){
 169              		.loc 1 30 16 is_stmt 1 view -0
 170              		.cfi_startproc
 171              		@ args = 0, pretend = 0, frame = 0
 172              		@ frame_needed = 0, uses_anonymous_args = 0
 173 0000 F8B5     		push	{r3, r4, r5, r6, r7, lr}
 174              	.LCFI2:
 175              		.cfi_def_cfa_offset 24
 176              		.cfi_offset 3, -24
 177              		.cfi_offset 4, -20
 178              		.cfi_offset 5, -16
 179              		.cfi_offset 6, -12
 180              		.cfi_offset 7, -8
 181              		.cfi_offset 14, -4
 182 0002 32E0     		b	.L19
 183              	.LVL6:
 184              	.L14:
 185              	.LBB2:
 186              	.LBB3:
  31:Core/drogui/src/task.c ****     while(1){
  32:Core/drogui/src/task.c ****         
  33:Core/drogui/src/task.c ****         int max_score = 0, id = -1;
  34:Core/drogui/src/task.c ****         
  35:Core/drogui/src/task.c ****         for(int i = 0; i < tasks_count; i++){
 187              		.loc 1 35 41 discriminator 2 view .LVU31
 188              		.loc 1 35 42 is_stmt 0 discriminator 2 view .LVU32
 189 0004 0134     		adds	r4, r4, #1
 190              	.LVL7:
 191              	.L13:
 192              		.loc 1 35 24 is_stmt 1 discriminator 1 view .LVU33
 193              		.loc 1 35 26 is_stmt 0 discriminator 1 view .LVU34
 194 0006 224B     		ldr	r3, .L27
 195 0008 1B68     		ldr	r3, [r3]
 196              		.loc 1 35 9 discriminator 1 view .LVU35
 197 000a A342     		cmp	r3, r4
 198 000c 10DD     		ble	.L23
 199              	.LBB4:
  36:Core/drogui/src/task.c ****             int score = Tasks[i].priority + Tasks[i].ignored;
ARM GAS  C:\Users\GUILLE~1\AppData\Local\Temp\ccsJp7br.s 			page 5


 200              		.loc 1 36 13 is_stmt 1 view .LVU36
 201              		.loc 1 36 33 is_stmt 0 view .LVU37
 202 000e 04EB8400 		add	r0, r4, r4, lsl #2
 203 0012 204B     		ldr	r3, .L27+4
 204 0014 03EB8000 		add	r0, r3, r0, lsl #2
 205 0018 8368     		ldr	r3, [r0, #8]
 206              		.loc 1 36 53 view .LVU38
 207 001a C768     		ldr	r7, [r0, #12]
 208              		.loc 1 36 17 view .LVU39
 209 001c 1F44     		add	r7, r7, r3
 210              	.LVL8:
  37:Core/drogui/src/task.c ****             if(isTaskReady(&Tasks[i]) && max_score < score)
 211              		.loc 1 37 13 is_stmt 1 view .LVU40
 212              		.loc 1 37 16 is_stmt 0 view .LVU41
 213 001e FFF7FEFF 		bl	isTaskReady
 214              	.LVL9:
 215              		.loc 1 37 15 view .LVU42
 216 0022 0028     		cmp	r0, #0
 217 0024 EED0     		beq	.L14
 218              		.loc 1 37 39 discriminator 1 view .LVU43
 219 0026 BE42     		cmp	r6, r7
 220 0028 ECDA     		bge	.L14
  38:Core/drogui/src/task.c ****                 max_score = score, id = i;    
 221              		.loc 1 38 39 view .LVU44
 222 002a 2546     		mov	r5, r4
 223              	.LVL10:
 224              		.loc 1 38 27 view .LVU45
 225 002c 3E46     		mov	r6, r7
 226              	.LVL11:
 227              		.loc 1 38 27 view .LVU46
 228 002e E9E7     		b	.L14
 229              	.LVL12:
 230              	.L23:
 231              		.loc 1 38 27 view .LVU47
 232              	.LBE4:
 233              	.LBE3:
 234              	.LBB5:
  39:Core/drogui/src/task.c ****         }
  40:Core/drogui/src/task.c **** 
  41:Core/drogui/src/task.c ****         for(int i = 0; i < tasks_count; i++){
 235              		.loc 1 41 17 view .LVU48
 236 0030 0024     		movs	r4, #0
 237              	.LVL13:
 238              		.loc 1 41 17 view .LVU49
 239 0032 08E0     		b	.L16
 240              	.LVL14:
 241              	.L25:
  42:Core/drogui/src/task.c ****             if(isTaskReady(&Tasks[i]) && i != id)
  43:Core/drogui/src/task.c ****                 Tasks[i].ignored++;
 242              		.loc 1 43 17 is_stmt 1 view .LVU50
 243              		.loc 1 43 25 is_stmt 0 view .LVU51
 244 0034 04EB8403 		add	r3, r4, r4, lsl #2
 245 0038 164A     		ldr	r2, .L27+4
 246 003a 02EB8303 		add	r3, r2, r3, lsl #2
 247 003e DA68     		ldr	r2, [r3, #12]
 248              		.loc 1 43 33 view .LVU52
 249 0040 0132     		adds	r2, r2, #1
ARM GAS  C:\Users\GUILLE~1\AppData\Local\Temp\ccsJp7br.s 			page 6


 250 0042 DA60     		str	r2, [r3, #12]
 251              	.L17:
  41:Core/drogui/src/task.c ****             if(isTaskReady(&Tasks[i]) && i != id)
 252              		.loc 1 41 41 is_stmt 1 discriminator 2 view .LVU53
  41:Core/drogui/src/task.c ****             if(isTaskReady(&Tasks[i]) && i != id)
 253              		.loc 1 41 42 is_stmt 0 discriminator 2 view .LVU54
 254 0044 0134     		adds	r4, r4, #1
 255              	.LVL15:
 256              	.L16:
  41:Core/drogui/src/task.c ****             if(isTaskReady(&Tasks[i]) && i != id)
 257              		.loc 1 41 24 is_stmt 1 discriminator 1 view .LVU55
  41:Core/drogui/src/task.c ****             if(isTaskReady(&Tasks[i]) && i != id)
 258              		.loc 1 41 26 is_stmt 0 discriminator 1 view .LVU56
 259 0046 124B     		ldr	r3, .L27
 260 0048 1B68     		ldr	r3, [r3]
  41:Core/drogui/src/task.c ****             if(isTaskReady(&Tasks[i]) && i != id)
 261              		.loc 1 41 9 discriminator 1 view .LVU57
 262 004a A342     		cmp	r3, r4
 263 004c 0BDD     		ble	.L24
  42:Core/drogui/src/task.c ****             if(isTaskReady(&Tasks[i]) && i != id)
 264              		.loc 1 42 13 is_stmt 1 view .LVU58
  42:Core/drogui/src/task.c ****             if(isTaskReady(&Tasks[i]) && i != id)
 265              		.loc 1 42 16 is_stmt 0 view .LVU59
 266 004e 04EB8403 		add	r3, r4, r4, lsl #2
 267 0052 1048     		ldr	r0, .L27+4
 268 0054 00EB8300 		add	r0, r0, r3, lsl #2
 269 0058 FFF7FEFF 		bl	isTaskReady
 270              	.LVL16:
  42:Core/drogui/src/task.c ****             if(isTaskReady(&Tasks[i]) && i != id)
 271              		.loc 1 42 15 view .LVU60
 272 005c 0028     		cmp	r0, #0
 273 005e F1D0     		beq	.L17
  42:Core/drogui/src/task.c ****             if(isTaskReady(&Tasks[i]) && i != id)
 274              		.loc 1 42 39 discriminator 1 view .LVU61
 275 0060 A542     		cmp	r5, r4
 276 0062 E7D1     		bne	.L25
 277 0064 EEE7     		b	.L17
 278              	.L24:
  42:Core/drogui/src/task.c ****             if(isTaskReady(&Tasks[i]) && i != id)
 279              		.loc 1 42 39 discriminator 1 view .LVU62
 280              	.LBE5:
  44:Core/drogui/src/task.c ****         }
  45:Core/drogui/src/task.c **** 
  46:Core/drogui/src/task.c ****         if(id >= 0)
 281              		.loc 1 46 9 is_stmt 1 view .LVU63
 282              		.loc 1 46 11 is_stmt 0 view .LVU64
 283 0066 002D     		cmp	r5, #0
 284 0068 04DA     		bge	.L26
 285              	.LVL17:
 286              	.L19:
 287              		.loc 1 46 11 view .LVU65
 288              	.LBE2:
  31:Core/drogui/src/task.c ****         
 289              		.loc 1 31 5 is_stmt 1 view .LVU66
 290              	.LBB8:
  33:Core/drogui/src/task.c ****         
 291              		.loc 1 33 9 view .LVU67
ARM GAS  C:\Users\GUILLE~1\AppData\Local\Temp\ccsJp7br.s 			page 7


  35:Core/drogui/src/task.c ****             int score = Tasks[i].priority + Tasks[i].ignored;
 292              		.loc 1 35 9 view .LVU68
 293              	.LBB6:
  35:Core/drogui/src/task.c ****             int score = Tasks[i].priority + Tasks[i].ignored;
 294              		.loc 1 35 13 view .LVU69
  35:Core/drogui/src/task.c ****             int score = Tasks[i].priority + Tasks[i].ignored;
 295              		.loc 1 35 17 is_stmt 0 view .LVU70
 296 006a 0024     		movs	r4, #0
 297              	.LBE6:
  33:Core/drogui/src/task.c ****         
 298              		.loc 1 33 28 view .LVU71
 299 006c 4FF0FF35 		mov	r5, #-1
  33:Core/drogui/src/task.c ****         
 300              		.loc 1 33 13 view .LVU72
 301 0070 2646     		mov	r6, r4
 302              	.LBB7:
  35:Core/drogui/src/task.c ****             int score = Tasks[i].priority + Tasks[i].ignored;
 303              		.loc 1 35 9 view .LVU73
 304 0072 C8E7     		b	.L13
 305              	.LVL18:
 306              	.L26:
  35:Core/drogui/src/task.c ****             int score = Tasks[i].priority + Tasks[i].ignored;
 307              		.loc 1 35 9 view .LVU74
 308              	.LBE7:
  47:Core/drogui/src/task.c ****             executeTask(&Tasks[id]), Tasks[id].ignored = 0;
 309              		.loc 1 47 13 is_stmt 1 view .LVU75
 310 0074 074C     		ldr	r4, .L27+4
 311              	.LVL19:
 312              		.loc 1 47 13 is_stmt 0 view .LVU76
 313 0076 AE00     		lsls	r6, r5, #2
 314              	.LVL20:
 315              		.loc 1 47 13 view .LVU77
 316 0078 05EB8500 		add	r0, r5, r5, lsl #2
 317 007c 04EB8000 		add	r0, r4, r0, lsl #2
 318 0080 FFF7FEFF 		bl	executeTask
 319              	.LVL21:
 320              		.loc 1 47 56 view .LVU78
 321 0084 3544     		add	r5, r5, r6
 322              	.LVL22:
 323              		.loc 1 47 56 view .LVU79
 324 0086 04EB8504 		add	r4, r4, r5, lsl #2
 325 008a 0023     		movs	r3, #0
 326 008c E360     		str	r3, [r4, #12]
 327 008e ECE7     		b	.L19
 328              	.L28:
 329              		.align	2
 330              	.L27:
 331 0090 00000000 		.word	.LANCHOR0
 332 0094 00000000 		.word	.LANCHOR1
 333              	.LBE8:
 334              		.cfi_endproc
 335              	.LFE144:
 337              		.global	Tasks
 338              		.global	tasks_count
 339              		.section	.bss.Tasks,"aw",%nobits
 340              		.align	2
 341              		.set	.LANCHOR1,. + 0
ARM GAS  C:\Users\GUILLE~1\AppData\Local\Temp\ccsJp7br.s 			page 8


 344              	Tasks:
 345 0000 00000000 		.space	2000
 345      00000000 
 345      00000000 
 345      00000000 
 345      00000000 
 346              		.section	.bss.tasks_count,"aw",%nobits
 347              		.align	2
 348              		.set	.LANCHOR0,. + 0
 351              	tasks_count:
 352 0000 00000000 		.space	4
 353              		.text
 354              	.Letext0:
 355              		.file 2 "c:\\program files (x86)\\gnu arm embedded toolchain\\10 2020-q4-major\\arm-none-eabi\\inc
 356              		.file 3 "c:\\program files (x86)\\gnu arm embedded toolchain\\10 2020-q4-major\\arm-none-eabi\\inc
 357              		.file 4 "Drivers/CMSIS/Device/ST/STM32F7xx/Include/stm32f746xx.h"
 358              		.file 5 "Drivers/STM32F7xx_HAL_Driver/Inc/stm32f7xx_hal_def.h"
 359              		.file 6 "Drivers/STM32F7xx_HAL_Driver/Inc/stm32f7xx_hal_dma.h"
 360              		.file 7 "Drivers/STM32F7xx_HAL_Driver/Inc/stm32f7xx_hal_tim.h"
 361              		.file 8 "Core/Inc/tim.h"
ARM GAS  C:\Users\GUILLE~1\AppData\Local\Temp\ccsJp7br.s 			page 9


DEFINED SYMBOLS
                            *ABS*:00000000 task.c
C:\Users\GUILLE~1\AppData\Local\Temp\ccsJp7br.s:18     .text.executeTask:00000000 $t
C:\Users\GUILLE~1\AppData\Local\Temp\ccsJp7br.s:26     .text.executeTask:00000000 executeTask
C:\Users\GUILLE~1\AppData\Local\Temp\ccsJp7br.s:58     .text.executeTask:00000010 $d
C:\Users\GUILLE~1\AppData\Local\Temp\ccsJp7br.s:63     .text.isTaskReady:00000000 $t
C:\Users\GUILLE~1\AppData\Local\Temp\ccsJp7br.s:70     .text.isTaskReady:00000000 isTaskReady
C:\Users\GUILLE~1\AppData\Local\Temp\ccsJp7br.s:99     .text.isTaskReady:00000018 $d
C:\Users\GUILLE~1\AppData\Local\Temp\ccsJp7br.s:104    .text.addTask:00000000 $t
C:\Users\GUILLE~1\AppData\Local\Temp\ccsJp7br.s:111    .text.addTask:00000000 addTask
C:\Users\GUILLE~1\AppData\Local\Temp\ccsJp7br.s:154    .text.addTask:00000028 $d
C:\Users\GUILLE~1\AppData\Local\Temp\ccsJp7br.s:160    .text.initRTOS:00000000 $t
C:\Users\GUILLE~1\AppData\Local\Temp\ccsJp7br.s:167    .text.initRTOS:00000000 initRTOS
C:\Users\GUILLE~1\AppData\Local\Temp\ccsJp7br.s:331    .text.initRTOS:00000090 $d
C:\Users\GUILLE~1\AppData\Local\Temp\ccsJp7br.s:344    .bss.Tasks:00000000 Tasks
C:\Users\GUILLE~1\AppData\Local\Temp\ccsJp7br.s:351    .bss.tasks_count:00000000 tasks_count
C:\Users\GUILLE~1\AppData\Local\Temp\ccsJp7br.s:340    .bss.Tasks:00000000 $d
C:\Users\GUILLE~1\AppData\Local\Temp\ccsJp7br.s:347    .bss.tasks_count:00000000 $d

UNDEFINED SYMBOLS
htim5
