ARM GAS  C:\Users\GUILLE~1\AppData\Local\Temp\ccIw8Cdj.s 			page 1


   1              		.cpu cortex-m7
   2              		.eabi_attribute 27, 1
   3              		.eabi_attribute 28, 1
   4              		.eabi_attribute 20, 1
   5              		.eabi_attribute 21, 1
   6              		.eabi_attribute 23, 3
   7              		.eabi_attribute 24, 1
   8              		.eabi_attribute 25, 1
   9              		.eabi_attribute 26, 1
  10              		.eabi_attribute 30, 1
  11              		.eabi_attribute 34, 1
  12              		.eabi_attribute 18, 4
  13              		.file	"utils.c"
  14              		.text
  15              	.Ltext0:
  16              		.cfi_sections	.debug_frame
  17              		.section	.text.bytestoint32,"ax",%progbits
  18              		.align	1
  19              		.global	bytestoint32
  20              		.arch armv7e-m
  21              		.syntax unified
  22              		.thumb
  23              		.thumb_func
  24              		.fpu fpv5-sp-d16
  26              	bytestoint32:
  27              	.LVL0:
  28              	.LFB141:
  29              		.file 1 "Core/drogui/src/utils.c"
   1:Core/drogui/src/utils.c **** #include "utils.h"
   2:Core/drogui/src/utils.c **** 
   3:Core/drogui/src/utils.c **** 
   4:Core/drogui/src/utils.c **** uint8_t i2cReg[300][4];
   5:Core/drogui/src/utils.c **** bool security;
   6:Core/drogui/src/utils.c **** 
   7:Core/drogui/src/utils.c **** // Fs = 100Hz
   8:Core/drogui/src/utils.c **** 
   9:Core/drogui/src/utils.c **** 
  10:Core/drogui/src/utils.c **** //Lowpass freq = 10Hz
  11:Core/drogui/src/utils.c **** float coeffA_10Hz[] = {-6.1252,17.2079,-28.7647,31.1789,-22.3898,10.3890,-2.8462,0.3526};
  12:Core/drogui/src/utils.c **** float coeffB_10Hz[] = {0.0027,-0.0085,0.0164,-0.0210,0.0231,-0.0210,0.0164,-0.0085,0.0027};
  13:Core/drogui/src/utils.c **** 
  14:Core/drogui/src/utils.c **** //Lowpass freq = 8Hz
  15:Core/drogui/src/utils.c **** float coeffA_8Hz[] = {-5.709477e+00,1.442617e+01,-2.083473e+01,1.853513e+01,-1.014308e+01,3.158832e
  16:Core/drogui/src/utils.c **** float coeffB_8Hz[] = {2.052007e-03,-5.805565e-03,7.962321e-03,-3.642807e-03,-3.642807e-03,7.962321e
  17:Core/drogui/src/utils.c **** 
  18:Core/drogui/src/utils.c **** //Lowpass freq = 2Hz
  19:Core/drogui/src/utils.c **** float coeffB_2Hz[] = {5.703936e-04,-1.574753e-03,1.011169e-03,1.011169e-03,-1.574753e-03,5.703936e-
  20:Core/drogui/src/utils.c **** float coeffA_2Hz[] = {-4.763156e+00,9.099046e+00,-8.713129e+00,4.182120e+00,-8.048677e-01};
  21:Core/drogui/src/utils.c **** 
  22:Core/drogui/src/utils.c **** //Lowpass freq = 5Hz
  23:Core/drogui/src/utils.c **** /**
  24:Core/drogui/src/utils.c ****  * @brief waaat 
  25:Core/drogui/src/utils.c ****  */
  26:Core/drogui/src/utils.c **** float coeffB_5Hz[] = {1.113479e-03,-4.496681e-03,7.102010e-03,-3.694502e-03,-3.694502e-03,7.102010e
  27:Core/drogui/src/utils.c **** float coeffA_5Hz[] = {-6.292710e+00,1.716382e+01,-2.628801e+01,2.440554e+01,-1.372942e+01,4.332229e
  28:Core/drogui/src/utils.c **** 
  29:Core/drogui/src/utils.c **** 
ARM GAS  C:\Users\GUILLE~1\AppData\Local\Temp\ccIw8Cdj.s 			page 2


  30:Core/drogui/src/utils.c **** // Fs = 1000Hz
  31:Core/drogui/src/utils.c **** 
  32:Core/drogui/src/utils.c **** //lowpass freq = 150Hz
  33:Core/drogui/src/utils.c **** float coeffB_150Hz[] = { 0.0056, -0.0070, 0.0170, -0.0072, 0.0100, 0.0100, -0.0072, 0.0170 , -0.007
  34:Core/drogui/src/utils.c **** float coeffA_150Hz[] = { -5.3336, 14.3803, -24.7331, 29.5687, -25.2823, 15.4142, -6.4538, 1.6872, -
  35:Core/drogui/src/utils.c **** 
  36:Core/drogui/src/utils.c **** //Lowpass freq  = 100 Hz
  37:Core/drogui/src/utils.c **** float coeffB_100Hz[] = { 0.0027, -0.0085, 0.0164, -0.0210, 0.0231, -0.0210, 0.0164, -0.0085, 0.0027
  38:Core/drogui/src/utils.c **** float coeffA_100Hz[] = { -6.1252, 17.2079, -28.7647, 31.1789, -22.3898, 10.3890, -2.8462, 0.3526 };
  39:Core/drogui/src/utils.c **** 
  40:Core/drogui/src/utils.c **** //Lowpass freq = 300 Hz
  41:Core/drogui/src/utils.c **** float coeffB_300Hz[] = { 0.0523, 0.3005, 0.9285, 1.9192, 2.8985, 3.3135, 2.8985, 1.9192, 0.9285, 0.
  42:Core/drogui/src/utils.c **** float coeffA_300Hz[] = { 1.2129, 3.5334, 2.4263, 3.9286, 1.3120, 1.8104, 0.0802, 0.3968, -0.0573, 0
  43:Core/drogui/src/utils.c **** 
  44:Core/drogui/src/utils.c **** 
  45:Core/drogui/src/utils.c **** // Fs = 500Hz
  46:Core/drogui/src/utils.c **** 
  47:Core/drogui/src/utils.c **** float coeffB_50Hz[] = {2.712427e-03,-8.492766e-03,1.639262e-02,-2.098534e-02,2.308792e-02,-2.098534
  48:Core/drogui/src/utils.c **** float coeffA_50Hz[] = {-6.125230e+00,1.720786e+01,-2.876469e+01,3.117890e+01,-2.238977e+01,1.038896
  49:Core/drogui/src/utils.c **** 
  50:Core/drogui/src/utils.c **** 
  51:Core/drogui/src/utils.c **** // Fc/Fs = 1/10
  52:Core/drogui/src/utils.c **** int sz_1_10 = 4;
  53:Core/drogui/src/utils.c **** float k_1_10[] = {3.269648e-01,-7.541241e-01,8.955497e-01,-8.705845e-01};
  54:Core/drogui/src/utils.c **** float v_1_10[] = {9.923580e-03,4.324221e-02,9.622375e-02,9.899868e-02,3.930249e-02};
  55:Core/drogui/src/utils.c **** 
  56:Core/drogui/src/utils.c **** // Fc/Fs = 3/10
  57:Core/drogui/src/utils.c **** int sz_3_10 = 5;
  58:Core/drogui/src/utils.c **** float k_3_10[] = {-2.697967e-02,2.384924e-01,9.148143e-02,8.721701e-01,3.546651e-01};
  59:Core/drogui/src/utils.c **** float v_3_10[] = {1.218396e-01,4.440312e-01,5.297272e-01,7.356926e-02,-1.524383e-01,-3.933188e-02};
  60:Core/drogui/src/utils.c **** 
  61:Core/drogui/src/utils.c **** // Fc/Fs = 5/100
  62:Core/drogui/src/utils.c **** int sz_5_100 = 4;
  63:Core/drogui/src/utils.c **** float k_5_100[] = {0.570001631825510, -0.930138552823475, 0.973018195256895, -0.970196251743969 };
  64:Core/drogui/src/utils.c **** float v_5_100[] = { 0.002648137189435, 0.007518846486390, 0.013531091846070, 0.010565966787239, 0.0
  65:Core/drogui/src/utils.c **** 
  66:Core/drogui/src/utils.c **** int32_t bytestoint32(uint8_t *bytesint32){
  30              		.loc 1 66 42 view -0
  31              		.cfi_startproc
  32              		@ args = 0, pretend = 0, frame = 0
  33              		@ frame_needed = 0, uses_anonymous_args = 0
  34              		@ link register save eliminated.
  67:Core/drogui/src/utils.c ****     int32_t val = (int32_t) (int32_t)(bytesint32[0]) << 24 |
  35              		.loc 1 67 5 view .LVU1
  36              		.loc 1 67 49 is_stmt 0 view .LVU2
  37 0000 0278     		ldrb	r2, [r0]	@ zero_extendqisi2
  68:Core/drogui/src/utils.c ****             (int32_t)(bytesint32[1]) << 16 |
  38              		.loc 1 68 33 view .LVU3
  39 0002 4378     		ldrb	r3, [r0, #1]	@ zero_extendqisi2
  40              		.loc 1 68 38 view .LVU4
  41 0004 1B04     		lsls	r3, r3, #16
  67:Core/drogui/src/utils.c ****     int32_t val = (int32_t) (int32_t)(bytesint32[0]) << 24 |
  42              		.loc 1 67 60 view .LVU5
  43 0006 43EA0263 		orr	r3, r3, r2, lsl #24
  69:Core/drogui/src/utils.c ****             (int32_t)(bytesint32[2]) << 8 |
  44              		.loc 1 69 33 view .LVU6
  45 000a 8278     		ldrb	r2, [r0, #2]	@ zero_extendqisi2
ARM GAS  C:\Users\GUILLE~1\AppData\Local\Temp\ccIw8Cdj.s 			page 3


  68:Core/drogui/src/utils.c ****             (int32_t)(bytesint32[1]) << 16 |
  46              		.loc 1 68 44 view .LVU7
  47 000c 43EA0223 		orr	r3, r3, r2, lsl #8
  70:Core/drogui/src/utils.c ****             (int32_t)(bytesint32[3]);
  48              		.loc 1 70 33 view .LVU8
  49 0010 C078     		ldrb	r0, [r0, #3]	@ zero_extendqisi2
  50              	.LVL1:
  71:Core/drogui/src/utils.c ****     return val;
  51              		.loc 1 71 5 is_stmt 1 view .LVU9
  72:Core/drogui/src/utils.c **** }
  52              		.loc 1 72 1 is_stmt 0 view .LVU10
  53 0012 1843     		orrs	r0, r0, r3
  54              	.LVL2:
  55              		.loc 1 72 1 view .LVU11
  56 0014 7047     		bx	lr
  57              		.cfi_endproc
  58              	.LFE141:
  60              		.section	.text.int32tobytes,"ax",%progbits
  61              		.align	1
  62              		.global	int32tobytes
  63              		.syntax unified
  64              		.thumb
  65              		.thumb_func
  66              		.fpu fpv5-sp-d16
  68              	int32tobytes:
  69              	.LVL3:
  70              	.LFB142:
  73:Core/drogui/src/utils.c **** 
  74:Core/drogui/src/utils.c **** void int32tobytes(int32_t n,uint8_t *bytesint32){
  71              		.loc 1 74 49 is_stmt 1 view -0
  72              		.cfi_startproc
  73              		@ args = 0, pretend = 0, frame = 0
  74              		@ frame_needed = 0, uses_anonymous_args = 0
  75              		@ link register save eliminated.
  75:Core/drogui/src/utils.c ****     bytesint32[0] =(uint8_t) (n >> 24) & 0xFF;
  76              		.loc 1 75 5 view .LVU13
  77              		.loc 1 75 20 is_stmt 0 view .LVU14
  78 0000 030E     		lsrs	r3, r0, #24
  79              		.loc 1 75 19 view .LVU15
  80 0002 0B70     		strb	r3, [r1]
  76:Core/drogui/src/utils.c ****     bytesint32[1] =(uint8_t) (n >> 16) & 0xFF;
  81              		.loc 1 76 5 is_stmt 1 view .LVU16
  82              		.loc 1 76 20 is_stmt 0 view .LVU17
  83 0004 C0F30743 		ubfx	r3, r0, #16, #8
  84              		.loc 1 76 19 view .LVU18
  85 0008 4B70     		strb	r3, [r1, #1]
  77:Core/drogui/src/utils.c ****     bytesint32[2] =(uint8_t) (n >> 8) & 0xFF;
  86              		.loc 1 77 5 is_stmt 1 view .LVU19
  87              		.loc 1 77 20 is_stmt 0 view .LVU20
  88 000a C0F30723 		ubfx	r3, r0, #8, #8
  89              		.loc 1 77 19 view .LVU21
  90 000e 8B70     		strb	r3, [r1, #2]
  78:Core/drogui/src/utils.c ****     bytesint32[3] =(uint8_t)  n & 0xFF;
  91              		.loc 1 78 5 is_stmt 1 view .LVU22
  92              		.loc 1 78 19 is_stmt 0 view .LVU23
  93 0010 C870     		strb	r0, [r1, #3]
  79:Core/drogui/src/utils.c **** }
ARM GAS  C:\Users\GUILLE~1\AppData\Local\Temp\ccIw8Cdj.s 			page 4


  94              		.loc 1 79 1 view .LVU24
  95 0012 7047     		bx	lr
  96              		.cfi_endproc
  97              	.LFE142:
  99              		.section	.text.floattobytes,"ax",%progbits
 100              		.align	1
 101              		.global	floattobytes
 102              		.syntax unified
 103              		.thumb
 104              		.thumb_func
 105              		.fpu fpv5-sp-d16
 107              	floattobytes:
 108              	.LVL4:
 109              	.LFB143:
  80:Core/drogui/src/utils.c **** 
  81:Core/drogui/src/utils.c **** void floattobytes(float n, uint8_t* bytesfloat){
 110              		.loc 1 81 48 is_stmt 1 view -0
 111              		.cfi_startproc
 112              		@ args = 0, pretend = 0, frame = 0
 113              		@ frame_needed = 0, uses_anonymous_args = 0
 114              		@ link register save eliminated.
  82:Core/drogui/src/utils.c ****     memcpy(bytesfloat, &n, sizeof n);
 115              		.loc 1 82 5 view .LVU26
 116 0000 10EE103A 		vmov	r3, s0	@ int
 117 0004 0360     		str	r3, [r0]	@ unaligned
  83:Core/drogui/src/utils.c **** }
 118              		.loc 1 83 1 is_stmt 0 view .LVU27
 119 0006 7047     		bx	lr
 120              		.cfi_endproc
 121              	.LFE143:
 123              		.section	.text.bytestofloat,"ax",%progbits
 124              		.align	1
 125              		.global	bytestofloat
 126              		.syntax unified
 127              		.thumb
 128              		.thumb_func
 129              		.fpu fpv5-sp-d16
 131              	bytestofloat:
 132              	.LVL5:
 133              	.LFB144:
  84:Core/drogui/src/utils.c **** 
  85:Core/drogui/src/utils.c **** float bytestofloat(uint8_t *bytesfloat){
 134              		.loc 1 85 40 is_stmt 1 view -0
 135              		.cfi_startproc
 136              		@ args = 0, pretend = 0, frame = 8
 137              		@ frame_needed = 0, uses_anonymous_args = 0
 138              		@ link register save eliminated.
 139              		.loc 1 85 40 is_stmt 0 view .LVU29
 140 0000 82B0     		sub	sp, sp, #8
 141              	.LCFI0:
 142              		.cfi_def_cfa_offset 8
  86:Core/drogui/src/utils.c ****     float val;
 143              		.loc 1 86 5 is_stmt 1 view .LVU30
  87:Core/drogui/src/utils.c ****     memcpy(&val, bytesfloat, sizeof(val));
 144              		.loc 1 87 5 view .LVU31
 145 0002 0368     		ldr	r3, [r0]	@ unaligned
 146 0004 0193     		str	r3, [sp, #4]
ARM GAS  C:\Users\GUILLE~1\AppData\Local\Temp\ccIw8Cdj.s 			page 5


  88:Core/drogui/src/utils.c ****     return val;
 147              		.loc 1 88 5 view .LVU32
 148              		.loc 1 88 12 is_stmt 0 view .LVU33
 149 0006 00EE103A 		vmov	s0, r3
  89:Core/drogui/src/utils.c **** }
 150              		.loc 1 89 1 view .LVU34
 151 000a 02B0     		add	sp, sp, #8
 152              	.LCFI1:
 153              		.cfi_def_cfa_offset 0
 154              		@ sp needed
 155 000c 7047     		bx	lr
 156              		.cfi_endproc
 157              	.LFE144:
 159              		.section	.text.getReg,"ax",%progbits
 160              		.align	1
 161              		.global	getReg
 162              		.syntax unified
 163              		.thumb
 164              		.thumb_func
 165              		.fpu fpv5-sp-d16
 167              	getReg:
 168              	.LVL6:
 169              	.LFB145:
  90:Core/drogui/src/utils.c **** 
  91:Core/drogui/src/utils.c **** float getReg(uint8_t reg){
 170              		.loc 1 91 26 is_stmt 1 view -0
 171              		.cfi_startproc
 172              		@ args = 0, pretend = 0, frame = 8
 173              		@ frame_needed = 0, uses_anonymous_args = 0
 174              		.loc 1 91 26 is_stmt 0 view .LVU36
 175 0000 00B5     		push	{lr}
 176              	.LCFI2:
 177              		.cfi_def_cfa_offset 4
 178              		.cfi_offset 14, -4
 179 0002 83B0     		sub	sp, sp, #12
 180              	.LCFI3:
 181              		.cfi_def_cfa_offset 16
  92:Core/drogui/src/utils.c ****     
  93:Core/drogui/src/utils.c ****     float val;
 182              		.loc 1 93 5 is_stmt 1 view .LVU37
  94:Core/drogui/src/utils.c ****     uint8_t arr[4];
 183              		.loc 1 94 5 view .LVU38
  95:Core/drogui/src/utils.c ****     for(int i = 0; i < 4 ; i++){
 184              		.loc 1 95 5 view .LVU39
 185              	.LBB2:
 186              		.loc 1 95 9 view .LVU40
 187              	.LVL7:
 188              		.loc 1 95 13 is_stmt 0 view .LVU41
 189 0004 0023     		movs	r3, #0
 190              		.loc 1 95 5 view .LVU42
 191 0006 08E0     		b	.L7
 192              	.LVL8:
 193              	.L8:
  96:Core/drogui/src/utils.c ****      arr[i] = i2cReg[reg][i];
 194              		.loc 1 96 6 is_stmt 1 discriminator 3 view .LVU43
 195              		.loc 1 96 26 is_stmt 0 discriminator 3 view .LVU44
 196 0008 084A     		ldr	r2, .L10
ARM GAS  C:\Users\GUILLE~1\AppData\Local\Temp\ccIw8Cdj.s 			page 6


 197 000a 02EB8002 		add	r2, r2, r0, lsl #2
 198 000e D15C     		ldrb	r1, [r2, r3]	@ zero_extendqisi2
 199              		.loc 1 96 13 discriminator 3 view .LVU45
 200 0010 02AA     		add	r2, sp, #8
 201 0012 1A44     		add	r2, r2, r3
 202 0014 02F8041C 		strb	r1, [r2, #-4]
  95:Core/drogui/src/utils.c ****     for(int i = 0; i < 4 ; i++){
 203              		.loc 1 95 28 is_stmt 1 discriminator 3 view .LVU46
  95:Core/drogui/src/utils.c ****     for(int i = 0; i < 4 ; i++){
 204              		.loc 1 95 29 is_stmt 0 discriminator 3 view .LVU47
 205 0018 0133     		adds	r3, r3, #1
 206              	.LVL9:
 207              	.L7:
  95:Core/drogui/src/utils.c ****     for(int i = 0; i < 4 ; i++){
 208              		.loc 1 95 20 is_stmt 1 discriminator 1 view .LVU48
  95:Core/drogui/src/utils.c ****     for(int i = 0; i < 4 ; i++){
 209              		.loc 1 95 5 is_stmt 0 discriminator 1 view .LVU49
 210 001a 032B     		cmp	r3, #3
 211 001c F4DD     		ble	.L8
 212              	.LBE2:
  97:Core/drogui/src/utils.c ****     }
  98:Core/drogui/src/utils.c ****     val = bytestofloat(arr); 
 213              		.loc 1 98 5 is_stmt 1 view .LVU50
 214              		.loc 1 98 11 is_stmt 0 view .LVU51
 215 001e 01A8     		add	r0, sp, #4
 216              	.LVL10:
 217              		.loc 1 98 11 view .LVU52
 218 0020 FFF7FEFF 		bl	bytestofloat
 219              	.LVL11:
  99:Core/drogui/src/utils.c ****     return val; 
 220              		.loc 1 99 5 is_stmt 1 view .LVU53
 100:Core/drogui/src/utils.c **** }
 221              		.loc 1 100 1 is_stmt 0 view .LVU54
 222 0024 03B0     		add	sp, sp, #12
 223              	.LCFI4:
 224              		.cfi_def_cfa_offset 4
 225              		@ sp needed
 226 0026 5DF804FB 		ldr	pc, [sp], #4
 227              	.L11:
 228 002a 00BF     		.align	2
 229              	.L10:
 230 002c 00000000 		.word	.LANCHOR0
 231              		.cfi_endproc
 232              	.LFE145:
 234              		.section	.text.setReg,"ax",%progbits
 235              		.align	1
 236              		.global	setReg
 237              		.syntax unified
 238              		.thumb
 239              		.thumb_func
 240              		.fpu fpv5-sp-d16
 242              	setReg:
 243              	.LVL12:
 244              	.LFB146:
 101:Core/drogui/src/utils.c **** 
 102:Core/drogui/src/utils.c **** void setReg(uint8_t reg, float val){
 245              		.loc 1 102 36 is_stmt 1 view -0
ARM GAS  C:\Users\GUILLE~1\AppData\Local\Temp\ccIw8Cdj.s 			page 7


 246              		.cfi_startproc
 247              		@ args = 0, pretend = 0, frame = 8
 248              		@ frame_needed = 0, uses_anonymous_args = 0
 249              		.loc 1 102 36 is_stmt 0 view .LVU56
 250 0000 10B5     		push	{r4, lr}
 251              	.LCFI5:
 252              		.cfi_def_cfa_offset 8
 253              		.cfi_offset 4, -8
 254              		.cfi_offset 14, -4
 255 0002 82B0     		sub	sp, sp, #8
 256              	.LCFI6:
 257              		.cfi_def_cfa_offset 16
 258 0004 0446     		mov	r4, r0
 103:Core/drogui/src/utils.c ****     
 104:Core/drogui/src/utils.c ****     uint8_t arr[4];
 259              		.loc 1 104 5 is_stmt 1 view .LVU57
 105:Core/drogui/src/utils.c ****     floattobytes(val, arr);
 260              		.loc 1 105 5 view .LVU58
 261 0006 01A8     		add	r0, sp, #4
 262              	.LVL13:
 263              		.loc 1 105 5 is_stmt 0 view .LVU59
 264 0008 FFF7FEFF 		bl	floattobytes
 265              	.LVL14:
 106:Core/drogui/src/utils.c **** 
 107:Core/drogui/src/utils.c ****     for(int i = 0; i < 4 ; i++) i2cReg[reg][i] = arr[i];
 266              		.loc 1 107 5 is_stmt 1 view .LVU60
 267              	.LBB3:
 268              		.loc 1 107 9 view .LVU61
 269              		.loc 1 107 13 is_stmt 0 view .LVU62
 270 000c 0023     		movs	r3, #0
 271              		.loc 1 107 5 view .LVU63
 272 000e 08E0     		b	.L13
 273              	.LVL15:
 274              	.L14:
 275              		.loc 1 107 33 is_stmt 1 discriminator 3 view .LVU64
 276              		.loc 1 107 53 is_stmt 0 discriminator 3 view .LVU65
 277 0010 02AA     		add	r2, sp, #8
 278 0012 1A44     		add	r2, r2, r3
 279 0014 12F8041C 		ldrb	r1, [r2, #-4]	@ zero_extendqisi2
 280              		.loc 1 107 48 discriminator 3 view .LVU66
 281 0018 044A     		ldr	r2, .L16
 282 001a 02EB8402 		add	r2, r2, r4, lsl #2
 283 001e D154     		strb	r1, [r2, r3]
 284              		.loc 1 107 28 is_stmt 1 discriminator 3 view .LVU67
 285              		.loc 1 107 29 is_stmt 0 discriminator 3 view .LVU68
 286 0020 0133     		adds	r3, r3, #1
 287              	.LVL16:
 288              	.L13:
 289              		.loc 1 107 20 is_stmt 1 discriminator 1 view .LVU69
 290              		.loc 1 107 5 is_stmt 0 discriminator 1 view .LVU70
 291 0022 032B     		cmp	r3, #3
 292 0024 F4DD     		ble	.L14
 293              	.LBE3:
 108:Core/drogui/src/utils.c ****     return;
 109:Core/drogui/src/utils.c **** }
 294              		.loc 1 109 1 view .LVU71
 295 0026 02B0     		add	sp, sp, #8
ARM GAS  C:\Users\GUILLE~1\AppData\Local\Temp\ccIw8Cdj.s 			page 8


 296              	.LCFI7:
 297              		.cfi_def_cfa_offset 8
 298              		@ sp needed
 299 0028 10BD     		pop	{r4, pc}
 300              	.L17:
 301 002a 00BF     		.align	2
 302              	.L16:
 303 002c 00000000 		.word	.LANCHOR0
 304              		.cfi_endproc
 305              	.LFE146:
 307              		.global	__aeabi_f2d
 308              		.global	__aeabi_dsub
 309              		.global	__aeabi_dadd
 310              		.global	__aeabi_dcmpgt
 311              		.global	__aeabi_d2f
 312              		.section	.text.angle_dif,"ax",%progbits
 313              		.align	1
 314              		.global	angle_dif
 315              		.syntax unified
 316              		.thumb
 317              		.thumb_func
 318              		.fpu fpv5-sp-d16
 320              	angle_dif:
 321              	.LVL17:
 322              	.LFB147:
 110:Core/drogui/src/utils.c **** 
 111:Core/drogui/src/utils.c **** 
 112:Core/drogui/src/utils.c **** float angle_dif(float angle1, float angle2){
 323              		.loc 1 112 44 is_stmt 1 view -0
 324              		.cfi_startproc
 325              		@ args = 0, pretend = 0, frame = 0
 326              		@ frame_needed = 0, uses_anonymous_args = 0
 327              		.loc 1 112 44 is_stmt 0 view .LVU73
 328 0000 2DE9F84F 		push	{r3, r4, r5, r6, r7, r8, r9, r10, fp, lr}
 329              	.LCFI8:
 330              		.cfi_def_cfa_offset 40
 331              		.cfi_offset 3, -40
 332              		.cfi_offset 4, -36
 333              		.cfi_offset 5, -32
 334              		.cfi_offset 6, -28
 335              		.cfi_offset 7, -24
 336              		.cfi_offset 8, -20
 337              		.cfi_offset 9, -16
 338              		.cfi_offset 10, -12
 339              		.cfi_offset 11, -8
 340              		.cfi_offset 14, -4
 341 0004 2DED048B 		vpush.64	{d8, d9}
 342              	.LCFI9:
 343              		.cfi_def_cfa_offset 56
 344              		.cfi_offset 80, -56
 345              		.cfi_offset 81, -52
 346              		.cfi_offset 82, -48
 347              		.cfi_offset 83, -44
 348 0008 F0EE408A 		vmov.f32	s17, s0
 349 000c B0EE608A 		vmov.f32	s16, s1
 113:Core/drogui/src/utils.c ****     if(angle1 > angle2){
 350              		.loc 1 113 5 is_stmt 1 view .LVU74
ARM GAS  C:\Users\GUILLE~1\AppData\Local\Temp\ccIw8Cdj.s 			page 9


 351              		.loc 1 113 7 is_stmt 0 view .LVU75
 352 0010 B4EEE00A 		vcmpe.f32	s0, s1
 353 0014 F1EE10FA 		vmrs	APSR_nzcv, FPSCR
 354 0018 3EDD     		ble	.L28
 114:Core/drogui/src/utils.c ****         if((angle1 - angle2) > (2*pi - angle1 + angle2)) return -2*pi + angle1 - angle2;
 355              		.loc 1 114 9 is_stmt 1 view .LVU76
 356              		.loc 1 114 20 is_stmt 0 view .LVU77
 357 001a 30EE609A 		vsub.f32	s18, s0, s1
 358 001e 19EE100A 		vmov	r0, s18
 359 0022 FFF7FEFF 		bl	__aeabi_f2d
 360              	.LVL18:
 361              		.loc 1 114 20 view .LVU78
 362 0026 8246     		mov	r10, r0
 363 0028 8B46     		mov	fp, r1
 364              		.loc 1 114 38 view .LVU79
 365 002a 18EE900A 		vmov	r0, s17
 366 002e FFF7FEFF 		bl	__aeabi_f2d
 367              	.LVL19:
 368 0032 0646     		mov	r6, r0
 369 0034 0F46     		mov	r7, r1
 370 0036 0246     		mov	r2, r0
 371 0038 0B46     		mov	r3, r1
 372 003a 2FA1     		adr	r1, .L31
 373 003c D1E90001 		ldrd	r0, [r1]
 374 0040 FFF7FEFF 		bl	__aeabi_dsub
 375              	.LVL20:
 376 0044 8046     		mov	r8, r0
 377 0046 8946     		mov	r9, r1
 378              		.loc 1 114 47 view .LVU80
 379 0048 18EE100A 		vmov	r0, s16
 380 004c FFF7FEFF 		bl	__aeabi_f2d
 381              	.LVL21:
 382 0050 0446     		mov	r4, r0
 383 0052 0D46     		mov	r5, r1
 384 0054 0246     		mov	r2, r0
 385 0056 0B46     		mov	r3, r1
 386 0058 4046     		mov	r0, r8
 387 005a 4946     		mov	r1, r9
 388 005c FFF7FEFF 		bl	__aeabi_dadd
 389              	.LVL22:
 390 0060 0246     		mov	r2, r0
 391 0062 0B46     		mov	r3, r1
 392              		.loc 1 114 11 view .LVU81
 393 0064 5046     		mov	r0, r10
 394 0066 5946     		mov	r1, fp
 395 0068 FFF7FEFF 		bl	__aeabi_dcmpgt
 396              	.LVL23:
 397 006c 70B1     		cbz	r0, .L18
 398              		.loc 1 114 58 is_stmt 1 discriminator 1 view .LVU82
 399              		.loc 1 114 71 is_stmt 0 discriminator 1 view .LVU83
 400 006e 22A3     		adr	r3, .L31
 401 0070 D3E90023 		ldrd	r2, [r3]
 402 0074 3046     		mov	r0, r6
 403 0076 3946     		mov	r1, r7
 404 0078 FFF7FEFF 		bl	__aeabi_dsub
 405              	.LVL24:
 406              		.loc 1 114 80 discriminator 1 view .LVU84
ARM GAS  C:\Users\GUILLE~1\AppData\Local\Temp\ccIw8Cdj.s 			page 10


 407 007c 2246     		mov	r2, r4
 408 007e 2B46     		mov	r3, r5
 409 0080 FFF7FEFF 		bl	__aeabi_dsub
 410              	.LVL25:
 411 0084 FFF7FEFF 		bl	__aeabi_d2f
 412              	.LVL26:
 413 0088 09EE100A 		vmov	s18, r0
 414              	.L18:
 115:Core/drogui/src/utils.c ****         else return angle1 - angle2;
 116:Core/drogui/src/utils.c ****     }
 117:Core/drogui/src/utils.c ****     else{
 118:Core/drogui/src/utils.c ****         if((angle2 - angle1) > (2*pi - angle2 + angle1)) return 2*pi - angle2 + angle1;
 119:Core/drogui/src/utils.c ****         else return angle1 - angle2;
 120:Core/drogui/src/utils.c ****     }
 121:Core/drogui/src/utils.c **** }
 415              		.loc 1 121 1 view .LVU85
 416 008c B0EE490A 		vmov.f32	s0, s18
 417 0090 BDEC048B 		vldm	sp!, {d8-d9}
 418              	.LCFI10:
 419              		.cfi_remember_state
 420              		.cfi_restore 82
 421              		.cfi_restore 83
 422              		.cfi_restore 80
 423              		.cfi_restore 81
 424              		.cfi_def_cfa_offset 40
 425              	.LVL27:
 426              		.loc 1 121 1 view .LVU86
 427 0094 BDE8F88F 		pop	{r3, r4, r5, r6, r7, r8, r9, r10, fp, pc}
 428              	.LVL28:
 429              	.L28:
 430              	.LCFI11:
 431              		.cfi_restore_state
 118:Core/drogui/src/utils.c ****         else return angle1 - angle2;
 432              		.loc 1 118 9 is_stmt 1 view .LVU87
 118:Core/drogui/src/utils.c ****         else return angle1 - angle2;
 433              		.loc 1 118 20 is_stmt 0 view .LVU88
 434 0098 70EEC07A 		vsub.f32	s15, s1, s0
 435 009c 17EE900A 		vmov	r0, s15
 436 00a0 FFF7FEFF 		bl	__aeabi_f2d
 437              	.LVL29:
 118:Core/drogui/src/utils.c ****         else return angle1 - angle2;
 438              		.loc 1 118 20 view .LVU89
 439 00a4 0646     		mov	r6, r0
 440 00a6 0F46     		mov	r7, r1
 118:Core/drogui/src/utils.c ****         else return angle1 - angle2;
 441              		.loc 1 118 38 view .LVU90
 442 00a8 18EE100A 		vmov	r0, s16
 443 00ac FFF7FEFF 		bl	__aeabi_f2d
 444              	.LVL30:
 445 00b0 0246     		mov	r2, r0
 446 00b2 0B46     		mov	r3, r1
 447 00b4 10A1     		adr	r1, .L31
 448 00b6 D1E90001 		ldrd	r0, [r1]
 449 00ba FFF7FEFF 		bl	__aeabi_dsub
 450              	.LVL31:
 451 00be 0446     		mov	r4, r0
 452 00c0 0D46     		mov	r5, r1
ARM GAS  C:\Users\GUILLE~1\AppData\Local\Temp\ccIw8Cdj.s 			page 11


 118:Core/drogui/src/utils.c ****         else return angle1 - angle2;
 453              		.loc 1 118 47 view .LVU91
 454 00c2 18EE900A 		vmov	r0, s17
 455 00c6 FFF7FEFF 		bl	__aeabi_f2d
 456              	.LVL32:
 457 00ca 2246     		mov	r2, r4
 458 00cc 2B46     		mov	r3, r5
 459 00ce FFF7FEFF 		bl	__aeabi_dadd
 460              	.LVL33:
 461 00d2 0446     		mov	r4, r0
 462 00d4 0D46     		mov	r5, r1
 118:Core/drogui/src/utils.c ****         else return angle1 - angle2;
 463              		.loc 1 118 11 view .LVU92
 464 00d6 0246     		mov	r2, r0
 465 00d8 0B46     		mov	r3, r1
 466 00da 3046     		mov	r0, r6
 467 00dc 3946     		mov	r1, r7
 468 00de FFF7FEFF 		bl	__aeabi_dcmpgt
 469              	.LVL34:
 470 00e2 30B1     		cbz	r0, .L29
 118:Core/drogui/src/utils.c ****         else return angle1 - angle2;
 471              		.loc 1 118 58 is_stmt 1 discriminator 1 view .LVU93
 118:Core/drogui/src/utils.c ****         else return angle1 - angle2;
 472              		.loc 1 118 79 is_stmt 0 discriminator 1 view .LVU94
 473 00e4 2046     		mov	r0, r4
 474 00e6 2946     		mov	r1, r5
 475 00e8 FFF7FEFF 		bl	__aeabi_d2f
 476              	.LVL35:
 477 00ec 09EE100A 		vmov	s18, r0
 478 00f0 CCE7     		b	.L18
 479              	.L29:
 119:Core/drogui/src/utils.c ****     }
 480              		.loc 1 119 14 is_stmt 1 view .LVU95
 119:Core/drogui/src/utils.c ****     }
 481              		.loc 1 119 28 is_stmt 0 view .LVU96
 482 00f2 38EEC89A 		vsub.f32	s18, s17, s16
 483 00f6 C9E7     		b	.L18
 484              	.L32:
 485              		.align	3
 486              	.L31:
 487 00f8 182D4454 		.word	1413754136
 488 00fc FB211940 		.word	1075388923
 489              		.cfi_endproc
 490              	.LFE147:
 492              		.section	.text.getEuler,"ax",%progbits
 493              		.align	1
 494              		.global	getEuler
 495              		.syntax unified
 496              		.thumb
 497              		.thumb_func
 498              		.fpu fpv5-sp-d16
 500              	getEuler:
 501              	.LVL36:
 502              	.LFB148:
 122:Core/drogui/src/utils.c **** 
 123:Core/drogui/src/utils.c **** void getEuler(float q0, float q1, float q2, float q3, float* roll, float *pitch, float* yaw){
 503              		.loc 1 123 93 is_stmt 1 view -0
ARM GAS  C:\Users\GUILLE~1\AppData\Local\Temp\ccIw8Cdj.s 			page 12


 504              		.cfi_startproc
 505              		@ args = 0, pretend = 0, frame = 0
 506              		@ frame_needed = 0, uses_anonymous_args = 0
 507              		.loc 1 123 93 is_stmt 0 view .LVU98
 508 0000 70B5     		push	{r4, r5, r6, lr}
 509              	.LCFI12:
 510              		.cfi_def_cfa_offset 16
 511              		.cfi_offset 4, -16
 512              		.cfi_offset 5, -12
 513              		.cfi_offset 6, -8
 514              		.cfi_offset 14, -4
 515 0002 2DED0A8B 		vpush.64	{d8, d9, d10, d11, d12}
 516              	.LCFI13:
 517              		.cfi_def_cfa_offset 56
 518              		.cfi_offset 80, -56
 519              		.cfi_offset 81, -52
 520              		.cfi_offset 82, -48
 521              		.cfi_offset 83, -44
 522              		.cfi_offset 84, -40
 523              		.cfi_offset 85, -36
 524              		.cfi_offset 86, -32
 525              		.cfi_offset 87, -28
 526              		.cfi_offset 88, -24
 527              		.cfi_offset 89, -20
 528 0006 B0EE408A 		vmov.f32	s16, s0
 529 000a B0EE609A 		vmov.f32	s18, s1
 530 000e B0EE41AA 		vmov.f32	s20, s2
 531 0012 F0EE618A 		vmov.f32	s17, s3
 532 0016 0646     		mov	r6, r0
 533 0018 0D46     		mov	r5, r1
 534 001a 1446     		mov	r4, r2
 124:Core/drogui/src/utils.c **** 	
 125:Core/drogui/src/utils.c ****     // roll (x-axis rotation)
 126:Core/drogui/src/utils.c ****     float sinr_cosp = 2 * (q0 * q1 + q2 * q3);
 535              		.loc 1 126 5 is_stmt 1 view .LVU99
 536              		.loc 1 126 31 is_stmt 0 view .LVU100
 537 001c 60EE207A 		vmul.f32	s15, s0, s1
 538              		.loc 1 126 41 view .LVU101
 539 0020 21EE217A 		vmul.f32	s14, s2, s3
 540              		.loc 1 126 36 view .LVU102
 541 0024 77EE877A 		vadd.f32	s15, s15, s14
 542              		.loc 1 126 11 view .LVU103
 543 0028 77EEA7AA 		vadd.f32	s21, s15, s15
 544              	.LVL37:
 127:Core/drogui/src/utils.c ****     float cosr_cosp = 1 - 2 * (q1 * q1 + q2 * q2);
 545              		.loc 1 127 5 is_stmt 1 view .LVU104
 546              		.loc 1 127 35 is_stmt 0 view .LVU105
 547 002c 60EEA07A 		vmul.f32	s15, s1, s1
 548              		.loc 1 127 45 view .LVU106
 549 0030 61EE019A 		vmul.f32	s19, s2, s2
 550              		.loc 1 127 40 view .LVU107
 551 0034 77EEA97A 		vadd.f32	s15, s15, s19
 552              		.loc 1 127 29 view .LVU108
 553 0038 77EEA77A 		vadd.f32	s15, s15, s15
 554              		.loc 1 127 11 view .LVU109
 555 003c B7EE00CA 		vmov.f32	s24, #1.0e+0
 556              	.LVL38:
ARM GAS  C:\Users\GUILLE~1\AppData\Local\Temp\ccIw8Cdj.s 			page 13


 128:Core/drogui/src/utils.c ****     *roll = atan2(sinr_cosp, cosr_cosp);
 557              		.loc 1 128 5 is_stmt 1 view .LVU110
 558              		.loc 1 128 13 is_stmt 0 view .LVU111
 559 0040 7CEE677A 		vsub.f32	s15, s24, s15
 560              	.LVL39:
 561              		.loc 1 128 13 view .LVU112
 562 0044 17EE900A 		vmov	r0, s15
 563              	.LVL40:
 564              		.loc 1 128 13 view .LVU113
 565 0048 FFF7FEFF 		bl	__aeabi_f2d
 566              	.LVL41:
 567              		.loc 1 128 13 view .LVU114
 568 004c 41EC1B0B 		vmov	d11, r0, r1
 569 0050 1AEE900A 		vmov	r0, s21
 570 0054 FFF7FEFF 		bl	__aeabi_f2d
 571              	.LVL42:
 572 0058 B0EE4B1A 		vmov.f32	s2, s22
 573 005c F0EE6B1A 		vmov.f32	s3, s23
 574 0060 41EC100B 		vmov	d0, r0, r1
 575 0064 FFF7FEFF 		bl	atan2
 576              	.LVL43:
 577 0068 51EC100B 		vmov	r0, r1, d0
 578 006c FFF7FEFF 		bl	__aeabi_d2f
 579              	.LVL44:
 580              		.loc 1 128 11 view .LVU115
 581 0070 3060     		str	r0, [r6]	@ float
 129:Core/drogui/src/utils.c **** 
 130:Core/drogui/src/utils.c ****     // pitch (y-axis rotation)
 131:Core/drogui/src/utils.c ****     float sinp = 2 * (q0 * q2 - q3 * q1);
 582              		.loc 1 131 5 is_stmt 1 view .LVU116
 583              		.loc 1 131 26 is_stmt 0 view .LVU117
 584 0072 68EE0A7A 		vmul.f32	s15, s16, s20
 585              		.loc 1 131 36 view .LVU118
 586 0076 29EE287A 		vmul.f32	s14, s18, s17
 587              		.loc 1 131 31 view .LVU119
 588 007a 77EEC77A 		vsub.f32	s15, s15, s14
 589              		.loc 1 131 11 view .LVU120
 590 007e 77EEA77A 		vadd.f32	s15, s15, s15
 591              	.LVL45:
 132:Core/drogui/src/utils.c ****     if (fabs(sinp) >= 1)
 592              		.loc 1 132 5 is_stmt 1 view .LVU121
 593              		.loc 1 132 9 is_stmt 0 view .LVU122
 594 0082 B0EEE77A 		vabs.f32	s14, s15
 595              		.loc 1 132 8 view .LVU123
 596 0086 B4EECC7A 		vcmpe.f32	s14, s24
 597 008a F1EE10FA 		vmrs	APSR_nzcv, FPSCR
 598 008e 34DB     		blt	.L42
 133:Core/drogui/src/utils.c ****         *pitch = copysign(pi / 2, sinp); // use 90 degrees if out of range
 599              		.loc 1 133 9 is_stmt 1 view .LVU124
 600              		.loc 1 133 18 is_stmt 0 view .LVU125
 601 0090 F5EEC07A 		vcmpe.f32	s15, #0
 602 0094 F1EE10FA 		vmrs	APSR_nzcv, FPSCR
 603 0098 2DD4     		bmi	.L45
 604 009a 1F4B     		ldr	r3, .L46
 605              	.L36:
 606              		.loc 1 133 16 discriminator 4 view .LVU126
 607 009c 2B60     		str	r3, [r5]	@ float
ARM GAS  C:\Users\GUILLE~1\AppData\Local\Temp\ccIw8Cdj.s 			page 14


 608              	.LVL46:
 609              	.L38:
 134:Core/drogui/src/utils.c ****     else
 135:Core/drogui/src/utils.c ****         *pitch = asin(sinp);
 136:Core/drogui/src/utils.c **** 
 137:Core/drogui/src/utils.c ****     // yaw (z-axis rotation)
 138:Core/drogui/src/utils.c ****     float siny_cosp = 2 * (q0 * q3 + q1 * q2);
 610              		.loc 1 138 5 is_stmt 1 view .LVU127
 611              		.loc 1 138 31 is_stmt 0 view .LVU128
 612 009e 28EE288A 		vmul.f32	s16, s16, s17
 613              	.LVL47:
 614              		.loc 1 138 41 view .LVU129
 615 00a2 29EE0A9A 		vmul.f32	s18, s18, s20
 616              	.LVL48:
 617              		.loc 1 138 36 view .LVU130
 618 00a6 38EE098A 		vadd.f32	s16, s16, s18
 619              		.loc 1 138 11 view .LVU131
 620 00aa 38EE088A 		vadd.f32	s16, s16, s16
 621              	.LVL49:
 139:Core/drogui/src/utils.c ****     float cosy_cosp = 1 - 2 * (q2 * q2 + q3 * q3);
 622              		.loc 1 139 5 is_stmt 1 view .LVU132
 623              		.loc 1 139 45 is_stmt 0 view .LVU133
 624 00ae 68EEA88A 		vmul.f32	s17, s17, s17
 625              	.LVL50:
 626              		.loc 1 139 40 view .LVU134
 627 00b2 79EEA88A 		vadd.f32	s17, s19, s17
 628              		.loc 1 139 29 view .LVU135
 629 00b6 78EEA88A 		vadd.f32	s17, s17, s17
 630              	.LVL51:
 140:Core/drogui/src/utils.c ****     *yaw = atan2(siny_cosp, cosy_cosp);
 631              		.loc 1 140 5 is_stmt 1 view .LVU136
 632              		.loc 1 140 12 is_stmt 0 view .LVU137
 633 00ba F7EE007A 		vmov.f32	s15, #1.0e+0
 634 00be 77EEE87A 		vsub.f32	s15, s15, s17
 635              	.LVL52:
 636              		.loc 1 140 12 view .LVU138
 637 00c2 17EE900A 		vmov	r0, s15
 638 00c6 FFF7FEFF 		bl	__aeabi_f2d
 639              	.LVL53:
 640              		.loc 1 140 12 view .LVU139
 641 00ca 41EC190B 		vmov	d9, r0, r1
 642 00ce 18EE100A 		vmov	r0, s16
 643 00d2 FFF7FEFF 		bl	__aeabi_f2d
 644              	.LVL54:
 645 00d6 B0EE491A 		vmov.f32	s2, s18
 646 00da F0EE691A 		vmov.f32	s3, s19
 647 00de 41EC100B 		vmov	d0, r0, r1
 648 00e2 FFF7FEFF 		bl	atan2
 649              	.LVL55:
 650 00e6 51EC100B 		vmov	r0, r1, d0
 651 00ea FFF7FEFF 		bl	__aeabi_d2f
 652              	.LVL56:
 653              		.loc 1 140 10 view .LVU140
 654 00ee 2060     		str	r0, [r4]	@ float
 141:Core/drogui/src/utils.c **** }
 655              		.loc 1 141 1 view .LVU141
 656 00f0 BDEC0A8B 		vldm	sp!, {d8-d12}
ARM GAS  C:\Users\GUILLE~1\AppData\Local\Temp\ccIw8Cdj.s 			page 15


 657              	.LCFI14:
 658              		.cfi_remember_state
 659              		.cfi_restore 88
 660              		.cfi_restore 89
 661              		.cfi_restore 86
 662              		.cfi_restore 87
 663              		.cfi_restore 84
 664              		.cfi_restore 85
 665              		.cfi_restore 82
 666              		.cfi_restore 83
 667              		.cfi_restore 80
 668              		.cfi_restore 81
 669              		.cfi_def_cfa_offset 16
 670              	.LVL57:
 671              		.loc 1 141 1 view .LVU142
 672 00f4 70BD     		pop	{r4, r5, r6, pc}
 673              	.LVL58:
 674              	.L45:
 675              	.LCFI15:
 676              		.cfi_restore_state
 133:Core/drogui/src/utils.c ****     else
 677              		.loc 1 133 18 view .LVU143
 678 00f6 094B     		ldr	r3, .L46+4
 679 00f8 D0E7     		b	.L36
 680              	.L42:
 135:Core/drogui/src/utils.c **** 
 681              		.loc 1 135 9 is_stmt 1 view .LVU144
 135:Core/drogui/src/utils.c **** 
 682              		.loc 1 135 18 is_stmt 0 view .LVU145
 683 00fa 17EE900A 		vmov	r0, s15
 684 00fe FFF7FEFF 		bl	__aeabi_f2d
 685              	.LVL59:
 135:Core/drogui/src/utils.c **** 
 686              		.loc 1 135 18 view .LVU146
 687 0102 41EC100B 		vmov	d0, r0, r1
 688 0106 FFF7FEFF 		bl	asin
 689              	.LVL60:
 690 010a 51EC100B 		vmov	r0, r1, d0
 691 010e FFF7FEFF 		bl	__aeabi_d2f
 692              	.LVL61:
 135:Core/drogui/src/utils.c **** 
 693              		.loc 1 135 16 view .LVU147
 694 0112 2860     		str	r0, [r5]	@ float
 695 0114 C3E7     		b	.L38
 696              	.L47:
 697 0116 00BF     		.align	2
 698              	.L46:
 699 0118 DB0FC93F 		.word	1070141403
 700 011c DB0FC9BF 		.word	-1077342245
 701              		.cfi_endproc
 702              	.LFE148:
 704              		.section	.text.rampValue,"ax",%progbits
 705              		.align	1
 706              		.global	rampValue
 707              		.syntax unified
 708              		.thumb
 709              		.thumb_func
ARM GAS  C:\Users\GUILLE~1\AppData\Local\Temp\ccIw8Cdj.s 			page 16


 710              		.fpu fpv5-sp-d16
 712              	rampValue:
 713              	.LVL62:
 714              	.LFB149:
 142:Core/drogui/src/utils.c **** 
 143:Core/drogui/src/utils.c **** 
 144:Core/drogui/src/utils.c **** void rampValue(float *var, float desired, float step){
 715              		.loc 1 144 54 is_stmt 1 view -0
 716              		.cfi_startproc
 717              		@ args = 0, pretend = 0, frame = 0
 718              		@ frame_needed = 0, uses_anonymous_args = 0
 719              		@ link register save eliminated.
 145:Core/drogui/src/utils.c **** 
 146:Core/drogui/src/utils.c ****     (*var) += fabs(desired - (*var) ) >= step  ? copysign(step, desired - (*var)) : (desired - (*va
 720              		.loc 1 146 5 view .LVU149
 721              		.loc 1 146 12 is_stmt 0 view .LVU150
 722 0000 D0ED007A 		vldr.32	s15, [r0]
 723              		.loc 1 146 28 view .LVU151
 724 0004 30EE670A 		vsub.f32	s0, s0, s15
 725              	.LVL63:
 726              		.loc 1 146 15 view .LVU152
 727 0008 B0EEC07A 		vabs.f32	s14, s0
 728              		.loc 1 146 83 view .LVU153
 729 000c B4EEE07A 		vcmpe.f32	s14, s1
 730 0010 F1EE10FA 		vmrs	APSR_nzcv, FPSCR
 731 0014 10DB     		blt	.L49
 732              		.loc 1 146 50 discriminator 1 view .LVU154
 733 0016 F5EEC00A 		vcmpe.f32	s1, #0
 734 001a F1EE10FA 		vmrs	APSR_nzcv, FPSCR
 735 001e 04DD     		ble	.L51
 736              		.loc 1 146 50 discriminator 3 view .LVU155
 737 0020 B5EEC00A 		vcmpe.f32	s0, #0
 738 0024 F1EE10FA 		vmrs	APSR_nzcv, FPSCR
 739 0028 10D4     		bmi	.L53
 740              	.L51:
 741              		.loc 1 146 50 discriminator 6 view .LVU156
 742 002a F5EEC00A 		vcmpe.f32	s1, #0
 743 002e F1EE10FA 		vmrs	APSR_nzcv, FPSCR
 744 0032 06D4     		bmi	.L63
 745              		.loc 1 146 50 view .LVU157
 746 0034 B0EE600A 		vmov.f32	s0, s1
 747              	.L49:
 748              		.loc 1 146 12 discriminator 14 view .LVU158
 749 0038 37EE800A 		vadd.f32	s0, s15, s0
 750 003c 80ED000A 		vstr.32	s0, [r0]
 147:Core/drogui/src/utils.c **** }  ...
 751              		.loc 1 147 1 discriminator 14 view .LVU159
 752 0040 7047     		bx	lr
 753              	.L63:
 146:Core/drogui/src/utils.c ****     (*var) += fabs(desired - (*var) ) >= step  ? copysign(step, desired - (*var)) : (desired - (*va
 754              		.loc 1 146 50 discriminator 7 view .LVU160
 755 0042 B5EEC00A 		vcmpe.f32	s0, #0
 756 0046 F1EE10FA 		vmrs	APSR_nzcv, FPSCR
 757 004a 02DD     		ble	.L62
 758              	.L53:
 146:Core/drogui/src/utils.c ****     (*var) += fabs(desired - (*var) ) >= step  ? copysign(step, desired - (*var)) : (desired - (*va
 759              		.loc 1 146 50 discriminator 9 view .LVU161
ARM GAS  C:\Users\GUILLE~1\AppData\Local\Temp\ccIw8Cdj.s 			page 17


 760 004c B1EE600A 		vneg.f32	s0, s1
 761 0050 F2E7     		b	.L49
 762              	.L62:
 146:Core/drogui/src/utils.c ****     (*var) += fabs(desired - (*var) ) >= step  ? copysign(step, desired - (*var)) : (desired - (*va
 763              		.loc 1 146 50 view .LVU162
 764 0052 B0EE600A 		vmov.f32	s0, s1
 765 0056 EFE7     		b	.L49
 766              		.cfi_endproc
 767              	.LFE149:
 769              		.global	v_5_100
 770              		.global	k_5_100
 771              		.global	sz_5_100
 772              		.global	v_3_10
 773              		.global	k_3_10
 774              		.global	sz_3_10
 775              		.global	v_1_10
 776              		.global	k_1_10
 777              		.global	sz_1_10
 778              		.global	coeffA_50Hz
 779              		.global	coeffB_50Hz
 780              		.global	coeffA_300Hz
 781              		.global	coeffB_300Hz
 782              		.global	coeffA_100Hz
 783              		.global	coeffB_100Hz
 784              		.global	coeffA_150Hz
 785              		.global	coeffB_150Hz
 786              		.global	coeffA_5Hz
 787              		.global	coeffB_5Hz
 788              		.global	coeffA_2Hz
 789              		.global	coeffB_2Hz
 790              		.global	coeffB_8Hz
 791              		.global	coeffA_8Hz
 792              		.global	coeffB_10Hz
 793              		.global	coeffA_10Hz
 794              		.global	security
 795              		.global	i2cReg
 796              		.section	.bss.i2cReg,"aw",%nobits
 797              		.align	2
 798              		.set	.LANCHOR0,. + 0
 801              	i2cReg:
 802 0000 00000000 		.space	1200
 802      00000000 
 802      00000000 
 802      00000000 
 802      00000000 
 803              		.section	.bss.security,"aw",%nobits
 806              	security:
 807 0000 00       		.space	1
 808              		.section	.data.coeffA_100Hz,"aw"
 809              		.align	2
 812              	coeffA_100Hz:
 813 0000 A301C4C0 		.word	-1060896349
 814 0004 C7A98941 		.word	1099540935
 815 0008 1B1EE6C1 		.word	-1041883621
 816 000c 636EF941 		.word	1106865763
 817 0010 4F1EB3C1 		.word	-1045225905
 818 0014 58392641 		.word	1093024088
ARM GAS  C:\Users\GUILLE~1\AppData\Local\Temp\ccIw8Cdj.s 			page 18


 819 0018 242836C0 		.word	-1070192604
 820 001c FD87B43E 		.word	1052018685
 821              		.section	.data.coeffA_10Hz,"aw"
 822              		.align	2
 825              	coeffA_10Hz:
 826 0000 A301C4C0 		.word	-1060896349
 827 0004 C7A98941 		.word	1099540935
 828 0008 1B1EE6C1 		.word	-1041883621
 829 000c 636EF941 		.word	1106865763
 830 0010 4F1EB3C1 		.word	-1045225905
 831 0014 58392641 		.word	1093024088
 832 0018 242836C0 		.word	-1070192604
 833 001c FD87B43E 		.word	1052018685
 834              		.section	.data.coeffA_150Hz,"aw"
 835              		.align	2
 838              	coeffA_150Hz:
 839 0000 DAACAAC0 		.word	-1062556454
 840 0004 B5156641 		.word	1097209269
 841 0008 64DDC5C1 		.word	-1043997340
 842 000c B38CEC41 		.word	1106021555
 843 0010 2742CAC1 		.word	-1043709401
 844 0014 90A07641 		.word	1098293392
 845 0018 8885CEC0 		.word	-1060207224
 846 001c 2BF6D73F 		.word	1071117867
 847 0020 F5DB57BE 		.word	-1101538315
 848              		.section	.data.coeffA_2Hz,"aw"
 849              		.align	2
 852              	coeffA_2Hz:
 853 0000 C66B98C0 		.word	-1063752762
 854 0004 B1951141 		.word	1091671473
 855 0008 FA680BC1 		.word	-1056216838
 856 000c EDD38540 		.word	1082512365
 857 0010 CF0B4EBF 		.word	-1085404209
 858              		.section	.data.coeffA_300Hz,"aw"
 859              		.align	2
 862              	coeffA_300Hz:
 863 0000 4F409B3F 		.word	1067139151
 864 0004 3A236240 		.word	1080173370
 865 0008 80481B40 		.word	1075529856
 866 000c 2F6E7B40 		.word	1081830959
 867 0010 9EEFA73F 		.word	1067970462
 868 0014 30BBE73F 		.word	1072151344
 869 0018 E63FA43D 		.word	1034174438
 870 001c 5F29CB3E 		.word	1053501791
 871 0020 68B36ABD 		.word	-1117080728
 872 0024 EFC9433D 		.word	1027852783
 873              		.section	.data.coeffA_50Hz,"aw"
 874              		.align	2
 877              	coeffA_50Hz:
 878 0000 E201C4C0 		.word	-1060896286
 879 0004 B3A98941 		.word	1099540915
 880 0008 161EE6C1 		.word	-1041883626
 881 000c 636EF941 		.word	1106865763
 882 0010 401EB3C1 		.word	-1045225920
 883 0014 2E392641 		.word	1093024046
 884 0018 F62836C0 		.word	-1070192394
 885 001c 2185B43E 		.word	1052017953
ARM GAS  C:\Users\GUILLE~1\AppData\Local\Temp\ccIw8Cdj.s 			page 19


 886              		.section	.data.coeffA_5Hz,"aw"
 887              		.align	2
 890              	coeffA_5Hz:
 891 0000 E15DC9C0 		.word	-1060545055
 892 0004 814F8941 		.word	1099517825
 893 0008 D84DD2C1 		.word	-1043182120
 894 000c 8C3EC341 		.word	1103314572
 895 0010 B4AB5BC1 		.word	-1050956876
 896 0014 9FA18A40 		.word	1082827167
 897 0018 F06517BF 		.word	-1088985616
 898              		.section	.data.coeffA_8Hz,"aw"
 899              		.align	2
 902              	coeffA_8Hz:
 903 0000 09B4B6C0 		.word	-1061768183
 904 0004 98D16641 		.word	1097257368
 905 0008 87ADA6C1 		.word	-1046041209
 906 000c F2479441 		.word	1100236786
 907 0010 0E4A22C1 		.word	-1054717426
 908 0014 4E2A4A40 		.word	1078602318
 909 0018 6308DDBE 		.word	-1092810653
 910              		.section	.data.coeffB_100Hz,"aw"
 911              		.align	2
 914              	coeffB_100Hz:
 915 0000 7CF2303B 		.word	993063548
 916 0004 96430BBC 		.word	-1140112490
 917 0008 4B59863C 		.word	1015437643
 918 000c 3108ACBC 		.word	-1129576399
 919 0010 363CBD3C 		.word	1019034678
 920 0014 3108ACBC 		.word	-1129576399
 921 0018 4B59863C 		.word	1015437643
 922 001c 96430BBC 		.word	-1140112490
 923 0020 7CF2303B 		.word	993063548
 924              		.section	.data.coeffB_10Hz,"aw"
 925              		.align	2
 928              	coeffB_10Hz:
 929 0000 7CF2303B 		.word	993063548
 930 0004 96430BBC 		.word	-1140112490
 931 0008 4B59863C 		.word	1015437643
 932 000c 3108ACBC 		.word	-1129576399
 933 0010 363CBD3C 		.word	1019034678
 934 0014 3108ACBC 		.word	-1129576399
 935 0018 4B59863C 		.word	1015437643
 936 001c 96430BBC 		.word	-1140112490
 937 0020 7CF2303B 		.word	993063548
 938              		.section	.data.coeffB_150Hz,"aw"
 939              		.align	2
 942              	coeffB_150Hz:
 943 0000 3480B73B 		.word	1001881652
 944 0004 4260E5BB 		.word	-1142595518
 945 0008 96438B3C 		.word	1015759766
 946 000c FAEDEBBB 		.word	-1142166022
 947 0010 0AD7233C 		.word	1008981770
 948 0014 0AD7233C 		.word	1008981770
 949 0018 FAEDEBBB 		.word	-1142166022
 950 001c 96438B3C 		.word	1015759766
 951 0020 4260E5BB 		.word	-1142595518
 952 0024 3480B73B 		.word	1001881652
ARM GAS  C:\Users\GUILLE~1\AppData\Local\Temp\ccIw8Cdj.s 			page 20


 953              		.section	.data.coeffB_2Hz,"aw"
 954              		.align	2
 957              	coeffB_2Hz:
 958 0000 7786153A 		.word	974489207
 959 0004 F167CEBA 		.word	-1160878095
 960 0008 3489843A 		.word	981764404
 961 000c 3489843A 		.word	981764404
 962 0010 F167CEBA 		.word	-1160878095
 963 0014 7786153A 		.word	974489207
 964              		.section	.data.coeffB_300Hz,"aw"
 965              		.align	2
 968              	coeffB_300Hz:
 969 0000 8638563D 		.word	1029060742
 970 0004 23DB993E 		.word	1050270499
 971 0008 2DB26D3F 		.word	1064153645
 972 000c 58A8F53F 		.word	1073064024
 973 0010 06813940 		.word	1077510406
 974 0014 62105440 		.word	1079251042
 975 0018 06813940 		.word	1077510406
 976 001c 58A8F53F 		.word	1073064024
 977 0020 2DB26D3F 		.word	1064153645
 978 0024 23DB993E 		.word	1050270499
 979 0028 8638563D 		.word	1029060742
 980              		.section	.data.coeffB_50Hz,"aw"
 981              		.align	2
 984              	coeffB_50Hz:
 985 0000 F9C2313B 		.word	993116921
 986 0004 3E250BBC 		.word	-1140120258
 987 0008 D149863C 		.word	1015433681
 988 000c 73E9ABBC 		.word	-1129584269
 989 0010 E122BD3C 		.word	1019028193
 990 0014 73E9ABBC 		.word	-1129584269
 991 0018 D149863C 		.word	1015433681
 992 001c 3E250BBC 		.word	-1140120258
 993 0020 F9C2313B 		.word	993116921
 994              		.section	.data.coeffB_5Hz,"aw"
 995              		.align	2
 998              	coeffB_5Hz:
 999 0000 28F2913A 		.word	982643240
 1000 0004 E55893BB 		.word	-1147971355
 1001 0008 FAB7E83B 		.word	1005107194
 1002 000c 751F72BB 		.word	-1150148747
 1003 0010 751F72BB 		.word	-1150148747
 1004 0014 FAB7E83B 		.word	1005107194
 1005 0018 E55893BB 		.word	-1147971355
 1006 001c 28F2913A 		.word	982643240
 1007              		.section	.data.coeffB_8Hz,"aw"
 1008              		.align	2
 1011              	coeffB_8Hz:
 1012 0000 F77A063B 		.word	990280439
 1013 0004 9C3CBEBB 		.word	-1145160548
 1014 0008 6574023C 		.word	1006793829
 1015 000c 29BC6EBB 		.word	-1150370775
 1016 0010 29BC6EBB 		.word	-1150370775
 1017 0014 6574023C 		.word	1006793829
 1018 0018 9C3CBEBB 		.word	-1145160548
 1019 001c F77A063B 		.word	990280439
ARM GAS  C:\Users\GUILLE~1\AppData\Local\Temp\ccIw8Cdj.s 			page 21


 1020              		.section	.data.k_1_10,"aw"
 1021              		.align	2
 1024              	k_1_10:
 1025 0000 EE67A73E 		.word	1051158510
 1026 0004 470E41BF 		.word	-1086255545
 1027 0008 BF42653F 		.word	1063600831
 1028 000c A0DE5EBF 		.word	-1084301664
 1029              		.section	.data.k_3_10,"aw"
 1030              		.align	2
 1033              	k_3_10:
 1034 0000 7804DDBC 		.word	-1126366088
 1035 0004 5A37743E 		.word	1047803738
 1036 0008 9E5ABB3D 		.word	1035688606
 1037 000c 8A465F3F 		.word	1063208586
 1038 0010 AA96B53E 		.word	1052087978
 1039              		.section	.data.k_5_100,"aw"
 1040              		.align	2
 1043              	k_5_100:
 1044 0000 A0EB113F 		.word	1058139040
 1045 0004 8F1D6EBF 		.word	-1083302513
 1046 0008 B817793F 		.word	1064900536
 1047 000c C85E78BF 		.word	-1082630456
 1048              		.section	.data.sz_1_10,"aw"
 1049              		.align	2
 1052              	sz_1_10:
 1053 0000 04000000 		.word	4
 1054              		.section	.data.sz_3_10,"aw"
 1055              		.align	2
 1058              	sz_3_10:
 1059 0000 05000000 		.word	5
 1060              		.section	.data.sz_5_100,"aw"
 1061              		.align	2
 1064              	sz_5_100:
 1065 0000 04000000 		.word	4
 1066              		.section	.data.v_1_10,"aw"
 1067              		.align	2
 1070              	v_1_10:
 1071 0000 8396223C 		.word	1008899715
 1072 0004 BE1E313D 		.word	1026629310
 1073 0008 F510C53D 		.word	1036325109
 1074 000c D2BFCA3D 		.word	1036697554
 1075 0010 A6FB203D 		.word	1025571750
 1076              		.section	.data.v_3_10,"aw"
 1077              		.align	2
 1080              	v_3_10:
 1081 0000 0A87F93D 		.word	1039763210
 1082 0004 0F58E33E 		.word	1055086607
 1083 0008 349C073F 		.word	1057463348
 1084 000c 7BAB963D 		.word	1033284475
 1085 0010 C9181CBE 		.word	-1105454903
 1086 0014 771A21BD 		.word	-1121904009
 1087              		.section	.data.v_5_100,"aw"
 1088              		.align	2
 1091              	v_5_100:
 1092 0000 5F8C2D3B 		.word	992840799
 1093 0004 A860F63B 		.word	1006002344
 1094 0008 83B15D3C 		.word	1012773251
ARM GAS  C:\Users\GUILLE~1\AppData\Local\Temp\ccIw8Cdj.s 			page 22


 1095 000c E01C2D3C 		.word	1009589472
 1096 0010 1BF6AA3B 		.word	1001059867
 1097              		.text
 1098              	.Letext0:
 1099              		.file 2 "c:\\program files (x86)\\gnu arm embedded toolchain\\10 2020-q4-major\\arm-none-eabi\\inc
 1100              		.file 3 "c:\\program files (x86)\\gnu arm embedded toolchain\\10 2020-q4-major\\arm-none-eabi\\inc
 1101              		.file 4 "Core/drogui/include/utils.h"
 1102              		.file 5 "c:\\program files (x86)\\gnu arm embedded toolchain\\10 2020-q4-major\\arm-none-eabi\\inc
ARM GAS  C:\Users\GUILLE~1\AppData\Local\Temp\ccIw8Cdj.s 			page 23


DEFINED SYMBOLS
                            *ABS*:00000000 utils.c
C:\Users\GUILLE~1\AppData\Local\Temp\ccIw8Cdj.s:18     .text.bytestoint32:00000000 $t
C:\Users\GUILLE~1\AppData\Local\Temp\ccIw8Cdj.s:26     .text.bytestoint32:00000000 bytestoint32
C:\Users\GUILLE~1\AppData\Local\Temp\ccIw8Cdj.s:61     .text.int32tobytes:00000000 $t
C:\Users\GUILLE~1\AppData\Local\Temp\ccIw8Cdj.s:68     .text.int32tobytes:00000000 int32tobytes
C:\Users\GUILLE~1\AppData\Local\Temp\ccIw8Cdj.s:100    .text.floattobytes:00000000 $t
C:\Users\GUILLE~1\AppData\Local\Temp\ccIw8Cdj.s:107    .text.floattobytes:00000000 floattobytes
C:\Users\GUILLE~1\AppData\Local\Temp\ccIw8Cdj.s:124    .text.bytestofloat:00000000 $t
C:\Users\GUILLE~1\AppData\Local\Temp\ccIw8Cdj.s:131    .text.bytestofloat:00000000 bytestofloat
C:\Users\GUILLE~1\AppData\Local\Temp\ccIw8Cdj.s:160    .text.getReg:00000000 $t
C:\Users\GUILLE~1\AppData\Local\Temp\ccIw8Cdj.s:167    .text.getReg:00000000 getReg
C:\Users\GUILLE~1\AppData\Local\Temp\ccIw8Cdj.s:230    .text.getReg:0000002c $d
C:\Users\GUILLE~1\AppData\Local\Temp\ccIw8Cdj.s:235    .text.setReg:00000000 $t
C:\Users\GUILLE~1\AppData\Local\Temp\ccIw8Cdj.s:242    .text.setReg:00000000 setReg
C:\Users\GUILLE~1\AppData\Local\Temp\ccIw8Cdj.s:303    .text.setReg:0000002c $d
C:\Users\GUILLE~1\AppData\Local\Temp\ccIw8Cdj.s:313    .text.angle_dif:00000000 $t
C:\Users\GUILLE~1\AppData\Local\Temp\ccIw8Cdj.s:320    .text.angle_dif:00000000 angle_dif
C:\Users\GUILLE~1\AppData\Local\Temp\ccIw8Cdj.s:487    .text.angle_dif:000000f8 $d
C:\Users\GUILLE~1\AppData\Local\Temp\ccIw8Cdj.s:493    .text.getEuler:00000000 $t
C:\Users\GUILLE~1\AppData\Local\Temp\ccIw8Cdj.s:500    .text.getEuler:00000000 getEuler
C:\Users\GUILLE~1\AppData\Local\Temp\ccIw8Cdj.s:699    .text.getEuler:00000118 $d
C:\Users\GUILLE~1\AppData\Local\Temp\ccIw8Cdj.s:705    .text.rampValue:00000000 $t
C:\Users\GUILLE~1\AppData\Local\Temp\ccIw8Cdj.s:712    .text.rampValue:00000000 rampValue
C:\Users\GUILLE~1\AppData\Local\Temp\ccIw8Cdj.s:1091   .data.v_5_100:00000000 v_5_100
C:\Users\GUILLE~1\AppData\Local\Temp\ccIw8Cdj.s:1043   .data.k_5_100:00000000 k_5_100
C:\Users\GUILLE~1\AppData\Local\Temp\ccIw8Cdj.s:1064   .data.sz_5_100:00000000 sz_5_100
C:\Users\GUILLE~1\AppData\Local\Temp\ccIw8Cdj.s:1080   .data.v_3_10:00000000 v_3_10
C:\Users\GUILLE~1\AppData\Local\Temp\ccIw8Cdj.s:1033   .data.k_3_10:00000000 k_3_10
C:\Users\GUILLE~1\AppData\Local\Temp\ccIw8Cdj.s:1058   .data.sz_3_10:00000000 sz_3_10
C:\Users\GUILLE~1\AppData\Local\Temp\ccIw8Cdj.s:1070   .data.v_1_10:00000000 v_1_10
C:\Users\GUILLE~1\AppData\Local\Temp\ccIw8Cdj.s:1024   .data.k_1_10:00000000 k_1_10
C:\Users\GUILLE~1\AppData\Local\Temp\ccIw8Cdj.s:1052   .data.sz_1_10:00000000 sz_1_10
C:\Users\GUILLE~1\AppData\Local\Temp\ccIw8Cdj.s:877    .data.coeffA_50Hz:00000000 coeffA_50Hz
C:\Users\GUILLE~1\AppData\Local\Temp\ccIw8Cdj.s:984    .data.coeffB_50Hz:00000000 coeffB_50Hz
C:\Users\GUILLE~1\AppData\Local\Temp\ccIw8Cdj.s:862    .data.coeffA_300Hz:00000000 coeffA_300Hz
C:\Users\GUILLE~1\AppData\Local\Temp\ccIw8Cdj.s:968    .data.coeffB_300Hz:00000000 coeffB_300Hz
C:\Users\GUILLE~1\AppData\Local\Temp\ccIw8Cdj.s:812    .data.coeffA_100Hz:00000000 coeffA_100Hz
C:\Users\GUILLE~1\AppData\Local\Temp\ccIw8Cdj.s:914    .data.coeffB_100Hz:00000000 coeffB_100Hz
C:\Users\GUILLE~1\AppData\Local\Temp\ccIw8Cdj.s:838    .data.coeffA_150Hz:00000000 coeffA_150Hz
C:\Users\GUILLE~1\AppData\Local\Temp\ccIw8Cdj.s:942    .data.coeffB_150Hz:00000000 coeffB_150Hz
C:\Users\GUILLE~1\AppData\Local\Temp\ccIw8Cdj.s:890    .data.coeffA_5Hz:00000000 coeffA_5Hz
C:\Users\GUILLE~1\AppData\Local\Temp\ccIw8Cdj.s:998    .data.coeffB_5Hz:00000000 coeffB_5Hz
C:\Users\GUILLE~1\AppData\Local\Temp\ccIw8Cdj.s:852    .data.coeffA_2Hz:00000000 coeffA_2Hz
C:\Users\GUILLE~1\AppData\Local\Temp\ccIw8Cdj.s:957    .data.coeffB_2Hz:00000000 coeffB_2Hz
C:\Users\GUILLE~1\AppData\Local\Temp\ccIw8Cdj.s:1011   .data.coeffB_8Hz:00000000 coeffB_8Hz
C:\Users\GUILLE~1\AppData\Local\Temp\ccIw8Cdj.s:902    .data.coeffA_8Hz:00000000 coeffA_8Hz
C:\Users\GUILLE~1\AppData\Local\Temp\ccIw8Cdj.s:928    .data.coeffB_10Hz:00000000 coeffB_10Hz
C:\Users\GUILLE~1\AppData\Local\Temp\ccIw8Cdj.s:825    .data.coeffA_10Hz:00000000 coeffA_10Hz
C:\Users\GUILLE~1\AppData\Local\Temp\ccIw8Cdj.s:806    .bss.security:00000000 security
C:\Users\GUILLE~1\AppData\Local\Temp\ccIw8Cdj.s:801    .bss.i2cReg:00000000 i2cReg
C:\Users\GUILLE~1\AppData\Local\Temp\ccIw8Cdj.s:797    .bss.i2cReg:00000000 $d
C:\Users\GUILLE~1\AppData\Local\Temp\ccIw8Cdj.s:807    .bss.security:00000000 $d
C:\Users\GUILLE~1\AppData\Local\Temp\ccIw8Cdj.s:809    .data.coeffA_100Hz:00000000 $d
C:\Users\GUILLE~1\AppData\Local\Temp\ccIw8Cdj.s:822    .data.coeffA_10Hz:00000000 $d
C:\Users\GUILLE~1\AppData\Local\Temp\ccIw8Cdj.s:835    .data.coeffA_150Hz:00000000 $d
C:\Users\GUILLE~1\AppData\Local\Temp\ccIw8Cdj.s:849    .data.coeffA_2Hz:00000000 $d
ARM GAS  C:\Users\GUILLE~1\AppData\Local\Temp\ccIw8Cdj.s 			page 24


C:\Users\GUILLE~1\AppData\Local\Temp\ccIw8Cdj.s:859    .data.coeffA_300Hz:00000000 $d
C:\Users\GUILLE~1\AppData\Local\Temp\ccIw8Cdj.s:874    .data.coeffA_50Hz:00000000 $d
C:\Users\GUILLE~1\AppData\Local\Temp\ccIw8Cdj.s:887    .data.coeffA_5Hz:00000000 $d
C:\Users\GUILLE~1\AppData\Local\Temp\ccIw8Cdj.s:899    .data.coeffA_8Hz:00000000 $d
C:\Users\GUILLE~1\AppData\Local\Temp\ccIw8Cdj.s:911    .data.coeffB_100Hz:00000000 $d
C:\Users\GUILLE~1\AppData\Local\Temp\ccIw8Cdj.s:925    .data.coeffB_10Hz:00000000 $d
C:\Users\GUILLE~1\AppData\Local\Temp\ccIw8Cdj.s:939    .data.coeffB_150Hz:00000000 $d
C:\Users\GUILLE~1\AppData\Local\Temp\ccIw8Cdj.s:954    .data.coeffB_2Hz:00000000 $d
C:\Users\GUILLE~1\AppData\Local\Temp\ccIw8Cdj.s:965    .data.coeffB_300Hz:00000000 $d
C:\Users\GUILLE~1\AppData\Local\Temp\ccIw8Cdj.s:981    .data.coeffB_50Hz:00000000 $d
C:\Users\GUILLE~1\AppData\Local\Temp\ccIw8Cdj.s:995    .data.coeffB_5Hz:00000000 $d
C:\Users\GUILLE~1\AppData\Local\Temp\ccIw8Cdj.s:1008   .data.coeffB_8Hz:00000000 $d
C:\Users\GUILLE~1\AppData\Local\Temp\ccIw8Cdj.s:1021   .data.k_1_10:00000000 $d
C:\Users\GUILLE~1\AppData\Local\Temp\ccIw8Cdj.s:1030   .data.k_3_10:00000000 $d
C:\Users\GUILLE~1\AppData\Local\Temp\ccIw8Cdj.s:1040   .data.k_5_100:00000000 $d
C:\Users\GUILLE~1\AppData\Local\Temp\ccIw8Cdj.s:1049   .data.sz_1_10:00000000 $d
C:\Users\GUILLE~1\AppData\Local\Temp\ccIw8Cdj.s:1055   .data.sz_3_10:00000000 $d
C:\Users\GUILLE~1\AppData\Local\Temp\ccIw8Cdj.s:1061   .data.sz_5_100:00000000 $d
C:\Users\GUILLE~1\AppData\Local\Temp\ccIw8Cdj.s:1067   .data.v_1_10:00000000 $d
C:\Users\GUILLE~1\AppData\Local\Temp\ccIw8Cdj.s:1077   .data.v_3_10:00000000 $d
C:\Users\GUILLE~1\AppData\Local\Temp\ccIw8Cdj.s:1088   .data.v_5_100:00000000 $d

UNDEFINED SYMBOLS
__aeabi_f2d
__aeabi_dsub
__aeabi_dadd
__aeabi_dcmpgt
__aeabi_d2f
atan2
asin
