ARM GAS  C:\Users\GUILLE~1\AppData\Local\Temp\ccy0uDXj.s 			page 1


   1              		.cpu cortex-m7
   2              		.eabi_attribute 27, 1
   3              		.eabi_attribute 28, 1
   4              		.eabi_attribute 20, 1
   5              		.eabi_attribute 21, 1
   6              		.eabi_attribute 23, 3
   7              		.eabi_attribute 24, 1
   8              		.eabi_attribute 25, 1
   9              		.eabi_attribute 26, 1
  10              		.eabi_attribute 30, 1
  11              		.eabi_attribute 34, 1
  12              		.eabi_attribute 18, 4
  13              		.file	"drogui.c"
  14              		.text
  15              	.Ltext0:
  16              		.cfi_sections	.debug_frame
  17              		.section	.rodata._main.str1.4,"aMS",%progbits,1
  18              		.align	2
  19              	.LC0:
  20 0000 53746172 		.ascii	"Start System\012\000"
  20      74205379 
  20      7374656D 
  20      0A00
  21              		.section	.text._main,"ax",%progbits
  22              		.align	1
  23              		.global	_main
  24              		.arch armv7e-m
  25              		.syntax unified
  26              		.thumb
  27              		.thumb_func
  28              		.fpu fpv5-sp-d16
  30              	_main:
  31              	.LFB279:
  32              		.file 1 "Core/drogui/drogui.c"
   1:Core/drogui/drogui.c **** #define DROGUI
   2:Core/drogui/drogui.c **** #ifdef DROGUI
   3:Core/drogui/drogui.c **** #include "_main.h"
   4:Core/drogui/drogui.c **** #include "tim.h"
   5:Core/drogui/drogui.c **** #include "sensorsTasks.h"
   6:Core/drogui/drogui.c **** #include "controlTasks.h"
   7:Core/drogui/drogui.c **** #include "debugTasks.h"
   8:Core/drogui/drogui.c **** #include "task.h"
   9:Core/drogui/drogui.c **** #include "serial.h"
  10:Core/drogui/drogui.c **** #include "usart.h"
  11:Core/drogui/drogui.c **** #include "macros.h"
  12:Core/drogui/drogui.c **** char auxbuff[50];
  13:Core/drogui/drogui.c **** void _main(){
  33              		.loc 1 13 13 view -0
  34              		.cfi_startproc
  35              		@ args = 0, pretend = 0, frame = 0
  36              		@ frame_needed = 0, uses_anonymous_args = 0
  37 0000 10B5     		push	{r4, lr}
  38              	.LCFI0:
  39              		.cfi_def_cfa_offset 8
  40              		.cfi_offset 4, -8
  41              		.cfi_offset 14, -4
  14:Core/drogui/drogui.c ****     serialsBegin();
ARM GAS  C:\Users\GUILLE~1\AppData\Local\Temp\ccy0uDXj.s 			page 2


  42              		.loc 1 14 5 view .LVU1
  43 0002 FFF7FEFF 		bl	serialsBegin
  44              	.LVL0:
  15:Core/drogui/drogui.c ****     changeBaudrate(SER_DBG, 2000000);
  45              		.loc 1 15 5 view .LVU2
  46 0006 0D4C     		ldr	r4, .L3
  47 0008 0D49     		ldr	r1, .L3+4
  48 000a 2046     		mov	r0, r4
  49 000c FFF7FEFF 		bl	changeBaudrate
  50              	.LVL1:
  16:Core/drogui/drogui.c ****     HAL_GPIO_WritePin(LED2_GPIO_Port, LED2_Pin, GPIO_PIN_SET);
  51              		.loc 1 16 5 view .LVU3
  52 0010 0122     		movs	r2, #1
  53 0012 1146     		mov	r1, r2
  54 0014 0B48     		ldr	r0, .L3+8
  55 0016 FFF7FEFF 		bl	HAL_GPIO_WritePin
  56              	.LVL2:
  17:Core/drogui/drogui.c ****     HAL_Delay(1000);
  57              		.loc 1 17 5 view .LVU4
  58 001a 4FF47A70 		mov	r0, #1000
  59 001e FFF7FEFF 		bl	HAL_Delay
  60              	.LVL3:
  18:Core/drogui/drogui.c **** 
  19:Core/drogui/drogui.c ****     serialPrint(SER_DBG, "Start System\n");
  61              		.loc 1 19 5 view .LVU5
  62 0022 0949     		ldr	r1, .L3+12
  63 0024 2046     		mov	r0, r4
  64 0026 FFF7FEFF 		bl	serialPrint
  65              	.LVL4:
  20:Core/drogui/drogui.c **** 
  21:Core/drogui/drogui.c ****     initDebug();
  66              		.loc 1 21 5 view .LVU6
  67 002a FFF7FEFF 		bl	initDebug
  68              	.LVL5:
  22:Core/drogui/drogui.c ****     initControlTasks();
  69              		.loc 1 22 5 view .LVU7
  70 002e FFF7FEFF 		bl	initControlTasks
  71              	.LVL6:
  23:Core/drogui/drogui.c ****     initSensorsTasks();
  72              		.loc 1 23 5 view .LVU8
  73 0032 FFF7FEFF 		bl	initSensorsTasks
  74              	.LVL7:
  24:Core/drogui/drogui.c **** 
  25:Core/drogui/drogui.c ****     initRTOS();
  75              		.loc 1 25 5 view .LVU9
  76 0036 FFF7FEFF 		bl	initRTOS
  77              	.LVL8:
  26:Core/drogui/drogui.c **** }
  78              		.loc 1 26 1 is_stmt 0 view .LVU10
  79 003a 10BD     		pop	{r4, pc}
  80              	.L4:
  81              		.align	2
  82              	.L3:
  83 003c 00000000 		.word	serial3
  84 0040 80841E00 		.word	2000000
  85 0044 00100240 		.word	1073876992
  86 0048 00000000 		.word	.LC0
ARM GAS  C:\Users\GUILLE~1\AppData\Local\Temp\ccy0uDXj.s 			page 3


  87              		.cfi_endproc
  88              	.LFE279:
  90              		.global	auxbuff
  91              		.section	.bss.auxbuff,"aw",%nobits
  92              		.align	2
  95              	auxbuff:
  96 0000 00000000 		.space	50
  96      00000000 
  96      00000000 
  96      00000000 
  96      00000000 
  97              		.text
  98              	.Letext0:
  99              		.file 2 "c:\\program files (x86)\\gnu arm embedded toolchain\\10 2020-q4-major\\arm-none-eabi\\inc
 100              		.file 3 "c:\\program files (x86)\\gnu arm embedded toolchain\\10 2020-q4-major\\arm-none-eabi\\inc
 101              		.file 4 "Drivers/CMSIS/Device/ST/STM32F7xx/Include/stm32f746xx.h"
 102              		.file 5 "Core/drogui/interfaces/include/serial.h"
 103              		.file 6 "Drivers/STM32F7xx_HAL_Driver/Inc/stm32f7xx_hal_gpio.h"
 104              		.file 7 "Drivers/STM32F7xx_HAL_Driver/Inc/stm32f7xx_hal.h"
 105              		.file 8 "Core/drogui/task/include/debugTasks.h"
 106              		.file 9 "Core/drogui/task/include/controlTasks.h"
 107              		.file 10 "Core/drogui/task/include/sensorsTasks.h"
 108              		.file 11 "Core/drogui/utils/include/task.h"
ARM GAS  C:\Users\GUILLE~1\AppData\Local\Temp\ccy0uDXj.s 			page 4


DEFINED SYMBOLS
                            *ABS*:00000000 drogui.c
C:\Users\GUILLE~1\AppData\Local\Temp\ccy0uDXj.s:18     .rodata._main.str1.4:00000000 $d
C:\Users\GUILLE~1\AppData\Local\Temp\ccy0uDXj.s:22     .text._main:00000000 $t
C:\Users\GUILLE~1\AppData\Local\Temp\ccy0uDXj.s:30     .text._main:00000000 _main
C:\Users\GUILLE~1\AppData\Local\Temp\ccy0uDXj.s:83     .text._main:0000003c $d
C:\Users\GUILLE~1\AppData\Local\Temp\ccy0uDXj.s:95     .bss.auxbuff:00000000 auxbuff
C:\Users\GUILLE~1\AppData\Local\Temp\ccy0uDXj.s:92     .bss.auxbuff:00000000 $d

UNDEFINED SYMBOLS
serialsBegin
changeBaudrate
HAL_GPIO_WritePin
HAL_Delay
serialPrint
initDebug
initControlTasks
initSensorsTasks
initRTOS
serial3
