ARM GAS  C:\Users\GUILLE~1\AppData\Local\Temp\ccQfDdDu.s 			page 1


   1              		.cpu cortex-m7
   2              		.eabi_attribute 27, 1
   3              		.eabi_attribute 28, 1
   4              		.eabi_attribute 20, 1
   5              		.eabi_attribute 21, 1
   6              		.eabi_attribute 23, 3
   7              		.eabi_attribute 24, 1
   8              		.eabi_attribute 25, 1
   9              		.eabi_attribute 26, 1
  10              		.eabi_attribute 30, 1
  11              		.eabi_attribute 34, 1
  12              		.eabi_attribute 18, 4
  13              		.file	"gpio.c"
  14              		.text
  15              	.Ltext0:
  16              		.cfi_sections	.debug_frame
  17              		.section	.text.MX_GPIO_Init,"ax",%progbits
  18              		.align	1
  19              		.global	MX_GPIO_Init
  20              		.arch armv7e-m
  21              		.syntax unified
  22              		.thumb
  23              		.thumb_func
  24              		.fpu fpv5-sp-d16
  26              	MX_GPIO_Init:
  27              	.LFB246:
  28              		.file 1 "Core/Src/gpio.c"
   1:Core/Src/gpio.c **** /**
   2:Core/Src/gpio.c ****   ******************************************************************************
   3:Core/Src/gpio.c ****   * @file    gpio.c
   4:Core/Src/gpio.c ****   * @brief   This file provides code for the configuration
   5:Core/Src/gpio.c ****   *          of all used GPIO pins.
   6:Core/Src/gpio.c ****   ******************************************************************************
   7:Core/Src/gpio.c ****   * @attention
   8:Core/Src/gpio.c ****   *
   9:Core/Src/gpio.c ****   * <h2><center>&copy; Copyright (c) 2021 STMicroelectronics.
  10:Core/Src/gpio.c ****   * All rights reserved.</center></h2>
  11:Core/Src/gpio.c ****   *
  12:Core/Src/gpio.c ****   * This software component is licensed by ST under BSD 3-Clause license,
  13:Core/Src/gpio.c ****   * the "License"; You may not use this file except in compliance with the
  14:Core/Src/gpio.c ****   * License. You may obtain a copy of the License at:
  15:Core/Src/gpio.c ****   *                        opensource.org/licenses/BSD-3-Clause
  16:Core/Src/gpio.c ****   *
  17:Core/Src/gpio.c ****   ******************************************************************************
  18:Core/Src/gpio.c ****   */
  19:Core/Src/gpio.c **** 
  20:Core/Src/gpio.c **** /* Includes ------------------------------------------------------------------*/
  21:Core/Src/gpio.c **** #include "gpio.h"
  22:Core/Src/gpio.c **** 
  23:Core/Src/gpio.c **** /* USER CODE BEGIN 0 */
  24:Core/Src/gpio.c **** 
  25:Core/Src/gpio.c **** /* USER CODE END 0 */
  26:Core/Src/gpio.c **** 
  27:Core/Src/gpio.c **** /*----------------------------------------------------------------------------*/
  28:Core/Src/gpio.c **** /* Configure GPIO                                                             */
  29:Core/Src/gpio.c **** /*----------------------------------------------------------------------------*/
  30:Core/Src/gpio.c **** /* USER CODE BEGIN 1 */
ARM GAS  C:\Users\GUILLE~1\AppData\Local\Temp\ccQfDdDu.s 			page 2


  31:Core/Src/gpio.c **** 
  32:Core/Src/gpio.c **** /* USER CODE END 1 */
  33:Core/Src/gpio.c **** 
  34:Core/Src/gpio.c **** /** Configure pins
  35:Core/Src/gpio.c **** */
  36:Core/Src/gpio.c **** void MX_GPIO_Init(void)
  37:Core/Src/gpio.c **** {
  29              		.loc 1 37 1 view -0
  30              		.cfi_startproc
  31              		@ args = 0, pretend = 0, frame = 40
  32              		@ frame_needed = 0, uses_anonymous_args = 0
  33 0000 F0B5     		push	{r4, r5, r6, r7, lr}
  34              	.LCFI0:
  35              		.cfi_def_cfa_offset 20
  36              		.cfi_offset 4, -20
  37              		.cfi_offset 5, -16
  38              		.cfi_offset 6, -12
  39              		.cfi_offset 7, -8
  40              		.cfi_offset 14, -4
  41 0002 8BB0     		sub	sp, sp, #44
  42              	.LCFI1:
  43              		.cfi_def_cfa_offset 64
  38:Core/Src/gpio.c **** 
  39:Core/Src/gpio.c ****   GPIO_InitTypeDef GPIO_InitStruct = {0};
  44              		.loc 1 39 3 view .LVU1
  45              		.loc 1 39 20 is_stmt 0 view .LVU2
  46 0004 0024     		movs	r4, #0
  47 0006 0594     		str	r4, [sp, #20]
  48 0008 0694     		str	r4, [sp, #24]
  49 000a 0794     		str	r4, [sp, #28]
  50 000c 0894     		str	r4, [sp, #32]
  51 000e 0994     		str	r4, [sp, #36]
  40:Core/Src/gpio.c **** 
  41:Core/Src/gpio.c ****   /* GPIO Ports Clock Enable */
  42:Core/Src/gpio.c ****   __HAL_RCC_GPIOE_CLK_ENABLE();
  52              		.loc 1 42 3 is_stmt 1 view .LVU3
  53              	.LBB2:
  54              		.loc 1 42 3 view .LVU4
  55              		.loc 1 42 3 view .LVU5
  56 0010 274B     		ldr	r3, .L3
  57 0012 1A6B     		ldr	r2, [r3, #48]
  58 0014 42F01002 		orr	r2, r2, #16
  59 0018 1A63     		str	r2, [r3, #48]
  60              		.loc 1 42 3 view .LVU6
  61 001a 1A6B     		ldr	r2, [r3, #48]
  62 001c 02F01002 		and	r2, r2, #16
  63 0020 0092     		str	r2, [sp]
  64              		.loc 1 42 3 view .LVU7
  65 0022 009A     		ldr	r2, [sp]
  66              	.LBE2:
  67              		.loc 1 42 3 view .LVU8
  43:Core/Src/gpio.c ****   __HAL_RCC_GPIOA_CLK_ENABLE();
  68              		.loc 1 43 3 view .LVU9
  69              	.LBB3:
  70              		.loc 1 43 3 view .LVU10
  71              		.loc 1 43 3 view .LVU11
  72 0024 1A6B     		ldr	r2, [r3, #48]
ARM GAS  C:\Users\GUILLE~1\AppData\Local\Temp\ccQfDdDu.s 			page 3


  73 0026 42F00102 		orr	r2, r2, #1
  74 002a 1A63     		str	r2, [r3, #48]
  75              		.loc 1 43 3 view .LVU12
  76 002c 1A6B     		ldr	r2, [r3, #48]
  77 002e 02F00102 		and	r2, r2, #1
  78 0032 0192     		str	r2, [sp, #4]
  79              		.loc 1 43 3 view .LVU13
  80 0034 019A     		ldr	r2, [sp, #4]
  81              	.LBE3:
  82              		.loc 1 43 3 view .LVU14
  44:Core/Src/gpio.c ****   __HAL_RCC_GPIOD_CLK_ENABLE();
  83              		.loc 1 44 3 view .LVU15
  84              	.LBB4:
  85              		.loc 1 44 3 view .LVU16
  86              		.loc 1 44 3 view .LVU17
  87 0036 1A6B     		ldr	r2, [r3, #48]
  88 0038 42F00802 		orr	r2, r2, #8
  89 003c 1A63     		str	r2, [r3, #48]
  90              		.loc 1 44 3 view .LVU18
  91 003e 1A6B     		ldr	r2, [r3, #48]
  92 0040 02F00802 		and	r2, r2, #8
  93 0044 0292     		str	r2, [sp, #8]
  94              		.loc 1 44 3 view .LVU19
  95 0046 029A     		ldr	r2, [sp, #8]
  96              	.LBE4:
  97              		.loc 1 44 3 view .LVU20
  45:Core/Src/gpio.c ****   __HAL_RCC_GPIOC_CLK_ENABLE();
  98              		.loc 1 45 3 view .LVU21
  99              	.LBB5:
 100              		.loc 1 45 3 view .LVU22
 101              		.loc 1 45 3 view .LVU23
 102 0048 1A6B     		ldr	r2, [r3, #48]
 103 004a 42F00402 		orr	r2, r2, #4
 104 004e 1A63     		str	r2, [r3, #48]
 105              		.loc 1 45 3 view .LVU24
 106 0050 1A6B     		ldr	r2, [r3, #48]
 107 0052 02F00402 		and	r2, r2, #4
 108 0056 0392     		str	r2, [sp, #12]
 109              		.loc 1 45 3 view .LVU25
 110 0058 039A     		ldr	r2, [sp, #12]
 111              	.LBE5:
 112              		.loc 1 45 3 view .LVU26
  46:Core/Src/gpio.c ****   __HAL_RCC_GPIOB_CLK_ENABLE();
 113              		.loc 1 46 3 view .LVU27
 114              	.LBB6:
 115              		.loc 1 46 3 view .LVU28
 116              		.loc 1 46 3 view .LVU29
 117 005a 1A6B     		ldr	r2, [r3, #48]
 118 005c 42F00202 		orr	r2, r2, #2
 119 0060 1A63     		str	r2, [r3, #48]
 120              		.loc 1 46 3 view .LVU30
 121 0062 1B6B     		ldr	r3, [r3, #48]
 122 0064 03F00203 		and	r3, r3, #2
 123 0068 0493     		str	r3, [sp, #16]
 124              		.loc 1 46 3 view .LVU31
 125 006a 049B     		ldr	r3, [sp, #16]
 126              	.LBE6:
ARM GAS  C:\Users\GUILLE~1\AppData\Local\Temp\ccQfDdDu.s 			page 4


 127              		.loc 1 46 3 view .LVU32
  47:Core/Src/gpio.c **** 
  48:Core/Src/gpio.c ****   /*Configure GPIO pin Output Level */
  49:Core/Src/gpio.c ****   HAL_GPIO_WritePin(GPIOE, LED1_Pin|LED2_Pin, GPIO_PIN_RESET);
 128              		.loc 1 49 3 view .LVU33
 129 006c 114F     		ldr	r7, .L3+4
 130 006e 2246     		mov	r2, r4
 131 0070 0521     		movs	r1, #5
 132 0072 3846     		mov	r0, r7
 133 0074 FFF7FEFF 		bl	HAL_GPIO_WritePin
 134              	.LVL0:
  50:Core/Src/gpio.c **** 
  51:Core/Src/gpio.c ****   /*Configure GPIO pin Output Level */
  52:Core/Src/gpio.c ****   HAL_GPIO_WritePin(BAT_EN_GPIO_Port, BAT_EN_Pin, GPIO_PIN_RESET);
 135              		.loc 1 52 3 view .LVU34
 136 0078 0F4D     		ldr	r5, .L3+8
 137 007a 2246     		mov	r2, r4
 138 007c 0821     		movs	r1, #8
 139 007e 2846     		mov	r0, r5
 140 0080 FFF7FEFF 		bl	HAL_GPIO_WritePin
 141              	.LVL1:
  53:Core/Src/gpio.c **** 
  54:Core/Src/gpio.c ****   /*Configure GPIO pins : PEPin PEPin */
  55:Core/Src/gpio.c ****   GPIO_InitStruct.Pin = LED1_Pin|LED2_Pin;
 142              		.loc 1 55 3 view .LVU35
 143              		.loc 1 55 23 is_stmt 0 view .LVU36
 144 0084 0523     		movs	r3, #5
 145 0086 0593     		str	r3, [sp, #20]
  56:Core/Src/gpio.c ****   GPIO_InitStruct.Mode = GPIO_MODE_OUTPUT_PP;
 146              		.loc 1 56 3 is_stmt 1 view .LVU37
 147              		.loc 1 56 24 is_stmt 0 view .LVU38
 148 0088 0126     		movs	r6, #1
 149 008a 0696     		str	r6, [sp, #24]
  57:Core/Src/gpio.c ****   GPIO_InitStruct.Pull = GPIO_NOPULL;
 150              		.loc 1 57 3 is_stmt 1 view .LVU39
 151              		.loc 1 57 24 is_stmt 0 view .LVU40
 152 008c 0794     		str	r4, [sp, #28]
  58:Core/Src/gpio.c ****   GPIO_InitStruct.Speed = GPIO_SPEED_FREQ_HIGH;
 153              		.loc 1 58 3 is_stmt 1 view .LVU41
 154              		.loc 1 58 25 is_stmt 0 view .LVU42
 155 008e 0223     		movs	r3, #2
 156 0090 0893     		str	r3, [sp, #32]
  59:Core/Src/gpio.c ****   HAL_GPIO_Init(GPIOE, &GPIO_InitStruct);
 157              		.loc 1 59 3 is_stmt 1 view .LVU43
 158 0092 05A9     		add	r1, sp, #20
 159 0094 3846     		mov	r0, r7
 160 0096 FFF7FEFF 		bl	HAL_GPIO_Init
 161              	.LVL2:
  60:Core/Src/gpio.c **** 
  61:Core/Src/gpio.c ****   /*Configure GPIO pin : PtPin */
  62:Core/Src/gpio.c ****   GPIO_InitStruct.Pin = BAT_EN_Pin;
 162              		.loc 1 62 3 view .LVU44
 163              		.loc 1 62 23 is_stmt 0 view .LVU45
 164 009a 0823     		movs	r3, #8
 165 009c 0593     		str	r3, [sp, #20]
  63:Core/Src/gpio.c ****   GPIO_InitStruct.Mode = GPIO_MODE_OUTPUT_PP;
 166              		.loc 1 63 3 is_stmt 1 view .LVU46
ARM GAS  C:\Users\GUILLE~1\AppData\Local\Temp\ccQfDdDu.s 			page 5


 167              		.loc 1 63 24 is_stmt 0 view .LVU47
 168 009e 0696     		str	r6, [sp, #24]
  64:Core/Src/gpio.c ****   GPIO_InitStruct.Pull = GPIO_NOPULL;
 169              		.loc 1 64 3 is_stmt 1 view .LVU48
 170              		.loc 1 64 24 is_stmt 0 view .LVU49
 171 00a0 0794     		str	r4, [sp, #28]
  65:Core/Src/gpio.c ****   GPIO_InitStruct.Speed = GPIO_SPEED_FREQ_LOW;
 172              		.loc 1 65 3 is_stmt 1 view .LVU50
 173              		.loc 1 65 25 is_stmt 0 view .LVU51
 174 00a2 0894     		str	r4, [sp, #32]
  66:Core/Src/gpio.c ****   HAL_GPIO_Init(BAT_EN_GPIO_Port, &GPIO_InitStruct);
 175              		.loc 1 66 3 is_stmt 1 view .LVU52
 176 00a4 05A9     		add	r1, sp, #20
 177 00a6 2846     		mov	r0, r5
 178 00a8 FFF7FEFF 		bl	HAL_GPIO_Init
 179              	.LVL3:
  67:Core/Src/gpio.c **** 
  68:Core/Src/gpio.c **** }
 180              		.loc 1 68 1 is_stmt 0 view .LVU53
 181 00ac 0BB0     		add	sp, sp, #44
 182              	.LCFI2:
 183              		.cfi_def_cfa_offset 20
 184              		@ sp needed
 185 00ae F0BD     		pop	{r4, r5, r6, r7, pc}
 186              	.L4:
 187              		.align	2
 188              	.L3:
 189 00b0 00380240 		.word	1073887232
 190 00b4 00100240 		.word	1073876992
 191 00b8 00000240 		.word	1073872896
 192              		.cfi_endproc
 193              	.LFE246:
 195              		.text
 196              	.Letext0:
 197              		.file 2 "c:\\program files (x86)\\gnu arm embedded toolchain\\10 2020-q4-major\\arm-none-eabi\\inc
 198              		.file 3 "c:\\program files (x86)\\gnu arm embedded toolchain\\10 2020-q4-major\\arm-none-eabi\\inc
 199              		.file 4 "Drivers/CMSIS/Device/ST/STM32F7xx/Include/stm32f746xx.h"
 200              		.file 5 "Drivers/STM32F7xx_HAL_Driver/Inc/stm32f7xx_hal_gpio.h"
ARM GAS  C:\Users\GUILLE~1\AppData\Local\Temp\ccQfDdDu.s 			page 6


DEFINED SYMBOLS
                            *ABS*:00000000 gpio.c
C:\Users\GUILLE~1\AppData\Local\Temp\ccQfDdDu.s:18     .text.MX_GPIO_Init:00000000 $t
C:\Users\GUILLE~1\AppData\Local\Temp\ccQfDdDu.s:26     .text.MX_GPIO_Init:00000000 MX_GPIO_Init
C:\Users\GUILLE~1\AppData\Local\Temp\ccQfDdDu.s:189    .text.MX_GPIO_Init:000000b0 $d

UNDEFINED SYMBOLS
HAL_GPIO_WritePin
HAL_GPIO_Init
