ARM GAS  C:\Users\GUILLE~1\AppData\Local\Temp\cckxBNNf.s 			page 1


   1              		.cpu cortex-m7
   2              		.eabi_attribute 27, 1
   3              		.eabi_attribute 28, 1
   4              		.eabi_attribute 20, 1
   5              		.eabi_attribute 21, 1
   6              		.eabi_attribute 23, 3
   7              		.eabi_attribute 24, 1
   8              		.eabi_attribute 25, 1
   9              		.eabi_attribute 26, 1
  10              		.eabi_attribute 30, 1
  11              		.eabi_attribute 34, 1
  12              		.eabi_attribute 18, 4
  13              		.file	"debugTasks.c"
  14              		.text
  15              	.Ltext0:
  16              		.cfi_sections	.debug_frame
  17              		.section	.text.blinkTask,"ax",%progbits
  18              		.align	1
  19              		.global	blinkTask
  20              		.arch armv7e-m
  21              		.syntax unified
  22              		.thumb
  23              		.thumb_func
  24              		.fpu fpv5-sp-d16
  26              	blinkTask:
  27              	.LVL0:
  28              	.LFB174:
  29              		.file 1 "Core/drogui/src/debugTasks.c"
   1:Core/drogui/src/debugTasks.c **** #include "debugTasks.h"
   2:Core/drogui/src/debugTasks.c **** #include "utils.h"
   3:Core/drogui/src/debugTasks.c **** #include "serial.h"
   4:Core/drogui/src/debugTasks.c **** #include "sensorsTasks.h"
   5:Core/drogui/src/debugTasks.c **** #include "controlTasks.h"
   6:Core/drogui/src/debugTasks.c **** #include "task.h"
   7:Core/drogui/src/debugTasks.c **** #include "filter.h"
   8:Core/drogui/src/debugTasks.c **** 
   9:Core/drogui/src/debugTasks.c **** void blinkTask(void *argument){
  30              		.loc 1 9 31 view -0
  31              		.cfi_startproc
  32              		@ args = 0, pretend = 0, frame = 0
  33              		@ frame_needed = 0, uses_anonymous_args = 0
  34              		.loc 1 9 31 is_stmt 0 view .LVU1
  35 0000 08B5     		push	{r3, lr}
  36              	.LCFI0:
  37              		.cfi_def_cfa_offset 8
  38              		.cfi_offset 3, -8
  39              		.cfi_offset 14, -4
  10:Core/drogui/src/debugTasks.c ****     HAL_GPIO_TogglePin(LED2_GPIO_Port, LED2_Pin);
  40              		.loc 1 10 5 is_stmt 1 view .LVU2
  41 0002 0121     		movs	r1, #1
  42 0004 0148     		ldr	r0, .L3
  43              	.LVL1:
  44              		.loc 1 10 5 is_stmt 0 view .LVU3
  45 0006 FFF7FEFF 		bl	HAL_GPIO_TogglePin
  46              	.LVL2:
  11:Core/drogui/src/debugTasks.c **** }
  47              		.loc 1 11 1 view .LVU4
ARM GAS  C:\Users\GUILLE~1\AppData\Local\Temp\cckxBNNf.s 			page 2


  48 000a 08BD     		pop	{r3, pc}
  49              	.L4:
  50              		.align	2
  51              	.L3:
  52 000c 00100240 		.word	1073876992
  53              		.cfi_endproc
  54              	.LFE174:
  56              		.global	__aeabi_f2d
  57              		.section	.rodata.debugTask.str1.4,"aMS",%progbits,1
  58              		.align	2
  59              	.LC0:
  60 0000 25660925 		.ascii	"%f\011%f\011%d\012\000"
  60      66092564 
  60      0A00
  61              		.section	.text.debugTask,"ax",%progbits
  62              		.align	1
  63              		.global	debugTask
  64              		.syntax unified
  65              		.thumb
  66              		.thumb_func
  67              		.fpu fpv5-sp-d16
  69              	debugTask:
  70              	.LVL3:
  71              	.LFB175:
  12:Core/drogui/src/debugTasks.c **** 
  13:Core/drogui/src/debugTasks.c **** 
  14:Core/drogui/src/debugTasks.c **** void debugTask(void *argument){
  72              		.loc 1 14 31 is_stmt 1 view -0
  73              		.cfi_startproc
  74              		@ args = 0, pretend = 0, frame = 0
  75              		@ frame_needed = 0, uses_anonymous_args = 0
  76              		.loc 1 14 31 is_stmt 0 view .LVU6
  77 0000 30B5     		push	{r4, r5, lr}
  78              	.LCFI1:
  79              		.cfi_def_cfa_offset 12
  80              		.cfi_offset 4, -12
  81              		.cfi_offset 5, -8
  82              		.cfi_offset 14, -4
  83 0002 85B0     		sub	sp, sp, #20
  84              	.LCFI2:
  85              		.cfi_def_cfa_offset 32
  15:Core/drogui/src/debugTasks.c ****     
  16:Core/drogui/src/debugTasks.c ****     
  17:Core/drogui/src/debugTasks.c ****     serialPrintf(&serial3, "%f\t%f\t%d\n", z, z_ref, state);
  86              		.loc 1 17 5 is_stmt 1 view .LVU7
  87 0004 0B4B     		ldr	r3, .L7
  88 0006 1868     		ldr	r0, [r3]	@ float
  89              	.LVL4:
  90              		.loc 1 17 5 is_stmt 0 view .LVU8
  91 0008 FFF7FEFF 		bl	__aeabi_f2d
  92              	.LVL5:
  93 000c 0446     		mov	r4, r0
  94 000e 0D46     		mov	r5, r1
  95 0010 094B     		ldr	r3, .L7+4
  96 0012 1B68     		ldr	r3, [r3]
  97 0014 0293     		str	r3, [sp, #8]
  98 0016 094B     		ldr	r3, .L7+8
ARM GAS  C:\Users\GUILLE~1\AppData\Local\Temp\cckxBNNf.s 			page 3


  99 0018 1868     		ldr	r0, [r3]	@ float
 100 001a FFF7FEFF 		bl	__aeabi_f2d
 101              	.LVL6:
 102 001e CDE90001 		strd	r0, [sp]
 103 0022 2246     		mov	r2, r4
 104 0024 2B46     		mov	r3, r5
 105 0026 0649     		ldr	r1, .L7+12
 106 0028 0648     		ldr	r0, .L7+16
 107 002a FFF7FEFF 		bl	serialPrintf
 108              	.LVL7:
  18:Core/drogui/src/debugTasks.c **** 
  19:Core/drogui/src/debugTasks.c **** }
 109              		.loc 1 19 1 view .LVU9
 110 002e 05B0     		add	sp, sp, #20
 111              	.LCFI3:
 112              		.cfi_def_cfa_offset 12
 113              		@ sp needed
 114 0030 30BD     		pop	{r4, r5, pc}
 115              	.L8:
 116 0032 00BF     		.align	2
 117              	.L7:
 118 0034 00000000 		.word	z
 119 0038 00000000 		.word	state
 120 003c 00000000 		.word	z_ref
 121 0040 00000000 		.word	.LC0
 122 0044 00000000 		.word	serial3
 123              		.cfi_endproc
 124              	.LFE175:
 126              		.global	__aeabi_dcmpgt
 127              		.section	.text.securityTask,"ax",%progbits
 128              		.align	1
 129              		.global	securityTask
 130              		.syntax unified
 131              		.thumb
 132              		.thumb_func
 133              		.fpu fpv5-sp-d16
 135              	securityTask:
 136              	.LFB176:
  20:Core/drogui/src/debugTasks.c **** 
  21:Core/drogui/src/debugTasks.c **** void securityTask(){
 137              		.loc 1 21 20 is_stmt 1 view -0
 138              		.cfi_startproc
 139              		@ args = 0, pretend = 0, frame = 0
 140              		@ frame_needed = 0, uses_anonymous_args = 0
 141 0000 08B5     		push	{r3, lr}
 142              	.LCFI4:
 143              		.cfi_def_cfa_offset 8
 144              		.cfi_offset 3, -8
 145              		.cfi_offset 14, -4
  22:Core/drogui/src/debugTasks.c ****     if(getReg(DESC) > 0) state = DESCEND, setReg(DESC, 0);
 146              		.loc 1 22 5 view .LVU11
 147              		.loc 1 22 8 is_stmt 0 view .LVU12
 148 0002 F820     		movs	r0, #248
 149 0004 FFF7FEFF 		bl	getReg
 150              	.LVL8:
 151              		.loc 1 22 7 view .LVU13
 152 0008 B5EEC00A 		vcmpe.f32	s0, #0
ARM GAS  C:\Users\GUILLE~1\AppData\Local\Temp\cckxBNNf.s 			page 4


 153 000c F1EE10FA 		vmrs	APSR_nzcv, FPSCR
 154 0010 45DC     		bgt	.L32
 155              	.L10:
  23:Core/drogui/src/debugTasks.c ****     if(getReg(STOP) > 0) state = SEC_STOP, setReg(STOP, 0);    
 156              		.loc 1 23 5 is_stmt 1 view .LVU14
 157              		.loc 1 23 8 is_stmt 0 view .LVU15
 158 0012 FA20     		movs	r0, #250
 159 0014 FFF7FEFF 		bl	getReg
 160              	.LVL9:
 161              		.loc 1 23 7 view .LVU16
 162 0018 B5EEC00A 		vcmpe.f32	s0, #0
 163 001c F1EE10FA 		vmrs	APSR_nzcv, FPSCR
 164 0020 46DC     		bgt	.L33
 165              	.L12:
  24:Core/drogui/src/debugTasks.c ****     if(getReg(ARM) > 0){
 166              		.loc 1 24 5 is_stmt 1 view .LVU17
 167              		.loc 1 24 8 is_stmt 0 view .LVU18
 168 0022 FE20     		movs	r0, #254
 169 0024 FFF7FEFF 		bl	getReg
 170              	.LVL10:
 171              		.loc 1 24 7 view .LVU19
 172 0028 B5EEC00A 		vcmpe.f32	s0, #0
 173 002c F1EE10FA 		vmrs	APSR_nzcv, FPSCR
 174 0030 08DD     		ble	.L14
  25:Core/drogui/src/debugTasks.c ****         if(state == SEC_STOP) state = ARM_MOTORS;
 175              		.loc 1 25 9 is_stmt 1 view .LVU20
 176              		.loc 1 25 18 is_stmt 0 view .LVU21
 177 0032 574B     		ldr	r3, .L41+8
 178 0034 1B68     		ldr	r3, [r3]
 179              		.loc 1 25 11 view .LVU22
 180 0036 012B     		cmp	r3, #1
 181 0038 43D0     		beq	.L34
 182              	.L16:
  26:Core/drogui/src/debugTasks.c ****         setReg(ARM, 0);
 183              		.loc 1 26 9 is_stmt 1 view .LVU23
 184 003a 9FED560A 		vldr.32	s0, .L41+12
 185 003e FE20     		movs	r0, #254
 186 0040 FFF7FEFF 		bl	setReg
 187              	.LVL11:
 188              	.L14:
  27:Core/drogui/src/debugTasks.c ****     }
  28:Core/drogui/src/debugTasks.c ****     if(getReg(START) > 0){
 189              		.loc 1 28 5 view .LVU24
 190              		.loc 1 28 8 is_stmt 0 view .LVU25
 191 0044 FC20     		movs	r0, #252
 192 0046 FFF7FEFF 		bl	getReg
 193              	.LVL12:
 194              		.loc 1 28 7 view .LVU26
 195 004a B5EEC00A 		vcmpe.f32	s0, #0
 196 004e F1EE10FA 		vmrs	APSR_nzcv, FPSCR
 197 0052 08DD     		ble	.L17
  29:Core/drogui/src/debugTasks.c ****         if(state == ARM_MOTORS) state = CONTROL_LOOP;
 198              		.loc 1 29 9 is_stmt 1 view .LVU27
 199              		.loc 1 29 18 is_stmt 0 view .LVU28
 200 0054 4E4B     		ldr	r3, .L41+8
 201 0056 1B68     		ldr	r3, [r3]
 202              		.loc 1 29 11 view .LVU29
ARM GAS  C:\Users\GUILLE~1\AppData\Local\Temp\cckxBNNf.s 			page 5


 203 0058 032B     		cmp	r3, #3
 204 005a 36D0     		beq	.L35
 205              	.L19:
  30:Core/drogui/src/debugTasks.c ****         setReg(START, 0);
 206              		.loc 1 30 9 is_stmt 1 view .LVU30
 207 005c 9FED4D0A 		vldr.32	s0, .L41+12
 208 0060 FC20     		movs	r0, #252
 209 0062 FFF7FEFF 		bl	setReg
 210              	.LVL13:
 211              	.L17:
  31:Core/drogui/src/debugTasks.c ****     }
  32:Core/drogui/src/debugTasks.c **** 
  33:Core/drogui/src/debugTasks.c **** 
  34:Core/drogui/src/debugTasks.c ****     if((fabs(angle_dif(roll_ref, roll))> pi/9) || (fabs(angle_dif(pitch_ref, pitch))> pi/9)) state 
 212              		.loc 1 34 5 view .LVU31
 213              		.loc 1 34 14 is_stmt 0 view .LVU32
 214 0066 4C4B     		ldr	r3, .L41+16
 215 0068 D3ED000A 		vldr.32	s1, [r3]
 216 006c 4B4B     		ldr	r3, .L41+20
 217 006e 93ED000A 		vldr.32	s0, [r3]
 218 0072 FFF7FEFF 		bl	angle_dif
 219              	.LVL14:
 220              		.loc 1 34 9 view .LVU33
 221 0076 F0EEC07A 		vabs.f32	s15, s0
 222 007a 17EE900A 		vmov	r0, s15
 223 007e FFF7FEFF 		bl	__aeabi_f2d
 224              	.LVL15:
 225              		.loc 1 34 7 view .LVU34
 226 0082 41A3     		adr	r3, .L41
 227 0084 D3E90023 		ldrd	r2, [r3]
 228 0088 FFF7FEFF 		bl	__aeabi_dcmpgt
 229              	.LVL16:
 230 008c 08B3     		cbz	r0, .L36
 231              	.L20:
 232              		.loc 1 34 94 is_stmt 1 discriminator 3 view .LVU35
 233              		.loc 1 34 100 is_stmt 0 discriminator 3 view .LVU36
 234 008e 404B     		ldr	r3, .L41+8
 235 0090 0122     		movs	r2, #1
 236 0092 1A60     		str	r2, [r3]
 237              	.L21:
  35:Core/drogui/src/debugTasks.c ****     
  36:Core/drogui/src/debugTasks.c ****     
  37:Core/drogui/src/debugTasks.c ****     if(state == SEC_STOP || state == DESCEND){
 238              		.loc 1 37 5 is_stmt 1 view .LVU37
 239              		.loc 1 37 26 is_stmt 0 view .LVU38
 240 0094 3E4B     		ldr	r3, .L41+8
 241 0096 1B68     		ldr	r3, [r3]
 242              		.loc 1 37 7 view .LVU39
 243 0098 012B     		cmp	r3, #1
 244 009a 30D9     		bls	.L37
 245              	.L9:
  38:Core/drogui/src/debugTasks.c ****         updatePID();
  39:Core/drogui/src/debugTasks.c **** 
  40:Core/drogui/src/debugTasks.c ****         if(getReg(CAL_GYR_TRG) == 1) calibrateGyro(&myIMU),  setReg(CAL_GYR_TRG, 0);
  41:Core/drogui/src/debugTasks.c ****         if(getReg(CAL_ACC_TRG) == 1) calibrateAccel(&myIMU), setReg(CAL_ACC_TRG, 0);
  42:Core/drogui/src/debugTasks.c ****         if(getReg(CAL_MAG_TRG) == 1) calibrateMag(&myIMU),   setReg(CAL_MAG_TRG, 0);
  43:Core/drogui/src/debugTasks.c ****         updateBmp388Offset(&myBMP);
ARM GAS  C:\Users\GUILLE~1\AppData\Local\Temp\cckxBNNf.s 			page 6


  44:Core/drogui/src/debugTasks.c ****         calib_status = updateCalibOffset(&myIMU);
  45:Core/drogui/src/debugTasks.c ****     }
  46:Core/drogui/src/debugTasks.c **** }
 246              		.loc 1 46 1 view .LVU40
 247 009c 08BD     		pop	{r3, pc}
 248              	.L32:
  22:Core/drogui/src/debugTasks.c ****     if(getReg(STOP) > 0) state = SEC_STOP, setReg(STOP, 0);    
 249              		.loc 1 22 26 is_stmt 1 discriminator 1 view .LVU41
  22:Core/drogui/src/debugTasks.c ****     if(getReg(STOP) > 0) state = SEC_STOP, setReg(STOP, 0);    
 250              		.loc 1 22 32 is_stmt 0 discriminator 1 view .LVU42
 251 009e 3C4B     		ldr	r3, .L41+8
 252 00a0 0022     		movs	r2, #0
 253 00a2 1A60     		str	r2, [r3]
  22:Core/drogui/src/debugTasks.c ****     if(getReg(STOP) > 0) state = SEC_STOP, setReg(STOP, 0);    
 254              		.loc 1 22 43 discriminator 1 view .LVU43
 255 00a4 9FED3B0A 		vldr.32	s0, .L41+12
 256 00a8 F820     		movs	r0, #248
 257 00aa FFF7FEFF 		bl	setReg
 258              	.LVL17:
 259 00ae B0E7     		b	.L10
 260              	.L33:
  23:Core/drogui/src/debugTasks.c ****     if(getReg(ARM) > 0){
 261              		.loc 1 23 26 is_stmt 1 discriminator 1 view .LVU44
  23:Core/drogui/src/debugTasks.c ****     if(getReg(ARM) > 0){
 262              		.loc 1 23 32 is_stmt 0 discriminator 1 view .LVU45
 263 00b0 374B     		ldr	r3, .L41+8
 264 00b2 0122     		movs	r2, #1
 265 00b4 1A60     		str	r2, [r3]
  23:Core/drogui/src/debugTasks.c ****     if(getReg(ARM) > 0){
 266              		.loc 1 23 44 discriminator 1 view .LVU46
 267 00b6 9FED370A 		vldr.32	s0, .L41+12
 268 00ba FA20     		movs	r0, #250
 269 00bc FFF7FEFF 		bl	setReg
 270              	.LVL18:
 271 00c0 AFE7     		b	.L12
 272              	.L34:
  25:Core/drogui/src/debugTasks.c ****         setReg(ARM, 0);
 273              		.loc 1 25 31 is_stmt 1 discriminator 1 view .LVU47
  25:Core/drogui/src/debugTasks.c ****         setReg(ARM, 0);
 274              		.loc 1 25 37 is_stmt 0 discriminator 1 view .LVU48
 275 00c2 334B     		ldr	r3, .L41+8
 276 00c4 0322     		movs	r2, #3
 277 00c6 1A60     		str	r2, [r3]
 278 00c8 B7E7     		b	.L16
 279              	.L35:
  29:Core/drogui/src/debugTasks.c ****         setReg(START, 0);
 280              		.loc 1 29 33 is_stmt 1 discriminator 1 view .LVU49
  29:Core/drogui/src/debugTasks.c ****         setReg(START, 0);
 281              		.loc 1 29 39 is_stmt 0 discriminator 1 view .LVU50
 282 00ca 314B     		ldr	r3, .L41+8
 283 00cc 0422     		movs	r2, #4
 284 00ce 1A60     		str	r2, [r3]
 285 00d0 C4E7     		b	.L19
 286              	.L36:
  34:Core/drogui/src/debugTasks.c ****     
 287              		.loc 1 34 57 discriminator 2 view .LVU51
 288 00d2 334B     		ldr	r3, .L41+24
ARM GAS  C:\Users\GUILLE~1\AppData\Local\Temp\cckxBNNf.s 			page 7


 289 00d4 D3ED000A 		vldr.32	s1, [r3]
 290 00d8 324B     		ldr	r3, .L41+28
 291 00da 93ED000A 		vldr.32	s0, [r3]
 292 00de FFF7FEFF 		bl	angle_dif
 293              	.LVL19:
  34:Core/drogui/src/debugTasks.c ****     
 294              		.loc 1 34 52 discriminator 2 view .LVU52
 295 00e2 F0EEC07A 		vabs.f32	s15, s0
 296 00e6 17EE900A 		vmov	r0, s15
 297 00ea FFF7FEFF 		bl	__aeabi_f2d
 298              	.LVL20:
  34:Core/drogui/src/debugTasks.c ****     
 299              		.loc 1 34 48 discriminator 2 view .LVU53
 300 00ee 26A3     		adr	r3, .L41
 301 00f0 D3E90023 		ldrd	r2, [r3]
 302 00f4 FFF7FEFF 		bl	__aeabi_dcmpgt
 303              	.LVL21:
 304 00f8 0028     		cmp	r0, #0
 305 00fa CBD0     		beq	.L21
 306 00fc C7E7     		b	.L20
 307              	.L37:
  38:Core/drogui/src/debugTasks.c **** 
 308              		.loc 1 38 9 is_stmt 1 view .LVU54
 309 00fe FFF7FEFF 		bl	updatePID
 310              	.LVL22:
  40:Core/drogui/src/debugTasks.c ****         if(getReg(CAL_ACC_TRG) == 1) calibrateAccel(&myIMU), setReg(CAL_ACC_TRG, 0);
 311              		.loc 1 40 9 view .LVU55
  40:Core/drogui/src/debugTasks.c ****         if(getReg(CAL_ACC_TRG) == 1) calibrateAccel(&myIMU), setReg(CAL_ACC_TRG, 0);
 312              		.loc 1 40 12 is_stmt 0 view .LVU56
 313 0102 0A20     		movs	r0, #10
 314 0104 FFF7FEFF 		bl	getReg
 315              	.LVL23:
  40:Core/drogui/src/debugTasks.c ****         if(getReg(CAL_ACC_TRG) == 1) calibrateAccel(&myIMU), setReg(CAL_ACC_TRG, 0);
 316              		.loc 1 40 11 view .LVU57
 317 0108 F7EE007A 		vmov.f32	s15, #1.0e+0
 318 010c B4EE670A 		vcmp.f32	s0, s15
 319 0110 F1EE10FA 		vmrs	APSR_nzcv, FPSCR
 320 0114 1CD0     		beq	.L38
 321              	.L24:
  41:Core/drogui/src/debugTasks.c ****         if(getReg(CAL_MAG_TRG) == 1) calibrateMag(&myIMU),   setReg(CAL_MAG_TRG, 0);
 322              		.loc 1 41 9 is_stmt 1 view .LVU58
  41:Core/drogui/src/debugTasks.c ****         if(getReg(CAL_MAG_TRG) == 1) calibrateMag(&myIMU),   setReg(CAL_MAG_TRG, 0);
 323              		.loc 1 41 12 is_stmt 0 view .LVU59
 324 0116 0C20     		movs	r0, #12
 325 0118 FFF7FEFF 		bl	getReg
 326              	.LVL24:
  41:Core/drogui/src/debugTasks.c ****         if(getReg(CAL_MAG_TRG) == 1) calibrateMag(&myIMU),   setReg(CAL_MAG_TRG, 0);
 327              		.loc 1 41 11 view .LVU60
 328 011c F7EE007A 		vmov.f32	s15, #1.0e+0
 329 0120 B4EE670A 		vcmp.f32	s0, s15
 330 0124 F1EE10FA 		vmrs	APSR_nzcv, FPSCR
 331 0128 1BD0     		beq	.L39
 332              	.L25:
  42:Core/drogui/src/debugTasks.c ****         updateBmp388Offset(&myBMP);
 333              		.loc 1 42 9 is_stmt 1 view .LVU61
  42:Core/drogui/src/debugTasks.c ****         updateBmp388Offset(&myBMP);
 334              		.loc 1 42 12 is_stmt 0 view .LVU62
ARM GAS  C:\Users\GUILLE~1\AppData\Local\Temp\cckxBNNf.s 			page 8


 335 012a 0E20     		movs	r0, #14
 336 012c FFF7FEFF 		bl	getReg
 337              	.LVL25:
  42:Core/drogui/src/debugTasks.c ****         updateBmp388Offset(&myBMP);
 338              		.loc 1 42 11 view .LVU63
 339 0130 F7EE007A 		vmov.f32	s15, #1.0e+0
 340 0134 B4EE670A 		vcmp.f32	s0, s15
 341 0138 F1EE10FA 		vmrs	APSR_nzcv, FPSCR
 342 013c 1AD0     		beq	.L40
 343              	.L26:
  43:Core/drogui/src/debugTasks.c ****         calib_status = updateCalibOffset(&myIMU);
 344              		.loc 1 43 9 is_stmt 1 view .LVU64
 345 013e 1A48     		ldr	r0, .L41+32
 346 0140 FFF7FEFF 		bl	updateBmp388Offset
 347              	.LVL26:
  44:Core/drogui/src/debugTasks.c ****     }
 348              		.loc 1 44 9 view .LVU65
  44:Core/drogui/src/debugTasks.c ****     }
 349              		.loc 1 44 24 is_stmt 0 view .LVU66
 350 0144 1948     		ldr	r0, .L41+36
 351 0146 FFF7FEFF 		bl	updateCalibOffset
 352              	.LVL27:
  44:Core/drogui/src/debugTasks.c ****     }
 353              		.loc 1 44 22 view .LVU67
 354 014a 194B     		ldr	r3, .L41+40
 355 014c 1860     		str	r0, [r3]
 356              		.loc 1 46 1 view .LVU68
 357 014e A5E7     		b	.L9
 358              	.L38:
  40:Core/drogui/src/debugTasks.c ****         if(getReg(CAL_ACC_TRG) == 1) calibrateAccel(&myIMU), setReg(CAL_ACC_TRG, 0);
 359              		.loc 1 40 38 is_stmt 1 discriminator 1 view .LVU69
 360 0150 1648     		ldr	r0, .L41+36
 361 0152 FFF7FEFF 		bl	calibrateGyro
 362              	.LVL28:
  40:Core/drogui/src/debugTasks.c ****         if(getReg(CAL_ACC_TRG) == 1) calibrateAccel(&myIMU), setReg(CAL_ACC_TRG, 0);
 363              		.loc 1 40 62 is_stmt 0 discriminator 1 view .LVU70
 364 0156 9FED0F0A 		vldr.32	s0, .L41+12
 365 015a 0A20     		movs	r0, #10
 366 015c FFF7FEFF 		bl	setReg
 367              	.LVL29:
 368 0160 D9E7     		b	.L24
 369              	.L39:
  41:Core/drogui/src/debugTasks.c ****         if(getReg(CAL_MAG_TRG) == 1) calibrateMag(&myIMU),   setReg(CAL_MAG_TRG, 0);
 370              		.loc 1 41 38 is_stmt 1 discriminator 1 view .LVU71
 371 0162 1248     		ldr	r0, .L41+36
 372 0164 FFF7FEFF 		bl	calibrateAccel
 373              	.LVL30:
  41:Core/drogui/src/debugTasks.c ****         if(getReg(CAL_MAG_TRG) == 1) calibrateMag(&myIMU),   setReg(CAL_MAG_TRG, 0);
 374              		.loc 1 41 62 is_stmt 0 discriminator 1 view .LVU72
 375 0168 9FED0A0A 		vldr.32	s0, .L41+12
 376 016c 0C20     		movs	r0, #12
 377 016e FFF7FEFF 		bl	setReg
 378              	.LVL31:
 379 0172 DAE7     		b	.L25
 380              	.L40:
  42:Core/drogui/src/debugTasks.c ****         updateBmp388Offset(&myBMP);
 381              		.loc 1 42 38 is_stmt 1 discriminator 1 view .LVU73
ARM GAS  C:\Users\GUILLE~1\AppData\Local\Temp\cckxBNNf.s 			page 9


 382 0174 0D48     		ldr	r0, .L41+36
 383 0176 FFF7FEFF 		bl	calibrateMag
 384              	.LVL32:
  42:Core/drogui/src/debugTasks.c ****         updateBmp388Offset(&myBMP);
 385              		.loc 1 42 62 is_stmt 0 discriminator 1 view .LVU74
 386 017a 9FED060A 		vldr.32	s0, .L41+12
 387 017e 0E20     		movs	r0, #14
 388 0180 FFF7FEFF 		bl	setReg
 389              	.LVL33:
 390 0184 DBE7     		b	.L26
 391              	.L42:
 392 0186 00BF     		.align	3
 393              	.L41:
 394 0188 8744E74A 		.word	1256670343
 395 018c 1857D63F 		.word	1071011608
 396 0190 00000000 		.word	state
 397 0194 00000000 		.word	0
 398 0198 00000000 		.word	roll
 399 019c 00000000 		.word	roll_ref
 400 01a0 00000000 		.word	pitch
 401 01a4 00000000 		.word	pitch_ref
 402 01a8 00000000 		.word	myBMP
 403 01ac 00000000 		.word	myIMU
 404 01b0 00000000 		.word	calib_status
 405              		.cfi_endproc
 406              	.LFE176:
 408              		.section	.text.initDebug,"ax",%progbits
 409              		.align	1
 410              		.global	initDebug
 411              		.syntax unified
 412              		.thumb
 413              		.thumb_func
 414              		.fpu fpv5-sp-d16
 416              	initDebug:
 417              	.LFB177:
  47:Core/drogui/src/debugTasks.c **** 
  48:Core/drogui/src/debugTasks.c **** void initDebug(){
 418              		.loc 1 48 17 is_stmt 1 view -0
 419              		.cfi_startproc
 420              		@ args = 0, pretend = 0, frame = 0
 421              		@ frame_needed = 0, uses_anonymous_args = 0
 422 0000 38B5     		push	{r3, r4, r5, lr}
 423              	.LCFI5:
 424              		.cfi_def_cfa_offset 16
 425              		.cfi_offset 3, -16
 426              		.cfi_offset 4, -12
 427              		.cfi_offset 5, -8
 428              		.cfi_offset 14, -4
  49:Core/drogui/src/debugTasks.c ****     state = SEC_STOP;
 429              		.loc 1 49 5 view .LVU76
 430              		.loc 1 49 11 is_stmt 0 view .LVU77
 431 0002 0124     		movs	r4, #1
 432 0004 094B     		ldr	r3, .L45
 433 0006 1C60     		str	r4, [r3]
  50:Core/drogui/src/debugTasks.c ****     addTask(&debugTask, 100000, 1);
 434              		.loc 1 50 5 is_stmt 1 view .LVU78
 435 0008 094D     		ldr	r5, .L45+4
ARM GAS  C:\Users\GUILLE~1\AppData\Local\Temp\cckxBNNf.s 			page 10


 436 000a 2246     		mov	r2, r4
 437 000c 2946     		mov	r1, r5
 438 000e 0948     		ldr	r0, .L45+8
 439 0010 FFF7FEFF 		bl	addTask
 440              	.LVL34:
  51:Core/drogui/src/debugTasks.c **** 
  52:Core/drogui/src/debugTasks.c ****     addTask(&blinkTask, 100000, 1);   
 441              		.loc 1 52 5 view .LVU79
 442 0014 2246     		mov	r2, r4
 443 0016 2946     		mov	r1, r5
 444 0018 0748     		ldr	r0, .L45+12
 445 001a FFF7FEFF 		bl	addTask
 446              	.LVL35:
  53:Core/drogui/src/debugTasks.c ****     
  54:Core/drogui/src/debugTasks.c ****     addTask(&securityTask, 1000, 1);
 447              		.loc 1 54 5 view .LVU80
 448 001e 2246     		mov	r2, r4
 449 0020 4FF47A71 		mov	r1, #1000
 450 0024 0548     		ldr	r0, .L45+16
 451 0026 FFF7FEFF 		bl	addTask
 452              	.LVL36:
  55:Core/drogui/src/debugTasks.c **** }...
 453              		.loc 1 55 1 is_stmt 0 view .LVU81
 454 002a 38BD     		pop	{r3, r4, r5, pc}
 455              	.L46:
 456              		.align	2
 457              	.L45:
 458 002c 00000000 		.word	state
 459 0030 A0860100 		.word	100000
 460 0034 00000000 		.word	debugTask
 461 0038 00000000 		.word	blinkTask
 462 003c 00000000 		.word	securityTask
 463              		.cfi_endproc
 464              	.LFE177:
 466              		.text
 467              	.Letext0:
 468              		.file 2 "c:\\program files (x86)\\gnu arm embedded toolchain\\10 2020-q4-major\\arm-none-eabi\\inc
 469              		.file 3 "c:\\program files (x86)\\gnu arm embedded toolchain\\10 2020-q4-major\\arm-none-eabi\\inc
 470              		.file 4 "Drivers/CMSIS/Device/ST/STM32F7xx/Include/stm32f746xx.h"
 471              		.file 5 "Core/drogui/include/utils.h"
 472              		.file 6 "Core/drogui/include/serial.h"
 473              		.file 7 "Drivers/CMSIS/DSP/Include/arm_math.h"
 474              		.file 8 "Core/drogui/include/filter.h"
 475              		.file 9 "Core/drogui/include/ICM20948.h"
 476              		.file 10 "Core/drogui/include/BMP388.h"
 477              		.file 11 "Core/drogui/include/sensorsTasks.h"
 478              		.file 12 "Core/drogui/include/controlTasks.h"
 479              		.file 13 "Core/drogui/include/task.h"
 480              		.file 14 "Drivers/STM32F7xx_HAL_Driver/Inc/stm32f7xx_hal_gpio.h"
ARM GAS  C:\Users\GUILLE~1\AppData\Local\Temp\cckxBNNf.s 			page 11


DEFINED SYMBOLS
                            *ABS*:00000000 debugTasks.c
C:\Users\GUILLE~1\AppData\Local\Temp\cckxBNNf.s:18     .text.blinkTask:00000000 $t
C:\Users\GUILLE~1\AppData\Local\Temp\cckxBNNf.s:26     .text.blinkTask:00000000 blinkTask
C:\Users\GUILLE~1\AppData\Local\Temp\cckxBNNf.s:52     .text.blinkTask:0000000c $d
C:\Users\GUILLE~1\AppData\Local\Temp\cckxBNNf.s:58     .rodata.debugTask.str1.4:00000000 $d
C:\Users\GUILLE~1\AppData\Local\Temp\cckxBNNf.s:62     .text.debugTask:00000000 $t
C:\Users\GUILLE~1\AppData\Local\Temp\cckxBNNf.s:69     .text.debugTask:00000000 debugTask
C:\Users\GUILLE~1\AppData\Local\Temp\cckxBNNf.s:118    .text.debugTask:00000034 $d
C:\Users\GUILLE~1\AppData\Local\Temp\cckxBNNf.s:128    .text.securityTask:00000000 $t
C:\Users\GUILLE~1\AppData\Local\Temp\cckxBNNf.s:135    .text.securityTask:00000000 securityTask
C:\Users\GUILLE~1\AppData\Local\Temp\cckxBNNf.s:394    .text.securityTask:00000188 $d
C:\Users\GUILLE~1\AppData\Local\Temp\cckxBNNf.s:409    .text.initDebug:00000000 $t
C:\Users\GUILLE~1\AppData\Local\Temp\cckxBNNf.s:416    .text.initDebug:00000000 initDebug
C:\Users\GUILLE~1\AppData\Local\Temp\cckxBNNf.s:458    .text.initDebug:0000002c $d

UNDEFINED SYMBOLS
HAL_GPIO_TogglePin
__aeabi_f2d
serialPrintf
z
state
z_ref
serial3
__aeabi_dcmpgt
getReg
setReg
angle_dif
updatePID
updateBmp388Offset
updateCalibOffset
calibrateGyro
calibrateAccel
calibrateMag
roll
roll_ref
pitch
pitch_ref
myBMP
myIMU
calib_status
addTask
