ARM GAS  C:\Users\GUILLE~1\AppData\Local\Temp\ccN8FAeK.s 			page 1


   1              		.cpu cortex-m7
   2              		.eabi_attribute 27, 1
   3              		.eabi_attribute 28, 1
   4              		.eabi_attribute 20, 1
   5              		.eabi_attribute 21, 1
   6              		.eabi_attribute 23, 3
   7              		.eabi_attribute 24, 1
   8              		.eabi_attribute 25, 1
   9              		.eabi_attribute 26, 1
  10              		.eabi_attribute 30, 1
  11              		.eabi_attribute 34, 1
  12              		.eabi_attribute 18, 4
  13              		.file	"drogui.c"
  14              		.text
  15              	.Ltext0:
  16              		.cfi_sections	.debug_frame
  17              		.section	.rodata._main.str1.4,"aMS",%progbits,1
  18              		.align	2
  19              	.LC0:
  20 0000 52656369 		.ascii	"Recibo %c\012\000"
  20      626F2025 
  20      630A00
  21              		.section	.text._main,"ax",%progbits
  22              		.align	1
  23              		.global	_main
  24              		.arch armv7e-m
  25              		.syntax unified
  26              		.thumb
  27              		.thumb_func
  28              		.fpu fpv5-sp-d16
  30              	_main:
  31              	.LFB174:
  32              		.file 1 "Core/drogui/test/drogui.c"
   1:Core/drogui/test/drogui.c **** #define DROGUI
   2:Core/drogui/test/drogui.c **** #ifdef DROGUI
   3:Core/drogui/test/drogui.c **** #include "_main.h"
   4:Core/drogui/test/drogui.c **** #include "tim.h"
   5:Core/drogui/test/drogui.c **** #include "sensorsTasks.h"
   6:Core/drogui/test/drogui.c **** #include "controlTasks.h"
   7:Core/drogui/test/drogui.c **** #include "debugTasks.h"
   8:Core/drogui/test/drogui.c **** #include "task.h"
   9:Core/drogui/test/drogui.c **** #include "serial.h"
  10:Core/drogui/test/drogui.c **** #include"usart.h"
  11:Core/drogui/test/drogui.c **** char auxbuff[50];
  12:Core/drogui/test/drogui.c **** void _main(){
  33              		.loc 1 12 13 view -0
  34              		.cfi_startproc
  35              		@ args = 0, pretend = 0, frame = 0
  36              		@ frame_needed = 0, uses_anonymous_args = 0
  37 0000 10B5     		push	{r4, lr}
  38              	.LCFI0:
  39              		.cfi_def_cfa_offset 8
  40              		.cfi_offset 4, -8
  41              		.cfi_offset 14, -4
  13:Core/drogui/test/drogui.c ****     /*
  14:Core/drogui/test/drogui.c ****     
  15:Core/drogui/test/drogui.c ****     HAL_GPIO_WritePin(LED2_GPIO_Port, LED2_Pin, GPIO_PIN_SET);
ARM GAS  C:\Users\GUILLE~1\AppData\Local\Temp\ccN8FAeK.s 			page 2


  16:Core/drogui/test/drogui.c ****     HAL_Delay(1000);
  17:Core/drogui/test/drogui.c ****     
  18:Core/drogui/test/drogui.c ****     serialPrint(&serial3, "Start System\n");
  19:Core/drogui/test/drogui.c ****     
  20:Core/drogui/test/drogui.c ****     
  21:Core/drogui/test/drogui.c ****     initDebug();
  22:Core/drogui/test/drogui.c ****     initControlTasks();
  23:Core/drogui/test/drogui.c ****     initSensorsTasks();
  24:Core/drogui/test/drogui.c **** 
  25:Core/drogui/test/drogui.c ****     //sprintf(auxbuff, "%d\n", __FPU_USED);
  26:Core/drogui/test/drogui.c ****     //HAL_UART_Transmit(&huart2, (uint8_t*) auxbuff, strlen(auxbuff), 100);
  27:Core/drogui/test/drogui.c ****     initRTOS();*/
  28:Core/drogui/test/drogui.c ****     serialsBegin();
  42              		.loc 1 28 5 view .LVU1
  43 0002 FFF7FEFF 		bl	serialsBegin
  44              	.LVL0:
  29:Core/drogui/test/drogui.c ****     HAL_GPIO_WritePin(LED1_GPIO_Port, LED1_Pin, GPIO_PIN_SET);
  45              		.loc 1 29 5 view .LVU2
  46 0006 0D4C     		ldr	r4, .L5
  47 0008 0122     		movs	r2, #1
  48 000a 0421     		movs	r1, #4
  49 000c 2046     		mov	r0, r4
  50 000e FFF7FEFF 		bl	HAL_GPIO_WritePin
  51              	.LVL1:
  30:Core/drogui/test/drogui.c ****     HAL_GPIO_WritePin(LED2_GPIO_Port, LED2_Pin, GPIO_PIN_RESET);
  52              		.loc 1 30 5 view .LVU3
  53 0012 0022     		movs	r2, #0
  54 0014 0121     		movs	r1, #1
  55 0016 2046     		mov	r0, r4
  56 0018 FFF7FEFF 		bl	HAL_GPIO_WritePin
  57              	.LVL2:
  31:Core/drogui/test/drogui.c ****     int i = 0;
  58              		.loc 1 31 5 view .LVU4
  59              	.L2:
  32:Core/drogui/test/drogui.c ****     while(1){
  60              		.loc 1 32 5 view .LVU5
  33:Core/drogui/test/drogui.c ****         if(serialAvailable(&serial5)){
  61              		.loc 1 33 9 view .LVU6
  62              		.loc 1 33 12 is_stmt 0 view .LVU7
  63 001c 0848     		ldr	r0, .L5+4
  64 001e FFF7FEFF 		bl	serialAvailable
  65              	.LVL3:
  66              		.loc 1 33 11 view .LVU8
  67 0022 0028     		cmp	r0, #0
  68 0024 FAD0     		beq	.L2
  34:Core/drogui/test/drogui.c ****             serialPrintf(&serial5, "Recibo %c\n", serialRead(&serial5));
  69              		.loc 1 34 13 is_stmt 1 view .LVU9
  70              		.loc 1 34 51 is_stmt 0 view .LVU10
  71 0026 064C     		ldr	r4, .L5+4
  72 0028 2046     		mov	r0, r4
  73 002a FFF7FEFF 		bl	serialRead
  74              	.LVL4:
  75 002e 0246     		mov	r2, r0
  76              		.loc 1 34 13 view .LVU11
  77 0030 0449     		ldr	r1, .L5+8
  78 0032 2046     		mov	r0, r4
  79 0034 FFF7FEFF 		bl	serialPrintf
ARM GAS  C:\Users\GUILLE~1\AppData\Local\Temp\ccN8FAeK.s 			page 3


  80              	.LVL5:
  81 0038 F0E7     		b	.L2
  82              	.L6:
  83 003a 00BF     		.align	2
  84              	.L5:
  85 003c 00100240 		.word	1073876992
  86 0040 00000000 		.word	serial5
  87 0044 00000000 		.word	.LC0
  88              		.cfi_endproc
  89              	.LFE174:
  91              		.global	auxbuff
  92              		.section	.bss.auxbuff,"aw",%nobits
  93              		.align	2
  96              	auxbuff:
  97 0000 00000000 		.space	50
  97      00000000 
  97      00000000 
  97      00000000 
  97      00000000 
  98              		.text
  99              	.Letext0:
 100              		.file 2 "c:\\program files (x86)\\gnu arm embedded toolchain\\10 2020-q4-major\\arm-none-eabi\\inc
 101              		.file 3 "c:\\program files (x86)\\gnu arm embedded toolchain\\10 2020-q4-major\\arm-none-eabi\\inc
 102              		.file 4 "Drivers/CMSIS/Device/ST/STM32F7xx/Include/stm32f746xx.h"
 103              		.file 5 "Core/drogui/include/serial.h"
 104              		.file 6 "Drivers/STM32F7xx_HAL_Driver/Inc/stm32f7xx_hal_gpio.h"
ARM GAS  C:\Users\GUILLE~1\AppData\Local\Temp\ccN8FAeK.s 			page 4


DEFINED SYMBOLS
                            *ABS*:00000000 drogui.c
C:\Users\GUILLE~1\AppData\Local\Temp\ccN8FAeK.s:18     .rodata._main.str1.4:00000000 $d
C:\Users\GUILLE~1\AppData\Local\Temp\ccN8FAeK.s:22     .text._main:00000000 $t
C:\Users\GUILLE~1\AppData\Local\Temp\ccN8FAeK.s:30     .text._main:00000000 _main
C:\Users\GUILLE~1\AppData\Local\Temp\ccN8FAeK.s:85     .text._main:0000003c $d
C:\Users\GUILLE~1\AppData\Local\Temp\ccN8FAeK.s:96     .bss.auxbuff:00000000 auxbuff
C:\Users\GUILLE~1\AppData\Local\Temp\ccN8FAeK.s:93     .bss.auxbuff:00000000 $d

UNDEFINED SYMBOLS
serialsBegin
HAL_GPIO_WritePin
serialAvailable
serialRead
serialPrintf
serial5
