ARM GAS  C:\Users\GUILLE~1\AppData\Local\Temp\cc0NCaLg.s 			page 1


   1              		.cpu cortex-m7
   2              		.eabi_attribute 27, 1
   3              		.eabi_attribute 28, 1
   4              		.eabi_attribute 20, 1
   5              		.eabi_attribute 21, 1
   6              		.eabi_attribute 23, 3
   7              		.eabi_attribute 24, 1
   8              		.eabi_attribute 25, 1
   9              		.eabi_attribute 26, 1
  10              		.eabi_attribute 30, 1
  11              		.eabi_attribute 34, 1
  12              		.eabi_attribute 18, 4
  13              		.file	"i2c.c"
  14              		.text
  15              	.Ltext0:
  16              		.cfi_sections	.debug_frame
  17              		.section	.text.MX_I2C1_Init,"ax",%progbits
  18              		.align	1
  19              		.global	MX_I2C1_Init
  20              		.arch armv7e-m
  21              		.syntax unified
  22              		.thumb
  23              		.thumb_func
  24              		.fpu fpv5-sp-d16
  26              	MX_I2C1_Init:
  27              	.LFB141:
  28              		.file 1 "Core/Src/i2c.c"
   1:Core/Src/i2c.c **** /**
   2:Core/Src/i2c.c ****   ******************************************************************************
   3:Core/Src/i2c.c ****   * @file    i2c.c
   4:Core/Src/i2c.c ****   * @brief   This file provides code for the configuration
   5:Core/Src/i2c.c ****   *          of the I2C instances.
   6:Core/Src/i2c.c ****   ******************************************************************************
   7:Core/Src/i2c.c ****   * @attention
   8:Core/Src/i2c.c ****   *
   9:Core/Src/i2c.c ****   * <h2><center>&copy; Copyright (c) 2021 STMicroelectronics.
  10:Core/Src/i2c.c ****   * All rights reserved.</center></h2>
  11:Core/Src/i2c.c ****   *
  12:Core/Src/i2c.c ****   * This software component is licensed by ST under BSD 3-Clause license,
  13:Core/Src/i2c.c ****   * the "License"; You may not use this file except in compliance with the
  14:Core/Src/i2c.c ****   * License. You may obtain a copy of the License at:
  15:Core/Src/i2c.c ****   *                        opensource.org/licenses/BSD-3-Clause
  16:Core/Src/i2c.c ****   *
  17:Core/Src/i2c.c ****   ******************************************************************************
  18:Core/Src/i2c.c ****   */
  19:Core/Src/i2c.c **** 
  20:Core/Src/i2c.c **** /* Includes ------------------------------------------------------------------*/
  21:Core/Src/i2c.c **** #include "i2c.h"
  22:Core/Src/i2c.c **** 
  23:Core/Src/i2c.c **** /* USER CODE BEGIN 0 */
  24:Core/Src/i2c.c **** 
  25:Core/Src/i2c.c **** /* USER CODE END 0 */
  26:Core/Src/i2c.c **** 
  27:Core/Src/i2c.c **** I2C_HandleTypeDef hi2c1;
  28:Core/Src/i2c.c **** I2C_HandleTypeDef hi2c4;
  29:Core/Src/i2c.c **** 
  30:Core/Src/i2c.c **** /* I2C1 init function */
ARM GAS  C:\Users\GUILLE~1\AppData\Local\Temp\cc0NCaLg.s 			page 2


  31:Core/Src/i2c.c **** void MX_I2C1_Init(void)
  32:Core/Src/i2c.c **** {
  29              		.loc 1 32 1 view -0
  30              		.cfi_startproc
  31              		@ args = 0, pretend = 0, frame = 0
  32              		@ frame_needed = 0, uses_anonymous_args = 0
  33 0000 08B5     		push	{r3, lr}
  34              	.LCFI0:
  35              		.cfi_def_cfa_offset 8
  36              		.cfi_offset 3, -8
  37              		.cfi_offset 14, -4
  33:Core/Src/i2c.c **** 
  34:Core/Src/i2c.c ****   /* USER CODE BEGIN I2C1_Init 0 */
  35:Core/Src/i2c.c **** 
  36:Core/Src/i2c.c ****   /* USER CODE END I2C1_Init 0 */
  37:Core/Src/i2c.c **** 
  38:Core/Src/i2c.c ****   /* USER CODE BEGIN I2C1_Init 1 */
  39:Core/Src/i2c.c **** 
  40:Core/Src/i2c.c ****   /* USER CODE END I2C1_Init 1 */
  41:Core/Src/i2c.c ****   hi2c1.Instance = I2C1;
  38              		.loc 1 41 3 view .LVU1
  39              		.loc 1 41 18 is_stmt 0 view .LVU2
  40 0002 1248     		ldr	r0, .L9
  41 0004 124B     		ldr	r3, .L9+4
  42 0006 0360     		str	r3, [r0]
  42:Core/Src/i2c.c ****   hi2c1.Init.Timing = 0x00401959;
  43              		.loc 1 42 3 is_stmt 1 view .LVU3
  44              		.loc 1 42 21 is_stmt 0 view .LVU4
  45 0008 124B     		ldr	r3, .L9+8
  46 000a 4360     		str	r3, [r0, #4]
  43:Core/Src/i2c.c ****   hi2c1.Init.OwnAddress1 = 0;
  47              		.loc 1 43 3 is_stmt 1 view .LVU5
  48              		.loc 1 43 26 is_stmt 0 view .LVU6
  49 000c 0023     		movs	r3, #0
  50 000e 8360     		str	r3, [r0, #8]
  44:Core/Src/i2c.c ****   hi2c1.Init.AddressingMode = I2C_ADDRESSINGMODE_7BIT;
  51              		.loc 1 44 3 is_stmt 1 view .LVU7
  52              		.loc 1 44 29 is_stmt 0 view .LVU8
  53 0010 0122     		movs	r2, #1
  54 0012 C260     		str	r2, [r0, #12]
  45:Core/Src/i2c.c ****   hi2c1.Init.DualAddressMode = I2C_DUALADDRESS_DISABLE;
  55              		.loc 1 45 3 is_stmt 1 view .LVU9
  56              		.loc 1 45 30 is_stmt 0 view .LVU10
  57 0014 0361     		str	r3, [r0, #16]
  46:Core/Src/i2c.c ****   hi2c1.Init.OwnAddress2 = 0;
  58              		.loc 1 46 3 is_stmt 1 view .LVU11
  59              		.loc 1 46 26 is_stmt 0 view .LVU12
  60 0016 4361     		str	r3, [r0, #20]
  47:Core/Src/i2c.c ****   hi2c1.Init.OwnAddress2Masks = I2C_OA2_NOMASK;
  61              		.loc 1 47 3 is_stmt 1 view .LVU13
  62              		.loc 1 47 31 is_stmt 0 view .LVU14
  63 0018 8361     		str	r3, [r0, #24]
  48:Core/Src/i2c.c ****   hi2c1.Init.GeneralCallMode = I2C_GENERALCALL_DISABLE;
  64              		.loc 1 48 3 is_stmt 1 view .LVU15
  65              		.loc 1 48 30 is_stmt 0 view .LVU16
  66 001a C361     		str	r3, [r0, #28]
  49:Core/Src/i2c.c ****   hi2c1.Init.NoStretchMode = I2C_NOSTRETCH_DISABLE;
ARM GAS  C:\Users\GUILLE~1\AppData\Local\Temp\cc0NCaLg.s 			page 3


  67              		.loc 1 49 3 is_stmt 1 view .LVU17
  68              		.loc 1 49 28 is_stmt 0 view .LVU18
  69 001c 0362     		str	r3, [r0, #32]
  50:Core/Src/i2c.c ****   if (HAL_I2C_Init(&hi2c1) != HAL_OK)
  70              		.loc 1 50 3 is_stmt 1 view .LVU19
  71              		.loc 1 50 7 is_stmt 0 view .LVU20
  72 001e FFF7FEFF 		bl	HAL_I2C_Init
  73              	.LVL0:
  74              		.loc 1 50 6 view .LVU21
  75 0022 50B9     		cbnz	r0, .L6
  76              	.L2:
  51:Core/Src/i2c.c ****   {
  52:Core/Src/i2c.c ****     Error_Handler();
  53:Core/Src/i2c.c ****   }
  54:Core/Src/i2c.c ****   /** Configure Analogue filter
  55:Core/Src/i2c.c ****   */
  56:Core/Src/i2c.c ****   if (HAL_I2CEx_ConfigAnalogFilter(&hi2c1, I2C_ANALOGFILTER_ENABLE) != HAL_OK)
  77              		.loc 1 56 3 is_stmt 1 view .LVU22
  78              		.loc 1 56 7 is_stmt 0 view .LVU23
  79 0024 0021     		movs	r1, #0
  80 0026 0948     		ldr	r0, .L9
  81 0028 FFF7FEFF 		bl	HAL_I2CEx_ConfigAnalogFilter
  82              	.LVL1:
  83              		.loc 1 56 6 view .LVU24
  84 002c 40B9     		cbnz	r0, .L7
  85              	.L3:
  57:Core/Src/i2c.c ****   {
  58:Core/Src/i2c.c ****     Error_Handler();
  59:Core/Src/i2c.c ****   }
  60:Core/Src/i2c.c ****   /** Configure Digital filter
  61:Core/Src/i2c.c ****   */
  62:Core/Src/i2c.c ****   if (HAL_I2CEx_ConfigDigitalFilter(&hi2c1, 0) != HAL_OK)
  86              		.loc 1 62 3 is_stmt 1 view .LVU25
  87              		.loc 1 62 7 is_stmt 0 view .LVU26
  88 002e 0021     		movs	r1, #0
  89 0030 0648     		ldr	r0, .L9
  90 0032 FFF7FEFF 		bl	HAL_I2CEx_ConfigDigitalFilter
  91              	.LVL2:
  92              		.loc 1 62 6 view .LVU27
  93 0036 30B9     		cbnz	r0, .L8
  94              	.L1:
  63:Core/Src/i2c.c ****   {
  64:Core/Src/i2c.c ****     Error_Handler();
  65:Core/Src/i2c.c ****   }
  66:Core/Src/i2c.c ****   /* USER CODE BEGIN I2C1_Init 2 */
  67:Core/Src/i2c.c **** 
  68:Core/Src/i2c.c ****   /* USER CODE END I2C1_Init 2 */
  69:Core/Src/i2c.c **** 
  70:Core/Src/i2c.c **** }
  95              		.loc 1 70 1 view .LVU28
  96 0038 08BD     		pop	{r3, pc}
  97              	.L6:
  52:Core/Src/i2c.c ****   }
  98              		.loc 1 52 5 is_stmt 1 view .LVU29
  99 003a FFF7FEFF 		bl	Error_Handler
 100              	.LVL3:
 101 003e F1E7     		b	.L2
ARM GAS  C:\Users\GUILLE~1\AppData\Local\Temp\cc0NCaLg.s 			page 4


 102              	.L7:
  58:Core/Src/i2c.c ****   }
 103              		.loc 1 58 5 view .LVU30
 104 0040 FFF7FEFF 		bl	Error_Handler
 105              	.LVL4:
 106 0044 F3E7     		b	.L3
 107              	.L8:
  64:Core/Src/i2c.c ****   }
 108              		.loc 1 64 5 view .LVU31
 109 0046 FFF7FEFF 		bl	Error_Handler
 110              	.LVL5:
 111              		.loc 1 70 1 is_stmt 0 view .LVU32
 112 004a F5E7     		b	.L1
 113              	.L10:
 114              		.align	2
 115              	.L9:
 116 004c 00000000 		.word	.LANCHOR0
 117 0050 00540040 		.word	1073763328
 118 0054 59194000 		.word	4200793
 119              		.cfi_endproc
 120              	.LFE141:
 122              		.section	.text.MX_I2C4_Init,"ax",%progbits
 123              		.align	1
 124              		.global	MX_I2C4_Init
 125              		.syntax unified
 126              		.thumb
 127              		.thumb_func
 128              		.fpu fpv5-sp-d16
 130              	MX_I2C4_Init:
 131              	.LFB142:
  71:Core/Src/i2c.c **** /* I2C4 init function */
  72:Core/Src/i2c.c **** void MX_I2C4_Init(void)
  73:Core/Src/i2c.c **** {
 132              		.loc 1 73 1 is_stmt 1 view -0
 133              		.cfi_startproc
 134              		@ args = 0, pretend = 0, frame = 0
 135              		@ frame_needed = 0, uses_anonymous_args = 0
 136 0000 08B5     		push	{r3, lr}
 137              	.LCFI1:
 138              		.cfi_def_cfa_offset 8
 139              		.cfi_offset 3, -8
 140              		.cfi_offset 14, -4
  74:Core/Src/i2c.c **** 
  75:Core/Src/i2c.c ****   /* USER CODE BEGIN I2C4_Init 0 */
  76:Core/Src/i2c.c **** 
  77:Core/Src/i2c.c ****   /* USER CODE END I2C4_Init 0 */
  78:Core/Src/i2c.c **** 
  79:Core/Src/i2c.c ****   /* USER CODE BEGIN I2C4_Init 1 */
  80:Core/Src/i2c.c **** 
  81:Core/Src/i2c.c ****   /* USER CODE END I2C4_Init 1 */
  82:Core/Src/i2c.c ****   hi2c4.Instance = I2C4;
 141              		.loc 1 82 3 view .LVU34
 142              		.loc 1 82 18 is_stmt 0 view .LVU35
 143 0002 2048     		ldr	r0, .L19
 144 0004 204B     		ldr	r3, .L19+4
 145 0006 0360     		str	r3, [r0]
  83:Core/Src/i2c.c ****   hi2c4.Init.Timing = 0x00401959;
ARM GAS  C:\Users\GUILLE~1\AppData\Local\Temp\cc0NCaLg.s 			page 5


 146              		.loc 1 83 3 is_stmt 1 view .LVU36
 147              		.loc 1 83 21 is_stmt 0 view .LVU37
 148 0008 204B     		ldr	r3, .L19+8
 149 000a 4360     		str	r3, [r0, #4]
  84:Core/Src/i2c.c ****   hi2c4.Init.OwnAddress1 = 192;
 150              		.loc 1 84 3 is_stmt 1 view .LVU38
 151              		.loc 1 84 26 is_stmt 0 view .LVU39
 152 000c C023     		movs	r3, #192
 153 000e 8360     		str	r3, [r0, #8]
  85:Core/Src/i2c.c ****   hi2c4.Init.AddressingMode = I2C_ADDRESSINGMODE_7BIT;
 154              		.loc 1 85 3 is_stmt 1 view .LVU40
 155              		.loc 1 85 29 is_stmt 0 view .LVU41
 156 0010 0123     		movs	r3, #1
 157 0012 C360     		str	r3, [r0, #12]
  86:Core/Src/i2c.c ****   hi2c4.Init.DualAddressMode = I2C_DUALADDRESS_DISABLE;
 158              		.loc 1 86 3 is_stmt 1 view .LVU42
 159              		.loc 1 86 30 is_stmt 0 view .LVU43
 160 0014 0023     		movs	r3, #0
 161 0016 0361     		str	r3, [r0, #16]
  87:Core/Src/i2c.c ****   hi2c4.Init.OwnAddress2 = 0;
 162              		.loc 1 87 3 is_stmt 1 view .LVU44
 163              		.loc 1 87 26 is_stmt 0 view .LVU45
 164 0018 4361     		str	r3, [r0, #20]
  88:Core/Src/i2c.c ****   hi2c4.Init.OwnAddress2Masks = I2C_OA2_NOMASK;
 165              		.loc 1 88 3 is_stmt 1 view .LVU46
 166              		.loc 1 88 31 is_stmt 0 view .LVU47
 167 001a 8361     		str	r3, [r0, #24]
  89:Core/Src/i2c.c ****   hi2c4.Init.GeneralCallMode = I2C_GENERALCALL_DISABLE;
 168              		.loc 1 89 3 is_stmt 1 view .LVU48
 169              		.loc 1 89 30 is_stmt 0 view .LVU49
 170 001c C361     		str	r3, [r0, #28]
  90:Core/Src/i2c.c ****   hi2c4.Init.NoStretchMode = I2C_NOSTRETCH_DISABLE;
 171              		.loc 1 90 3 is_stmt 1 view .LVU50
 172              		.loc 1 90 28 is_stmt 0 view .LVU51
 173 001e 0362     		str	r3, [r0, #32]
  91:Core/Src/i2c.c ****   if (HAL_I2C_Init(&hi2c4) != HAL_OK)
 174              		.loc 1 91 3 is_stmt 1 view .LVU52
 175              		.loc 1 91 7 is_stmt 0 view .LVU53
 176 0020 FFF7FEFF 		bl	HAL_I2C_Init
 177              	.LVL6:
 178              		.loc 1 91 6 view .LVU54
 179 0024 20BB     		cbnz	r0, .L16
 180              	.L12:
  92:Core/Src/i2c.c ****   {
  93:Core/Src/i2c.c ****     Error_Handler();
  94:Core/Src/i2c.c ****   }
  95:Core/Src/i2c.c ****   /** Configure Analogue filter
  96:Core/Src/i2c.c ****   */
  97:Core/Src/i2c.c ****   if (HAL_I2CEx_ConfigAnalogFilter(&hi2c4, I2C_ANALOGFILTER_ENABLE) != HAL_OK)
 181              		.loc 1 97 3 is_stmt 1 view .LVU55
 182              		.loc 1 97 7 is_stmt 0 view .LVU56
 183 0026 0021     		movs	r1, #0
 184 0028 1648     		ldr	r0, .L19
 185 002a FFF7FEFF 		bl	HAL_I2CEx_ConfigAnalogFilter
 186              	.LVL7:
 187              		.loc 1 97 6 view .LVU57
 188 002e 10BB     		cbnz	r0, .L17
ARM GAS  C:\Users\GUILLE~1\AppData\Local\Temp\cc0NCaLg.s 			page 6


 189              	.L13:
  98:Core/Src/i2c.c ****   {
  99:Core/Src/i2c.c ****     Error_Handler();
 100:Core/Src/i2c.c ****   }
 101:Core/Src/i2c.c ****   /** Configure Digital filter
 102:Core/Src/i2c.c ****   */
 103:Core/Src/i2c.c ****   if (HAL_I2CEx_ConfigDigitalFilter(&hi2c4, 0) != HAL_OK)
 190              		.loc 1 103 3 is_stmt 1 view .LVU58
 191              		.loc 1 103 7 is_stmt 0 view .LVU59
 192 0030 0021     		movs	r1, #0
 193 0032 1448     		ldr	r0, .L19
 194 0034 FFF7FEFF 		bl	HAL_I2CEx_ConfigDigitalFilter
 195              	.LVL8:
 196              		.loc 1 103 6 view .LVU60
 197 0038 00BB     		cbnz	r0, .L18
 198              	.L14:
 104:Core/Src/i2c.c ****   {
 105:Core/Src/i2c.c ****     Error_Handler();
 106:Core/Src/i2c.c ****   }
 107:Core/Src/i2c.c ****   /* USER CODE BEGIN I2C4_Init 2 */
 108:Core/Src/i2c.c ****   /* enable interrupts */
 109:Core/Src/i2c.c ****   I2C4->CR1 |= I2C_CR1_STOPIE;
 199              		.loc 1 109 3 is_stmt 1 view .LVU61
 200              		.loc 1 109 13 is_stmt 0 view .LVU62
 201 003a 134B     		ldr	r3, .L19+4
 202 003c 1A68     		ldr	r2, [r3]
 203 003e 42F02002 		orr	r2, r2, #32
 204 0042 1A60     		str	r2, [r3]
 110:Core/Src/i2c.c ****   I2C4->CR1 |= I2C_CR1_NACKIE;
 205              		.loc 1 110 3 is_stmt 1 view .LVU63
 206              		.loc 1 110 13 is_stmt 0 view .LVU64
 207 0044 1A68     		ldr	r2, [r3]
 208 0046 42F01002 		orr	r2, r2, #16
 209 004a 1A60     		str	r2, [r3]
 111:Core/Src/i2c.c ****   I2C4->CR1 |= I2C_CR1_ADDRIE;
 210              		.loc 1 111 3 is_stmt 1 view .LVU65
 211              		.loc 1 111 13 is_stmt 0 view .LVU66
 212 004c 1A68     		ldr	r2, [r3]
 213 004e 42F00802 		orr	r2, r2, #8
 214 0052 1A60     		str	r2, [r3]
 112:Core/Src/i2c.c ****   I2C4->CR1 |= I2C_CR1_RXIE;
 215              		.loc 1 112 3 is_stmt 1 view .LVU67
 216              		.loc 1 112 13 is_stmt 0 view .LVU68
 217 0054 1A68     		ldr	r2, [r3]
 218 0056 42F00402 		orr	r2, r2, #4
 219 005a 1A60     		str	r2, [r3]
 113:Core/Src/i2c.c ****   I2C4->CR1 |= I2C_CR1_TXIE;
 220              		.loc 1 113 3 is_stmt 1 view .LVU69
 221              		.loc 1 113 13 is_stmt 0 view .LVU70
 222 005c 1A68     		ldr	r2, [r3]
 223 005e 42F00202 		orr	r2, r2, #2
 224 0062 1A60     		str	r2, [r3]
 114:Core/Src/i2c.c ****   I2C4->ISR &= !I2C_ISR_RXNE; 
 225              		.loc 1 114 3 is_stmt 1 view .LVU71
 226              		.loc 1 114 13 is_stmt 0 view .LVU72
 227 0064 9A69     		ldr	r2, [r3, #24]
 228 0066 0022     		movs	r2, #0
ARM GAS  C:\Users\GUILLE~1\AppData\Local\Temp\cc0NCaLg.s 			page 7


 229 0068 9A61     		str	r2, [r3, #24]
 115:Core/Src/i2c.c ****   I2C4->ISR &= !I2C_ISR_TXIS; 
 230              		.loc 1 115 3 is_stmt 1 view .LVU73
 231              		.loc 1 115 13 is_stmt 0 view .LVU74
 232 006a 9969     		ldr	r1, [r3, #24]
 233 006c 9A61     		str	r2, [r3, #24]
 116:Core/Src/i2c.c ****   /* USER CODE END I2C4_Init 2 */
 117:Core/Src/i2c.c **** 
 118:Core/Src/i2c.c **** }
 234              		.loc 1 118 1 view .LVU75
 235 006e 08BD     		pop	{r3, pc}
 236              	.L16:
  93:Core/Src/i2c.c ****   }
 237              		.loc 1 93 5 is_stmt 1 view .LVU76
 238 0070 FFF7FEFF 		bl	Error_Handler
 239              	.LVL9:
 240 0074 D7E7     		b	.L12
 241              	.L17:
  99:Core/Src/i2c.c ****   }
 242              		.loc 1 99 5 view .LVU77
 243 0076 FFF7FEFF 		bl	Error_Handler
 244              	.LVL10:
 245 007a D9E7     		b	.L13
 246              	.L18:
 105:Core/Src/i2c.c ****   }
 247              		.loc 1 105 5 view .LVU78
 248 007c FFF7FEFF 		bl	Error_Handler
 249              	.LVL11:
 250 0080 DBE7     		b	.L14
 251              	.L20:
 252 0082 00BF     		.align	2
 253              	.L19:
 254 0084 00000000 		.word	.LANCHOR1
 255 0088 00600040 		.word	1073766400
 256 008c 59194000 		.word	4200793
 257              		.cfi_endproc
 258              	.LFE142:
 260              		.section	.text.HAL_I2C_MspInit,"ax",%progbits
 261              		.align	1
 262              		.global	HAL_I2C_MspInit
 263              		.syntax unified
 264              		.thumb
 265              		.thumb_func
 266              		.fpu fpv5-sp-d16
 268              	HAL_I2C_MspInit:
 269              	.LVL12:
 270              	.LFB143:
 119:Core/Src/i2c.c **** 
 120:Core/Src/i2c.c **** void HAL_I2C_MspInit(I2C_HandleTypeDef* i2cHandle)
 121:Core/Src/i2c.c **** {
 271              		.loc 1 121 1 view -0
 272              		.cfi_startproc
 273              		@ args = 0, pretend = 0, frame = 40
 274              		@ frame_needed = 0, uses_anonymous_args = 0
 275              		.loc 1 121 1 is_stmt 0 view .LVU80
 276 0000 10B5     		push	{r4, lr}
 277              	.LCFI2:
ARM GAS  C:\Users\GUILLE~1\AppData\Local\Temp\cc0NCaLg.s 			page 8


 278              		.cfi_def_cfa_offset 8
 279              		.cfi_offset 4, -8
 280              		.cfi_offset 14, -4
 281 0002 8AB0     		sub	sp, sp, #40
 282              	.LCFI3:
 283              		.cfi_def_cfa_offset 48
 122:Core/Src/i2c.c **** 
 123:Core/Src/i2c.c ****   GPIO_InitTypeDef GPIO_InitStruct = {0};
 284              		.loc 1 123 3 is_stmt 1 view .LVU81
 285              		.loc 1 123 20 is_stmt 0 view .LVU82
 286 0004 0023     		movs	r3, #0
 287 0006 0593     		str	r3, [sp, #20]
 288 0008 0693     		str	r3, [sp, #24]
 289 000a 0793     		str	r3, [sp, #28]
 290 000c 0893     		str	r3, [sp, #32]
 291 000e 0993     		str	r3, [sp, #36]
 124:Core/Src/i2c.c ****   if(i2cHandle->Instance==I2C1)
 292              		.loc 1 124 3 is_stmt 1 view .LVU83
 293              		.loc 1 124 15 is_stmt 0 view .LVU84
 294 0010 0368     		ldr	r3, [r0]
 295              		.loc 1 124 5 view .LVU85
 296 0012 294A     		ldr	r2, .L27
 297 0014 9342     		cmp	r3, r2
 298 0016 04D0     		beq	.L25
 125:Core/Src/i2c.c ****   {
 126:Core/Src/i2c.c ****   /* USER CODE BEGIN I2C1_MspInit 0 */
 127:Core/Src/i2c.c **** 
 128:Core/Src/i2c.c ****   /* USER CODE END I2C1_MspInit 0 */
 129:Core/Src/i2c.c **** 
 130:Core/Src/i2c.c ****     __HAL_RCC_GPIOB_CLK_ENABLE();
 131:Core/Src/i2c.c ****     /**I2C1 GPIO Configuration
 132:Core/Src/i2c.c ****     PB6     ------> I2C1_SCL
 133:Core/Src/i2c.c ****     PB7     ------> I2C1_SDA
 134:Core/Src/i2c.c ****     */
 135:Core/Src/i2c.c ****     GPIO_InitStruct.Pin = GPIO_PIN_6|GPIO_PIN_7;
 136:Core/Src/i2c.c ****     GPIO_InitStruct.Mode = GPIO_MODE_AF_OD;
 137:Core/Src/i2c.c ****     GPIO_InitStruct.Pull = GPIO_PULLUP;
 138:Core/Src/i2c.c ****     GPIO_InitStruct.Speed = GPIO_SPEED_FREQ_VERY_HIGH;
 139:Core/Src/i2c.c ****     GPIO_InitStruct.Alternate = GPIO_AF4_I2C1;
 140:Core/Src/i2c.c ****     HAL_GPIO_Init(GPIOB, &GPIO_InitStruct);
 141:Core/Src/i2c.c **** 
 142:Core/Src/i2c.c ****     /* I2C1 clock enable */
 143:Core/Src/i2c.c ****     __HAL_RCC_I2C1_CLK_ENABLE();
 144:Core/Src/i2c.c ****   /* USER CODE BEGIN I2C1_MspInit 1 */
 145:Core/Src/i2c.c **** 
 146:Core/Src/i2c.c ****   /* USER CODE END I2C1_MspInit 1 */
 147:Core/Src/i2c.c ****   }
 148:Core/Src/i2c.c ****   else if(i2cHandle->Instance==I2C4)
 299              		.loc 1 148 8 is_stmt 1 view .LVU86
 300              		.loc 1 148 10 is_stmt 0 view .LVU87
 301 0018 284A     		ldr	r2, .L27+4
 302 001a 9342     		cmp	r3, r2
 303 001c 23D0     		beq	.L26
 304              	.LVL13:
 305              	.L21:
 149:Core/Src/i2c.c ****   {
 150:Core/Src/i2c.c ****   /* USER CODE BEGIN I2C4_MspInit 0 */
ARM GAS  C:\Users\GUILLE~1\AppData\Local\Temp\cc0NCaLg.s 			page 9


 151:Core/Src/i2c.c **** 
 152:Core/Src/i2c.c ****   /* USER CODE END I2C4_MspInit 0 */
 153:Core/Src/i2c.c **** 
 154:Core/Src/i2c.c ****     __HAL_RCC_GPIOD_CLK_ENABLE();
 155:Core/Src/i2c.c ****     /**I2C4 GPIO Configuration
 156:Core/Src/i2c.c ****     PD12     ------> I2C4_SCL
 157:Core/Src/i2c.c ****     PD13     ------> I2C4_SDA
 158:Core/Src/i2c.c ****     */
 159:Core/Src/i2c.c ****     GPIO_InitStruct.Pin = GPIO_PIN_12|GPIO_PIN_13;
 160:Core/Src/i2c.c ****     GPIO_InitStruct.Mode = GPIO_MODE_AF_OD;
 161:Core/Src/i2c.c ****     GPIO_InitStruct.Pull = GPIO_NOPULL;
 162:Core/Src/i2c.c ****     GPIO_InitStruct.Speed = GPIO_SPEED_FREQ_VERY_HIGH;
 163:Core/Src/i2c.c ****     GPIO_InitStruct.Alternate = GPIO_AF4_I2C4;
 164:Core/Src/i2c.c ****     HAL_GPIO_Init(GPIOD, &GPIO_InitStruct);
 165:Core/Src/i2c.c **** 
 166:Core/Src/i2c.c ****     /* I2C4 clock enable */
 167:Core/Src/i2c.c ****     __HAL_RCC_I2C4_CLK_ENABLE();
 168:Core/Src/i2c.c **** 
 169:Core/Src/i2c.c ****     /* I2C4 interrupt Init */
 170:Core/Src/i2c.c ****     HAL_NVIC_SetPriority(I2C4_EV_IRQn, 0, 0);
 171:Core/Src/i2c.c ****     HAL_NVIC_EnableIRQ(I2C4_EV_IRQn);
 172:Core/Src/i2c.c ****   /* USER CODE BEGIN I2C4_MspInit 1 */
 173:Core/Src/i2c.c **** 
 174:Core/Src/i2c.c ****   /* USER CODE END I2C4_MspInit 1 */
 175:Core/Src/i2c.c ****   }
 176:Core/Src/i2c.c **** }
 306              		.loc 1 176 1 view .LVU88
 307 001e 0AB0     		add	sp, sp, #40
 308              	.LCFI4:
 309              		.cfi_remember_state
 310              		.cfi_def_cfa_offset 8
 311              		@ sp needed
 312 0020 10BD     		pop	{r4, pc}
 313              	.LVL14:
 314              	.L25:
 315              	.LCFI5:
 316              		.cfi_restore_state
 130:Core/Src/i2c.c ****     /**I2C1 GPIO Configuration
 317              		.loc 1 130 5 is_stmt 1 view .LVU89
 318              	.LBB2:
 130:Core/Src/i2c.c ****     /**I2C1 GPIO Configuration
 319              		.loc 1 130 5 view .LVU90
 130:Core/Src/i2c.c ****     /**I2C1 GPIO Configuration
 320              		.loc 1 130 5 view .LVU91
 321 0022 274C     		ldr	r4, .L27+8
 322 0024 236B     		ldr	r3, [r4, #48]
 323 0026 43F00203 		orr	r3, r3, #2
 324 002a 2363     		str	r3, [r4, #48]
 130:Core/Src/i2c.c ****     /**I2C1 GPIO Configuration
 325              		.loc 1 130 5 view .LVU92
 326 002c 236B     		ldr	r3, [r4, #48]
 327 002e 03F00203 		and	r3, r3, #2
 328 0032 0193     		str	r3, [sp, #4]
 130:Core/Src/i2c.c ****     /**I2C1 GPIO Configuration
 329              		.loc 1 130 5 view .LVU93
 330 0034 019B     		ldr	r3, [sp, #4]
 331              	.LBE2:
ARM GAS  C:\Users\GUILLE~1\AppData\Local\Temp\cc0NCaLg.s 			page 10


 130:Core/Src/i2c.c ****     /**I2C1 GPIO Configuration
 332              		.loc 1 130 5 view .LVU94
 135:Core/Src/i2c.c ****     GPIO_InitStruct.Mode = GPIO_MODE_AF_OD;
 333              		.loc 1 135 5 view .LVU95
 135:Core/Src/i2c.c ****     GPIO_InitStruct.Mode = GPIO_MODE_AF_OD;
 334              		.loc 1 135 25 is_stmt 0 view .LVU96
 335 0036 C023     		movs	r3, #192
 336 0038 0593     		str	r3, [sp, #20]
 136:Core/Src/i2c.c ****     GPIO_InitStruct.Pull = GPIO_PULLUP;
 337              		.loc 1 136 5 is_stmt 1 view .LVU97
 136:Core/Src/i2c.c ****     GPIO_InitStruct.Pull = GPIO_PULLUP;
 338              		.loc 1 136 26 is_stmt 0 view .LVU98
 339 003a 1223     		movs	r3, #18
 340 003c 0693     		str	r3, [sp, #24]
 137:Core/Src/i2c.c ****     GPIO_InitStruct.Speed = GPIO_SPEED_FREQ_VERY_HIGH;
 341              		.loc 1 137 5 is_stmt 1 view .LVU99
 137:Core/Src/i2c.c ****     GPIO_InitStruct.Speed = GPIO_SPEED_FREQ_VERY_HIGH;
 342              		.loc 1 137 26 is_stmt 0 view .LVU100
 343 003e 0123     		movs	r3, #1
 344 0040 0793     		str	r3, [sp, #28]
 138:Core/Src/i2c.c ****     GPIO_InitStruct.Alternate = GPIO_AF4_I2C1;
 345              		.loc 1 138 5 is_stmt 1 view .LVU101
 138:Core/Src/i2c.c ****     GPIO_InitStruct.Alternate = GPIO_AF4_I2C1;
 346              		.loc 1 138 27 is_stmt 0 view .LVU102
 347 0042 0323     		movs	r3, #3
 348 0044 0893     		str	r3, [sp, #32]
 139:Core/Src/i2c.c ****     HAL_GPIO_Init(GPIOB, &GPIO_InitStruct);
 349              		.loc 1 139 5 is_stmt 1 view .LVU103
 139:Core/Src/i2c.c ****     HAL_GPIO_Init(GPIOB, &GPIO_InitStruct);
 350              		.loc 1 139 31 is_stmt 0 view .LVU104
 351 0046 0423     		movs	r3, #4
 352 0048 0993     		str	r3, [sp, #36]
 140:Core/Src/i2c.c **** 
 353              		.loc 1 140 5 is_stmt 1 view .LVU105
 354 004a 05A9     		add	r1, sp, #20
 355 004c 1D48     		ldr	r0, .L27+12
 356              	.LVL15:
 140:Core/Src/i2c.c **** 
 357              		.loc 1 140 5 is_stmt 0 view .LVU106
 358 004e FFF7FEFF 		bl	HAL_GPIO_Init
 359              	.LVL16:
 143:Core/Src/i2c.c ****   /* USER CODE BEGIN I2C1_MspInit 1 */
 360              		.loc 1 143 5 is_stmt 1 view .LVU107
 361              	.LBB3:
 143:Core/Src/i2c.c ****   /* USER CODE BEGIN I2C1_MspInit 1 */
 362              		.loc 1 143 5 view .LVU108
 143:Core/Src/i2c.c ****   /* USER CODE BEGIN I2C1_MspInit 1 */
 363              		.loc 1 143 5 view .LVU109
 364 0052 236C     		ldr	r3, [r4, #64]
 365 0054 43F40013 		orr	r3, r3, #2097152
 366 0058 2364     		str	r3, [r4, #64]
 143:Core/Src/i2c.c ****   /* USER CODE BEGIN I2C1_MspInit 1 */
 367              		.loc 1 143 5 view .LVU110
 368 005a 236C     		ldr	r3, [r4, #64]
 369 005c 03F40013 		and	r3, r3, #2097152
 370 0060 0293     		str	r3, [sp, #8]
 143:Core/Src/i2c.c ****   /* USER CODE BEGIN I2C1_MspInit 1 */
ARM GAS  C:\Users\GUILLE~1\AppData\Local\Temp\cc0NCaLg.s 			page 11


 371              		.loc 1 143 5 view .LVU111
 372 0062 029B     		ldr	r3, [sp, #8]
 373              	.LBE3:
 143:Core/Src/i2c.c ****   /* USER CODE BEGIN I2C1_MspInit 1 */
 374              		.loc 1 143 5 view .LVU112
 375 0064 DBE7     		b	.L21
 376              	.LVL17:
 377              	.L26:
 154:Core/Src/i2c.c ****     /**I2C4 GPIO Configuration
 378              		.loc 1 154 5 view .LVU113
 379              	.LBB4:
 154:Core/Src/i2c.c ****     /**I2C4 GPIO Configuration
 380              		.loc 1 154 5 view .LVU114
 154:Core/Src/i2c.c ****     /**I2C4 GPIO Configuration
 381              		.loc 1 154 5 view .LVU115
 382 0066 164C     		ldr	r4, .L27+8
 383 0068 236B     		ldr	r3, [r4, #48]
 384 006a 43F00803 		orr	r3, r3, #8
 385 006e 2363     		str	r3, [r4, #48]
 154:Core/Src/i2c.c ****     /**I2C4 GPIO Configuration
 386              		.loc 1 154 5 view .LVU116
 387 0070 236B     		ldr	r3, [r4, #48]
 388 0072 03F00803 		and	r3, r3, #8
 389 0076 0393     		str	r3, [sp, #12]
 154:Core/Src/i2c.c ****     /**I2C4 GPIO Configuration
 390              		.loc 1 154 5 view .LVU117
 391 0078 039B     		ldr	r3, [sp, #12]
 392              	.LBE4:
 154:Core/Src/i2c.c ****     /**I2C4 GPIO Configuration
 393              		.loc 1 154 5 view .LVU118
 159:Core/Src/i2c.c ****     GPIO_InitStruct.Mode = GPIO_MODE_AF_OD;
 394              		.loc 1 159 5 view .LVU119
 159:Core/Src/i2c.c ****     GPIO_InitStruct.Mode = GPIO_MODE_AF_OD;
 395              		.loc 1 159 25 is_stmt 0 view .LVU120
 396 007a 4FF44053 		mov	r3, #12288
 397 007e 0593     		str	r3, [sp, #20]
 160:Core/Src/i2c.c ****     GPIO_InitStruct.Pull = GPIO_NOPULL;
 398              		.loc 1 160 5 is_stmt 1 view .LVU121
 160:Core/Src/i2c.c ****     GPIO_InitStruct.Pull = GPIO_NOPULL;
 399              		.loc 1 160 26 is_stmt 0 view .LVU122
 400 0080 1223     		movs	r3, #18
 401 0082 0693     		str	r3, [sp, #24]
 161:Core/Src/i2c.c ****     GPIO_InitStruct.Speed = GPIO_SPEED_FREQ_VERY_HIGH;
 402              		.loc 1 161 5 is_stmt 1 view .LVU123
 162:Core/Src/i2c.c ****     GPIO_InitStruct.Alternate = GPIO_AF4_I2C4;
 403              		.loc 1 162 5 view .LVU124
 162:Core/Src/i2c.c ****     GPIO_InitStruct.Alternate = GPIO_AF4_I2C4;
 404              		.loc 1 162 27 is_stmt 0 view .LVU125
 405 0084 0323     		movs	r3, #3
 406 0086 0893     		str	r3, [sp, #32]
 163:Core/Src/i2c.c ****     HAL_GPIO_Init(GPIOD, &GPIO_InitStruct);
 407              		.loc 1 163 5 is_stmt 1 view .LVU126
 163:Core/Src/i2c.c ****     HAL_GPIO_Init(GPIOD, &GPIO_InitStruct);
 408              		.loc 1 163 31 is_stmt 0 view .LVU127
 409 0088 0423     		movs	r3, #4
 410 008a 0993     		str	r3, [sp, #36]
 164:Core/Src/i2c.c **** 
ARM GAS  C:\Users\GUILLE~1\AppData\Local\Temp\cc0NCaLg.s 			page 12


 411              		.loc 1 164 5 is_stmt 1 view .LVU128
 412 008c 05A9     		add	r1, sp, #20
 413 008e 0E48     		ldr	r0, .L27+16
 414              	.LVL18:
 164:Core/Src/i2c.c **** 
 415              		.loc 1 164 5 is_stmt 0 view .LVU129
 416 0090 FFF7FEFF 		bl	HAL_GPIO_Init
 417              	.LVL19:
 167:Core/Src/i2c.c **** 
 418              		.loc 1 167 5 is_stmt 1 view .LVU130
 419              	.LBB5:
 167:Core/Src/i2c.c **** 
 420              		.loc 1 167 5 view .LVU131
 167:Core/Src/i2c.c **** 
 421              		.loc 1 167 5 view .LVU132
 422 0094 236C     		ldr	r3, [r4, #64]
 423 0096 43F08073 		orr	r3, r3, #16777216
 424 009a 2364     		str	r3, [r4, #64]
 167:Core/Src/i2c.c **** 
 425              		.loc 1 167 5 view .LVU133
 426 009c 236C     		ldr	r3, [r4, #64]
 427 009e 03F08073 		and	r3, r3, #16777216
 428 00a2 0493     		str	r3, [sp, #16]
 167:Core/Src/i2c.c **** 
 429              		.loc 1 167 5 view .LVU134
 430 00a4 049B     		ldr	r3, [sp, #16]
 431              	.LBE5:
 167:Core/Src/i2c.c **** 
 432              		.loc 1 167 5 view .LVU135
 170:Core/Src/i2c.c ****     HAL_NVIC_EnableIRQ(I2C4_EV_IRQn);
 433              		.loc 1 170 5 view .LVU136
 434 00a6 0022     		movs	r2, #0
 435 00a8 1146     		mov	r1, r2
 436 00aa 5F20     		movs	r0, #95
 437 00ac FFF7FEFF 		bl	HAL_NVIC_SetPriority
 438              	.LVL20:
 171:Core/Src/i2c.c ****   /* USER CODE BEGIN I2C4_MspInit 1 */
 439              		.loc 1 171 5 view .LVU137
 440 00b0 5F20     		movs	r0, #95
 441 00b2 FFF7FEFF 		bl	HAL_NVIC_EnableIRQ
 442              	.LVL21:
 443              		.loc 1 176 1 is_stmt 0 view .LVU138
 444 00b6 B2E7     		b	.L21
 445              	.L28:
 446              		.align	2
 447              	.L27:
 448 00b8 00540040 		.word	1073763328
 449 00bc 00600040 		.word	1073766400
 450 00c0 00380240 		.word	1073887232
 451 00c4 00040240 		.word	1073873920
 452 00c8 000C0240 		.word	1073875968
 453              		.cfi_endproc
 454              	.LFE143:
 456              		.section	.text.HAL_I2C_MspDeInit,"ax",%progbits
 457              		.align	1
 458              		.global	HAL_I2C_MspDeInit
 459              		.syntax unified
ARM GAS  C:\Users\GUILLE~1\AppData\Local\Temp\cc0NCaLg.s 			page 13


 460              		.thumb
 461              		.thumb_func
 462              		.fpu fpv5-sp-d16
 464              	HAL_I2C_MspDeInit:
 465              	.LVL22:
 466              	.LFB144:
 177:Core/Src/i2c.c **** 
 178:Core/Src/i2c.c **** void HAL_I2C_MspDeInit(I2C_HandleTypeDef* i2cHandle)
 179:Core/Src/i2c.c **** {
 467              		.loc 1 179 1 is_stmt 1 view -0
 468              		.cfi_startproc
 469              		@ args = 0, pretend = 0, frame = 0
 470              		@ frame_needed = 0, uses_anonymous_args = 0
 471              		.loc 1 179 1 is_stmt 0 view .LVU140
 472 0000 10B5     		push	{r4, lr}
 473              	.LCFI6:
 474              		.cfi_def_cfa_offset 8
 475              		.cfi_offset 4, -8
 476              		.cfi_offset 14, -4
 180:Core/Src/i2c.c **** 
 181:Core/Src/i2c.c ****   if(i2cHandle->Instance==I2C1)
 477              		.loc 1 181 3 is_stmt 1 view .LVU141
 478              		.loc 1 181 15 is_stmt 0 view .LVU142
 479 0002 0368     		ldr	r3, [r0]
 480              		.loc 1 181 5 view .LVU143
 481 0004 154A     		ldr	r2, .L35
 482 0006 9342     		cmp	r3, r2
 483 0008 03D0     		beq	.L33
 182:Core/Src/i2c.c ****   {
 183:Core/Src/i2c.c ****   /* USER CODE BEGIN I2C1_MspDeInit 0 */
 184:Core/Src/i2c.c **** 
 185:Core/Src/i2c.c ****   /* USER CODE END I2C1_MspDeInit 0 */
 186:Core/Src/i2c.c ****     /* Peripheral clock disable */
 187:Core/Src/i2c.c ****     __HAL_RCC_I2C1_CLK_DISABLE();
 188:Core/Src/i2c.c **** 
 189:Core/Src/i2c.c ****     /**I2C1 GPIO Configuration
 190:Core/Src/i2c.c ****     PB6     ------> I2C1_SCL
 191:Core/Src/i2c.c ****     PB7     ------> I2C1_SDA
 192:Core/Src/i2c.c ****     */
 193:Core/Src/i2c.c ****     HAL_GPIO_DeInit(GPIOB, GPIO_PIN_6);
 194:Core/Src/i2c.c **** 
 195:Core/Src/i2c.c ****     HAL_GPIO_DeInit(GPIOB, GPIO_PIN_7);
 196:Core/Src/i2c.c **** 
 197:Core/Src/i2c.c ****   /* USER CODE BEGIN I2C1_MspDeInit 1 */
 198:Core/Src/i2c.c **** 
 199:Core/Src/i2c.c ****   /* USER CODE END I2C1_MspDeInit 1 */
 200:Core/Src/i2c.c ****   }
 201:Core/Src/i2c.c ****   else if(i2cHandle->Instance==I2C4)
 484              		.loc 1 201 8 is_stmt 1 view .LVU144
 485              		.loc 1 201 10 is_stmt 0 view .LVU145
 486 000a 154A     		ldr	r2, .L35+4
 487 000c 9342     		cmp	r3, r2
 488 000e 10D0     		beq	.L34
 489              	.LVL23:
 490              	.L29:
 202:Core/Src/i2c.c ****   {
 203:Core/Src/i2c.c ****   /* USER CODE BEGIN I2C4_MspDeInit 0 */
ARM GAS  C:\Users\GUILLE~1\AppData\Local\Temp\cc0NCaLg.s 			page 14


 204:Core/Src/i2c.c **** 
 205:Core/Src/i2c.c ****   /* USER CODE END I2C4_MspDeInit 0 */
 206:Core/Src/i2c.c ****     /* Peripheral clock disable */
 207:Core/Src/i2c.c ****     __HAL_RCC_I2C4_CLK_DISABLE();
 208:Core/Src/i2c.c **** 
 209:Core/Src/i2c.c ****     /**I2C4 GPIO Configuration
 210:Core/Src/i2c.c ****     PD12     ------> I2C4_SCL
 211:Core/Src/i2c.c ****     PD13     ------> I2C4_SDA
 212:Core/Src/i2c.c ****     */
 213:Core/Src/i2c.c ****     HAL_GPIO_DeInit(GPIOD, GPIO_PIN_12);
 214:Core/Src/i2c.c **** 
 215:Core/Src/i2c.c ****     HAL_GPIO_DeInit(GPIOD, GPIO_PIN_13);
 216:Core/Src/i2c.c **** 
 217:Core/Src/i2c.c ****     /* I2C4 interrupt Deinit */
 218:Core/Src/i2c.c ****     HAL_NVIC_DisableIRQ(I2C4_EV_IRQn);
 219:Core/Src/i2c.c ****   /* USER CODE BEGIN I2C4_MspDeInit 1 */
 220:Core/Src/i2c.c **** 
 221:Core/Src/i2c.c ****   /* USER CODE END I2C4_MspDeInit 1 */
 222:Core/Src/i2c.c ****   }
 223:Core/Src/i2c.c **** }
 491              		.loc 1 223 1 view .LVU146
 492 0010 10BD     		pop	{r4, pc}
 493              	.LVL24:
 494              	.L33:
 187:Core/Src/i2c.c **** 
 495              		.loc 1 187 5 is_stmt 1 view .LVU147
 496 0012 02F5F232 		add	r2, r2, #123904
 497 0016 136C     		ldr	r3, [r2, #64]
 498 0018 23F40013 		bic	r3, r3, #2097152
 499 001c 1364     		str	r3, [r2, #64]
 193:Core/Src/i2c.c **** 
 500              		.loc 1 193 5 view .LVU148
 501 001e 114C     		ldr	r4, .L35+8
 502 0020 4021     		movs	r1, #64
 503 0022 2046     		mov	r0, r4
 504              	.LVL25:
 193:Core/Src/i2c.c **** 
 505              		.loc 1 193 5 is_stmt 0 view .LVU149
 506 0024 FFF7FEFF 		bl	HAL_GPIO_DeInit
 507              	.LVL26:
 195:Core/Src/i2c.c **** 
 508              		.loc 1 195 5 is_stmt 1 view .LVU150
 509 0028 8021     		movs	r1, #128
 510 002a 2046     		mov	r0, r4
 511 002c FFF7FEFF 		bl	HAL_GPIO_DeInit
 512              	.LVL27:
 513 0030 EEE7     		b	.L29
 514              	.LVL28:
 515              	.L34:
 207:Core/Src/i2c.c **** 
 516              		.loc 1 207 5 view .LVU151
 517 0032 02F5EC32 		add	r2, r2, #120832
 518 0036 136C     		ldr	r3, [r2, #64]
 519 0038 23F08073 		bic	r3, r3, #16777216
 520 003c 1364     		str	r3, [r2, #64]
 213:Core/Src/i2c.c **** 
 521              		.loc 1 213 5 view .LVU152
ARM GAS  C:\Users\GUILLE~1\AppData\Local\Temp\cc0NCaLg.s 			page 15


 522 003e 0A4C     		ldr	r4, .L35+12
 523 0040 4FF48051 		mov	r1, #4096
 524 0044 2046     		mov	r0, r4
 525              	.LVL29:
 213:Core/Src/i2c.c **** 
 526              		.loc 1 213 5 is_stmt 0 view .LVU153
 527 0046 FFF7FEFF 		bl	HAL_GPIO_DeInit
 528              	.LVL30:
 215:Core/Src/i2c.c **** 
 529              		.loc 1 215 5 is_stmt 1 view .LVU154
 530 004a 4FF40051 		mov	r1, #8192
 531 004e 2046     		mov	r0, r4
 532 0050 FFF7FEFF 		bl	HAL_GPIO_DeInit
 533              	.LVL31:
 218:Core/Src/i2c.c ****   /* USER CODE BEGIN I2C4_MspDeInit 1 */
 534              		.loc 1 218 5 view .LVU155
 535 0054 5F20     		movs	r0, #95
 536 0056 FFF7FEFF 		bl	HAL_NVIC_DisableIRQ
 537              	.LVL32:
 538              		.loc 1 223 1 is_stmt 0 view .LVU156
 539 005a D9E7     		b	.L29
 540              	.L36:
 541              		.align	2
 542              	.L35:
 543 005c 00540040 		.word	1073763328
 544 0060 00600040 		.word	1073766400
 545 0064 00040240 		.word	1073873920
 546 0068 000C0240 		.word	1073875968
 547              		.cfi_endproc
 548              	.LFE144:
 550              		.global	hi2c4
 551              		.global	hi2c1
 552              		.section	.bss.hi2c1,"aw",%nobits
 553              		.align	2
 554              		.set	.LANCHOR0,. + 0
 557              	hi2c1:
 558 0000 00000000 		.space	76
 558      00000000 
 558      00000000 
 558      00000000 
 558      00000000 
 559              		.section	.bss.hi2c4,"aw",%nobits
 560              		.align	2
 561              		.set	.LANCHOR1,. + 0
 564              	hi2c4:
 565 0000 00000000 		.space	76
 565      00000000 
 565      00000000 
 565      00000000 
 565      00000000 
 566              		.text
 567              	.Letext0:
 568              		.file 2 "c:\\program files (x86)\\gnu arm embedded toolchain\\10 2020-q4-major\\arm-none-eabi\\inc
 569              		.file 3 "c:\\program files (x86)\\gnu arm embedded toolchain\\10 2020-q4-major\\arm-none-eabi\\inc
 570              		.file 4 "Drivers/CMSIS/Device/ST/STM32F7xx/Include/stm32f746xx.h"
 571              		.file 5 "Drivers/STM32F7xx_HAL_Driver/Inc/stm32f7xx_hal_def.h"
 572              		.file 6 "Drivers/STM32F7xx_HAL_Driver/Inc/stm32f7xx_hal_gpio.h"
ARM GAS  C:\Users\GUILLE~1\AppData\Local\Temp\cc0NCaLg.s 			page 16


 573              		.file 7 "Drivers/STM32F7xx_HAL_Driver/Inc/stm32f7xx_hal_dma.h"
 574              		.file 8 "Drivers/STM32F7xx_HAL_Driver/Inc/stm32f7xx_hal_i2c.h"
 575              		.file 9 "Core/Inc/i2c.h"
 576              		.file 10 "Drivers/STM32F7xx_HAL_Driver/Inc/stm32f7xx_hal_cortex.h"
 577              		.file 11 "Drivers/STM32F7xx_HAL_Driver/Inc/stm32f7xx_hal_i2c_ex.h"
 578              		.file 12 "Core/Inc/main.h"
ARM GAS  C:\Users\GUILLE~1\AppData\Local\Temp\cc0NCaLg.s 			page 17


DEFINED SYMBOLS
                            *ABS*:00000000 i2c.c
C:\Users\GUILLE~1\AppData\Local\Temp\cc0NCaLg.s:18     .text.MX_I2C1_Init:00000000 $t
C:\Users\GUILLE~1\AppData\Local\Temp\cc0NCaLg.s:26     .text.MX_I2C1_Init:00000000 MX_I2C1_Init
C:\Users\GUILLE~1\AppData\Local\Temp\cc0NCaLg.s:116    .text.MX_I2C1_Init:0000004c $d
C:\Users\GUILLE~1\AppData\Local\Temp\cc0NCaLg.s:123    .text.MX_I2C4_Init:00000000 $t
C:\Users\GUILLE~1\AppData\Local\Temp\cc0NCaLg.s:130    .text.MX_I2C4_Init:00000000 MX_I2C4_Init
C:\Users\GUILLE~1\AppData\Local\Temp\cc0NCaLg.s:254    .text.MX_I2C4_Init:00000084 $d
C:\Users\GUILLE~1\AppData\Local\Temp\cc0NCaLg.s:261    .text.HAL_I2C_MspInit:00000000 $t
C:\Users\GUILLE~1\AppData\Local\Temp\cc0NCaLg.s:268    .text.HAL_I2C_MspInit:00000000 HAL_I2C_MspInit
C:\Users\GUILLE~1\AppData\Local\Temp\cc0NCaLg.s:448    .text.HAL_I2C_MspInit:000000b8 $d
C:\Users\GUILLE~1\AppData\Local\Temp\cc0NCaLg.s:457    .text.HAL_I2C_MspDeInit:00000000 $t
C:\Users\GUILLE~1\AppData\Local\Temp\cc0NCaLg.s:464    .text.HAL_I2C_MspDeInit:00000000 HAL_I2C_MspDeInit
C:\Users\GUILLE~1\AppData\Local\Temp\cc0NCaLg.s:543    .text.HAL_I2C_MspDeInit:0000005c $d
C:\Users\GUILLE~1\AppData\Local\Temp\cc0NCaLg.s:564    .bss.hi2c4:00000000 hi2c4
C:\Users\GUILLE~1\AppData\Local\Temp\cc0NCaLg.s:557    .bss.hi2c1:00000000 hi2c1
C:\Users\GUILLE~1\AppData\Local\Temp\cc0NCaLg.s:553    .bss.hi2c1:00000000 $d
C:\Users\GUILLE~1\AppData\Local\Temp\cc0NCaLg.s:560    .bss.hi2c4:00000000 $d

UNDEFINED SYMBOLS
HAL_I2C_Init
HAL_I2CEx_ConfigAnalogFilter
HAL_I2CEx_ConfigDigitalFilter
Error_Handler
HAL_GPIO_Init
HAL_NVIC_SetPriority
HAL_NVIC_EnableIRQ
HAL_GPIO_DeInit
HAL_NVIC_DisableIRQ
