ARM GAS  C:\Users\GUILLE~1\AppData\Local\Temp\ccGWqxA2.s 			page 1


   1              		.cpu cortex-m7
   2              		.eabi_attribute 27, 1
   3              		.eabi_attribute 28, 1
   4              		.eabi_attribute 20, 1
   5              		.eabi_attribute 21, 1
   6              		.eabi_attribute 23, 3
   7              		.eabi_attribute 24, 1
   8              		.eabi_attribute 25, 1
   9              		.eabi_attribute 26, 1
  10              		.eabi_attribute 30, 1
  11              		.eabi_attribute 34, 1
  12              		.eabi_attribute 18, 4
  13              		.file	"M8Q.c"
  14              		.text
  15              	.Ltext0:
  16              		.cfi_sections	.debug_frame
  17              		.section	.text.calcChecksum,"ax",%progbits
  18              		.align	1
  19              		.global	calcChecksum
  20              		.arch armv7e-m
  21              		.syntax unified
  22              		.thumb
  23              		.thumb_func
  24              		.fpu fpv5-sp-d16
  26              	calcChecksum:
  27              	.LVL0:
  28              	.LFB141:
  29              		.file 1 "Core/drogui/src/M8Q.c"
   1:Core/drogui/src/M8Q.c **** #include "M8Q.h"
   2:Core/drogui/src/M8Q.c **** #include "serial.h"
   3:Core/drogui/src/M8Q.c **** #include "task.h"
   4:Core/drogui/src/M8Q.c **** 
   5:Core/drogui/src/M8Q.c **** // https://www.u-blox.com/en/ubx-viewer/view/u-blox8-M8_ReceiverDescrProtSpec_UBX-13003221?url=http
   6:Core/drogui/src/M8Q.c **** uint8_t defaultCfgPort[20] = { 1, 0, 0, 0, 0xC0, 8, 0, 0, 0x00, 0x08, 0x07, 0, 7, 0, 1, 0, 0, 0, 0,
   7:Core/drogui/src/M8Q.c **** 
   8:Core/drogui/src/M8Q.c **** // https://www.u-blox.com/en/ubx-viewer/view/u-blox8-M8_ReceiverDescrProtSpec_UBX-13003221?url=http
   9:Core/drogui/src/M8Q.c **** //uint8_t defaultCfgRate[6]  = { 0xF4, 1, 1, 0, 1, 0 };
  10:Core/drogui/src/M8Q.c **** uint8_t defaultCfgRate[6]  = { 0x7D, 0, 1, 0, 1, 0 }; // 8hz
  11:Core/drogui/src/M8Q.c **** 
  12:Core/drogui/src/M8Q.c **** //https://www.u-blox.com/en/ubx-viewer/view/u-blox8-M8_ReceiverDescrProtSpec_UBX-13003221?url=https
  13:Core/drogui/src/M8Q.c **** uint8_t defaultCfgMsg[3]   = {UBX_CLASS_NAV, UBX_NAV_POSLLH, 1};
  14:Core/drogui/src/M8Q.c **** 
  15:Core/drogui/src/M8Q.c **** void calcChecksum(ubxPacket *msg){
  30              		.loc 1 15 34 view -0
  31              		.cfi_startproc
  32              		@ args = 0, pretend = 0, frame = 0
  33              		@ frame_needed = 0, uses_anonymous_args = 0
  34              		@ link register save eliminated.
  16:Core/drogui/src/M8Q.c **** 
  17:Core/drogui/src/M8Q.c **** 	msg->checksumA = 0;
  35              		.loc 1 17 2 view .LVU1
  36              		.loc 1 17 17 is_stmt 0 view .LVU2
  37 0000 0022     		movs	r2, #0
  38 0002 80F8CE20 		strb	r2, [r0, #206]
  18:Core/drogui/src/M8Q.c **** 	msg->checksumB = 0;
  39              		.loc 1 18 2 is_stmt 1 view .LVU3
  40              		.loc 1 18 17 is_stmt 0 view .LVU4
ARM GAS  C:\Users\GUILLE~1\AppData\Local\Temp\ccGWqxA2.s 			page 2


  41 0006 80F8CF20 		strb	r2, [r0, #207]
  19:Core/drogui/src/M8Q.c **** 
  20:Core/drogui/src/M8Q.c **** 	msg->checksumA += msg->cls;
  42              		.loc 1 20 2 is_stmt 1 view .LVU5
  43              		.loc 1 20 23 is_stmt 0 view .LVU6
  44 000a 0178     		ldrb	r1, [r0]	@ zero_extendqisi2
  45              		.loc 1 20 17 view .LVU7
  46 000c 80F8CE10 		strb	r1, [r0, #206]
  21:Core/drogui/src/M8Q.c **** 	msg->checksumB += msg->checksumA;
  47              		.loc 1 21 2 is_stmt 1 view .LVU8
  48              		.loc 1 21 17 is_stmt 0 view .LVU9
  49 0010 80F8CF10 		strb	r1, [r0, #207]
  22:Core/drogui/src/M8Q.c **** 
  23:Core/drogui/src/M8Q.c **** 	msg->checksumA += msg->id;
  50              		.loc 1 23 2 is_stmt 1 view .LVU10
  51              		.loc 1 23 23 is_stmt 0 view .LVU11
  52 0014 4378     		ldrb	r3, [r0, #1]	@ zero_extendqisi2
  53              		.loc 1 23 17 view .LVU12
  54 0016 0B44     		add	r3, r3, r1
  55 0018 DBB2     		uxtb	r3, r3
  56 001a 80F8CE30 		strb	r3, [r0, #206]
  24:Core/drogui/src/M8Q.c **** 	msg->checksumB += msg->checksumA;
  57              		.loc 1 24 2 is_stmt 1 view .LVU13
  58              		.loc 1 24 17 is_stmt 0 view .LVU14
  59 001e 1944     		add	r1, r1, r3
  60 0020 C9B2     		uxtb	r1, r1
  61 0022 80F8CF10 		strb	r1, [r0, #207]
  25:Core/drogui/src/M8Q.c **** 
  26:Core/drogui/src/M8Q.c **** 	msg->checksumA += (msg->len & 0xFF);
  62              		.loc 1 26 2 is_stmt 1 view .LVU15
  63              		.loc 1 26 24 is_stmt 0 view .LVU16
  64 0026 B0F802C0 		ldrh	ip, [r0, #2]
  65              		.loc 1 26 17 view .LVU17
  66 002a 6344     		add	r3, r3, ip
  67 002c DBB2     		uxtb	r3, r3
  68 002e 80F8CE30 		strb	r3, [r0, #206]
  27:Core/drogui/src/M8Q.c **** 	msg->checksumB += msg->checksumA;
  69              		.loc 1 27 2 is_stmt 1 view .LVU18
  70              		.loc 1 27 17 is_stmt 0 view .LVU19
  71 0032 1944     		add	r1, r1, r3
  72 0034 C9B2     		uxtb	r1, r1
  73 0036 80F8CF10 		strb	r1, [r0, #207]
  28:Core/drogui/src/M8Q.c **** 
  29:Core/drogui/src/M8Q.c **** 	msg->checksumA += (msg->len >> 8);
  74              		.loc 1 29 2 is_stmt 1 view .LVU20
  75              		.loc 1 29 17 is_stmt 0 view .LVU21
  76 003a 03EB1C23 		add	r3, r3, ip, lsr #8
  77 003e DBB2     		uxtb	r3, r3
  78 0040 80F8CE30 		strb	r3, [r0, #206]
  30:Core/drogui/src/M8Q.c **** 	msg->checksumB += msg->checksumA;
  79              		.loc 1 30 2 is_stmt 1 view .LVU22
  80              		.loc 1 30 17 is_stmt 0 view .LVU23
  81 0044 0B44     		add	r3, r3, r1
  82 0046 80F8CF30 		strb	r3, [r0, #207]
  31:Core/drogui/src/M8Q.c **** 
  32:Core/drogui/src/M8Q.c **** 	for (uint16_t i = 0; i < msg->len; i++)
  83              		.loc 1 32 2 is_stmt 1 view .LVU24
ARM GAS  C:\Users\GUILLE~1\AppData\Local\Temp\ccGWqxA2.s 			page 3


  84              	.LBB2:
  85              		.loc 1 32 7 view .LVU25
  86              	.LVL1:
  87              		.loc 1 32 2 is_stmt 0 view .LVU26
  88 004a 0EE0     		b	.L2
  89              	.LVL2:
  90              	.L3:
  33:Core/drogui/src/M8Q.c **** 	{
  34:Core/drogui/src/M8Q.c **** 		msg->checksumA += msg->payload[i];
  91              		.loc 1 34 3 is_stmt 1 discriminator 3 view .LVU27
  92              		.loc 1 34 33 is_stmt 0 discriminator 3 view .LVU28
  93 004c 8318     		adds	r3, r0, r2
  94 004e 9B79     		ldrb	r3, [r3, #6]	@ zero_extendqisi2
  95              		.loc 1 34 18 discriminator 3 view .LVU29
  96 0050 90F8CE10 		ldrb	r1, [r0, #206]	@ zero_extendqisi2
  97 0054 0B44     		add	r3, r3, r1
  98 0056 DBB2     		uxtb	r3, r3
  99 0058 80F8CE30 		strb	r3, [r0, #206]
  35:Core/drogui/src/M8Q.c **** 		msg->checksumB += msg->checksumA;
 100              		.loc 1 35 3 is_stmt 1 discriminator 3 view .LVU30
 101              		.loc 1 35 18 is_stmt 0 discriminator 3 view .LVU31
 102 005c 90F8CF10 		ldrb	r1, [r0, #207]	@ zero_extendqisi2
 103 0060 0B44     		add	r3, r3, r1
 104 0062 80F8CF30 		strb	r3, [r0, #207]
  32:Core/drogui/src/M8Q.c **** 	{
 105              		.loc 1 32 37 is_stmt 1 discriminator 3 view .LVU32
  32:Core/drogui/src/M8Q.c **** 	{
 106              		.loc 1 32 38 is_stmt 0 discriminator 3 view .LVU33
 107 0066 0132     		adds	r2, r2, #1
 108              	.LVL3:
  32:Core/drogui/src/M8Q.c **** 	{
 109              		.loc 1 32 38 discriminator 3 view .LVU34
 110 0068 92B2     		uxth	r2, r2
 111              	.LVL4:
 112              	.L2:
  32:Core/drogui/src/M8Q.c **** 	{
 113              		.loc 1 32 23 is_stmt 1 discriminator 1 view .LVU35
  32:Core/drogui/src/M8Q.c **** 	{
 114              		.loc 1 32 2 is_stmt 0 discriminator 1 view .LVU36
 115 006a 9445     		cmp	ip, r2
 116 006c EED8     		bhi	.L3
 117              	.LBE2:
  36:Core/drogui/src/M8Q.c **** 	}
  37:Core/drogui/src/M8Q.c **** }
 118              		.loc 1 37 1 view .LVU37
 119 006e 7047     		bx	lr
 120              		.cfi_endproc
 121              	.LFE141:
 123              		.section	.text.sendSerialCommand,"ax",%progbits
 124              		.align	1
 125              		.global	sendSerialCommand
 126              		.syntax unified
 127              		.thumb
 128              		.thumb_func
 129              		.fpu fpv5-sp-d16
 131              	sendSerialCommand:
 132              	.LVL5:
ARM GAS  C:\Users\GUILLE~1\AppData\Local\Temp\ccGWqxA2.s 			page 4


 133              	.LFB142:
  38:Core/drogui/src/M8Q.c **** 
  39:Core/drogui/src/M8Q.c **** void sendSerialCommand(ubxPacket *outgoingUBX)
  40:Core/drogui/src/M8Q.c **** {
 134              		.loc 1 40 1 is_stmt 1 view -0
 135              		.cfi_startproc
 136              		@ args = 0, pretend = 0, frame = 0
 137              		@ frame_needed = 0, uses_anonymous_args = 0
 138              		.loc 1 40 1 is_stmt 0 view .LVU39
 139 0000 38B5     		push	{r3, r4, r5, lr}
 140              	.LCFI0:
 141              		.cfi_def_cfa_offset 16
 142              		.cfi_offset 3, -16
 143              		.cfi_offset 4, -12
 144              		.cfi_offset 5, -8
 145              		.cfi_offset 14, -4
 146 0002 0446     		mov	r4, r0
  41:Core/drogui/src/M8Q.c **** 	//Write header bytes
  42:Core/drogui/src/M8Q.c **** 	serialWrite(outgoingUBX->ser, UBX_SYNCH_1); //μ - oh ublox, you're funny. I will call you micro-b
 147              		.loc 1 42 2 is_stmt 1 view .LVU40
 148 0004 B521     		movs	r1, #181
 149 0006 D0F8D000 		ldr	r0, [r0, #208]
 150              	.LVL6:
 151              		.loc 1 42 2 is_stmt 0 view .LVU41
 152 000a FFF7FEFF 		bl	serialWrite
 153              	.LVL7:
  43:Core/drogui/src/M8Q.c **** 	serialWrite(outgoingUBX->ser, UBX_SYNCH_2); //b
 154              		.loc 1 43 2 is_stmt 1 view .LVU42
 155 000e 6221     		movs	r1, #98
 156 0010 D4F8D000 		ldr	r0, [r4, #208]
 157 0014 FFF7FEFF 		bl	serialWrite
 158              	.LVL8:
  44:Core/drogui/src/M8Q.c **** 	serialWrite(outgoingUBX->ser, outgoingUBX->cls);
 159              		.loc 1 44 2 view .LVU43
 160 0018 2178     		ldrb	r1, [r4]	@ zero_extendqisi2
 161 001a D4F8D000 		ldr	r0, [r4, #208]
 162 001e FFF7FEFF 		bl	serialWrite
 163              	.LVL9:
  45:Core/drogui/src/M8Q.c **** 	serialWrite(outgoingUBX->ser, outgoingUBX->id);
 164              		.loc 1 45 2 view .LVU44
 165 0022 6178     		ldrb	r1, [r4, #1]	@ zero_extendqisi2
 166 0024 D4F8D000 		ldr	r0, [r4, #208]
 167 0028 FFF7FEFF 		bl	serialWrite
 168              	.LVL10:
  46:Core/drogui/src/M8Q.c **** 	serialWrite(outgoingUBX->ser, outgoingUBX->len & 0xFF); //LSB
 169              		.loc 1 46 2 view .LVU45
 170 002c A178     		ldrb	r1, [r4, #2]	@ zero_extendqisi2
 171 002e D4F8D000 		ldr	r0, [r4, #208]
 172 0032 FFF7FEFF 		bl	serialWrite
 173              	.LVL11:
  47:Core/drogui/src/M8Q.c **** 	serialWrite(outgoingUBX->ser, outgoingUBX->len >> 8);   //MSB
 174              		.loc 1 47 2 view .LVU46
 175              		.loc 1 47 43 is_stmt 0 view .LVU47
 176 0036 6188     		ldrh	r1, [r4, #2]
 177              		.loc 1 47 2 view .LVU48
 178 0038 090A     		lsrs	r1, r1, #8
 179 003a D4F8D000 		ldr	r0, [r4, #208]
ARM GAS  C:\Users\GUILLE~1\AppData\Local\Temp\ccGWqxA2.s 			page 5


 180 003e FFF7FEFF 		bl	serialWrite
 181              	.LVL12:
  48:Core/drogui/src/M8Q.c **** 
  49:Core/drogui/src/M8Q.c **** 	//Write payload.
  50:Core/drogui/src/M8Q.c **** 	for (int i = 0; i < outgoingUBX->len; i++)
 182              		.loc 1 50 2 is_stmt 1 view .LVU49
 183              	.LBB3:
 184              		.loc 1 50 7 view .LVU50
 185              		.loc 1 50 11 is_stmt 0 view .LVU51
 186 0042 0025     		movs	r5, #0
 187              		.loc 1 50 2 view .LVU52
 188 0044 06E0     		b	.L5
 189              	.LVL13:
 190              	.L6:
  51:Core/drogui/src/M8Q.c **** 	{
  52:Core/drogui/src/M8Q.c **** 		serialWrite(outgoingUBX->ser, outgoingUBX->payload[i]);
 191              		.loc 1 52 3 is_stmt 1 discriminator 3 view .LVU53
 192              		.loc 1 52 53 is_stmt 0 discriminator 3 view .LVU54
 193 0046 6319     		adds	r3, r4, r5
 194              		.loc 1 52 3 discriminator 3 view .LVU55
 195 0048 9979     		ldrb	r1, [r3, #6]	@ zero_extendqisi2
 196 004a D4F8D000 		ldr	r0, [r4, #208]
 197 004e FFF7FEFF 		bl	serialWrite
 198              	.LVL14:
  50:Core/drogui/src/M8Q.c **** 	{
 199              		.loc 1 50 40 is_stmt 1 discriminator 3 view .LVU56
  50:Core/drogui/src/M8Q.c **** 	{
 200              		.loc 1 50 41 is_stmt 0 discriminator 3 view .LVU57
 201 0052 0135     		adds	r5, r5, #1
 202              	.LVL15:
 203              	.L5:
  50:Core/drogui/src/M8Q.c **** 	{
 204              		.loc 1 50 18 is_stmt 1 discriminator 1 view .LVU58
  50:Core/drogui/src/M8Q.c **** 	{
 205              		.loc 1 50 33 is_stmt 0 discriminator 1 view .LVU59
 206 0054 6388     		ldrh	r3, [r4, #2]
  50:Core/drogui/src/M8Q.c **** 	{
 207              		.loc 1 50 2 discriminator 1 view .LVU60
 208 0056 AB42     		cmp	r3, r5
 209 0058 F5DC     		bgt	.L6
 210              	.LBE3:
  53:Core/drogui/src/M8Q.c **** 	}
  54:Core/drogui/src/M8Q.c **** 
  55:Core/drogui/src/M8Q.c **** 	//Write checksum
  56:Core/drogui/src/M8Q.c **** 	serialWrite(outgoingUBX->ser, outgoingUBX->checksumA);
 211              		.loc 1 56 2 is_stmt 1 view .LVU61
 212 005a 94F8CE10 		ldrb	r1, [r4, #206]	@ zero_extendqisi2
 213 005e D4F8D000 		ldr	r0, [r4, #208]
 214 0062 FFF7FEFF 		bl	serialWrite
 215              	.LVL16:
  57:Core/drogui/src/M8Q.c **** 	serialWrite(outgoingUBX->ser, outgoingUBX->checksumB);
 216              		.loc 1 57 2 view .LVU62
 217 0066 94F8CF10 		ldrb	r1, [r4, #207]	@ zero_extendqisi2
 218 006a D4F8D000 		ldr	r0, [r4, #208]
 219 006e FFF7FEFF 		bl	serialWrite
 220              	.LVL17:
  58:Core/drogui/src/M8Q.c **** }
ARM GAS  C:\Users\GUILLE~1\AppData\Local\Temp\ccGWqxA2.s 			page 6


 221              		.loc 1 58 1 is_stmt 0 view .LVU63
 222 0072 38BD     		pop	{r3, r4, r5, pc}
 223              		.loc 1 58 1 view .LVU64
 224              		.cfi_endproc
 225              	.LFE142:
 227              		.section	.text.cfgM8Q,"ax",%progbits
 228              		.align	1
 229              		.global	cfgM8Q
 230              		.syntax unified
 231              		.thumb
 232              		.thumb_func
 233              		.fpu fpv5-sp-d16
 235              	cfgM8Q:
 236              	.LVL18:
 237              	.LFB144:
  59:Core/drogui/src/M8Q.c **** 
  60:Core/drogui/src/M8Q.c **** 
  61:Core/drogui/src/M8Q.c **** int initM8Q(m8q *mg, serial* ser){
  62:Core/drogui/src/M8Q.c **** 	int ret;
  63:Core/drogui/src/M8Q.c **** 	
  64:Core/drogui/src/M8Q.c **** 	mg->rcv_pack.ser = ser; 
  65:Core/drogui/src/M8Q.c **** 	mg->snd_pack.ser = ser;
  66:Core/drogui/src/M8Q.c **** 
  67:Core/drogui/src/M8Q.c ****     changeBaudrate(mg->rcv_pack.ser,9600);
  68:Core/drogui/src/M8Q.c **** 
  69:Core/drogui/src/M8Q.c **** 	HAL_Delay(1000);
  70:Core/drogui/src/M8Q.c ****     cfgM8QPort(&(mg->snd_pack), defaultCfgPort);
  71:Core/drogui/src/M8Q.c ****     
  72:Core/drogui/src/M8Q.c ****     HAL_Delay(100);
  73:Core/drogui/src/M8Q.c ****     changeBaudrate(mg->rcv_pack.ser,460800);
  74:Core/drogui/src/M8Q.c ****     HAL_Delay(100);
  75:Core/drogui/src/M8Q.c **** 
  76:Core/drogui/src/M8Q.c ****     cfgM8QRate(&(mg->snd_pack), defaultCfgRate);
  77:Core/drogui/src/M8Q.c **** 	
  78:Core/drogui/src/M8Q.c ****     ret = readM8Q(&(mg->rcv_pack), 10000);
  79:Core/drogui/src/M8Q.c **** 	if(ret != GPS_OK) return ret; 
  80:Core/drogui/src/M8Q.c **** 
  81:Core/drogui/src/M8Q.c ****     cfgM8QMsg(&(mg->snd_pack), defaultCfgMsg);
  82:Core/drogui/src/M8Q.c **** 
  83:Core/drogui/src/M8Q.c ****     ret = readM8Q(&(mg->rcv_pack), 10000);
  84:Core/drogui/src/M8Q.c **** 	if(ret != GPS_OK) return ret;
  85:Core/drogui/src/M8Q.c **** 
  86:Core/drogui/src/M8Q.c ****     HAL_Delay(100);
  87:Core/drogui/src/M8Q.c **** 
  88:Core/drogui/src/M8Q.c **** 	mg->cnt = 0;
  89:Core/drogui/src/M8Q.c **** 	return GPS_OK;
  90:Core/drogui/src/M8Q.c **** }
  91:Core/drogui/src/M8Q.c **** 
  92:Core/drogui/src/M8Q.c **** 
  93:Core/drogui/src/M8Q.c **** void cfgM8Q(ubxPacket *mp, uint8_t id,uint8_t len, uint8_t *cfgArray){
 238              		.loc 1 93 70 is_stmt 1 view -0
 239              		.cfi_startproc
 240              		@ args = 0, pretend = 0, frame = 0
 241              		@ frame_needed = 0, uses_anonymous_args = 0
 242              		.loc 1 93 70 is_stmt 0 view .LVU66
 243 0000 10B5     		push	{r4, lr}
 244              	.LCFI1:
ARM GAS  C:\Users\GUILLE~1\AppData\Local\Temp\ccGWqxA2.s 			page 7


 245              		.cfi_def_cfa_offset 8
 246              		.cfi_offset 4, -8
 247              		.cfi_offset 14, -4
 248 0002 0446     		mov	r4, r0
  94:Core/drogui/src/M8Q.c **** 	mp->cls = UBX_CLASS_CFG;
 249              		.loc 1 94 2 is_stmt 1 view .LVU67
 250              		.loc 1 94 10 is_stmt 0 view .LVU68
 251 0004 0620     		movs	r0, #6
 252              	.LVL19:
 253              		.loc 1 94 10 view .LVU69
 254 0006 2070     		strb	r0, [r4]
  95:Core/drogui/src/M8Q.c **** 	mp->id  = id;
 255              		.loc 1 95 2 is_stmt 1 view .LVU70
 256              		.loc 1 95 10 is_stmt 0 view .LVU71
 257 0008 6170     		strb	r1, [r4, #1]
  96:Core/drogui/src/M8Q.c **** 	mp->len = len;
 258              		.loc 1 96 2 is_stmt 1 view .LVU72
 259              		.loc 1 96 10 is_stmt 0 view .LVU73
 260 000a 6280     		strh	r2, [r4, #2]	@ movhi
  97:Core/drogui/src/M8Q.c **** 	for( int i = 0; i < len; i++ ) mp->payload[i] = cfgArray[i];
 261              		.loc 1 97 2 is_stmt 1 view .LVU74
 262              	.LBB4:
 263              		.loc 1 97 7 view .LVU75
 264              	.LVL20:
 265              		.loc 1 97 11 is_stmt 0 view .LVU76
 266 000c 0021     		movs	r1, #0
 267              	.LVL21:
 268              		.loc 1 97 2 view .LVU77
 269 000e 06E0     		b	.L9
 270              	.LVL22:
 271              	.L10:
 272              		.loc 1 97 33 is_stmt 1 discriminator 3 view .LVU78
 273              		.loc 1 97 58 is_stmt 0 discriminator 3 view .LVU79
 274 0010 13F801E0 		ldrb	lr, [r3, r1]	@ zero_extendqisi2
 275              		.loc 1 97 48 discriminator 3 view .LVU80
 276 0014 04EB010C 		add	ip, r4, r1
 277 0018 8CF806E0 		strb	lr, [ip, #6]
 278              		.loc 1 97 27 is_stmt 1 discriminator 3 view .LVU81
 279              		.loc 1 97 28 is_stmt 0 discriminator 3 view .LVU82
 280 001c 0131     		adds	r1, r1, #1
 281              	.LVL23:
 282              	.L9:
 283              		.loc 1 97 18 is_stmt 1 discriminator 1 view .LVU83
 284              		.loc 1 97 2 is_stmt 0 discriminator 1 view .LVU84
 285 001e 8A42     		cmp	r2, r1
 286 0020 F6DC     		bgt	.L10
 287              	.LBE4:
  98:Core/drogui/src/M8Q.c **** 	calcChecksum(mp);
 288              		.loc 1 98 2 is_stmt 1 view .LVU85
 289 0022 2046     		mov	r0, r4
 290 0024 FFF7FEFF 		bl	calcChecksum
 291              	.LVL24:
  99:Core/drogui/src/M8Q.c **** 	sendSerialCommand(mp);
 292              		.loc 1 99 2 view .LVU86
 293 0028 2046     		mov	r0, r4
 294 002a FFF7FEFF 		bl	sendSerialCommand
 295              	.LVL25:
ARM GAS  C:\Users\GUILLE~1\AppData\Local\Temp\ccGWqxA2.s 			page 8


 100:Core/drogui/src/M8Q.c **** }
 296              		.loc 1 100 1 is_stmt 0 view .LVU87
 297 002e 10BD     		pop	{r4, pc}
 298              		.loc 1 100 1 view .LVU88
 299              		.cfi_endproc
 300              	.LFE144:
 302              		.section	.text.cfgM8QPort,"ax",%progbits
 303              		.align	1
 304              		.global	cfgM8QPort
 305              		.syntax unified
 306              		.thumb
 307              		.thumb_func
 308              		.fpu fpv5-sp-d16
 310              	cfgM8QPort:
 311              	.LVL26:
 312              	.LFB145:
 101:Core/drogui/src/M8Q.c **** 
 102:Core/drogui/src/M8Q.c **** 
 103:Core/drogui/src/M8Q.c **** void cfgM8QPort(ubxPacket *mp, uint8_t *cfgPortArray){
 313              		.loc 1 103 54 is_stmt 1 view -0
 314              		.cfi_startproc
 315              		@ args = 0, pretend = 0, frame = 0
 316              		@ frame_needed = 0, uses_anonymous_args = 0
 317              		.loc 1 103 54 is_stmt 0 view .LVU90
 318 0000 10B5     		push	{r4, lr}
 319              	.LCFI2:
 320              		.cfi_def_cfa_offset 8
 321              		.cfi_offset 4, -8
 322              		.cfi_offset 14, -4
 323 0002 0446     		mov	r4, r0
 104:Core/drogui/src/M8Q.c **** 	mp->cls = UBX_CLASS_CFG;
 324              		.loc 1 104 2 is_stmt 1 view .LVU91
 325              		.loc 1 104 10 is_stmt 0 view .LVU92
 326 0004 0623     		movs	r3, #6
 327 0006 0370     		strb	r3, [r0]
 105:Core/drogui/src/M8Q.c **** 	mp->id  = UBX_CFG_PRT;
 328              		.loc 1 105 2 is_stmt 1 view .LVU93
 329              		.loc 1 105 10 is_stmt 0 view .LVU94
 330 0008 0023     		movs	r3, #0
 331 000a 4370     		strb	r3, [r0, #1]
 106:Core/drogui/src/M8Q.c **** 	mp->len = 20;
 332              		.loc 1 106 2 is_stmt 1 view .LVU95
 333              		.loc 1 106 10 is_stmt 0 view .LVU96
 334 000c 1422     		movs	r2, #20
 335 000e 4280     		strh	r2, [r0, #2]	@ movhi
 107:Core/drogui/src/M8Q.c **** 	for( int i = 0; i < 20; i++ ) mp->payload[i] = cfgPortArray[i];
 336              		.loc 1 107 2 is_stmt 1 view .LVU97
 337              	.LBB5:
 338              		.loc 1 107 7 view .LVU98
 339              	.LVL27:
 340              		.loc 1 107 2 is_stmt 0 view .LVU99
 341 0010 05E0     		b	.L13
 342              	.LVL28:
 343              	.L14:
 344              		.loc 1 107 32 is_stmt 1 discriminator 3 view .LVU100
 345              		.loc 1 107 61 is_stmt 0 discriminator 3 view .LVU101
 346 0012 11F803C0 		ldrb	ip, [r1, r3]	@ zero_extendqisi2
ARM GAS  C:\Users\GUILLE~1\AppData\Local\Temp\ccGWqxA2.s 			page 9


 347              		.loc 1 107 47 discriminator 3 view .LVU102
 348 0016 E218     		adds	r2, r4, r3
 349 0018 82F806C0 		strb	ip, [r2, #6]
 350              		.loc 1 107 26 is_stmt 1 discriminator 3 view .LVU103
 351              		.loc 1 107 27 is_stmt 0 discriminator 3 view .LVU104
 352 001c 0133     		adds	r3, r3, #1
 353              	.LVL29:
 354              	.L13:
 355              		.loc 1 107 18 is_stmt 1 discriminator 1 view .LVU105
 356              		.loc 1 107 2 is_stmt 0 discriminator 1 view .LVU106
 357 001e 132B     		cmp	r3, #19
 358 0020 F7DD     		ble	.L14
 359              	.LBE5:
 108:Core/drogui/src/M8Q.c **** 	calcChecksum(mp);
 360              		.loc 1 108 2 is_stmt 1 view .LVU107
 361 0022 2046     		mov	r0, r4
 362              	.LVL30:
 363              		.loc 1 108 2 is_stmt 0 view .LVU108
 364 0024 FFF7FEFF 		bl	calcChecksum
 365              	.LVL31:
 109:Core/drogui/src/M8Q.c **** 	sendSerialCommand(mp);
 366              		.loc 1 109 2 is_stmt 1 view .LVU109
 367 0028 2046     		mov	r0, r4
 368 002a FFF7FEFF 		bl	sendSerialCommand
 369              	.LVL32:
 110:Core/drogui/src/M8Q.c **** }
 370              		.loc 1 110 1 is_stmt 0 view .LVU110
 371 002e 10BD     		pop	{r4, pc}
 372              		.loc 1 110 1 view .LVU111
 373              		.cfi_endproc
 374              	.LFE145:
 376              		.section	.text.cfgM8QMsg,"ax",%progbits
 377              		.align	1
 378              		.global	cfgM8QMsg
 379              		.syntax unified
 380              		.thumb
 381              		.thumb_func
 382              		.fpu fpv5-sp-d16
 384              	cfgM8QMsg:
 385              	.LVL33:
 386              	.LFB146:
 111:Core/drogui/src/M8Q.c **** 
 112:Core/drogui/src/M8Q.c **** void cfgM8QMsg(ubxPacket *mp, uint8_t *cfgMsgArray){
 387              		.loc 1 112 52 is_stmt 1 view -0
 388              		.cfi_startproc
 389              		@ args = 0, pretend = 0, frame = 0
 390              		@ frame_needed = 0, uses_anonymous_args = 0
 391              		.loc 1 112 52 is_stmt 0 view .LVU113
 392 0000 10B5     		push	{r4, lr}
 393              	.LCFI3:
 394              		.cfi_def_cfa_offset 8
 395              		.cfi_offset 4, -8
 396              		.cfi_offset 14, -4
 397 0002 0446     		mov	r4, r0
 113:Core/drogui/src/M8Q.c **** 
 114:Core/drogui/src/M8Q.c **** 	mp->cls = UBX_CLASS_CFG;
 398              		.loc 1 114 2 is_stmt 1 view .LVU114
ARM GAS  C:\Users\GUILLE~1\AppData\Local\Temp\ccGWqxA2.s 			page 10


 399              		.loc 1 114 10 is_stmt 0 view .LVU115
 400 0004 0623     		movs	r3, #6
 401 0006 0370     		strb	r3, [r0]
 115:Core/drogui/src/M8Q.c **** 	mp->id = UBX_CFG_MSG;
 402              		.loc 1 115 2 is_stmt 1 view .LVU116
 403              		.loc 1 115 9 is_stmt 0 view .LVU117
 404 0008 0123     		movs	r3, #1
 405 000a 4370     		strb	r3, [r0, #1]
 116:Core/drogui/src/M8Q.c **** 	mp->len = 3;
 406              		.loc 1 116 2 is_stmt 1 view .LVU118
 407              		.loc 1 116 10 is_stmt 0 view .LVU119
 408 000c 0323     		movs	r3, #3
 409 000e 4380     		strh	r3, [r0, #2]	@ movhi
 117:Core/drogui/src/M8Q.c **** 	for( int i = 0; i < 3; i++ ) mp->payload[i] = cfgMsgArray[i];
 410              		.loc 1 117 2 is_stmt 1 view .LVU120
 411              	.LBB6:
 412              		.loc 1 117 7 view .LVU121
 413              	.LVL34:
 414              		.loc 1 117 11 is_stmt 0 view .LVU122
 415 0010 0023     		movs	r3, #0
 416              		.loc 1 117 2 view .LVU123
 417 0012 03E0     		b	.L17
 418              	.LVL35:
 419              	.L18:
 420              		.loc 1 117 31 is_stmt 1 discriminator 3 view .LVU124
 421              		.loc 1 117 59 is_stmt 0 discriminator 3 view .LVU125
 422 0014 C85C     		ldrb	r0, [r1, r3]	@ zero_extendqisi2
 423              		.loc 1 117 46 discriminator 3 view .LVU126
 424 0016 E218     		adds	r2, r4, r3
 425 0018 9071     		strb	r0, [r2, #6]
 426              		.loc 1 117 25 is_stmt 1 discriminator 3 view .LVU127
 427              		.loc 1 117 26 is_stmt 0 discriminator 3 view .LVU128
 428 001a 0133     		adds	r3, r3, #1
 429              	.LVL36:
 430              	.L17:
 431              		.loc 1 117 18 is_stmt 1 discriminator 1 view .LVU129
 432              		.loc 1 117 2 is_stmt 0 discriminator 1 view .LVU130
 433 001c 022B     		cmp	r3, #2
 434 001e F9DD     		ble	.L18
 435              	.LBE6:
 118:Core/drogui/src/M8Q.c **** 
 119:Core/drogui/src/M8Q.c **** 	calcChecksum(mp);
 436              		.loc 1 119 2 is_stmt 1 view .LVU131
 437 0020 2046     		mov	r0, r4
 438 0022 FFF7FEFF 		bl	calcChecksum
 439              	.LVL37:
 120:Core/drogui/src/M8Q.c **** 	sendSerialCommand(mp);
 440              		.loc 1 120 2 view .LVU132
 441 0026 2046     		mov	r0, r4
 442 0028 FFF7FEFF 		bl	sendSerialCommand
 443              	.LVL38:
 121:Core/drogui/src/M8Q.c **** }
 444              		.loc 1 121 1 is_stmt 0 view .LVU133
 445 002c 10BD     		pop	{r4, pc}
 446              		.loc 1 121 1 view .LVU134
 447              		.cfi_endproc
 448              	.LFE146:
ARM GAS  C:\Users\GUILLE~1\AppData\Local\Temp\ccGWqxA2.s 			page 11


 450              		.section	.text.cfgM8QRate,"ax",%progbits
 451              		.align	1
 452              		.global	cfgM8QRate
 453              		.syntax unified
 454              		.thumb
 455              		.thumb_func
 456              		.fpu fpv5-sp-d16
 458              	cfgM8QRate:
 459              	.LVL39:
 460              	.LFB147:
 122:Core/drogui/src/M8Q.c **** 
 123:Core/drogui/src/M8Q.c **** void cfgM8QRate(ubxPacket *mp, uint8_t *cfgRateArray){
 461              		.loc 1 123 54 is_stmt 1 view -0
 462              		.cfi_startproc
 463              		@ args = 0, pretend = 0, frame = 0
 464              		@ frame_needed = 0, uses_anonymous_args = 0
 465              		.loc 1 123 54 is_stmt 0 view .LVU136
 466 0000 10B5     		push	{r4, lr}
 467              	.LCFI4:
 468              		.cfi_def_cfa_offset 8
 469              		.cfi_offset 4, -8
 470              		.cfi_offset 14, -4
 471 0002 0446     		mov	r4, r0
 124:Core/drogui/src/M8Q.c **** 
 125:Core/drogui/src/M8Q.c **** 	mp->cls = UBX_CLASS_CFG;
 472              		.loc 1 125 2 is_stmt 1 view .LVU137
 473              		.loc 1 125 10 is_stmt 0 view .LVU138
 474 0004 0623     		movs	r3, #6
 475 0006 0370     		strb	r3, [r0]
 126:Core/drogui/src/M8Q.c **** 	mp->id = UBX_CFG_RATE;
 476              		.loc 1 126 2 is_stmt 1 view .LVU139
 477              		.loc 1 126 9 is_stmt 0 view .LVU140
 478 0008 0822     		movs	r2, #8
 479 000a 4270     		strb	r2, [r0, #1]
 127:Core/drogui/src/M8Q.c **** 	mp->len = 6;
 480              		.loc 1 127 2 is_stmt 1 view .LVU141
 481              		.loc 1 127 10 is_stmt 0 view .LVU142
 482 000c 4380     		strh	r3, [r0, #2]	@ movhi
 128:Core/drogui/src/M8Q.c **** 	for( int i = 0; i < 6; i++ ) mp->payload[i] = cfgRateArray[i];
 483              		.loc 1 128 2 is_stmt 1 view .LVU143
 484              	.LBB7:
 485              		.loc 1 128 7 view .LVU144
 486              	.LVL40:
 487              		.loc 1 128 11 is_stmt 0 view .LVU145
 488 000e 0023     		movs	r3, #0
 489              		.loc 1 128 2 view .LVU146
 490 0010 03E0     		b	.L21
 491              	.LVL41:
 492              	.L22:
 493              		.loc 1 128 31 is_stmt 1 discriminator 3 view .LVU147
 494              		.loc 1 128 60 is_stmt 0 discriminator 3 view .LVU148
 495 0012 C85C     		ldrb	r0, [r1, r3]	@ zero_extendqisi2
 496              		.loc 1 128 46 discriminator 3 view .LVU149
 497 0014 E218     		adds	r2, r4, r3
 498 0016 9071     		strb	r0, [r2, #6]
 499              		.loc 1 128 25 is_stmt 1 discriminator 3 view .LVU150
 500              		.loc 1 128 26 is_stmt 0 discriminator 3 view .LVU151
ARM GAS  C:\Users\GUILLE~1\AppData\Local\Temp\ccGWqxA2.s 			page 12


 501 0018 0133     		adds	r3, r3, #1
 502              	.LVL42:
 503              	.L21:
 504              		.loc 1 128 18 is_stmt 1 discriminator 1 view .LVU152
 505              		.loc 1 128 2 is_stmt 0 discriminator 1 view .LVU153
 506 001a 052B     		cmp	r3, #5
 507 001c F9DD     		ble	.L22
 508              	.LBE7:
 129:Core/drogui/src/M8Q.c **** 
 130:Core/drogui/src/M8Q.c **** 	calcChecksum(mp);
 509              		.loc 1 130 2 is_stmt 1 view .LVU154
 510 001e 2046     		mov	r0, r4
 511 0020 FFF7FEFF 		bl	calcChecksum
 512              	.LVL43:
 131:Core/drogui/src/M8Q.c **** 	sendSerialCommand(mp);
 513              		.loc 1 131 2 view .LVU155
 514 0024 2046     		mov	r0, r4
 515 0026 FFF7FEFF 		bl	sendSerialCommand
 516              	.LVL44:
 132:Core/drogui/src/M8Q.c **** }
 517              		.loc 1 132 1 is_stmt 0 view .LVU156
 518 002a 10BD     		pop	{r4, pc}
 519              		.loc 1 132 1 view .LVU157
 520              		.cfi_endproc
 521              	.LFE147:
 523              		.section	.text.readM8Q,"ax",%progbits
 524              		.align	1
 525              		.global	readM8Q
 526              		.syntax unified
 527              		.thumb
 528              		.thumb_func
 529              		.fpu fpv5-sp-d16
 531              	readM8Q:
 532              	.LVL45:
 533              	.LFB148:
 133:Core/drogui/src/M8Q.c **** 
 134:Core/drogui/src/M8Q.c **** 
 135:Core/drogui/src/M8Q.c **** 
 136:Core/drogui/src/M8Q.c **** int readM8Q(ubxPacket *mp, uint32_t timeout){
 534              		.loc 1 136 45 is_stmt 1 view -0
 535              		.cfi_startproc
 536              		@ args = 0, pretend = 0, frame = 0
 537              		@ frame_needed = 0, uses_anonymous_args = 0
 538              		.loc 1 136 45 is_stmt 0 view .LVU159
 539 0000 2DE9F84F 		push	{r3, r4, r5, r6, r7, r8, r9, r10, fp, lr}
 540              	.LCFI5:
 541              		.cfi_def_cfa_offset 40
 542              		.cfi_offset 3, -40
 543              		.cfi_offset 4, -36
 544              		.cfi_offset 5, -32
 545              		.cfi_offset 6, -28
 546              		.cfi_offset 7, -24
 547              		.cfi_offset 8, -20
 548              		.cfi_offset 9, -16
 549              		.cfi_offset 10, -12
 550              		.cfi_offset 11, -8
 551              		.cfi_offset 14, -4
ARM GAS  C:\Users\GUILLE~1\AppData\Local\Temp\ccGWqxA2.s 			page 13


 552 0004 0446     		mov	r4, r0
 553 0006 8846     		mov	r8, r1
 554 0008 4FF0000A 		mov	r10, #0
 555 000c D346     		mov	fp, r10
 137:Core/drogui/src/M8Q.c **** 	uint8_t sync1 = 0, sync2 = 0, cntLSB, cntMSB;
 556              		.loc 1 137 2 is_stmt 1 view .LVU160
 557              	.LVL46:
 138:Core/drogui/src/M8Q.c **** 	uint8_t checksumA, checksumB, flag = 0;
 558              		.loc 1 138 2 view .LVU161
 139:Core/drogui/src/M8Q.c **** 	uint32_t tim = TIME;
 559              		.loc 1 139 2 view .LVU162
 560              		.loc 1 139 17 is_stmt 0 view .LVU163
 561 000e 484B     		ldr	r3, .L43
 562 0010 1B68     		ldr	r3, [r3]
 563              		.loc 1 139 11 view .LVU164
 564 0012 D3F82490 		ldr	r9, [r3, #36]
 565              	.LVL47:
 140:Core/drogui/src/M8Q.c **** 	while(TIME - tim < timeout){
 566              		.loc 1 140 2 is_stmt 1 view .LVU165
 138:Core/drogui/src/M8Q.c **** 	uint8_t checksumA, checksumB, flag = 0;
 567              		.loc 1 138 32 is_stmt 0 view .LVU166
 568 0016 5546     		mov	r5, r10
 137:Core/drogui/src/M8Q.c **** 	uint8_t checksumA, checksumB, flag = 0;
 569              		.loc 1 137 21 view .LVU167
 570 0018 5646     		mov	r6, r10
 137:Core/drogui/src/M8Q.c **** 	uint8_t checksumA, checksumB, flag = 0;
 571              		.loc 1 137 10 view .LVU168
 572 001a 5746     		mov	r7, r10
 573              		.loc 1 140 7 view .LVU169
 574 001c 05E0     		b	.L25
 575              	.LVL48:
 576              	.L26:
 141:Core/drogui/src/M8Q.c **** 		if(serialAvailable(mp->ser)){
 142:Core/drogui/src/M8Q.c **** 			sync1 = sync2;
 143:Core/drogui/src/M8Q.c **** 			sync2 = serialRead(mp->ser);
 144:Core/drogui/src/M8Q.c **** 		}
 145:Core/drogui/src/M8Q.c **** 
 146:Core/drogui/src/M8Q.c **** 		if(sync1 == UBX_SYNCH_1 && sync2 == UBX_SYNCH_2){
 577              		.loc 1 146 3 is_stmt 1 view .LVU170
 578              		.loc 1 146 5 is_stmt 0 view .LVU171
 579 001e B52F     		cmp	r7, #181
 580 0020 08BF     		it	eq
 581 0022 622E     		cmpeq	r6, #98
 582 0024 15D0     		beq	.L28
 583              	.LVL49:
 584              	.L27:
 147:Core/drogui/src/M8Q.c **** 			while(!serialAvailable(mp->ser));
 148:Core/drogui/src/M8Q.c **** 			mp->cls = serialRead(mp->ser);
 149:Core/drogui/src/M8Q.c **** 			while(!serialAvailable(mp->ser));
 150:Core/drogui/src/M8Q.c **** 			mp->id = serialRead(mp->ser);
 151:Core/drogui/src/M8Q.c **** 
 152:Core/drogui/src/M8Q.c **** 			while(!serialAvailable(mp->ser));
 153:Core/drogui/src/M8Q.c **** 			cntLSB = serialRead(mp->ser);
 154:Core/drogui/src/M8Q.c **** 			while(!serialAvailable(mp->ser));
 155:Core/drogui/src/M8Q.c **** 			cntMSB = serialRead(mp->ser);
 156:Core/drogui/src/M8Q.c **** 
 157:Core/drogui/src/M8Q.c **** 			mp->len = (uint16_t) (cntMSB << 8) | (cntLSB & 0xFF);
ARM GAS  C:\Users\GUILLE~1\AppData\Local\Temp\ccGWqxA2.s 			page 14


 158:Core/drogui/src/M8Q.c **** 
 159:Core/drogui/src/M8Q.c **** 			for(int i = 0; i < mp->len ; i++){
 160:Core/drogui/src/M8Q.c **** 				while(!serialAvailable(mp->ser));
 161:Core/drogui/src/M8Q.c **** 				mp->payload[i] = serialRead(mp->ser);
 162:Core/drogui/src/M8Q.c **** 			}
 163:Core/drogui/src/M8Q.c **** 
 164:Core/drogui/src/M8Q.c **** 			while(!serialAvailable(mp->ser));
 165:Core/drogui/src/M8Q.c **** 			checksumA = serialRead(mp->ser);
 166:Core/drogui/src/M8Q.c **** 
 167:Core/drogui/src/M8Q.c **** 			while(!serialAvailable(mp->ser));
 168:Core/drogui/src/M8Q.c **** 			checksumB = serialRead(mp->ser);
 169:Core/drogui/src/M8Q.c **** 
 170:Core/drogui/src/M8Q.c **** 			calcChecksum(mp);
 171:Core/drogui/src/M8Q.c **** 			flag = 1;
 172:Core/drogui/src/M8Q.c **** 		}
 173:Core/drogui/src/M8Q.c **** 
 174:Core/drogui/src/M8Q.c **** 		if(flag == 1) break;
 585              		.loc 1 174 3 is_stmt 1 view .LVU172
 586              		.loc 1 174 5 is_stmt 0 view .LVU173
 587 0026 002D     		cmp	r5, #0
 588 0028 6FD1     		bne	.L36
 589              	.LVL50:
 590              	.L25:
 140:Core/drogui/src/M8Q.c **** 		if(serialAvailable(mp->ser)){
 591              		.loc 1 140 7 is_stmt 1 view .LVU174
 140:Core/drogui/src/M8Q.c **** 		if(serialAvailable(mp->ser)){
 592              		.loc 1 140 8 is_stmt 0 view .LVU175
 593 002a 414B     		ldr	r3, .L43
 594 002c 1B68     		ldr	r3, [r3]
 595 002e 5B6A     		ldr	r3, [r3, #36]
 140:Core/drogui/src/M8Q.c **** 		if(serialAvailable(mp->ser)){
 596              		.loc 1 140 13 view .LVU176
 597 0030 A3EB0903 		sub	r3, r3, r9
 140:Core/drogui/src/M8Q.c **** 		if(serialAvailable(mp->ser)){
 598              		.loc 1 140 7 view .LVU177
 599 0034 4345     		cmp	r3, r8
 600 0036 68D2     		bcs	.L36
 141:Core/drogui/src/M8Q.c **** 		if(serialAvailable(mp->ser)){
 601              		.loc 1 141 3 is_stmt 1 view .LVU178
 141:Core/drogui/src/M8Q.c **** 		if(serialAvailable(mp->ser)){
 602              		.loc 1 141 6 is_stmt 0 view .LVU179
 603 0038 D4F8D000 		ldr	r0, [r4, #208]
 604 003c FFF7FEFF 		bl	serialAvailable
 605              	.LVL51:
 141:Core/drogui/src/M8Q.c **** 		if(serialAvailable(mp->ser)){
 606              		.loc 1 141 5 view .LVU180
 607 0040 0028     		cmp	r0, #0
 608 0042 ECD0     		beq	.L26
 142:Core/drogui/src/M8Q.c **** 			sync2 = serialRead(mp->ser);
 609              		.loc 1 142 4 is_stmt 1 view .LVU181
 610              	.LVL52:
 143:Core/drogui/src/M8Q.c **** 		}
 611              		.loc 1 143 4 view .LVU182
 143:Core/drogui/src/M8Q.c **** 		}
 612              		.loc 1 143 12 is_stmt 0 view .LVU183
 613 0044 D4F8D000 		ldr	r0, [r4, #208]
 614 0048 FFF7FEFF 		bl	serialRead
ARM GAS  C:\Users\GUILLE~1\AppData\Local\Temp\ccGWqxA2.s 			page 15


 615              	.LVL53:
 142:Core/drogui/src/M8Q.c **** 			sync2 = serialRead(mp->ser);
 616              		.loc 1 142 10 view .LVU184
 617 004c 3746     		mov	r7, r6
 143:Core/drogui/src/M8Q.c **** 		}
 618              		.loc 1 143 12 view .LVU185
 619 004e 0646     		mov	r6, r0
 620              	.LVL54:
 143:Core/drogui/src/M8Q.c **** 		}
 621              		.loc 1 143 12 view .LVU186
 622 0050 E5E7     		b	.L26
 623              	.LVL55:
 624              	.L28:
 147:Core/drogui/src/M8Q.c **** 			mp->cls = serialRead(mp->ser);
 625              		.loc 1 147 36 is_stmt 1 discriminator 1 view .LVU187
 147:Core/drogui/src/M8Q.c **** 			mp->cls = serialRead(mp->ser);
 626              		.loc 1 147 9 discriminator 1 view .LVU188
 147:Core/drogui/src/M8Q.c **** 			mp->cls = serialRead(mp->ser);
 627              		.loc 1 147 11 is_stmt 0 discriminator 1 view .LVU189
 628 0052 D4F8D000 		ldr	r0, [r4, #208]
 629 0056 FFF7FEFF 		bl	serialAvailable
 630              	.LVL56:
 147:Core/drogui/src/M8Q.c **** 			mp->cls = serialRead(mp->ser);
 631              		.loc 1 147 9 discriminator 1 view .LVU190
 632 005a 0028     		cmp	r0, #0
 633 005c F9D0     		beq	.L28
 148:Core/drogui/src/M8Q.c **** 			while(!serialAvailable(mp->ser));
 634              		.loc 1 148 4 is_stmt 1 view .LVU191
 148:Core/drogui/src/M8Q.c **** 			while(!serialAvailable(mp->ser));
 635              		.loc 1 148 14 is_stmt 0 view .LVU192
 636 005e D4F8D000 		ldr	r0, [r4, #208]
 637 0062 FFF7FEFF 		bl	serialRead
 638              	.LVL57:
 148:Core/drogui/src/M8Q.c **** 			while(!serialAvailable(mp->ser));
 639              		.loc 1 148 12 view .LVU193
 640 0066 2070     		strb	r0, [r4]
 149:Core/drogui/src/M8Q.c **** 			mp->id = serialRead(mp->ser);
 641              		.loc 1 149 4 is_stmt 1 view .LVU194
 642              	.L29:
 149:Core/drogui/src/M8Q.c **** 			mp->id = serialRead(mp->ser);
 643              		.loc 1 149 36 discriminator 1 view .LVU195
 149:Core/drogui/src/M8Q.c **** 			mp->id = serialRead(mp->ser);
 644              		.loc 1 149 9 discriminator 1 view .LVU196
 149:Core/drogui/src/M8Q.c **** 			mp->id = serialRead(mp->ser);
 645              		.loc 1 149 11 is_stmt 0 discriminator 1 view .LVU197
 646 0068 D4F8D000 		ldr	r0, [r4, #208]
 647 006c FFF7FEFF 		bl	serialAvailable
 648              	.LVL58:
 149:Core/drogui/src/M8Q.c **** 			mp->id = serialRead(mp->ser);
 649              		.loc 1 149 9 discriminator 1 view .LVU198
 650 0070 0028     		cmp	r0, #0
 651 0072 F9D0     		beq	.L29
 150:Core/drogui/src/M8Q.c **** 
 652              		.loc 1 150 4 is_stmt 1 view .LVU199
 150:Core/drogui/src/M8Q.c **** 
 653              		.loc 1 150 13 is_stmt 0 view .LVU200
 654 0074 D4F8D000 		ldr	r0, [r4, #208]
ARM GAS  C:\Users\GUILLE~1\AppData\Local\Temp\ccGWqxA2.s 			page 16


 655 0078 FFF7FEFF 		bl	serialRead
 656              	.LVL59:
 150:Core/drogui/src/M8Q.c **** 
 657              		.loc 1 150 11 view .LVU201
 658 007c 6070     		strb	r0, [r4, #1]
 152:Core/drogui/src/M8Q.c **** 			cntLSB = serialRead(mp->ser);
 659              		.loc 1 152 4 is_stmt 1 view .LVU202
 660              	.L30:
 152:Core/drogui/src/M8Q.c **** 			cntLSB = serialRead(mp->ser);
 661              		.loc 1 152 36 discriminator 1 view .LVU203
 152:Core/drogui/src/M8Q.c **** 			cntLSB = serialRead(mp->ser);
 662              		.loc 1 152 9 discriminator 1 view .LVU204
 152:Core/drogui/src/M8Q.c **** 			cntLSB = serialRead(mp->ser);
 663              		.loc 1 152 11 is_stmt 0 discriminator 1 view .LVU205
 664 007e D4F8D000 		ldr	r0, [r4, #208]
 665 0082 FFF7FEFF 		bl	serialAvailable
 666              	.LVL60:
 152:Core/drogui/src/M8Q.c **** 			cntLSB = serialRead(mp->ser);
 667              		.loc 1 152 9 discriminator 1 view .LVU206
 668 0086 0028     		cmp	r0, #0
 669 0088 F9D0     		beq	.L30
 153:Core/drogui/src/M8Q.c **** 			while(!serialAvailable(mp->ser));
 670              		.loc 1 153 4 is_stmt 1 view .LVU207
 153:Core/drogui/src/M8Q.c **** 			while(!serialAvailable(mp->ser));
 671              		.loc 1 153 13 is_stmt 0 view .LVU208
 672 008a D4F8D000 		ldr	r0, [r4, #208]
 673 008e FFF7FEFF 		bl	serialRead
 674              	.LVL61:
 675 0092 0546     		mov	r5, r0
 676              	.LVL62:
 154:Core/drogui/src/M8Q.c **** 			cntMSB = serialRead(mp->ser);
 677              		.loc 1 154 4 is_stmt 1 view .LVU209
 678              	.L31:
 154:Core/drogui/src/M8Q.c **** 			cntMSB = serialRead(mp->ser);
 679              		.loc 1 154 36 discriminator 1 view .LVU210
 154:Core/drogui/src/M8Q.c **** 			cntMSB = serialRead(mp->ser);
 680              		.loc 1 154 9 discriminator 1 view .LVU211
 154:Core/drogui/src/M8Q.c **** 			cntMSB = serialRead(mp->ser);
 681              		.loc 1 154 11 is_stmt 0 discriminator 1 view .LVU212
 682 0094 D4F8D000 		ldr	r0, [r4, #208]
 683 0098 FFF7FEFF 		bl	serialAvailable
 684              	.LVL63:
 154:Core/drogui/src/M8Q.c **** 			cntMSB = serialRead(mp->ser);
 685              		.loc 1 154 9 discriminator 1 view .LVU213
 686 009c 0028     		cmp	r0, #0
 687 009e F9D0     		beq	.L31
 155:Core/drogui/src/M8Q.c **** 
 688              		.loc 1 155 4 is_stmt 1 view .LVU214
 155:Core/drogui/src/M8Q.c **** 
 689              		.loc 1 155 13 is_stmt 0 view .LVU215
 690 00a0 D4F8D000 		ldr	r0, [r4, #208]
 691 00a4 FFF7FEFF 		bl	serialRead
 692              	.LVL64:
 157:Core/drogui/src/M8Q.c **** 
 693              		.loc 1 157 4 is_stmt 1 view .LVU216
 157:Core/drogui/src/M8Q.c **** 
 694              		.loc 1 157 14 is_stmt 0 view .LVU217
ARM GAS  C:\Users\GUILLE~1\AppData\Local\Temp\ccGWqxA2.s 			page 17


 695 00a8 0302     		lsls	r3, r0, #8
 696 00aa 9BB2     		uxth	r3, r3
 157:Core/drogui/src/M8Q.c **** 
 697              		.loc 1 157 39 view .LVU218
 698 00ac 2B43     		orrs	r3, r3, r5
 157:Core/drogui/src/M8Q.c **** 
 699              		.loc 1 157 12 view .LVU219
 700 00ae 6380     		strh	r3, [r4, #2]	@ movhi
 159:Core/drogui/src/M8Q.c **** 				while(!serialAvailable(mp->ser));
 701              		.loc 1 159 4 is_stmt 1 view .LVU220
 702              	.LBB8:
 159:Core/drogui/src/M8Q.c **** 				while(!serialAvailable(mp->ser));
 703              		.loc 1 159 8 view .LVU221
 704              	.LVL65:
 159:Core/drogui/src/M8Q.c **** 				while(!serialAvailable(mp->ser));
 705              		.loc 1 159 12 is_stmt 0 view .LVU222
 706 00b0 0025     		movs	r5, #0
 707              	.LVL66:
 159:Core/drogui/src/M8Q.c **** 				while(!serialAvailable(mp->ser));
 708              		.loc 1 159 4 view .LVU223
 709 00b2 0CE0     		b	.L32
 710              	.LVL67:
 711              	.L33:
 160:Core/drogui/src/M8Q.c **** 				mp->payload[i] = serialRead(mp->ser);
 712              		.loc 1 160 37 is_stmt 1 discriminator 1 view .LVU224
 160:Core/drogui/src/M8Q.c **** 				mp->payload[i] = serialRead(mp->ser);
 713              		.loc 1 160 10 discriminator 1 view .LVU225
 160:Core/drogui/src/M8Q.c **** 				mp->payload[i] = serialRead(mp->ser);
 714              		.loc 1 160 12 is_stmt 0 discriminator 1 view .LVU226
 715 00b4 D4F8D000 		ldr	r0, [r4, #208]
 716 00b8 FFF7FEFF 		bl	serialAvailable
 717              	.LVL68:
 160:Core/drogui/src/M8Q.c **** 				mp->payload[i] = serialRead(mp->ser);
 718              		.loc 1 160 10 discriminator 1 view .LVU227
 719 00bc 0028     		cmp	r0, #0
 720 00be F9D0     		beq	.L33
 161:Core/drogui/src/M8Q.c **** 			}
 721              		.loc 1 161 5 is_stmt 1 discriminator 2 view .LVU228
 161:Core/drogui/src/M8Q.c **** 			}
 722              		.loc 1 161 22 is_stmt 0 discriminator 2 view .LVU229
 723 00c0 D4F8D000 		ldr	r0, [r4, #208]
 724 00c4 FFF7FEFF 		bl	serialRead
 725              	.LVL69:
 161:Core/drogui/src/M8Q.c **** 			}
 726              		.loc 1 161 20 discriminator 2 view .LVU230
 727 00c8 6319     		adds	r3, r4, r5
 728 00ca 9871     		strb	r0, [r3, #6]
 159:Core/drogui/src/M8Q.c **** 				while(!serialAvailable(mp->ser));
 729              		.loc 1 159 33 is_stmt 1 discriminator 2 view .LVU231
 159:Core/drogui/src/M8Q.c **** 				while(!serialAvailable(mp->ser));
 730              		.loc 1 159 34 is_stmt 0 discriminator 2 view .LVU232
 731 00cc 0135     		adds	r5, r5, #1
 732              	.LVL70:
 733              	.L32:
 159:Core/drogui/src/M8Q.c **** 				while(!serialAvailable(mp->ser));
 734              		.loc 1 159 19 is_stmt 1 discriminator 1 view .LVU233
 159:Core/drogui/src/M8Q.c **** 				while(!serialAvailable(mp->ser));
ARM GAS  C:\Users\GUILLE~1\AppData\Local\Temp\ccGWqxA2.s 			page 18


 735              		.loc 1 159 25 is_stmt 0 discriminator 1 view .LVU234
 736 00ce 6388     		ldrh	r3, [r4, #2]
 159:Core/drogui/src/M8Q.c **** 				while(!serialAvailable(mp->ser));
 737              		.loc 1 159 4 discriminator 1 view .LVU235
 738 00d0 AB42     		cmp	r3, r5
 739 00d2 EFDC     		bgt	.L33
 740              	.L34:
 741              	.LBE8:
 164:Core/drogui/src/M8Q.c **** 			checksumA = serialRead(mp->ser);
 742              		.loc 1 164 36 is_stmt 1 discriminator 1 view .LVU236
 164:Core/drogui/src/M8Q.c **** 			checksumA = serialRead(mp->ser);
 743              		.loc 1 164 9 discriminator 1 view .LVU237
 164:Core/drogui/src/M8Q.c **** 			checksumA = serialRead(mp->ser);
 744              		.loc 1 164 11 is_stmt 0 discriminator 1 view .LVU238
 745 00d4 D4F8D000 		ldr	r0, [r4, #208]
 746 00d8 FFF7FEFF 		bl	serialAvailable
 747              	.LVL71:
 164:Core/drogui/src/M8Q.c **** 			checksumA = serialRead(mp->ser);
 748              		.loc 1 164 9 discriminator 1 view .LVU239
 749 00dc 0028     		cmp	r0, #0
 750 00de F9D0     		beq	.L34
 165:Core/drogui/src/M8Q.c **** 
 751              		.loc 1 165 4 is_stmt 1 view .LVU240
 165:Core/drogui/src/M8Q.c **** 
 752              		.loc 1 165 16 is_stmt 0 view .LVU241
 753 00e0 D4F8D000 		ldr	r0, [r4, #208]
 754 00e4 FFF7FEFF 		bl	serialRead
 755              	.LVL72:
 756 00e8 8246     		mov	r10, r0
 757              	.LVL73:
 167:Core/drogui/src/M8Q.c **** 			checksumB = serialRead(mp->ser);
 758              		.loc 1 167 4 is_stmt 1 view .LVU242
 759              	.L35:
 167:Core/drogui/src/M8Q.c **** 			checksumB = serialRead(mp->ser);
 760              		.loc 1 167 36 discriminator 1 view .LVU243
 167:Core/drogui/src/M8Q.c **** 			checksumB = serialRead(mp->ser);
 761              		.loc 1 167 9 discriminator 1 view .LVU244
 167:Core/drogui/src/M8Q.c **** 			checksumB = serialRead(mp->ser);
 762              		.loc 1 167 11 is_stmt 0 discriminator 1 view .LVU245
 763 00ea D4F8D000 		ldr	r0, [r4, #208]
 764 00ee FFF7FEFF 		bl	serialAvailable
 765              	.LVL74:
 167:Core/drogui/src/M8Q.c **** 			checksumB = serialRead(mp->ser);
 766              		.loc 1 167 9 discriminator 1 view .LVU246
 767 00f2 0028     		cmp	r0, #0
 768 00f4 F9D0     		beq	.L35
 168:Core/drogui/src/M8Q.c **** 
 769              		.loc 1 168 4 is_stmt 1 view .LVU247
 168:Core/drogui/src/M8Q.c **** 
 770              		.loc 1 168 16 is_stmt 0 view .LVU248
 771 00f6 D4F8D000 		ldr	r0, [r4, #208]
 772 00fa FFF7FEFF 		bl	serialRead
 773              	.LVL75:
 774 00fe 8346     		mov	fp, r0
 775              	.LVL76:
 170:Core/drogui/src/M8Q.c **** 			flag = 1;
 776              		.loc 1 170 4 is_stmt 1 view .LVU249
ARM GAS  C:\Users\GUILLE~1\AppData\Local\Temp\ccGWqxA2.s 			page 19


 777 0100 2046     		mov	r0, r4
 778 0102 FFF7FEFF 		bl	calcChecksum
 779              	.LVL77:
 171:Core/drogui/src/M8Q.c **** 		}
 780              		.loc 1 171 4 view .LVU250
 171:Core/drogui/src/M8Q.c **** 		}
 781              		.loc 1 171 9 is_stmt 0 view .LVU251
 782 0106 0125     		movs	r5, #1
 783              	.LVL78:
 171:Core/drogui/src/M8Q.c **** 		}
 784              		.loc 1 171 9 view .LVU252
 785 0108 8DE7     		b	.L27
 786              	.LVL79:
 787              	.L36:
 175:Core/drogui/src/M8Q.c **** 
 176:Core/drogui/src/M8Q.c **** 	}
 177:Core/drogui/src/M8Q.c **** 
 178:Core/drogui/src/M8Q.c **** 	if(flag == 0) return TIMEOUT;
 788              		.loc 1 178 2 is_stmt 1 view .LVU253
 789              		.loc 1 178 4 is_stmt 0 view .LVU254
 790 010a 4DB1     		cbz	r5, .L39
 179:Core/drogui/src/M8Q.c **** 	if((mp->checksumA == checksumA) && (mp->checksumB == checksumB)) return GPS_OK;
 791              		.loc 1 179 2 is_stmt 1 view .LVU255
 792              		.loc 1 179 8 is_stmt 0 view .LVU256
 793 010c 94F8CE30 		ldrb	r3, [r4, #206]	@ zero_extendqisi2
 794              		.loc 1 179 4 view .LVU257
 795 0110 5345     		cmp	r3, r10
 796 0112 08D1     		bne	.L40
 797              		.loc 1 179 40 discriminator 1 view .LVU258
 798 0114 94F8CF30 		ldrb	r3, [r4, #207]	@ zero_extendqisi2
 799              		.loc 1 179 34 discriminator 1 view .LVU259
 800 0118 5B45     		cmp	r3, fp
 801 011a 06D0     		beq	.L41
 180:Core/drogui/src/M8Q.c **** 	else return WRG_CHKSUM;
 802              		.loc 1 180 14 view .LVU260
 803 011c 0420     		movs	r0, #4
 804 011e 00E0     		b	.L24
 805              	.L39:
 178:Core/drogui/src/M8Q.c **** 	if((mp->checksumA == checksumA) && (mp->checksumB == checksumB)) return GPS_OK;
 806              		.loc 1 178 23 view .LVU261
 807 0120 0120     		movs	r0, #1
 808              	.L24:
 181:Core/drogui/src/M8Q.c **** }
 809              		.loc 1 181 1 view .LVU262
 810 0122 BDE8F88F 		pop	{r3, r4, r5, r6, r7, r8, r9, r10, fp, pc}
 811              	.LVL80:
 812              	.L40:
 180:Core/drogui/src/M8Q.c **** 	else return WRG_CHKSUM;
 813              		.loc 1 180 14 view .LVU263
 814 0126 0420     		movs	r0, #4
 815 0128 FBE7     		b	.L24
 816              	.L41:
 179:Core/drogui/src/M8Q.c **** 	else return WRG_CHKSUM;
 817              		.loc 1 179 74 view .LVU264
 818 012a 0320     		movs	r0, #3
 819 012c F9E7     		b	.L24
 820              	.L44:
ARM GAS  C:\Users\GUILLE~1\AppData\Local\Temp\ccGWqxA2.s 			page 20


 821 012e 00BF     		.align	2
 822              	.L43:
 823 0130 00000000 		.word	htim5
 824              		.cfi_endproc
 825              	.LFE148:
 827              		.section	.text.initM8Q,"ax",%progbits
 828              		.align	1
 829              		.global	initM8Q
 830              		.syntax unified
 831              		.thumb
 832              		.thumb_func
 833              		.fpu fpv5-sp-d16
 835              	initM8Q:
 836              	.LVL81:
 837              	.LFB143:
  61:Core/drogui/src/M8Q.c **** 	int ret;
 838              		.loc 1 61 34 is_stmt 1 view -0
 839              		.cfi_startproc
 840              		@ args = 0, pretend = 0, frame = 0
 841              		@ frame_needed = 0, uses_anonymous_args = 0
  61:Core/drogui/src/M8Q.c **** 	int ret;
 842              		.loc 1 61 34 is_stmt 0 view .LVU266
 843 0000 70B5     		push	{r4, r5, r6, lr}
 844              	.LCFI6:
 845              		.cfi_def_cfa_offset 16
 846              		.cfi_offset 4, -16
 847              		.cfi_offset 5, -12
 848              		.cfi_offset 6, -8
 849              		.cfi_offset 14, -4
 850 0002 0446     		mov	r4, r0
 851 0004 0846     		mov	r0, r1
 852              	.LVL82:
  62:Core/drogui/src/M8Q.c **** 	
 853              		.loc 1 62 2 is_stmt 1 view .LVU267
  64:Core/drogui/src/M8Q.c **** 	mg->snd_pack.ser = ser;
 854              		.loc 1 64 2 view .LVU268
  64:Core/drogui/src/M8Q.c **** 	mg->snd_pack.ser = ser;
 855              		.loc 1 64 19 is_stmt 0 view .LVU269
 856 0006 C4F8A411 		str	r1, [r4, #420]
  65:Core/drogui/src/M8Q.c **** 
 857              		.loc 1 65 2 is_stmt 1 view .LVU270
  65:Core/drogui/src/M8Q.c **** 
 858              		.loc 1 65 19 is_stmt 0 view .LVU271
 859 000a C4F8D010 		str	r1, [r4, #208]
  67:Core/drogui/src/M8Q.c **** 
 860              		.loc 1 67 5 is_stmt 1 view .LVU272
 861 000e 4FF41651 		mov	r1, #9600
 862              	.LVL83:
  67:Core/drogui/src/M8Q.c **** 
 863              		.loc 1 67 5 is_stmt 0 view .LVU273
 864 0012 FFF7FEFF 		bl	changeBaudrate
 865              	.LVL84:
  69:Core/drogui/src/M8Q.c ****     cfgM8QPort(&(mg->snd_pack), defaultCfgPort);
 866              		.loc 1 69 2 is_stmt 1 view .LVU274
 867 0016 4FF47A70 		mov	r0, #1000
 868 001a FFF7FEFF 		bl	HAL_Delay
 869              	.LVL85:
ARM GAS  C:\Users\GUILLE~1\AppData\Local\Temp\ccGWqxA2.s 			page 21


  70:Core/drogui/src/M8Q.c ****     
 870              		.loc 1 70 5 view .LVU275
 871 001e 1949     		ldr	r1, .L49
 872 0020 2046     		mov	r0, r4
 873 0022 FFF7FEFF 		bl	cfgM8QPort
 874              	.LVL86:
  72:Core/drogui/src/M8Q.c ****     changeBaudrate(mg->rcv_pack.ser,460800);
 875              		.loc 1 72 5 view .LVU276
 876 0026 6420     		movs	r0, #100
 877 0028 FFF7FEFF 		bl	HAL_Delay
 878              	.LVL87:
  73:Core/drogui/src/M8Q.c ****     HAL_Delay(100);
 879              		.loc 1 73 5 view .LVU277
 880 002c 4FF4E121 		mov	r1, #460800
 881 0030 D4F8A401 		ldr	r0, [r4, #420]
 882 0034 FFF7FEFF 		bl	changeBaudrate
 883              	.LVL88:
  74:Core/drogui/src/M8Q.c **** 
 884              		.loc 1 74 5 view .LVU278
 885 0038 6420     		movs	r0, #100
 886 003a FFF7FEFF 		bl	HAL_Delay
 887              	.LVL89:
  76:Core/drogui/src/M8Q.c **** 	
 888              		.loc 1 76 5 view .LVU279
 889 003e 1249     		ldr	r1, .L49+4
 890 0040 2046     		mov	r0, r4
 891 0042 FFF7FEFF 		bl	cfgM8QRate
 892              	.LVL90:
  78:Core/drogui/src/M8Q.c **** 	if(ret != GPS_OK) return ret; 
 893              		.loc 1 78 5 view .LVU280
  78:Core/drogui/src/M8Q.c **** 	if(ret != GPS_OK) return ret; 
 894              		.loc 1 78 11 is_stmt 0 view .LVU281
 895 0046 04F1D406 		add	r6, r4, #212
 896 004a 42F21071 		movw	r1, #10000
 897 004e 3046     		mov	r0, r6
 898 0050 FFF7FEFF 		bl	readM8Q
 899              	.LVL91:
 900 0054 0546     		mov	r5, r0
 901              	.LVL92:
  79:Core/drogui/src/M8Q.c **** 
 902              		.loc 1 79 2 is_stmt 1 view .LVU282
  79:Core/drogui/src/M8Q.c **** 
 903              		.loc 1 79 4 is_stmt 0 view .LVU283
 904 0056 0328     		cmp	r0, #3
 905 0058 01D0     		beq	.L48
 906              	.LVL93:
 907              	.L45:
  90:Core/drogui/src/M8Q.c **** 
 908              		.loc 1 90 1 view .LVU284
 909 005a 2846     		mov	r0, r5
 910 005c 70BD     		pop	{r4, r5, r6, pc}
 911              	.LVL94:
 912              	.L48:
  81:Core/drogui/src/M8Q.c **** 
 913              		.loc 1 81 5 is_stmt 1 view .LVU285
 914 005e 0B49     		ldr	r1, .L49+8
 915 0060 2046     		mov	r0, r4
ARM GAS  C:\Users\GUILLE~1\AppData\Local\Temp\ccGWqxA2.s 			page 22


 916              	.LVL95:
  81:Core/drogui/src/M8Q.c **** 
 917              		.loc 1 81 5 is_stmt 0 view .LVU286
 918 0062 FFF7FEFF 		bl	cfgM8QMsg
 919              	.LVL96:
  83:Core/drogui/src/M8Q.c **** 	if(ret != GPS_OK) return ret;
 920              		.loc 1 83 5 is_stmt 1 view .LVU287
  83:Core/drogui/src/M8Q.c **** 	if(ret != GPS_OK) return ret;
 921              		.loc 1 83 11 is_stmt 0 view .LVU288
 922 0066 42F21071 		movw	r1, #10000
 923 006a 3046     		mov	r0, r6
 924 006c FFF7FEFF 		bl	readM8Q
 925              	.LVL97:
 926 0070 0546     		mov	r5, r0
 927              	.LVL98:
  84:Core/drogui/src/M8Q.c **** 
 928              		.loc 1 84 2 is_stmt 1 view .LVU289
  84:Core/drogui/src/M8Q.c **** 
 929              		.loc 1 84 4 is_stmt 0 view .LVU290
 930 0072 0328     		cmp	r0, #3
 931 0074 F1D1     		bne	.L45
  86:Core/drogui/src/M8Q.c **** 
 932              		.loc 1 86 5 is_stmt 1 view .LVU291
 933 0076 6420     		movs	r0, #100
 934              	.LVL99:
  86:Core/drogui/src/M8Q.c **** 
 935              		.loc 1 86 5 is_stmt 0 view .LVU292
 936 0078 FFF7FEFF 		bl	HAL_Delay
 937              	.LVL100:
  88:Core/drogui/src/M8Q.c **** 	return GPS_OK;
 938              		.loc 1 88 2 is_stmt 1 view .LVU293
  88:Core/drogui/src/M8Q.c **** 	return GPS_OK;
 939              		.loc 1 88 10 is_stmt 0 view .LVU294
 940 007c 0023     		movs	r3, #0
 941 007e C4F8B831 		str	r3, [r4, #440]
  89:Core/drogui/src/M8Q.c **** }
 942              		.loc 1 89 2 is_stmt 1 view .LVU295
  89:Core/drogui/src/M8Q.c **** }
 943              		.loc 1 89 9 is_stmt 0 view .LVU296
 944 0082 EAE7     		b	.L45
 945              	.L50:
 946              		.align	2
 947              	.L49:
 948 0084 00000000 		.word	.LANCHOR0
 949 0088 00000000 		.word	.LANCHOR1
 950 008c 00000000 		.word	.LANCHOR2
 951              		.cfi_endproc
 952              	.LFE143:
 954              		.section	.rodata.printPacket.str1.4,"aMS",%progbits,1
 955              		.align	2
 956              	.LC0:
 957 0000 436C6173 		.ascii	"Class:\011 %d \011ID:\011 %d \011len:\011 %d \012\000"
 957      733A0920 
 957      25642009 
 957      49443A09 
 957      20256420 
 958              		.align	2
ARM GAS  C:\Users\GUILLE~1\AppData\Local\Temp\ccGWqxA2.s 			page 23


 959              	.LC1:
 960 0020 25782000 		.ascii	"%x \000"
 961              		.align	2
 962              	.LC2:
 963 0024 0A00     		.ascii	"\012\000"
 964              		.section	.text.printPacket,"ax",%progbits
 965              		.align	1
 966              		.global	printPacket
 967              		.syntax unified
 968              		.thumb
 969              		.thumb_func
 970              		.fpu fpv5-sp-d16
 972              	printPacket:
 973              	.LVL101:
 974              	.LFB149:
 182:Core/drogui/src/M8Q.c **** 
 183:Core/drogui/src/M8Q.c **** 
 184:Core/drogui/src/M8Q.c **** void printPacket(ubxPacket *mp){
 975              		.loc 1 184 32 is_stmt 1 view -0
 976              		.cfi_startproc
 977              		@ args = 0, pretend = 0, frame = 0
 978              		@ frame_needed = 0, uses_anonymous_args = 0
 979              		.loc 1 184 32 is_stmt 0 view .LVU298
 980 0000 30B5     		push	{r4, r5, lr}
 981              	.LCFI7:
 982              		.cfi_def_cfa_offset 12
 983              		.cfi_offset 4, -12
 984              		.cfi_offset 5, -8
 985              		.cfi_offset 14, -4
 986 0002 83B0     		sub	sp, sp, #12
 987              	.LCFI8:
 988              		.cfi_def_cfa_offset 24
 989 0004 0546     		mov	r5, r0
 185:Core/drogui/src/M8Q.c ****     serialPrintf(mp->ser,"Class:\t %d \tID:\t %d \tlen:\t %d \n", mp->cls, mp->id, mp->len); 
 990              		.loc 1 185 5 is_stmt 1 view .LVU299
 991              		.loc 1 185 86 is_stmt 0 view .LVU300
 992 0006 4388     		ldrh	r3, [r0, #2]
 993              		.loc 1 185 5 view .LVU301
 994 0008 0093     		str	r3, [sp]
 995 000a 4378     		ldrb	r3, [r0, #1]	@ zero_extendqisi2
 996 000c 0278     		ldrb	r2, [r0]	@ zero_extendqisi2
 997 000e 0C49     		ldr	r1, .L55
 998 0010 D0F8D000 		ldr	r0, [r0, #208]
 999              	.LVL102:
 1000              		.loc 1 185 5 view .LVU302
 1001 0014 FFF7FEFF 		bl	serialPrintf
 1002              	.LVL103:
 186:Core/drogui/src/M8Q.c **** 
 187:Core/drogui/src/M8Q.c **** 	for( int i = 0; i < mp->len ; i++) 
 1003              		.loc 1 187 2 is_stmt 1 view .LVU303
 1004              	.LBB9:
 1005              		.loc 1 187 7 view .LVU304
 1006              		.loc 1 187 11 is_stmt 0 view .LVU305
 1007 0018 0024     		movs	r4, #0
 1008              		.loc 1 187 2 view .LVU306
 1009 001a 07E0     		b	.L52
 1010              	.LVL104:
ARM GAS  C:\Users\GUILLE~1\AppData\Local\Temp\ccGWqxA2.s 			page 24


 1011              	.L53:
 188:Core/drogui/src/M8Q.c **** 		serialPrintf(mp->ser,"%x ", mp->payload[i]);
 1012              		.loc 1 188 3 is_stmt 1 discriminator 3 view .LVU307
 1013              		.loc 1 188 42 is_stmt 0 discriminator 3 view .LVU308
 1014 001c 2B19     		adds	r3, r5, r4
 1015              		.loc 1 188 3 discriminator 3 view .LVU309
 1016 001e 9A79     		ldrb	r2, [r3, #6]	@ zero_extendqisi2
 1017 0020 0849     		ldr	r1, .L55+4
 1018 0022 D5F8D000 		ldr	r0, [r5, #208]
 1019 0026 FFF7FEFF 		bl	serialPrintf
 1020              	.LVL105:
 187:Core/drogui/src/M8Q.c **** 		serialPrintf(mp->ser,"%x ", mp->payload[i]);
 1021              		.loc 1 187 32 is_stmt 1 discriminator 3 view .LVU310
 187:Core/drogui/src/M8Q.c **** 		serialPrintf(mp->ser,"%x ", mp->payload[i]);
 1022              		.loc 1 187 33 is_stmt 0 discriminator 3 view .LVU311
 1023 002a 0134     		adds	r4, r4, #1
 1024              	.LVL106:
 1025              	.L52:
 187:Core/drogui/src/M8Q.c **** 		serialPrintf(mp->ser,"%x ", mp->payload[i]);
 1026              		.loc 1 187 18 is_stmt 1 discriminator 1 view .LVU312
 187:Core/drogui/src/M8Q.c **** 		serialPrintf(mp->ser,"%x ", mp->payload[i]);
 1027              		.loc 1 187 24 is_stmt 0 discriminator 1 view .LVU313
 1028 002c 6B88     		ldrh	r3, [r5, #2]
 187:Core/drogui/src/M8Q.c **** 		serialPrintf(mp->ser,"%x ", mp->payload[i]);
 1029              		.loc 1 187 2 discriminator 1 view .LVU314
 1030 002e A342     		cmp	r3, r4
 1031 0030 F4DC     		bgt	.L53
 1032              	.LBE9:
 189:Core/drogui/src/M8Q.c **** 	serialPrint(mp->ser,"\n");
 1033              		.loc 1 189 2 is_stmt 1 view .LVU315
 1034 0032 0549     		ldr	r1, .L55+8
 1035 0034 D5F8D000 		ldr	r0, [r5, #208]
 1036 0038 FFF7FEFF 		bl	serialPrint
 1037              	.LVL107:
 190:Core/drogui/src/M8Q.c **** }
 1038              		.loc 1 190 1 is_stmt 0 view .LVU316
 1039 003c 03B0     		add	sp, sp, #12
 1040              	.LCFI9:
 1041              		.cfi_def_cfa_offset 12
 1042              		@ sp needed
 1043 003e 30BD     		pop	{r4, r5, pc}
 1044              	.LVL108:
 1045              	.L56:
 1046              		.loc 1 190 1 view .LVU317
 1047              		.align	2
 1048              	.L55:
 1049 0040 00000000 		.word	.LC0
 1050 0044 20000000 		.word	.LC1
 1051 0048 24000000 		.word	.LC2
 1052              		.cfi_endproc
 1053              	.LFE149:
 1055              		.section	.text.readLatLon,"ax",%progbits
 1056              		.align	1
 1057              		.global	readLatLon
 1058              		.syntax unified
 1059              		.thumb
 1060              		.thumb_func
ARM GAS  C:\Users\GUILLE~1\AppData\Local\Temp\ccGWqxA2.s 			page 25


 1061              		.fpu fpv5-sp-d16
 1063              	readLatLon:
 1064              	.LVL109:
 1065              	.LFB150:
 191:Core/drogui/src/M8Q.c **** 
 192:Core/drogui/src/M8Q.c **** 
 193:Core/drogui/src/M8Q.c **** int readLatLon(m8q *mg){
 1066              		.loc 1 193 24 is_stmt 1 view -0
 1067              		.cfi_startproc
 1068              		@ args = 0, pretend = 0, frame = 0
 1069              		@ frame_needed = 0, uses_anonymous_args = 0
 1070              		.loc 1 193 24 is_stmt 0 view .LVU319
 1071 0000 10B5     		push	{r4, lr}
 1072              	.LCFI10:
 1073              		.cfi_def_cfa_offset 8
 1074              		.cfi_offset 4, -8
 1075              		.cfi_offset 14, -4
 1076 0002 0446     		mov	r4, r0
 194:Core/drogui/src/M8Q.c **** 	if(serialAvailable(mg->rcv_pack.ser)){ 
 1077              		.loc 1 194 2 is_stmt 1 view .LVU320
 1078              		.loc 1 194 5 is_stmt 0 view .LVU321
 1079 0004 D0F8A401 		ldr	r0, [r0, #420]
 1080              	.LVL110:
 1081              		.loc 1 194 5 view .LVU322
 1082 0008 FFF7FEFF 		bl	serialAvailable
 1083              	.LVL111:
 1084              		.loc 1 194 4 view .LVU323
 1085 000c 08B9     		cbnz	r0, .L66
 195:Core/drogui/src/M8Q.c **** 		int ret = readM8Q(&(mg->rcv_pack), 1000); 
 196:Core/drogui/src/M8Q.c **** 		//serialFlush();
 197:Core/drogui/src/M8Q.c **** 		if( ret != GPS_OK) return ret;
 198:Core/drogui/src/M8Q.c **** 		
 199:Core/drogui/src/M8Q.c **** 
 200:Core/drogui/src/M8Q.c **** 		if(mg->rcv_pack.cls == 1 && mg->rcv_pack.id == 2){
 201:Core/drogui/src/M8Q.c **** 		
 202:Core/drogui/src/M8Q.c **** 			mg->latitude = 0, mg->longitud = 0;
 203:Core/drogui/src/M8Q.c **** 			for(int i = 0 ; i < 4 ; i++) 
 204:Core/drogui/src/M8Q.c **** 				mg->latitude = (mg->latitude << 8) | (mg->rcv_pack.payload[7-i]);
 205:Core/drogui/src/M8Q.c **** 			for(int i = 0 ; i < 4 ; i++) 
 206:Core/drogui/src/M8Q.c **** 				mg->longitud = (mg->longitud << 8) | (mg->rcv_pack.payload[11-i]);
 207:Core/drogui/src/M8Q.c **** 			
 208:Core/drogui/src/M8Q.c **** 			return GPS_OK;
 209:Core/drogui/src/M8Q.c **** 		}
 210:Core/drogui/src/M8Q.c **** 		else{
 211:Core/drogui/src/M8Q.c **** 			return WRG_CLS_ID;
 212:Core/drogui/src/M8Q.c **** 		}
 213:Core/drogui/src/M8Q.c **** 	}
 214:Core/drogui/src/M8Q.c **** 	return NO_DATA;
 1086              		.loc 1 214 9 view .LVU324
 1087 000e 0020     		movs	r0, #0
 1088              	.L57:
 215:Core/drogui/src/M8Q.c **** }...
 1089              		.loc 1 215 1 view .LVU325
 1090 0010 10BD     		pop	{r4, pc}
 1091              	.LVL112:
 1092              	.L66:
 1093              	.LBB10:
ARM GAS  C:\Users\GUILLE~1\AppData\Local\Temp\ccGWqxA2.s 			page 26


 195:Core/drogui/src/M8Q.c **** 		int ret = readM8Q(&(mg->rcv_pack), 1000); 
 1094              		.loc 1 195 3 is_stmt 1 view .LVU326
 195:Core/drogui/src/M8Q.c **** 		int ret = readM8Q(&(mg->rcv_pack), 1000); 
 1095              		.loc 1 195 13 is_stmt 0 view .LVU327
 1096 0012 4FF47A71 		mov	r1, #1000
 1097 0016 04F1D400 		add	r0, r4, #212
 1098 001a FFF7FEFF 		bl	readM8Q
 1099              	.LVL113:
 197:Core/drogui/src/M8Q.c **** 		if( ret != GPS_OK) return ret;
 1100              		.loc 1 197 3 is_stmt 1 view .LVU328
 197:Core/drogui/src/M8Q.c **** 		if( ret != GPS_OK) return ret;
 1101              		.loc 1 197 5 is_stmt 0 view .LVU329
 1102 001e 0328     		cmp	r0, #3
 1103 0020 F6D1     		bne	.L57
 200:Core/drogui/src/M8Q.c **** 		if(mg->rcv_pack.cls == 1 && mg->rcv_pack.id == 2){
 1104              		.loc 1 200 3 is_stmt 1 view .LVU330
 200:Core/drogui/src/M8Q.c **** 		if(mg->rcv_pack.cls == 1 && mg->rcv_pack.id == 2){
 1105              		.loc 1 200 28 is_stmt 0 view .LVU331
 1106 0022 B4F8D420 		ldrh	r2, [r4, #212]
 200:Core/drogui/src/M8Q.c **** 		if(mg->rcv_pack.cls == 1 && mg->rcv_pack.id == 2){
 1107              		.loc 1 200 5 view .LVU332
 1108 0026 40F20123 		movw	r3, #513
 1109 002a 9A42     		cmp	r2, r3
 1110 002c 01D0     		beq	.L67
 211:Core/drogui/src/M8Q.c **** 			return WRG_CLS_ID;
 1111              		.loc 1 211 11 view .LVU333
 1112 002e 0220     		movs	r0, #2
 1113              	.LVL114:
 211:Core/drogui/src/M8Q.c **** 			return WRG_CLS_ID;
 1114              		.loc 1 211 11 view .LVU334
 1115 0030 EEE7     		b	.L57
 1116              	.LVL115:
 1117              	.L67:
 202:Core/drogui/src/M8Q.c **** 			mg->latitude = 0, mg->longitud = 0;
 1118              		.loc 1 202 4 is_stmt 1 view .LVU335
 202:Core/drogui/src/M8Q.c **** 			mg->latitude = 0, mg->longitud = 0;
 1119              		.loc 1 202 17 is_stmt 0 view .LVU336
 1120 0032 0023     		movs	r3, #0
 1121 0034 C4F8A831 		str	r3, [r4, #424]
 202:Core/drogui/src/M8Q.c **** 			mg->latitude = 0, mg->longitud = 0;
 1122              		.loc 1 202 35 view .LVU337
 1123 0038 C4F8AC31 		str	r3, [r4, #428]
 203:Core/drogui/src/M8Q.c **** 			for(int i = 0 ; i < 4 ; i++) 
 1124              		.loc 1 203 4 is_stmt 1 view .LVU338
 1125              	.LBB11:
 203:Core/drogui/src/M8Q.c **** 			for(int i = 0 ; i < 4 ; i++) 
 1126              		.loc 1 203 8 view .LVU339
 1127              	.LVL116:
 203:Core/drogui/src/M8Q.c **** 			for(int i = 0 ; i < 4 ; i++) 
 1128              		.loc 1 203 4 is_stmt 0 view .LVU340
 1129 003c 0BE0     		b	.L59
 1130              	.LVL117:
 1131              	.L60:
 204:Core/drogui/src/M8Q.c **** 				mg->latitude = (mg->latitude << 8) | (mg->rcv_pack.payload[7-i]);
 1132              		.loc 1 204 5 is_stmt 1 discriminator 3 view .LVU341
 204:Core/drogui/src/M8Q.c **** 				mg->latitude = (mg->latitude << 8) | (mg->rcv_pack.payload[7-i]);
 1133              		.loc 1 204 65 is_stmt 0 discriminator 3 view .LVU342
ARM GAS  C:\Users\GUILLE~1\AppData\Local\Temp\ccGWqxA2.s 			page 27


 1134 003e C3F10701 		rsb	r1, r3, #7
 204:Core/drogui/src/M8Q.c **** 				mg->latitude = (mg->latitude << 8) | (mg->rcv_pack.payload[7-i]);
 1135              		.loc 1 204 63 discriminator 3 view .LVU343
 1136 0042 2144     		add	r1, r1, r4
 1137 0044 91F8DA20 		ldrb	r2, [r1, #218]	@ zero_extendqisi2
 204:Core/drogui/src/M8Q.c **** 				mg->latitude = (mg->latitude << 8) | (mg->rcv_pack.payload[7-i]);
 1138              		.loc 1 204 40 discriminator 3 view .LVU344
 1139 0048 D4F8A811 		ldr	r1, [r4, #424]
 1140 004c 42EA0122 		orr	r2, r2, r1, lsl #8
 204:Core/drogui/src/M8Q.c **** 				mg->latitude = (mg->latitude << 8) | (mg->rcv_pack.payload[7-i]);
 1141              		.loc 1 204 18 discriminator 3 view .LVU345
 1142 0050 C4F8A821 		str	r2, [r4, #424]
 203:Core/drogui/src/M8Q.c **** 			for(int i = 0 ; i < 4 ; i++) 
 1143              		.loc 1 203 28 is_stmt 1 discriminator 3 view .LVU346
 203:Core/drogui/src/M8Q.c **** 			for(int i = 0 ; i < 4 ; i++) 
 1144              		.loc 1 203 29 is_stmt 0 discriminator 3 view .LVU347
 1145 0054 0133     		adds	r3, r3, #1
 1146              	.LVL118:
 1147              	.L59:
 203:Core/drogui/src/M8Q.c **** 			for(int i = 0 ; i < 4 ; i++) 
 1148              		.loc 1 203 20 is_stmt 1 discriminator 1 view .LVU348
 203:Core/drogui/src/M8Q.c **** 			for(int i = 0 ; i < 4 ; i++) 
 1149              		.loc 1 203 4 is_stmt 0 discriminator 1 view .LVU349
 1150 0056 032B     		cmp	r3, #3
 1151 0058 F1DD     		ble	.L60
 1152              	.LBE11:
 1153              	.LBB12:
 205:Core/drogui/src/M8Q.c **** 			for(int i = 0 ; i < 4 ; i++) 
 1154              		.loc 1 205 12 view .LVU350
 1155 005a 0023     		movs	r3, #0
 1156              	.LVL119:
 205:Core/drogui/src/M8Q.c **** 			for(int i = 0 ; i < 4 ; i++) 
 1157              		.loc 1 205 12 view .LVU351
 1158 005c 0BE0     		b	.L61
 1159              	.LVL120:
 1160              	.L62:
 206:Core/drogui/src/M8Q.c **** 				mg->longitud = (mg->longitud << 8) | (mg->rcv_pack.payload[11-i]);
 1161              		.loc 1 206 5 is_stmt 1 discriminator 3 view .LVU352
 206:Core/drogui/src/M8Q.c **** 				mg->longitud = (mg->longitud << 8) | (mg->rcv_pack.payload[11-i]);
 1162              		.loc 1 206 66 is_stmt 0 discriminator 3 view .LVU353
 1163 005e C3F10B01 		rsb	r1, r3, #11
 206:Core/drogui/src/M8Q.c **** 				mg->longitud = (mg->longitud << 8) | (mg->rcv_pack.payload[11-i]);
 1164              		.loc 1 206 63 discriminator 3 view .LVU354
 1165 0062 2144     		add	r1, r1, r4
 1166 0064 91F8DA20 		ldrb	r2, [r1, #218]	@ zero_extendqisi2
 206:Core/drogui/src/M8Q.c **** 				mg->longitud = (mg->longitud << 8) | (mg->rcv_pack.payload[11-i]);
 1167              		.loc 1 206 40 discriminator 3 view .LVU355
 1168 0068 D4F8AC11 		ldr	r1, [r4, #428]
 1169 006c 42EA0122 		orr	r2, r2, r1, lsl #8
 206:Core/drogui/src/M8Q.c **** 				mg->longitud = (mg->longitud << 8) | (mg->rcv_pack.payload[11-i]);
 1170              		.loc 1 206 18 discriminator 3 view .LVU356
 1171 0070 C4F8AC21 		str	r2, [r4, #428]
 205:Core/drogui/src/M8Q.c **** 			for(int i = 0 ; i < 4 ; i++) 
 1172              		.loc 1 205 28 is_stmt 1 discriminator 3 view .LVU357
 205:Core/drogui/src/M8Q.c **** 			for(int i = 0 ; i < 4 ; i++) 
 1173              		.loc 1 205 29 is_stmt 0 discriminator 3 view .LVU358
 1174 0074 0133     		adds	r3, r3, #1
ARM GAS  C:\Users\GUILLE~1\AppData\Local\Temp\ccGWqxA2.s 			page 28


 1175              	.LVL121:
 1176              	.L61:
 205:Core/drogui/src/M8Q.c **** 			for(int i = 0 ; i < 4 ; i++) 
 1177              		.loc 1 205 20 is_stmt 1 discriminator 1 view .LVU359
 205:Core/drogui/src/M8Q.c **** 			for(int i = 0 ; i < 4 ; i++) 
 1178              		.loc 1 205 4 is_stmt 0 discriminator 1 view .LVU360
 1179 0076 032B     		cmp	r3, #3
 1180 0078 F1DD     		ble	.L62
 1181 007a C9E7     		b	.L57
 1182              	.LBE12:
 1183              	.LBE10:
 1184              		.cfi_endproc
 1185              	.LFE150:
 1187              		.global	defaultCfgMsg
 1188              		.global	defaultCfgRate
 1189              		.global	defaultCfgPort
 1190              		.section	.data.defaultCfgMsg,"aw"
 1191              		.align	2
 1192              		.set	.LANCHOR2,. + 0
 1195              	defaultCfgMsg:
 1196 0000 010201   		.ascii	"\001\002\001"
 1197              		.section	.data.defaultCfgPort,"aw"
 1198              		.align	2
 1199              		.set	.LANCHOR0,. + 0
 1202              	defaultCfgPort:
 1203 0000 01000000 		.ascii	"\001\000\000\000\300\010\000\000\000\010\007\000\007"
 1203      C0080000 
 1203      00080700 
 1203      07
 1204 000d 00010000 		.ascii	"\000\001\000\000\000\000\000"
 1204      000000
 1205              		.section	.data.defaultCfgRate,"aw"
 1206              		.align	2
 1207              		.set	.LANCHOR1,. + 0
 1210              	defaultCfgRate:
 1211 0000 7D000100 		.ascii	"}\000\001\000\001\000"
 1211      0100
 1212              		.text
 1213              	.Letext0:
 1214              		.file 2 "c:\\program files (x86)\\gnu arm embedded toolchain\\10 2020-q4-major\\arm-none-eabi\\inc
 1215              		.file 3 "c:\\program files (x86)\\gnu arm embedded toolchain\\10 2020-q4-major\\arm-none-eabi\\inc
 1216              		.file 4 "Drivers/CMSIS/Device/ST/STM32F7xx/Include/stm32f746xx.h"
 1217              		.file 5 "Drivers/STM32F7xx_HAL_Driver/Inc/stm32f7xx_hal_def.h"
 1218              		.file 6 "Drivers/STM32F7xx_HAL_Driver/Inc/stm32f7xx_hal_dma.h"
 1219              		.file 7 "Drivers/STM32F7xx_HAL_Driver/Inc/stm32f7xx_hal_tim.h"
 1220              		.file 8 "Core/drogui/include/serial.h"
 1221              		.file 9 "Core/drogui/include/M8Q.h"
 1222              		.file 10 "Core/Inc/tim.h"
 1223              		.file 11 "Drivers/STM32F7xx_HAL_Driver/Inc/stm32f7xx_hal.h"
ARM GAS  C:\Users\GUILLE~1\AppData\Local\Temp\ccGWqxA2.s 			page 29


DEFINED SYMBOLS
                            *ABS*:00000000 M8Q.c
C:\Users\GUILLE~1\AppData\Local\Temp\ccGWqxA2.s:18     .text.calcChecksum:00000000 $t
C:\Users\GUILLE~1\AppData\Local\Temp\ccGWqxA2.s:26     .text.calcChecksum:00000000 calcChecksum
C:\Users\GUILLE~1\AppData\Local\Temp\ccGWqxA2.s:124    .text.sendSerialCommand:00000000 $t
C:\Users\GUILLE~1\AppData\Local\Temp\ccGWqxA2.s:131    .text.sendSerialCommand:00000000 sendSerialCommand
C:\Users\GUILLE~1\AppData\Local\Temp\ccGWqxA2.s:228    .text.cfgM8Q:00000000 $t
C:\Users\GUILLE~1\AppData\Local\Temp\ccGWqxA2.s:235    .text.cfgM8Q:00000000 cfgM8Q
C:\Users\GUILLE~1\AppData\Local\Temp\ccGWqxA2.s:303    .text.cfgM8QPort:00000000 $t
C:\Users\GUILLE~1\AppData\Local\Temp\ccGWqxA2.s:310    .text.cfgM8QPort:00000000 cfgM8QPort
C:\Users\GUILLE~1\AppData\Local\Temp\ccGWqxA2.s:377    .text.cfgM8QMsg:00000000 $t
C:\Users\GUILLE~1\AppData\Local\Temp\ccGWqxA2.s:384    .text.cfgM8QMsg:00000000 cfgM8QMsg
C:\Users\GUILLE~1\AppData\Local\Temp\ccGWqxA2.s:451    .text.cfgM8QRate:00000000 $t
C:\Users\GUILLE~1\AppData\Local\Temp\ccGWqxA2.s:458    .text.cfgM8QRate:00000000 cfgM8QRate
C:\Users\GUILLE~1\AppData\Local\Temp\ccGWqxA2.s:524    .text.readM8Q:00000000 $t
C:\Users\GUILLE~1\AppData\Local\Temp\ccGWqxA2.s:531    .text.readM8Q:00000000 readM8Q
C:\Users\GUILLE~1\AppData\Local\Temp\ccGWqxA2.s:823    .text.readM8Q:00000130 $d
C:\Users\GUILLE~1\AppData\Local\Temp\ccGWqxA2.s:828    .text.initM8Q:00000000 $t
C:\Users\GUILLE~1\AppData\Local\Temp\ccGWqxA2.s:835    .text.initM8Q:00000000 initM8Q
C:\Users\GUILLE~1\AppData\Local\Temp\ccGWqxA2.s:948    .text.initM8Q:00000084 $d
C:\Users\GUILLE~1\AppData\Local\Temp\ccGWqxA2.s:955    .rodata.printPacket.str1.4:00000000 $d
C:\Users\GUILLE~1\AppData\Local\Temp\ccGWqxA2.s:965    .text.printPacket:00000000 $t
C:\Users\GUILLE~1\AppData\Local\Temp\ccGWqxA2.s:972    .text.printPacket:00000000 printPacket
C:\Users\GUILLE~1\AppData\Local\Temp\ccGWqxA2.s:1049   .text.printPacket:00000040 $d
C:\Users\GUILLE~1\AppData\Local\Temp\ccGWqxA2.s:1056   .text.readLatLon:00000000 $t
C:\Users\GUILLE~1\AppData\Local\Temp\ccGWqxA2.s:1063   .text.readLatLon:00000000 readLatLon
C:\Users\GUILLE~1\AppData\Local\Temp\ccGWqxA2.s:1195   .data.defaultCfgMsg:00000000 defaultCfgMsg
C:\Users\GUILLE~1\AppData\Local\Temp\ccGWqxA2.s:1210   .data.defaultCfgRate:00000000 defaultCfgRate
C:\Users\GUILLE~1\AppData\Local\Temp\ccGWqxA2.s:1202   .data.defaultCfgPort:00000000 defaultCfgPort
C:\Users\GUILLE~1\AppData\Local\Temp\ccGWqxA2.s:1191   .data.defaultCfgMsg:00000000 $d
C:\Users\GUILLE~1\AppData\Local\Temp\ccGWqxA2.s:1198   .data.defaultCfgPort:00000000 $d
C:\Users\GUILLE~1\AppData\Local\Temp\ccGWqxA2.s:1206   .data.defaultCfgRate:00000000 $d

UNDEFINED SYMBOLS
serialWrite
serialAvailable
serialRead
htim5
changeBaudrate
HAL_Delay
serialPrintf
serialPrint
