ARM GAS  C:\Users\GUILLE~1\AppData\Local\Temp\ccmJJ4uo.s 			page 1


   1              		.cpu cortex-m7
   2              		.eabi_attribute 27, 1
   3              		.eabi_attribute 28, 1
   4              		.eabi_attribute 20, 1
   5              		.eabi_attribute 21, 1
   6              		.eabi_attribute 23, 3
   7              		.eabi_attribute 24, 1
   8              		.eabi_attribute 25, 1
   9              		.eabi_attribute 26, 1
  10              		.eabi_attribute 30, 1
  11              		.eabi_attribute 34, 1
  12              		.eabi_attribute 18, 4
  13              		.file	"tim.c"
  14              		.text
  15              	.Ltext0:
  16              		.cfi_sections	.debug_frame
  17              		.section	.text.MX_TIM5_Init,"ax",%progbits
  18              		.align	1
  19              		.global	MX_TIM5_Init
  20              		.arch armv7e-m
  21              		.syntax unified
  22              		.thumb
  23              		.thumb_func
  24              		.fpu fpv5-sp-d16
  26              	MX_TIM5_Init:
  27              	.LFB143:
  28              		.file 1 "Core/Src/tim.c"
   1:Core/Src/tim.c **** /**
   2:Core/Src/tim.c ****   ******************************************************************************
   3:Core/Src/tim.c ****   * @file    tim.c
   4:Core/Src/tim.c ****   * @brief   This file provides code for the configuration
   5:Core/Src/tim.c ****   *          of the TIM instances.
   6:Core/Src/tim.c ****   ******************************************************************************
   7:Core/Src/tim.c ****   * @attention
   8:Core/Src/tim.c ****   *
   9:Core/Src/tim.c ****   * <h2><center>&copy; Copyright (c) 2021 STMicroelectronics.
  10:Core/Src/tim.c ****   * All rights reserved.</center></h2>
  11:Core/Src/tim.c ****   *
  12:Core/Src/tim.c ****   * This software component is licensed by ST under BSD 3-Clause license,
  13:Core/Src/tim.c ****   * the "License"; You may not use this file except in compliance with the
  14:Core/Src/tim.c ****   * License. You may obtain a copy of the License at:
  15:Core/Src/tim.c ****   *                        opensource.org/licenses/BSD-3-Clause
  16:Core/Src/tim.c ****   *
  17:Core/Src/tim.c ****   ******************************************************************************
  18:Core/Src/tim.c ****   */
  19:Core/Src/tim.c **** 
  20:Core/Src/tim.c **** /* Includes ------------------------------------------------------------------*/
  21:Core/Src/tim.c **** #include "tim.h"
  22:Core/Src/tim.c **** 
  23:Core/Src/tim.c **** /* USER CODE BEGIN 0 */
  24:Core/Src/tim.c **** 
  25:Core/Src/tim.c **** /* USER CODE END 0 */
  26:Core/Src/tim.c **** 
  27:Core/Src/tim.c **** TIM_HandleTypeDef htim3;
  28:Core/Src/tim.c **** TIM_HandleTypeDef htim4;
  29:Core/Src/tim.c **** TIM_HandleTypeDef htim5;
  30:Core/Src/tim.c **** 
ARM GAS  C:\Users\GUILLE~1\AppData\Local\Temp\ccmJJ4uo.s 			page 2


  31:Core/Src/tim.c **** /* TIM3 init function */
  32:Core/Src/tim.c **** void MX_TIM3_Init(void)
  33:Core/Src/tim.c **** {
  34:Core/Src/tim.c **** 
  35:Core/Src/tim.c ****   /* USER CODE BEGIN TIM3_Init 0 */
  36:Core/Src/tim.c **** 
  37:Core/Src/tim.c ****   /* USER CODE END TIM3_Init 0 */
  38:Core/Src/tim.c **** 
  39:Core/Src/tim.c ****   TIM_ClockConfigTypeDef sClockSourceConfig = {0};
  40:Core/Src/tim.c ****   TIM_MasterConfigTypeDef sMasterConfig = {0};
  41:Core/Src/tim.c ****   TIM_OC_InitTypeDef sConfigOC = {0};
  42:Core/Src/tim.c **** 
  43:Core/Src/tim.c ****   /* USER CODE BEGIN TIM3_Init 1 */
  44:Core/Src/tim.c **** 
  45:Core/Src/tim.c ****   /* USER CODE END TIM3_Init 1 */
  46:Core/Src/tim.c ****   htim3.Instance = TIM3;
  47:Core/Src/tim.c ****   htim3.Init.Prescaler = 0;
  48:Core/Src/tim.c ****   htim3.Init.CounterMode = TIM_COUNTERMODE_UP;
  49:Core/Src/tim.c ****   htim3.Init.Period = 28000;
  50:Core/Src/tim.c ****   htim3.Init.ClockDivision = TIM_CLOCKDIVISION_DIV1;
  51:Core/Src/tim.c ****   htim3.Init.AutoReloadPreload = TIM_AUTORELOAD_PRELOAD_DISABLE;
  52:Core/Src/tim.c ****   if (HAL_TIM_Base_Init(&htim3) != HAL_OK)
  53:Core/Src/tim.c ****   {
  54:Core/Src/tim.c ****     Error_Handler();
  55:Core/Src/tim.c ****   }
  56:Core/Src/tim.c ****   sClockSourceConfig.ClockSource = TIM_CLOCKSOURCE_INTERNAL;
  57:Core/Src/tim.c ****   if (HAL_TIM_ConfigClockSource(&htim3, &sClockSourceConfig) != HAL_OK)
  58:Core/Src/tim.c ****   {
  59:Core/Src/tim.c ****     Error_Handler();
  60:Core/Src/tim.c ****   }
  61:Core/Src/tim.c ****   if (HAL_TIM_PWM_Init(&htim3) != HAL_OK)
  62:Core/Src/tim.c ****   {
  63:Core/Src/tim.c ****     Error_Handler();
  64:Core/Src/tim.c ****   }
  65:Core/Src/tim.c ****   sMasterConfig.MasterOutputTrigger = TIM_TRGO_RESET;
  66:Core/Src/tim.c ****   sMasterConfig.MasterSlaveMode = TIM_MASTERSLAVEMODE_DISABLE;
  67:Core/Src/tim.c ****   if (HAL_TIMEx_MasterConfigSynchronization(&htim3, &sMasterConfig) != HAL_OK)
  68:Core/Src/tim.c ****   {
  69:Core/Src/tim.c ****     Error_Handler();
  70:Core/Src/tim.c ****   }
  71:Core/Src/tim.c ****   sConfigOC.OCMode = TIM_OCMODE_PWM1;
  72:Core/Src/tim.c ****   sConfigOC.Pulse = 0;
  73:Core/Src/tim.c ****   sConfigOC.OCPolarity = TIM_OCPOLARITY_HIGH;
  74:Core/Src/tim.c ****   sConfigOC.OCFastMode = TIM_OCFAST_ENABLE;
  75:Core/Src/tim.c ****   if (HAL_TIM_PWM_ConfigChannel(&htim3, &sConfigOC, TIM_CHANNEL_1) != HAL_OK)
  76:Core/Src/tim.c ****   {
  77:Core/Src/tim.c ****     Error_Handler();
  78:Core/Src/tim.c ****   }
  79:Core/Src/tim.c ****   if (HAL_TIM_PWM_ConfigChannel(&htim3, &sConfigOC, TIM_CHANNEL_2) != HAL_OK)
  80:Core/Src/tim.c ****   {
  81:Core/Src/tim.c ****     Error_Handler();
  82:Core/Src/tim.c ****   }
  83:Core/Src/tim.c ****   /* USER CODE BEGIN TIM3_Init 2 */
  84:Core/Src/tim.c **** 
  85:Core/Src/tim.c ****   /* USER CODE END TIM3_Init 2 */
  86:Core/Src/tim.c ****   HAL_TIM_MspPostInit(&htim3);
  87:Core/Src/tim.c **** 
ARM GAS  C:\Users\GUILLE~1\AppData\Local\Temp\ccmJJ4uo.s 			page 3


  88:Core/Src/tim.c **** }
  89:Core/Src/tim.c **** /* TIM4 init function */
  90:Core/Src/tim.c **** void MX_TIM4_Init(void)
  91:Core/Src/tim.c **** {
  92:Core/Src/tim.c **** 
  93:Core/Src/tim.c ****   /* USER CODE BEGIN TIM4_Init 0 */
  94:Core/Src/tim.c **** 
  95:Core/Src/tim.c ****   /* USER CODE END TIM4_Init 0 */
  96:Core/Src/tim.c **** 
  97:Core/Src/tim.c ****   TIM_ClockConfigTypeDef sClockSourceConfig = {0};
  98:Core/Src/tim.c ****   TIM_MasterConfigTypeDef sMasterConfig = {0};
  99:Core/Src/tim.c ****   TIM_OC_InitTypeDef sConfigOC = {0};
 100:Core/Src/tim.c **** 
 101:Core/Src/tim.c ****   /* USER CODE BEGIN TIM4_Init 1 */
 102:Core/Src/tim.c **** 
 103:Core/Src/tim.c ****   /* USER CODE END TIM4_Init 1 */
 104:Core/Src/tim.c ****   htim4.Instance = TIM4;
 105:Core/Src/tim.c ****   htim4.Init.Prescaler = 0;
 106:Core/Src/tim.c ****   htim4.Init.CounterMode = TIM_COUNTERMODE_UP;
 107:Core/Src/tim.c ****   htim4.Init.Period = 28000;
 108:Core/Src/tim.c ****   htim4.Init.ClockDivision = TIM_CLOCKDIVISION_DIV1;
 109:Core/Src/tim.c ****   htim4.Init.AutoReloadPreload = TIM_AUTORELOAD_PRELOAD_DISABLE;
 110:Core/Src/tim.c ****   if (HAL_TIM_Base_Init(&htim4) != HAL_OK)
 111:Core/Src/tim.c ****   {
 112:Core/Src/tim.c ****     Error_Handler();
 113:Core/Src/tim.c ****   }
 114:Core/Src/tim.c ****   sClockSourceConfig.ClockSource = TIM_CLOCKSOURCE_INTERNAL;
 115:Core/Src/tim.c ****   if (HAL_TIM_ConfigClockSource(&htim4, &sClockSourceConfig) != HAL_OK)
 116:Core/Src/tim.c ****   {
 117:Core/Src/tim.c ****     Error_Handler();
 118:Core/Src/tim.c ****   }
 119:Core/Src/tim.c ****   if (HAL_TIM_PWM_Init(&htim4) != HAL_OK)
 120:Core/Src/tim.c ****   {
 121:Core/Src/tim.c ****     Error_Handler();
 122:Core/Src/tim.c ****   }
 123:Core/Src/tim.c ****   sMasterConfig.MasterOutputTrigger = TIM_TRGO_RESET;
 124:Core/Src/tim.c ****   sMasterConfig.MasterSlaveMode = TIM_MASTERSLAVEMODE_DISABLE;
 125:Core/Src/tim.c ****   if (HAL_TIMEx_MasterConfigSynchronization(&htim4, &sMasterConfig) != HAL_OK)
 126:Core/Src/tim.c ****   {
 127:Core/Src/tim.c ****     Error_Handler();
 128:Core/Src/tim.c ****   }
 129:Core/Src/tim.c ****   sConfigOC.OCMode = TIM_OCMODE_PWM1;
 130:Core/Src/tim.c ****   sConfigOC.Pulse = 0;
 131:Core/Src/tim.c ****   sConfigOC.OCPolarity = TIM_OCPOLARITY_HIGH;
 132:Core/Src/tim.c ****   sConfigOC.OCFastMode = TIM_OCFAST_ENABLE;
 133:Core/Src/tim.c ****   if (HAL_TIM_PWM_ConfigChannel(&htim4, &sConfigOC, TIM_CHANNEL_3) != HAL_OK)
 134:Core/Src/tim.c ****   {
 135:Core/Src/tim.c ****     Error_Handler();
 136:Core/Src/tim.c ****   }
 137:Core/Src/tim.c ****   if (HAL_TIM_PWM_ConfigChannel(&htim4, &sConfigOC, TIM_CHANNEL_4) != HAL_OK)
 138:Core/Src/tim.c ****   {
 139:Core/Src/tim.c ****     Error_Handler();
 140:Core/Src/tim.c ****   }
 141:Core/Src/tim.c ****   /* USER CODE BEGIN TIM4_Init 2 */
 142:Core/Src/tim.c **** 
 143:Core/Src/tim.c ****   /* USER CODE END TIM4_Init 2 */
 144:Core/Src/tim.c ****   HAL_TIM_MspPostInit(&htim4);
ARM GAS  C:\Users\GUILLE~1\AppData\Local\Temp\ccmJJ4uo.s 			page 4


 145:Core/Src/tim.c **** 
 146:Core/Src/tim.c **** }
 147:Core/Src/tim.c **** /* TIM5 init function */
 148:Core/Src/tim.c **** void MX_TIM5_Init(void)
 149:Core/Src/tim.c **** {
  29              		.loc 1 149 1 view -0
  30              		.cfi_startproc
  31              		@ args = 0, pretend = 0, frame = 32
  32              		@ frame_needed = 0, uses_anonymous_args = 0
  33 0000 00B5     		push	{lr}
  34              	.LCFI0:
  35              		.cfi_def_cfa_offset 4
  36              		.cfi_offset 14, -4
  37 0002 89B0     		sub	sp, sp, #36
  38              	.LCFI1:
  39              		.cfi_def_cfa_offset 40
 150:Core/Src/tim.c **** 
 151:Core/Src/tim.c ****   /* USER CODE BEGIN TIM5_Init 0 */
 152:Core/Src/tim.c **** 
 153:Core/Src/tim.c ****   /* USER CODE END TIM5_Init 0 */
 154:Core/Src/tim.c **** 
 155:Core/Src/tim.c ****   TIM_ClockConfigTypeDef sClockSourceConfig = {0};
  40              		.loc 1 155 3 view .LVU1
  41              		.loc 1 155 26 is_stmt 0 view .LVU2
  42 0004 0023     		movs	r3, #0
  43 0006 0493     		str	r3, [sp, #16]
  44 0008 0593     		str	r3, [sp, #20]
  45 000a 0693     		str	r3, [sp, #24]
  46 000c 0793     		str	r3, [sp, #28]
 156:Core/Src/tim.c ****   TIM_MasterConfigTypeDef sMasterConfig = {0};
  47              		.loc 1 156 3 is_stmt 1 view .LVU3
  48              		.loc 1 156 27 is_stmt 0 view .LVU4
  49 000e 0193     		str	r3, [sp, #4]
  50 0010 0293     		str	r3, [sp, #8]
  51 0012 0393     		str	r3, [sp, #12]
 157:Core/Src/tim.c **** 
 158:Core/Src/tim.c ****   /* USER CODE BEGIN TIM5_Init 1 */
 159:Core/Src/tim.c **** 
 160:Core/Src/tim.c ****   /* USER CODE END TIM5_Init 1 */
 161:Core/Src/tim.c ****   htim5.Instance = TIM5;
  52              		.loc 1 161 3 is_stmt 1 view .LVU5
  53              		.loc 1 161 18 is_stmt 0 view .LVU6
  54 0014 1448     		ldr	r0, .L9
  55 0016 154A     		ldr	r2, .L9+4
  56 0018 0260     		str	r2, [r0]
 162:Core/Src/tim.c ****   htim5.Init.Prescaler = 100;
  57              		.loc 1 162 3 is_stmt 1 view .LVU7
  58              		.loc 1 162 24 is_stmt 0 view .LVU8
  59 001a 6422     		movs	r2, #100
  60 001c 4260     		str	r2, [r0, #4]
 163:Core/Src/tim.c ****   htim5.Init.CounterMode = TIM_COUNTERMODE_UP;
  61              		.loc 1 163 3 is_stmt 1 view .LVU9
  62              		.loc 1 163 26 is_stmt 0 view .LVU10
  63 001e 8360     		str	r3, [r0, #8]
 164:Core/Src/tim.c ****   htim5.Init.Period = 4294967295;
  64              		.loc 1 164 3 is_stmt 1 view .LVU11
  65              		.loc 1 164 21 is_stmt 0 view .LVU12
ARM GAS  C:\Users\GUILLE~1\AppData\Local\Temp\ccmJJ4uo.s 			page 5


  66 0020 4FF0FF32 		mov	r2, #-1
  67 0024 C260     		str	r2, [r0, #12]
 165:Core/Src/tim.c ****   htim5.Init.ClockDivision = TIM_CLOCKDIVISION_DIV1;
  68              		.loc 1 165 3 is_stmt 1 view .LVU13
  69              		.loc 1 165 28 is_stmt 0 view .LVU14
  70 0026 0361     		str	r3, [r0, #16]
 166:Core/Src/tim.c ****   htim5.Init.AutoReloadPreload = TIM_AUTORELOAD_PRELOAD_DISABLE;
  71              		.loc 1 166 3 is_stmt 1 view .LVU15
  72              		.loc 1 166 32 is_stmt 0 view .LVU16
  73 0028 8361     		str	r3, [r0, #24]
 167:Core/Src/tim.c ****   if (HAL_TIM_Base_Init(&htim5) != HAL_OK)
  74              		.loc 1 167 3 is_stmt 1 view .LVU17
  75              		.loc 1 167 7 is_stmt 0 view .LVU18
  76 002a FFF7FEFF 		bl	HAL_TIM_Base_Init
  77              	.LVL0:
  78              		.loc 1 167 6 view .LVU19
  79 002e 90B9     		cbnz	r0, .L6
  80              	.L2:
 168:Core/Src/tim.c ****   {
 169:Core/Src/tim.c ****     Error_Handler();
 170:Core/Src/tim.c ****   }
 171:Core/Src/tim.c ****   sClockSourceConfig.ClockSource = TIM_CLOCKSOURCE_INTERNAL;
  81              		.loc 1 171 3 is_stmt 1 view .LVU20
  82              		.loc 1 171 34 is_stmt 0 view .LVU21
  83 0030 4FF48053 		mov	r3, #4096
  84 0034 0493     		str	r3, [sp, #16]
 172:Core/Src/tim.c ****   if (HAL_TIM_ConfigClockSource(&htim5, &sClockSourceConfig) != HAL_OK)
  85              		.loc 1 172 3 is_stmt 1 view .LVU22
  86              		.loc 1 172 7 is_stmt 0 view .LVU23
  87 0036 04A9     		add	r1, sp, #16
  88 0038 0B48     		ldr	r0, .L9
  89 003a FFF7FEFF 		bl	HAL_TIM_ConfigClockSource
  90              	.LVL1:
  91              		.loc 1 172 6 view .LVU24
  92 003e 68B9     		cbnz	r0, .L7
  93              	.L3:
 173:Core/Src/tim.c ****   {
 174:Core/Src/tim.c ****     Error_Handler();
 175:Core/Src/tim.c ****   }
 176:Core/Src/tim.c ****   sMasterConfig.MasterOutputTrigger = TIM_TRGO_RESET;
  94              		.loc 1 176 3 is_stmt 1 view .LVU25
  95              		.loc 1 176 37 is_stmt 0 view .LVU26
  96 0040 0023     		movs	r3, #0
  97 0042 0193     		str	r3, [sp, #4]
 177:Core/Src/tim.c ****   sMasterConfig.MasterSlaveMode = TIM_MASTERSLAVEMODE_DISABLE;
  98              		.loc 1 177 3 is_stmt 1 view .LVU27
  99              		.loc 1 177 33 is_stmt 0 view .LVU28
 100 0044 0393     		str	r3, [sp, #12]
 178:Core/Src/tim.c ****   if (HAL_TIMEx_MasterConfigSynchronization(&htim5, &sMasterConfig) != HAL_OK)
 101              		.loc 1 178 3 is_stmt 1 view .LVU29
 102              		.loc 1 178 7 is_stmt 0 view .LVU30
 103 0046 01A9     		add	r1, sp, #4
 104 0048 0748     		ldr	r0, .L9
 105 004a FFF7FEFF 		bl	HAL_TIMEx_MasterConfigSynchronization
 106              	.LVL2:
 107              		.loc 1 178 6 view .LVU31
 108 004e 40B9     		cbnz	r0, .L8
ARM GAS  C:\Users\GUILLE~1\AppData\Local\Temp\ccmJJ4uo.s 			page 6


 109              	.L1:
 179:Core/Src/tim.c ****   {
 180:Core/Src/tim.c ****     Error_Handler();
 181:Core/Src/tim.c ****   }
 182:Core/Src/tim.c ****   /* USER CODE BEGIN TIM5_Init 2 */
 183:Core/Src/tim.c **** 
 184:Core/Src/tim.c ****   /* USER CODE END TIM5_Init 2 */
 185:Core/Src/tim.c **** 
 186:Core/Src/tim.c **** }
 110              		.loc 1 186 1 view .LVU32
 111 0050 09B0     		add	sp, sp, #36
 112              	.LCFI2:
 113              		.cfi_remember_state
 114              		.cfi_def_cfa_offset 4
 115              		@ sp needed
 116 0052 5DF804FB 		ldr	pc, [sp], #4
 117              	.L6:
 118              	.LCFI3:
 119              		.cfi_restore_state
 169:Core/Src/tim.c ****   }
 120              		.loc 1 169 5 is_stmt 1 view .LVU33
 121 0056 FFF7FEFF 		bl	Error_Handler
 122              	.LVL3:
 123 005a E9E7     		b	.L2
 124              	.L7:
 174:Core/Src/tim.c ****   }
 125              		.loc 1 174 5 view .LVU34
 126 005c FFF7FEFF 		bl	Error_Handler
 127              	.LVL4:
 128 0060 EEE7     		b	.L3
 129              	.L8:
 180:Core/Src/tim.c ****   }
 130              		.loc 1 180 5 view .LVU35
 131 0062 FFF7FEFF 		bl	Error_Handler
 132              	.LVL5:
 133              		.loc 1 186 1 is_stmt 0 view .LVU36
 134 0066 F3E7     		b	.L1
 135              	.L10:
 136              		.align	2
 137              	.L9:
 138 0068 00000000 		.word	.LANCHOR0
 139 006c 000C0040 		.word	1073744896
 140              		.cfi_endproc
 141              	.LFE143:
 143              		.section	.text.HAL_TIM_Base_MspInit,"ax",%progbits
 144              		.align	1
 145              		.global	HAL_TIM_Base_MspInit
 146              		.syntax unified
 147              		.thumb
 148              		.thumb_func
 149              		.fpu fpv5-sp-d16
 151              	HAL_TIM_Base_MspInit:
 152              	.LVL6:
 153              	.LFB144:
 187:Core/Src/tim.c **** 
 188:Core/Src/tim.c **** void HAL_TIM_Base_MspInit(TIM_HandleTypeDef* tim_baseHandle)
 189:Core/Src/tim.c **** {
ARM GAS  C:\Users\GUILLE~1\AppData\Local\Temp\ccmJJ4uo.s 			page 7


 154              		.loc 1 189 1 is_stmt 1 view -0
 155              		.cfi_startproc
 156              		@ args = 0, pretend = 0, frame = 16
 157              		@ frame_needed = 0, uses_anonymous_args = 0
 158              		@ link register save eliminated.
 159              		.loc 1 189 1 is_stmt 0 view .LVU38
 160 0000 84B0     		sub	sp, sp, #16
 161              	.LCFI4:
 162              		.cfi_def_cfa_offset 16
 190:Core/Src/tim.c **** 
 191:Core/Src/tim.c ****   if(tim_baseHandle->Instance==TIM3)
 163              		.loc 1 191 3 is_stmt 1 view .LVU39
 164              		.loc 1 191 20 is_stmt 0 view .LVU40
 165 0002 0368     		ldr	r3, [r0]
 166              		.loc 1 191 5 view .LVU41
 167 0004 154A     		ldr	r2, .L19
 168 0006 9342     		cmp	r3, r2
 169 0008 07D0     		beq	.L16
 192:Core/Src/tim.c ****   {
 193:Core/Src/tim.c ****   /* USER CODE BEGIN TIM3_MspInit 0 */
 194:Core/Src/tim.c **** 
 195:Core/Src/tim.c ****   /* USER CODE END TIM3_MspInit 0 */
 196:Core/Src/tim.c ****     /* TIM3 clock enable */
 197:Core/Src/tim.c ****     __HAL_RCC_TIM3_CLK_ENABLE();
 198:Core/Src/tim.c ****   /* USER CODE BEGIN TIM3_MspInit 1 */
 199:Core/Src/tim.c **** 
 200:Core/Src/tim.c ****   /* USER CODE END TIM3_MspInit 1 */
 201:Core/Src/tim.c ****   }
 202:Core/Src/tim.c ****   else if(tim_baseHandle->Instance==TIM4)
 170              		.loc 1 202 8 is_stmt 1 view .LVU42
 171              		.loc 1 202 10 is_stmt 0 view .LVU43
 172 000a 154A     		ldr	r2, .L19+4
 173 000c 9342     		cmp	r3, r2
 174 000e 0FD0     		beq	.L17
 203:Core/Src/tim.c ****   {
 204:Core/Src/tim.c ****   /* USER CODE BEGIN TIM4_MspInit 0 */
 205:Core/Src/tim.c **** 
 206:Core/Src/tim.c ****   /* USER CODE END TIM4_MspInit 0 */
 207:Core/Src/tim.c ****     /* TIM4 clock enable */
 208:Core/Src/tim.c ****     __HAL_RCC_TIM4_CLK_ENABLE();
 209:Core/Src/tim.c ****   /* USER CODE BEGIN TIM4_MspInit 1 */
 210:Core/Src/tim.c **** 
 211:Core/Src/tim.c ****   /* USER CODE END TIM4_MspInit 1 */
 212:Core/Src/tim.c ****   }
 213:Core/Src/tim.c ****   else if(tim_baseHandle->Instance==TIM5)
 175              		.loc 1 213 8 is_stmt 1 view .LVU44
 176              		.loc 1 213 10 is_stmt 0 view .LVU45
 177 0010 144A     		ldr	r2, .L19+8
 178 0012 9342     		cmp	r3, r2
 179 0014 17D0     		beq	.L18
 180              	.L11:
 214:Core/Src/tim.c ****   {
 215:Core/Src/tim.c ****   /* USER CODE BEGIN TIM5_MspInit 0 */
 216:Core/Src/tim.c **** 
 217:Core/Src/tim.c ****   /* USER CODE END TIM5_MspInit 0 */
 218:Core/Src/tim.c ****     /* TIM5 clock enable */
 219:Core/Src/tim.c ****     __HAL_RCC_TIM5_CLK_ENABLE();
ARM GAS  C:\Users\GUILLE~1\AppData\Local\Temp\ccmJJ4uo.s 			page 8


 220:Core/Src/tim.c ****   /* USER CODE BEGIN TIM5_MspInit 1 */
 221:Core/Src/tim.c **** 
 222:Core/Src/tim.c ****   /* USER CODE END TIM5_MspInit 1 */
 223:Core/Src/tim.c ****   }
 224:Core/Src/tim.c **** }
 181              		.loc 1 224 1 view .LVU46
 182 0016 04B0     		add	sp, sp, #16
 183              	.LCFI5:
 184              		.cfi_remember_state
 185              		.cfi_def_cfa_offset 0
 186              		@ sp needed
 187 0018 7047     		bx	lr
 188              	.L16:
 189              	.LCFI6:
 190              		.cfi_restore_state
 197:Core/Src/tim.c ****   /* USER CODE BEGIN TIM3_MspInit 1 */
 191              		.loc 1 197 5 is_stmt 1 view .LVU47
 192              	.LBB2:
 197:Core/Src/tim.c ****   /* USER CODE BEGIN TIM3_MspInit 1 */
 193              		.loc 1 197 5 view .LVU48
 197:Core/Src/tim.c ****   /* USER CODE BEGIN TIM3_MspInit 1 */
 194              		.loc 1 197 5 view .LVU49
 195 001a 134B     		ldr	r3, .L19+12
 196 001c 1A6C     		ldr	r2, [r3, #64]
 197 001e 42F00202 		orr	r2, r2, #2
 198 0022 1A64     		str	r2, [r3, #64]
 197:Core/Src/tim.c ****   /* USER CODE BEGIN TIM3_MspInit 1 */
 199              		.loc 1 197 5 view .LVU50
 200 0024 1B6C     		ldr	r3, [r3, #64]
 201 0026 03F00203 		and	r3, r3, #2
 202 002a 0193     		str	r3, [sp, #4]
 197:Core/Src/tim.c ****   /* USER CODE BEGIN TIM3_MspInit 1 */
 203              		.loc 1 197 5 view .LVU51
 204 002c 019B     		ldr	r3, [sp, #4]
 205              	.LBE2:
 197:Core/Src/tim.c ****   /* USER CODE BEGIN TIM3_MspInit 1 */
 206              		.loc 1 197 5 view .LVU52
 207 002e F2E7     		b	.L11
 208              	.L17:
 208:Core/Src/tim.c ****   /* USER CODE BEGIN TIM4_MspInit 1 */
 209              		.loc 1 208 5 view .LVU53
 210              	.LBB3:
 208:Core/Src/tim.c ****   /* USER CODE BEGIN TIM4_MspInit 1 */
 211              		.loc 1 208 5 view .LVU54
 208:Core/Src/tim.c ****   /* USER CODE BEGIN TIM4_MspInit 1 */
 212              		.loc 1 208 5 view .LVU55
 213 0030 0D4B     		ldr	r3, .L19+12
 214 0032 1A6C     		ldr	r2, [r3, #64]
 215 0034 42F00402 		orr	r2, r2, #4
 216 0038 1A64     		str	r2, [r3, #64]
 208:Core/Src/tim.c ****   /* USER CODE BEGIN TIM4_MspInit 1 */
 217              		.loc 1 208 5 view .LVU56
 218 003a 1B6C     		ldr	r3, [r3, #64]
 219 003c 03F00403 		and	r3, r3, #4
 220 0040 0293     		str	r3, [sp, #8]
 208:Core/Src/tim.c ****   /* USER CODE BEGIN TIM4_MspInit 1 */
 221              		.loc 1 208 5 view .LVU57
ARM GAS  C:\Users\GUILLE~1\AppData\Local\Temp\ccmJJ4uo.s 			page 9


 222 0042 029B     		ldr	r3, [sp, #8]
 223              	.LBE3:
 208:Core/Src/tim.c ****   /* USER CODE BEGIN TIM4_MspInit 1 */
 224              		.loc 1 208 5 view .LVU58
 225 0044 E7E7     		b	.L11
 226              	.L18:
 219:Core/Src/tim.c ****   /* USER CODE BEGIN TIM5_MspInit 1 */
 227              		.loc 1 219 5 view .LVU59
 228              	.LBB4:
 219:Core/Src/tim.c ****   /* USER CODE BEGIN TIM5_MspInit 1 */
 229              		.loc 1 219 5 view .LVU60
 219:Core/Src/tim.c ****   /* USER CODE BEGIN TIM5_MspInit 1 */
 230              		.loc 1 219 5 view .LVU61
 231 0046 084B     		ldr	r3, .L19+12
 232 0048 1A6C     		ldr	r2, [r3, #64]
 233 004a 42F00802 		orr	r2, r2, #8
 234 004e 1A64     		str	r2, [r3, #64]
 219:Core/Src/tim.c ****   /* USER CODE BEGIN TIM5_MspInit 1 */
 235              		.loc 1 219 5 view .LVU62
 236 0050 1B6C     		ldr	r3, [r3, #64]
 237 0052 03F00803 		and	r3, r3, #8
 238 0056 0393     		str	r3, [sp, #12]
 219:Core/Src/tim.c ****   /* USER CODE BEGIN TIM5_MspInit 1 */
 239              		.loc 1 219 5 view .LVU63
 240 0058 039B     		ldr	r3, [sp, #12]
 241              	.LBE4:
 219:Core/Src/tim.c ****   /* USER CODE BEGIN TIM5_MspInit 1 */
 242              		.loc 1 219 5 view .LVU64
 243              		.loc 1 224 1 is_stmt 0 view .LVU65
 244 005a DCE7     		b	.L11
 245              	.L20:
 246              		.align	2
 247              	.L19:
 248 005c 00040040 		.word	1073742848
 249 0060 00080040 		.word	1073743872
 250 0064 000C0040 		.word	1073744896
 251 0068 00380240 		.word	1073887232
 252              		.cfi_endproc
 253              	.LFE144:
 255              		.section	.text.HAL_TIM_MspPostInit,"ax",%progbits
 256              		.align	1
 257              		.global	HAL_TIM_MspPostInit
 258              		.syntax unified
 259              		.thumb
 260              		.thumb_func
 261              		.fpu fpv5-sp-d16
 263              	HAL_TIM_MspPostInit:
 264              	.LVL7:
 265              	.LFB145:
 225:Core/Src/tim.c **** void HAL_TIM_MspPostInit(TIM_HandleTypeDef* timHandle)
 226:Core/Src/tim.c **** {
 266              		.loc 1 226 1 is_stmt 1 view -0
 267              		.cfi_startproc
 268              		@ args = 0, pretend = 0, frame = 32
 269              		@ frame_needed = 0, uses_anonymous_args = 0
 270              		.loc 1 226 1 is_stmt 0 view .LVU67
 271 0000 70B5     		push	{r4, r5, r6, lr}
ARM GAS  C:\Users\GUILLE~1\AppData\Local\Temp\ccmJJ4uo.s 			page 10


 272              	.LCFI7:
 273              		.cfi_def_cfa_offset 16
 274              		.cfi_offset 4, -16
 275              		.cfi_offset 5, -12
 276              		.cfi_offset 6, -8
 277              		.cfi_offset 14, -4
 278 0002 88B0     		sub	sp, sp, #32
 279              	.LCFI8:
 280              		.cfi_def_cfa_offset 48
 227:Core/Src/tim.c **** 
 228:Core/Src/tim.c ****   GPIO_InitTypeDef GPIO_InitStruct = {0};
 281              		.loc 1 228 3 is_stmt 1 view .LVU68
 282              		.loc 1 228 20 is_stmt 0 view .LVU69
 283 0004 0023     		movs	r3, #0
 284 0006 0393     		str	r3, [sp, #12]
 285 0008 0493     		str	r3, [sp, #16]
 286 000a 0593     		str	r3, [sp, #20]
 287 000c 0693     		str	r3, [sp, #24]
 288 000e 0793     		str	r3, [sp, #28]
 229:Core/Src/tim.c ****   if(timHandle->Instance==TIM3)
 289              		.loc 1 229 3 is_stmt 1 view .LVU70
 290              		.loc 1 229 15 is_stmt 0 view .LVU71
 291 0010 0368     		ldr	r3, [r0]
 292              		.loc 1 229 5 view .LVU72
 293 0012 254A     		ldr	r2, .L27
 294 0014 9342     		cmp	r3, r2
 295 0016 04D0     		beq	.L25
 230:Core/Src/tim.c ****   {
 231:Core/Src/tim.c ****   /* USER CODE BEGIN TIM3_MspPostInit 0 */
 232:Core/Src/tim.c **** 
 233:Core/Src/tim.c ****   /* USER CODE END TIM3_MspPostInit 0 */
 234:Core/Src/tim.c ****     __HAL_RCC_GPIOC_CLK_ENABLE();
 235:Core/Src/tim.c ****     __HAL_RCC_GPIOB_CLK_ENABLE();
 236:Core/Src/tim.c ****     /**TIM3 GPIO Configuration
 237:Core/Src/tim.c ****     PC6     ------> TIM3_CH1
 238:Core/Src/tim.c ****     PB5     ------> TIM3_CH2
 239:Core/Src/tim.c ****     */
 240:Core/Src/tim.c ****     GPIO_InitStruct.Pin = GPIO_PIN_6;
 241:Core/Src/tim.c ****     GPIO_InitStruct.Mode = GPIO_MODE_AF_OD;
 242:Core/Src/tim.c ****     GPIO_InitStruct.Pull = GPIO_NOPULL;
 243:Core/Src/tim.c ****     GPIO_InitStruct.Speed = GPIO_SPEED_FREQ_VERY_HIGH;
 244:Core/Src/tim.c ****     GPIO_InitStruct.Alternate = GPIO_AF2_TIM3;
 245:Core/Src/tim.c ****     HAL_GPIO_Init(GPIOC, &GPIO_InitStruct);
 246:Core/Src/tim.c **** 
 247:Core/Src/tim.c ****     GPIO_InitStruct.Pin = GPIO_PIN_5;
 248:Core/Src/tim.c ****     GPIO_InitStruct.Mode = GPIO_MODE_AF_OD;
 249:Core/Src/tim.c ****     GPIO_InitStruct.Pull = GPIO_NOPULL;
 250:Core/Src/tim.c ****     GPIO_InitStruct.Speed = GPIO_SPEED_FREQ_VERY_HIGH;
 251:Core/Src/tim.c ****     GPIO_InitStruct.Alternate = GPIO_AF2_TIM3;
 252:Core/Src/tim.c ****     HAL_GPIO_Init(GPIOB, &GPIO_InitStruct);
 253:Core/Src/tim.c **** 
 254:Core/Src/tim.c ****   /* USER CODE BEGIN TIM3_MspPostInit 1 */
 255:Core/Src/tim.c **** 
 256:Core/Src/tim.c ****   /* USER CODE END TIM3_MspPostInit 1 */
 257:Core/Src/tim.c ****   }
 258:Core/Src/tim.c ****   else if(timHandle->Instance==TIM4)
 296              		.loc 1 258 8 is_stmt 1 view .LVU73
ARM GAS  C:\Users\GUILLE~1\AppData\Local\Temp\ccmJJ4uo.s 			page 11


 297              		.loc 1 258 10 is_stmt 0 view .LVU74
 298 0018 244A     		ldr	r2, .L27+4
 299 001a 9342     		cmp	r3, r2
 300 001c 2CD0     		beq	.L26
 301              	.LVL8:
 302              	.L21:
 259:Core/Src/tim.c ****   {
 260:Core/Src/tim.c ****   /* USER CODE BEGIN TIM4_MspPostInit 0 */
 261:Core/Src/tim.c **** 
 262:Core/Src/tim.c ****   /* USER CODE END TIM4_MspPostInit 0 */
 263:Core/Src/tim.c **** 
 264:Core/Src/tim.c ****     __HAL_RCC_GPIOB_CLK_ENABLE();
 265:Core/Src/tim.c ****     /**TIM4 GPIO Configuration
 266:Core/Src/tim.c ****     PB8     ------> TIM4_CH3
 267:Core/Src/tim.c ****     PB9     ------> TIM4_CH4
 268:Core/Src/tim.c ****     */
 269:Core/Src/tim.c ****     GPIO_InitStruct.Pin = GPIO_PIN_8|GPIO_PIN_9;
 270:Core/Src/tim.c ****     GPIO_InitStruct.Mode = GPIO_MODE_AF_OD;
 271:Core/Src/tim.c ****     GPIO_InitStruct.Pull = GPIO_NOPULL;
 272:Core/Src/tim.c ****     GPIO_InitStruct.Speed = GPIO_SPEED_FREQ_VERY_HIGH;
 273:Core/Src/tim.c ****     GPIO_InitStruct.Alternate = GPIO_AF2_TIM4;
 274:Core/Src/tim.c ****     HAL_GPIO_Init(GPIOB, &GPIO_InitStruct);
 275:Core/Src/tim.c **** 
 276:Core/Src/tim.c ****   /* USER CODE BEGIN TIM4_MspPostInit 1 */
 277:Core/Src/tim.c **** 
 278:Core/Src/tim.c ****   /* USER CODE END TIM4_MspPostInit 1 */
 279:Core/Src/tim.c ****   }
 280:Core/Src/tim.c **** 
 281:Core/Src/tim.c **** }
 303              		.loc 1 281 1 view .LVU75
 304 001e 08B0     		add	sp, sp, #32
 305              	.LCFI9:
 306              		.cfi_remember_state
 307              		.cfi_def_cfa_offset 16
 308              		@ sp needed
 309 0020 70BD     		pop	{r4, r5, r6, pc}
 310              	.LVL9:
 311              	.L25:
 312              	.LCFI10:
 313              		.cfi_restore_state
 234:Core/Src/tim.c ****     __HAL_RCC_GPIOB_CLK_ENABLE();
 314              		.loc 1 234 5 is_stmt 1 view .LVU76
 315              	.LBB5:
 234:Core/Src/tim.c ****     __HAL_RCC_GPIOB_CLK_ENABLE();
 316              		.loc 1 234 5 view .LVU77
 234:Core/Src/tim.c ****     __HAL_RCC_GPIOB_CLK_ENABLE();
 317              		.loc 1 234 5 view .LVU78
 318 0022 234B     		ldr	r3, .L27+8
 319 0024 1A6B     		ldr	r2, [r3, #48]
 320 0026 42F00402 		orr	r2, r2, #4
 321 002a 1A63     		str	r2, [r3, #48]
 234:Core/Src/tim.c ****     __HAL_RCC_GPIOB_CLK_ENABLE();
 322              		.loc 1 234 5 view .LVU79
 323 002c 1A6B     		ldr	r2, [r3, #48]
 324 002e 02F00402 		and	r2, r2, #4
 325 0032 0092     		str	r2, [sp]
 234:Core/Src/tim.c ****     __HAL_RCC_GPIOB_CLK_ENABLE();
ARM GAS  C:\Users\GUILLE~1\AppData\Local\Temp\ccmJJ4uo.s 			page 12


 326              		.loc 1 234 5 view .LVU80
 327 0034 009A     		ldr	r2, [sp]
 328              	.LBE5:
 234:Core/Src/tim.c ****     __HAL_RCC_GPIOB_CLK_ENABLE();
 329              		.loc 1 234 5 view .LVU81
 235:Core/Src/tim.c ****     /**TIM3 GPIO Configuration
 330              		.loc 1 235 5 view .LVU82
 331              	.LBB6:
 235:Core/Src/tim.c ****     /**TIM3 GPIO Configuration
 332              		.loc 1 235 5 view .LVU83
 235:Core/Src/tim.c ****     /**TIM3 GPIO Configuration
 333              		.loc 1 235 5 view .LVU84
 334 0036 1A6B     		ldr	r2, [r3, #48]
 335 0038 42F00202 		orr	r2, r2, #2
 336 003c 1A63     		str	r2, [r3, #48]
 235:Core/Src/tim.c ****     /**TIM3 GPIO Configuration
 337              		.loc 1 235 5 view .LVU85
 338 003e 1B6B     		ldr	r3, [r3, #48]
 339 0040 03F00203 		and	r3, r3, #2
 340 0044 0193     		str	r3, [sp, #4]
 235:Core/Src/tim.c ****     /**TIM3 GPIO Configuration
 341              		.loc 1 235 5 view .LVU86
 342 0046 019B     		ldr	r3, [sp, #4]
 343              	.LBE6:
 235:Core/Src/tim.c ****     /**TIM3 GPIO Configuration
 344              		.loc 1 235 5 view .LVU87
 240:Core/Src/tim.c ****     GPIO_InitStruct.Mode = GPIO_MODE_AF_OD;
 345              		.loc 1 240 5 view .LVU88
 240:Core/Src/tim.c ****     GPIO_InitStruct.Mode = GPIO_MODE_AF_OD;
 346              		.loc 1 240 25 is_stmt 0 view .LVU89
 347 0048 4023     		movs	r3, #64
 348 004a 0393     		str	r3, [sp, #12]
 241:Core/Src/tim.c ****     GPIO_InitStruct.Pull = GPIO_NOPULL;
 349              		.loc 1 241 5 is_stmt 1 view .LVU90
 241:Core/Src/tim.c ****     GPIO_InitStruct.Pull = GPIO_NOPULL;
 350              		.loc 1 241 26 is_stmt 0 view .LVU91
 351 004c 1226     		movs	r6, #18
 352 004e 0496     		str	r6, [sp, #16]
 242:Core/Src/tim.c ****     GPIO_InitStruct.Speed = GPIO_SPEED_FREQ_VERY_HIGH;
 353              		.loc 1 242 5 is_stmt 1 view .LVU92
 243:Core/Src/tim.c ****     GPIO_InitStruct.Alternate = GPIO_AF2_TIM3;
 354              		.loc 1 243 5 view .LVU93
 243:Core/Src/tim.c ****     GPIO_InitStruct.Alternate = GPIO_AF2_TIM3;
 355              		.loc 1 243 27 is_stmt 0 view .LVU94
 356 0050 0325     		movs	r5, #3
 357 0052 0695     		str	r5, [sp, #24]
 244:Core/Src/tim.c ****     HAL_GPIO_Init(GPIOC, &GPIO_InitStruct);
 358              		.loc 1 244 5 is_stmt 1 view .LVU95
 244:Core/Src/tim.c ****     HAL_GPIO_Init(GPIOC, &GPIO_InitStruct);
 359              		.loc 1 244 31 is_stmt 0 view .LVU96
 360 0054 0224     		movs	r4, #2
 361 0056 0794     		str	r4, [sp, #28]
 245:Core/Src/tim.c **** 
 362              		.loc 1 245 5 is_stmt 1 view .LVU97
 363 0058 03A9     		add	r1, sp, #12
 364 005a 1648     		ldr	r0, .L27+12
 365              	.LVL10:
ARM GAS  C:\Users\GUILLE~1\AppData\Local\Temp\ccmJJ4uo.s 			page 13


 245:Core/Src/tim.c **** 
 366              		.loc 1 245 5 is_stmt 0 view .LVU98
 367 005c FFF7FEFF 		bl	HAL_GPIO_Init
 368              	.LVL11:
 247:Core/Src/tim.c ****     GPIO_InitStruct.Mode = GPIO_MODE_AF_OD;
 369              		.loc 1 247 5 is_stmt 1 view .LVU99
 247:Core/Src/tim.c ****     GPIO_InitStruct.Mode = GPIO_MODE_AF_OD;
 370              		.loc 1 247 25 is_stmt 0 view .LVU100
 371 0060 2023     		movs	r3, #32
 372 0062 0393     		str	r3, [sp, #12]
 248:Core/Src/tim.c ****     GPIO_InitStruct.Pull = GPIO_NOPULL;
 373              		.loc 1 248 5 is_stmt 1 view .LVU101
 248:Core/Src/tim.c ****     GPIO_InitStruct.Pull = GPIO_NOPULL;
 374              		.loc 1 248 26 is_stmt 0 view .LVU102
 375 0064 0496     		str	r6, [sp, #16]
 249:Core/Src/tim.c ****     GPIO_InitStruct.Speed = GPIO_SPEED_FREQ_VERY_HIGH;
 376              		.loc 1 249 5 is_stmt 1 view .LVU103
 249:Core/Src/tim.c ****     GPIO_InitStruct.Speed = GPIO_SPEED_FREQ_VERY_HIGH;
 377              		.loc 1 249 26 is_stmt 0 view .LVU104
 378 0066 0023     		movs	r3, #0
 379 0068 0593     		str	r3, [sp, #20]
 250:Core/Src/tim.c ****     GPIO_InitStruct.Alternate = GPIO_AF2_TIM3;
 380              		.loc 1 250 5 is_stmt 1 view .LVU105
 250:Core/Src/tim.c ****     GPIO_InitStruct.Alternate = GPIO_AF2_TIM3;
 381              		.loc 1 250 27 is_stmt 0 view .LVU106
 382 006a 0695     		str	r5, [sp, #24]
 251:Core/Src/tim.c ****     HAL_GPIO_Init(GPIOB, &GPIO_InitStruct);
 383              		.loc 1 251 5 is_stmt 1 view .LVU107
 251:Core/Src/tim.c ****     HAL_GPIO_Init(GPIOB, &GPIO_InitStruct);
 384              		.loc 1 251 31 is_stmt 0 view .LVU108
 385 006c 0794     		str	r4, [sp, #28]
 252:Core/Src/tim.c **** 
 386              		.loc 1 252 5 is_stmt 1 view .LVU109
 387 006e 03A9     		add	r1, sp, #12
 388 0070 1148     		ldr	r0, .L27+16
 389 0072 FFF7FEFF 		bl	HAL_GPIO_Init
 390              	.LVL12:
 391 0076 D2E7     		b	.L21
 392              	.LVL13:
 393              	.L26:
 264:Core/Src/tim.c ****     /**TIM4 GPIO Configuration
 394              		.loc 1 264 5 view .LVU110
 395              	.LBB7:
 264:Core/Src/tim.c ****     /**TIM4 GPIO Configuration
 396              		.loc 1 264 5 view .LVU111
 264:Core/Src/tim.c ****     /**TIM4 GPIO Configuration
 397              		.loc 1 264 5 view .LVU112
 398 0078 0D4B     		ldr	r3, .L27+8
 399 007a 1A6B     		ldr	r2, [r3, #48]
 400 007c 42F00202 		orr	r2, r2, #2
 401 0080 1A63     		str	r2, [r3, #48]
 264:Core/Src/tim.c ****     /**TIM4 GPIO Configuration
 402              		.loc 1 264 5 view .LVU113
 403 0082 1B6B     		ldr	r3, [r3, #48]
 404 0084 03F00203 		and	r3, r3, #2
 405 0088 0293     		str	r3, [sp, #8]
 264:Core/Src/tim.c ****     /**TIM4 GPIO Configuration
ARM GAS  C:\Users\GUILLE~1\AppData\Local\Temp\ccmJJ4uo.s 			page 14


 406              		.loc 1 264 5 view .LVU114
 407 008a 029B     		ldr	r3, [sp, #8]
 408              	.LBE7:
 264:Core/Src/tim.c ****     /**TIM4 GPIO Configuration
 409              		.loc 1 264 5 view .LVU115
 269:Core/Src/tim.c ****     GPIO_InitStruct.Mode = GPIO_MODE_AF_OD;
 410              		.loc 1 269 5 view .LVU116
 269:Core/Src/tim.c ****     GPIO_InitStruct.Mode = GPIO_MODE_AF_OD;
 411              		.loc 1 269 25 is_stmt 0 view .LVU117
 412 008c 4FF44073 		mov	r3, #768
 413 0090 0393     		str	r3, [sp, #12]
 270:Core/Src/tim.c ****     GPIO_InitStruct.Pull = GPIO_NOPULL;
 414              		.loc 1 270 5 is_stmt 1 view .LVU118
 270:Core/Src/tim.c ****     GPIO_InitStruct.Pull = GPIO_NOPULL;
 415              		.loc 1 270 26 is_stmt 0 view .LVU119
 416 0092 1223     		movs	r3, #18
 417 0094 0493     		str	r3, [sp, #16]
 271:Core/Src/tim.c ****     GPIO_InitStruct.Speed = GPIO_SPEED_FREQ_VERY_HIGH;
 418              		.loc 1 271 5 is_stmt 1 view .LVU120
 272:Core/Src/tim.c ****     GPIO_InitStruct.Alternate = GPIO_AF2_TIM4;
 419              		.loc 1 272 5 view .LVU121
 272:Core/Src/tim.c ****     GPIO_InitStruct.Alternate = GPIO_AF2_TIM4;
 420              		.loc 1 272 27 is_stmt 0 view .LVU122
 421 0096 0323     		movs	r3, #3
 422 0098 0693     		str	r3, [sp, #24]
 273:Core/Src/tim.c ****     HAL_GPIO_Init(GPIOB, &GPIO_InitStruct);
 423              		.loc 1 273 5 is_stmt 1 view .LVU123
 273:Core/Src/tim.c ****     HAL_GPIO_Init(GPIOB, &GPIO_InitStruct);
 424              		.loc 1 273 31 is_stmt 0 view .LVU124
 425 009a 0223     		movs	r3, #2
 426 009c 0793     		str	r3, [sp, #28]
 274:Core/Src/tim.c **** 
 427              		.loc 1 274 5 is_stmt 1 view .LVU125
 428 009e 03A9     		add	r1, sp, #12
 429 00a0 0548     		ldr	r0, .L27+16
 430              	.LVL14:
 274:Core/Src/tim.c **** 
 431              		.loc 1 274 5 is_stmt 0 view .LVU126
 432 00a2 FFF7FEFF 		bl	HAL_GPIO_Init
 433              	.LVL15:
 434              		.loc 1 281 1 view .LVU127
 435 00a6 BAE7     		b	.L21
 436              	.L28:
 437              		.align	2
 438              	.L27:
 439 00a8 00040040 		.word	1073742848
 440 00ac 00080040 		.word	1073743872
 441 00b0 00380240 		.word	1073887232
 442 00b4 00080240 		.word	1073874944
 443 00b8 00040240 		.word	1073873920
 444              		.cfi_endproc
 445              	.LFE145:
 447              		.section	.text.MX_TIM3_Init,"ax",%progbits
 448              		.align	1
 449              		.global	MX_TIM3_Init
 450              		.syntax unified
 451              		.thumb
ARM GAS  C:\Users\GUILLE~1\AppData\Local\Temp\ccmJJ4uo.s 			page 15


 452              		.thumb_func
 453              		.fpu fpv5-sp-d16
 455              	MX_TIM3_Init:
 456              	.LFB141:
  33:Core/Src/tim.c **** 
 457              		.loc 1 33 1 is_stmt 1 view -0
 458              		.cfi_startproc
 459              		@ args = 0, pretend = 0, frame = 56
 460              		@ frame_needed = 0, uses_anonymous_args = 0
 461 0000 00B5     		push	{lr}
 462              	.LCFI11:
 463              		.cfi_def_cfa_offset 4
 464              		.cfi_offset 14, -4
 465 0002 8FB0     		sub	sp, sp, #60
 466              	.LCFI12:
 467              		.cfi_def_cfa_offset 64
  39:Core/Src/tim.c ****   TIM_MasterConfigTypeDef sMasterConfig = {0};
 468              		.loc 1 39 3 view .LVU129
  39:Core/Src/tim.c ****   TIM_MasterConfigTypeDef sMasterConfig = {0};
 469              		.loc 1 39 26 is_stmt 0 view .LVU130
 470 0004 0023     		movs	r3, #0
 471 0006 0A93     		str	r3, [sp, #40]
 472 0008 0B93     		str	r3, [sp, #44]
 473 000a 0C93     		str	r3, [sp, #48]
 474 000c 0D93     		str	r3, [sp, #52]
  40:Core/Src/tim.c ****   TIM_OC_InitTypeDef sConfigOC = {0};
 475              		.loc 1 40 3 is_stmt 1 view .LVU131
  40:Core/Src/tim.c ****   TIM_OC_InitTypeDef sConfigOC = {0};
 476              		.loc 1 40 27 is_stmt 0 view .LVU132
 477 000e 0793     		str	r3, [sp, #28]
 478 0010 0893     		str	r3, [sp, #32]
 479 0012 0993     		str	r3, [sp, #36]
  41:Core/Src/tim.c **** 
 480              		.loc 1 41 3 is_stmt 1 view .LVU133
  41:Core/Src/tim.c **** 
 481              		.loc 1 41 22 is_stmt 0 view .LVU134
 482 0014 0093     		str	r3, [sp]
 483 0016 0193     		str	r3, [sp, #4]
 484 0018 0293     		str	r3, [sp, #8]
 485 001a 0393     		str	r3, [sp, #12]
 486 001c 0493     		str	r3, [sp, #16]
 487 001e 0593     		str	r3, [sp, #20]
 488 0020 0693     		str	r3, [sp, #24]
  46:Core/Src/tim.c ****   htim3.Init.Prescaler = 0;
 489              		.loc 1 46 3 is_stmt 1 view .LVU135
  46:Core/Src/tim.c ****   htim3.Init.Prescaler = 0;
 490              		.loc 1 46 18 is_stmt 0 view .LVU136
 491 0022 2548     		ldr	r0, .L43
 492 0024 254A     		ldr	r2, .L43+4
 493 0026 0260     		str	r2, [r0]
  47:Core/Src/tim.c ****   htim3.Init.CounterMode = TIM_COUNTERMODE_UP;
 494              		.loc 1 47 3 is_stmt 1 view .LVU137
  47:Core/Src/tim.c ****   htim3.Init.CounterMode = TIM_COUNTERMODE_UP;
 495              		.loc 1 47 24 is_stmt 0 view .LVU138
 496 0028 4360     		str	r3, [r0, #4]
  48:Core/Src/tim.c ****   htim3.Init.Period = 28000;
 497              		.loc 1 48 3 is_stmt 1 view .LVU139
ARM GAS  C:\Users\GUILLE~1\AppData\Local\Temp\ccmJJ4uo.s 			page 16


  48:Core/Src/tim.c ****   htim3.Init.Period = 28000;
 498              		.loc 1 48 26 is_stmt 0 view .LVU140
 499 002a 8360     		str	r3, [r0, #8]
  49:Core/Src/tim.c ****   htim3.Init.ClockDivision = TIM_CLOCKDIVISION_DIV1;
 500              		.loc 1 49 3 is_stmt 1 view .LVU141
  49:Core/Src/tim.c ****   htim3.Init.ClockDivision = TIM_CLOCKDIVISION_DIV1;
 501              		.loc 1 49 21 is_stmt 0 view .LVU142
 502 002c 46F66052 		movw	r2, #28000
 503 0030 C260     		str	r2, [r0, #12]
  50:Core/Src/tim.c ****   htim3.Init.AutoReloadPreload = TIM_AUTORELOAD_PRELOAD_DISABLE;
 504              		.loc 1 50 3 is_stmt 1 view .LVU143
  50:Core/Src/tim.c ****   htim3.Init.AutoReloadPreload = TIM_AUTORELOAD_PRELOAD_DISABLE;
 505              		.loc 1 50 28 is_stmt 0 view .LVU144
 506 0032 0361     		str	r3, [r0, #16]
  51:Core/Src/tim.c ****   if (HAL_TIM_Base_Init(&htim3) != HAL_OK)
 507              		.loc 1 51 3 is_stmt 1 view .LVU145
  51:Core/Src/tim.c ****   if (HAL_TIM_Base_Init(&htim3) != HAL_OK)
 508              		.loc 1 51 32 is_stmt 0 view .LVU146
 509 0034 8361     		str	r3, [r0, #24]
  52:Core/Src/tim.c ****   {
 510              		.loc 1 52 3 is_stmt 1 view .LVU147
  52:Core/Src/tim.c ****   {
 511              		.loc 1 52 7 is_stmt 0 view .LVU148
 512 0036 FFF7FEFF 		bl	HAL_TIM_Base_Init
 513              	.LVL16:
  52:Core/Src/tim.c ****   {
 514              		.loc 1 52 6 view .LVU149
 515 003a 58BB     		cbnz	r0, .L37
 516              	.L30:
  56:Core/Src/tim.c ****   if (HAL_TIM_ConfigClockSource(&htim3, &sClockSourceConfig) != HAL_OK)
 517              		.loc 1 56 3 is_stmt 1 view .LVU150
  56:Core/Src/tim.c ****   if (HAL_TIM_ConfigClockSource(&htim3, &sClockSourceConfig) != HAL_OK)
 518              		.loc 1 56 34 is_stmt 0 view .LVU151
 519 003c 4FF48053 		mov	r3, #4096
 520 0040 0A93     		str	r3, [sp, #40]
  57:Core/Src/tim.c ****   {
 521              		.loc 1 57 3 is_stmt 1 view .LVU152
  57:Core/Src/tim.c ****   {
 522              		.loc 1 57 7 is_stmt 0 view .LVU153
 523 0042 0AA9     		add	r1, sp, #40
 524 0044 1C48     		ldr	r0, .L43
 525 0046 FFF7FEFF 		bl	HAL_TIM_ConfigClockSource
 526              	.LVL17:
  57:Core/Src/tim.c ****   {
 527              		.loc 1 57 6 view .LVU154
 528 004a 30BB     		cbnz	r0, .L38
 529              	.L31:
  61:Core/Src/tim.c ****   {
 530              		.loc 1 61 3 is_stmt 1 view .LVU155
  61:Core/Src/tim.c ****   {
 531              		.loc 1 61 7 is_stmt 0 view .LVU156
 532 004c 1A48     		ldr	r0, .L43
 533 004e FFF7FEFF 		bl	HAL_TIM_PWM_Init
 534              	.LVL18:
  61:Core/Src/tim.c ****   {
 535              		.loc 1 61 6 view .LVU157
 536 0052 28BB     		cbnz	r0, .L39
ARM GAS  C:\Users\GUILLE~1\AppData\Local\Temp\ccmJJ4uo.s 			page 17


 537              	.L32:
  65:Core/Src/tim.c ****   sMasterConfig.MasterSlaveMode = TIM_MASTERSLAVEMODE_DISABLE;
 538              		.loc 1 65 3 is_stmt 1 view .LVU158
  65:Core/Src/tim.c ****   sMasterConfig.MasterSlaveMode = TIM_MASTERSLAVEMODE_DISABLE;
 539              		.loc 1 65 37 is_stmt 0 view .LVU159
 540 0054 0023     		movs	r3, #0
 541 0056 0793     		str	r3, [sp, #28]
  66:Core/Src/tim.c ****   if (HAL_TIMEx_MasterConfigSynchronization(&htim3, &sMasterConfig) != HAL_OK)
 542              		.loc 1 66 3 is_stmt 1 view .LVU160
  66:Core/Src/tim.c ****   if (HAL_TIMEx_MasterConfigSynchronization(&htim3, &sMasterConfig) != HAL_OK)
 543              		.loc 1 66 33 is_stmt 0 view .LVU161
 544 0058 0993     		str	r3, [sp, #36]
  67:Core/Src/tim.c ****   {
 545              		.loc 1 67 3 is_stmt 1 view .LVU162
  67:Core/Src/tim.c ****   {
 546              		.loc 1 67 7 is_stmt 0 view .LVU163
 547 005a 07A9     		add	r1, sp, #28
 548 005c 1648     		ldr	r0, .L43
 549 005e FFF7FEFF 		bl	HAL_TIMEx_MasterConfigSynchronization
 550              	.LVL19:
  67:Core/Src/tim.c ****   {
 551              		.loc 1 67 6 view .LVU164
 552 0062 00BB     		cbnz	r0, .L40
 553              	.L33:
  71:Core/Src/tim.c ****   sConfigOC.Pulse = 0;
 554              		.loc 1 71 3 is_stmt 1 view .LVU165
  71:Core/Src/tim.c ****   sConfigOC.Pulse = 0;
 555              		.loc 1 71 20 is_stmt 0 view .LVU166
 556 0064 6023     		movs	r3, #96
 557 0066 0093     		str	r3, [sp]
  72:Core/Src/tim.c ****   sConfigOC.OCPolarity = TIM_OCPOLARITY_HIGH;
 558              		.loc 1 72 3 is_stmt 1 view .LVU167
  72:Core/Src/tim.c ****   sConfigOC.OCPolarity = TIM_OCPOLARITY_HIGH;
 559              		.loc 1 72 19 is_stmt 0 view .LVU168
 560 0068 0022     		movs	r2, #0
 561 006a 0192     		str	r2, [sp, #4]
  73:Core/Src/tim.c ****   sConfigOC.OCFastMode = TIM_OCFAST_ENABLE;
 562              		.loc 1 73 3 is_stmt 1 view .LVU169
  73:Core/Src/tim.c ****   sConfigOC.OCFastMode = TIM_OCFAST_ENABLE;
 563              		.loc 1 73 24 is_stmt 0 view .LVU170
 564 006c 0292     		str	r2, [sp, #8]
  74:Core/Src/tim.c ****   if (HAL_TIM_PWM_ConfigChannel(&htim3, &sConfigOC, TIM_CHANNEL_1) != HAL_OK)
 565              		.loc 1 74 3 is_stmt 1 view .LVU171
  74:Core/Src/tim.c ****   if (HAL_TIM_PWM_ConfigChannel(&htim3, &sConfigOC, TIM_CHANNEL_1) != HAL_OK)
 566              		.loc 1 74 24 is_stmt 0 view .LVU172
 567 006e 0423     		movs	r3, #4
 568 0070 0493     		str	r3, [sp, #16]
  75:Core/Src/tim.c ****   {
 569              		.loc 1 75 3 is_stmt 1 view .LVU173
  75:Core/Src/tim.c ****   {
 570              		.loc 1 75 7 is_stmt 0 view .LVU174
 571 0072 6946     		mov	r1, sp
 572 0074 1048     		ldr	r0, .L43
 573 0076 FFF7FEFF 		bl	HAL_TIM_PWM_ConfigChannel
 574              	.LVL20:
  75:Core/Src/tim.c ****   {
 575              		.loc 1 75 6 view .LVU175
ARM GAS  C:\Users\GUILLE~1\AppData\Local\Temp\ccmJJ4uo.s 			page 18


 576 007a B8B9     		cbnz	r0, .L41
 577              	.L34:
  79:Core/Src/tim.c ****   {
 578              		.loc 1 79 3 is_stmt 1 view .LVU176
  79:Core/Src/tim.c ****   {
 579              		.loc 1 79 7 is_stmt 0 view .LVU177
 580 007c 0422     		movs	r2, #4
 581 007e 6946     		mov	r1, sp
 582 0080 0D48     		ldr	r0, .L43
 583 0082 FFF7FEFF 		bl	HAL_TIM_PWM_ConfigChannel
 584              	.LVL21:
  79:Core/Src/tim.c ****   {
 585              		.loc 1 79 6 view .LVU178
 586 0086 A0B9     		cbnz	r0, .L42
 587              	.L35:
  86:Core/Src/tim.c **** 
 588              		.loc 1 86 3 is_stmt 1 view .LVU179
 589 0088 0B48     		ldr	r0, .L43
 590 008a FFF7FEFF 		bl	HAL_TIM_MspPostInit
 591              	.LVL22:
  88:Core/Src/tim.c **** /* TIM4 init function */
 592              		.loc 1 88 1 is_stmt 0 view .LVU180
 593 008e 0FB0     		add	sp, sp, #60
 594              	.LCFI13:
 595              		.cfi_remember_state
 596              		.cfi_def_cfa_offset 4
 597              		@ sp needed
 598 0090 5DF804FB 		ldr	pc, [sp], #4
 599              	.L37:
 600              	.LCFI14:
 601              		.cfi_restore_state
  54:Core/Src/tim.c ****   }
 602              		.loc 1 54 5 is_stmt 1 view .LVU181
 603 0094 FFF7FEFF 		bl	Error_Handler
 604              	.LVL23:
 605 0098 D0E7     		b	.L30
 606              	.L38:
  59:Core/Src/tim.c ****   }
 607              		.loc 1 59 5 view .LVU182
 608 009a FFF7FEFF 		bl	Error_Handler
 609              	.LVL24:
 610 009e D5E7     		b	.L31
 611              	.L39:
  63:Core/Src/tim.c ****   }
 612              		.loc 1 63 5 view .LVU183
 613 00a0 FFF7FEFF 		bl	Error_Handler
 614              	.LVL25:
 615 00a4 D6E7     		b	.L32
 616              	.L40:
  69:Core/Src/tim.c ****   }
 617              		.loc 1 69 5 view .LVU184
 618 00a6 FFF7FEFF 		bl	Error_Handler
 619              	.LVL26:
 620 00aa DBE7     		b	.L33
 621              	.L41:
  77:Core/Src/tim.c ****   }
 622              		.loc 1 77 5 view .LVU185
ARM GAS  C:\Users\GUILLE~1\AppData\Local\Temp\ccmJJ4uo.s 			page 19


 623 00ac FFF7FEFF 		bl	Error_Handler
 624              	.LVL27:
 625 00b0 E4E7     		b	.L34
 626              	.L42:
  81:Core/Src/tim.c ****   }
 627              		.loc 1 81 5 view .LVU186
 628 00b2 FFF7FEFF 		bl	Error_Handler
 629              	.LVL28:
 630 00b6 E7E7     		b	.L35
 631              	.L44:
 632              		.align	2
 633              	.L43:
 634 00b8 00000000 		.word	.LANCHOR1
 635 00bc 00040040 		.word	1073742848
 636              		.cfi_endproc
 637              	.LFE141:
 639              		.section	.text.MX_TIM4_Init,"ax",%progbits
 640              		.align	1
 641              		.global	MX_TIM4_Init
 642              		.syntax unified
 643              		.thumb
 644              		.thumb_func
 645              		.fpu fpv5-sp-d16
 647              	MX_TIM4_Init:
 648              	.LFB142:
  91:Core/Src/tim.c **** 
 649              		.loc 1 91 1 view -0
 650              		.cfi_startproc
 651              		@ args = 0, pretend = 0, frame = 56
 652              		@ frame_needed = 0, uses_anonymous_args = 0
 653 0000 00B5     		push	{lr}
 654              	.LCFI15:
 655              		.cfi_def_cfa_offset 4
 656              		.cfi_offset 14, -4
 657 0002 8FB0     		sub	sp, sp, #60
 658              	.LCFI16:
 659              		.cfi_def_cfa_offset 64
  97:Core/Src/tim.c ****   TIM_MasterConfigTypeDef sMasterConfig = {0};
 660              		.loc 1 97 3 view .LVU188
  97:Core/Src/tim.c ****   TIM_MasterConfigTypeDef sMasterConfig = {0};
 661              		.loc 1 97 26 is_stmt 0 view .LVU189
 662 0004 0023     		movs	r3, #0
 663 0006 0A93     		str	r3, [sp, #40]
 664 0008 0B93     		str	r3, [sp, #44]
 665 000a 0C93     		str	r3, [sp, #48]
 666 000c 0D93     		str	r3, [sp, #52]
  98:Core/Src/tim.c ****   TIM_OC_InitTypeDef sConfigOC = {0};
 667              		.loc 1 98 3 is_stmt 1 view .LVU190
  98:Core/Src/tim.c ****   TIM_OC_InitTypeDef sConfigOC = {0};
 668              		.loc 1 98 27 is_stmt 0 view .LVU191
 669 000e 0793     		str	r3, [sp, #28]
 670 0010 0893     		str	r3, [sp, #32]
 671 0012 0993     		str	r3, [sp, #36]
  99:Core/Src/tim.c **** 
 672              		.loc 1 99 3 is_stmt 1 view .LVU192
  99:Core/Src/tim.c **** 
 673              		.loc 1 99 22 is_stmt 0 view .LVU193
ARM GAS  C:\Users\GUILLE~1\AppData\Local\Temp\ccmJJ4uo.s 			page 20


 674 0014 0093     		str	r3, [sp]
 675 0016 0193     		str	r3, [sp, #4]
 676 0018 0293     		str	r3, [sp, #8]
 677 001a 0393     		str	r3, [sp, #12]
 678 001c 0493     		str	r3, [sp, #16]
 679 001e 0593     		str	r3, [sp, #20]
 680 0020 0693     		str	r3, [sp, #24]
 104:Core/Src/tim.c ****   htim4.Init.Prescaler = 0;
 681              		.loc 1 104 3 is_stmt 1 view .LVU194
 104:Core/Src/tim.c ****   htim4.Init.Prescaler = 0;
 682              		.loc 1 104 18 is_stmt 0 view .LVU195
 683 0022 2648     		ldr	r0, .L59
 684 0024 264A     		ldr	r2, .L59+4
 685 0026 0260     		str	r2, [r0]
 105:Core/Src/tim.c ****   htim4.Init.CounterMode = TIM_COUNTERMODE_UP;
 686              		.loc 1 105 3 is_stmt 1 view .LVU196
 105:Core/Src/tim.c ****   htim4.Init.CounterMode = TIM_COUNTERMODE_UP;
 687              		.loc 1 105 24 is_stmt 0 view .LVU197
 688 0028 4360     		str	r3, [r0, #4]
 106:Core/Src/tim.c ****   htim4.Init.Period = 28000;
 689              		.loc 1 106 3 is_stmt 1 view .LVU198
 106:Core/Src/tim.c ****   htim4.Init.Period = 28000;
 690              		.loc 1 106 26 is_stmt 0 view .LVU199
 691 002a 8360     		str	r3, [r0, #8]
 107:Core/Src/tim.c ****   htim4.Init.ClockDivision = TIM_CLOCKDIVISION_DIV1;
 692              		.loc 1 107 3 is_stmt 1 view .LVU200
 107:Core/Src/tim.c ****   htim4.Init.ClockDivision = TIM_CLOCKDIVISION_DIV1;
 693              		.loc 1 107 21 is_stmt 0 view .LVU201
 694 002c 46F66052 		movw	r2, #28000
 695 0030 C260     		str	r2, [r0, #12]
 108:Core/Src/tim.c ****   htim4.Init.AutoReloadPreload = TIM_AUTORELOAD_PRELOAD_DISABLE;
 696              		.loc 1 108 3 is_stmt 1 view .LVU202
 108:Core/Src/tim.c ****   htim4.Init.AutoReloadPreload = TIM_AUTORELOAD_PRELOAD_DISABLE;
 697              		.loc 1 108 28 is_stmt 0 view .LVU203
 698 0032 0361     		str	r3, [r0, #16]
 109:Core/Src/tim.c ****   if (HAL_TIM_Base_Init(&htim4) != HAL_OK)
 699              		.loc 1 109 3 is_stmt 1 view .LVU204
 109:Core/Src/tim.c ****   if (HAL_TIM_Base_Init(&htim4) != HAL_OK)
 700              		.loc 1 109 32 is_stmt 0 view .LVU205
 701 0034 8361     		str	r3, [r0, #24]
 110:Core/Src/tim.c ****   {
 702              		.loc 1 110 3 is_stmt 1 view .LVU206
 110:Core/Src/tim.c ****   {
 703              		.loc 1 110 7 is_stmt 0 view .LVU207
 704 0036 FFF7FEFF 		bl	HAL_TIM_Base_Init
 705              	.LVL29:
 110:Core/Src/tim.c ****   {
 706              		.loc 1 110 6 view .LVU208
 707 003a 60BB     		cbnz	r0, .L53
 708              	.L46:
 114:Core/Src/tim.c ****   if (HAL_TIM_ConfigClockSource(&htim4, &sClockSourceConfig) != HAL_OK)
 709              		.loc 1 114 3 is_stmt 1 view .LVU209
 114:Core/Src/tim.c ****   if (HAL_TIM_ConfigClockSource(&htim4, &sClockSourceConfig) != HAL_OK)
 710              		.loc 1 114 34 is_stmt 0 view .LVU210
 711 003c 4FF48053 		mov	r3, #4096
 712 0040 0A93     		str	r3, [sp, #40]
 115:Core/Src/tim.c ****   {
ARM GAS  C:\Users\GUILLE~1\AppData\Local\Temp\ccmJJ4uo.s 			page 21


 713              		.loc 1 115 3 is_stmt 1 view .LVU211
 115:Core/Src/tim.c ****   {
 714              		.loc 1 115 7 is_stmt 0 view .LVU212
 715 0042 0AA9     		add	r1, sp, #40
 716 0044 1D48     		ldr	r0, .L59
 717 0046 FFF7FEFF 		bl	HAL_TIM_ConfigClockSource
 718              	.LVL30:
 115:Core/Src/tim.c ****   {
 719              		.loc 1 115 6 view .LVU213
 720 004a 38BB     		cbnz	r0, .L54
 721              	.L47:
 119:Core/Src/tim.c ****   {
 722              		.loc 1 119 3 is_stmt 1 view .LVU214
 119:Core/Src/tim.c ****   {
 723              		.loc 1 119 7 is_stmt 0 view .LVU215
 724 004c 1B48     		ldr	r0, .L59
 725 004e FFF7FEFF 		bl	HAL_TIM_PWM_Init
 726              	.LVL31:
 119:Core/Src/tim.c ****   {
 727              		.loc 1 119 6 view .LVU216
 728 0052 30BB     		cbnz	r0, .L55
 729              	.L48:
 123:Core/Src/tim.c ****   sMasterConfig.MasterSlaveMode = TIM_MASTERSLAVEMODE_DISABLE;
 730              		.loc 1 123 3 is_stmt 1 view .LVU217
 123:Core/Src/tim.c ****   sMasterConfig.MasterSlaveMode = TIM_MASTERSLAVEMODE_DISABLE;
 731              		.loc 1 123 37 is_stmt 0 view .LVU218
 732 0054 0023     		movs	r3, #0
 733 0056 0793     		str	r3, [sp, #28]
 124:Core/Src/tim.c ****   if (HAL_TIMEx_MasterConfigSynchronization(&htim4, &sMasterConfig) != HAL_OK)
 734              		.loc 1 124 3 is_stmt 1 view .LVU219
 124:Core/Src/tim.c ****   if (HAL_TIMEx_MasterConfigSynchronization(&htim4, &sMasterConfig) != HAL_OK)
 735              		.loc 1 124 33 is_stmt 0 view .LVU220
 736 0058 0993     		str	r3, [sp, #36]
 125:Core/Src/tim.c ****   {
 737              		.loc 1 125 3 is_stmt 1 view .LVU221
 125:Core/Src/tim.c ****   {
 738              		.loc 1 125 7 is_stmt 0 view .LVU222
 739 005a 07A9     		add	r1, sp, #28
 740 005c 1748     		ldr	r0, .L59
 741 005e FFF7FEFF 		bl	HAL_TIMEx_MasterConfigSynchronization
 742              	.LVL32:
 125:Core/Src/tim.c ****   {
 743              		.loc 1 125 6 view .LVU223
 744 0062 08BB     		cbnz	r0, .L56
 745              	.L49:
 129:Core/Src/tim.c ****   sConfigOC.Pulse = 0;
 746              		.loc 1 129 3 is_stmt 1 view .LVU224
 129:Core/Src/tim.c ****   sConfigOC.Pulse = 0;
 747              		.loc 1 129 20 is_stmt 0 view .LVU225
 748 0064 6023     		movs	r3, #96
 749 0066 0093     		str	r3, [sp]
 130:Core/Src/tim.c ****   sConfigOC.OCPolarity = TIM_OCPOLARITY_HIGH;
 750              		.loc 1 130 3 is_stmt 1 view .LVU226
 130:Core/Src/tim.c ****   sConfigOC.OCPolarity = TIM_OCPOLARITY_HIGH;
 751              		.loc 1 130 19 is_stmt 0 view .LVU227
 752 0068 0023     		movs	r3, #0
 753 006a 0193     		str	r3, [sp, #4]
ARM GAS  C:\Users\GUILLE~1\AppData\Local\Temp\ccmJJ4uo.s 			page 22


 131:Core/Src/tim.c ****   sConfigOC.OCFastMode = TIM_OCFAST_ENABLE;
 754              		.loc 1 131 3 is_stmt 1 view .LVU228
 131:Core/Src/tim.c ****   sConfigOC.OCFastMode = TIM_OCFAST_ENABLE;
 755              		.loc 1 131 24 is_stmt 0 view .LVU229
 756 006c 0293     		str	r3, [sp, #8]
 132:Core/Src/tim.c ****   if (HAL_TIM_PWM_ConfigChannel(&htim4, &sConfigOC, TIM_CHANNEL_3) != HAL_OK)
 757              		.loc 1 132 3 is_stmt 1 view .LVU230
 132:Core/Src/tim.c ****   if (HAL_TIM_PWM_ConfigChannel(&htim4, &sConfigOC, TIM_CHANNEL_3) != HAL_OK)
 758              		.loc 1 132 24 is_stmt 0 view .LVU231
 759 006e 0423     		movs	r3, #4
 760 0070 0493     		str	r3, [sp, #16]
 133:Core/Src/tim.c ****   {
 761              		.loc 1 133 3 is_stmt 1 view .LVU232
 133:Core/Src/tim.c ****   {
 762              		.loc 1 133 7 is_stmt 0 view .LVU233
 763 0072 0822     		movs	r2, #8
 764 0074 6946     		mov	r1, sp
 765 0076 1148     		ldr	r0, .L59
 766 0078 FFF7FEFF 		bl	HAL_TIM_PWM_ConfigChannel
 767              	.LVL33:
 133:Core/Src/tim.c ****   {
 768              		.loc 1 133 6 view .LVU234
 769 007c B8B9     		cbnz	r0, .L57
 770              	.L50:
 137:Core/Src/tim.c ****   {
 771              		.loc 1 137 3 is_stmt 1 view .LVU235
 137:Core/Src/tim.c ****   {
 772              		.loc 1 137 7 is_stmt 0 view .LVU236
 773 007e 0C22     		movs	r2, #12
 774 0080 6946     		mov	r1, sp
 775 0082 0E48     		ldr	r0, .L59
 776 0084 FFF7FEFF 		bl	HAL_TIM_PWM_ConfigChannel
 777              	.LVL34:
 137:Core/Src/tim.c ****   {
 778              		.loc 1 137 6 view .LVU237
 779 0088 A0B9     		cbnz	r0, .L58
 780              	.L51:
 144:Core/Src/tim.c **** 
 781              		.loc 1 144 3 is_stmt 1 view .LVU238
 782 008a 0C48     		ldr	r0, .L59
 783 008c FFF7FEFF 		bl	HAL_TIM_MspPostInit
 784              	.LVL35:
 146:Core/Src/tim.c **** /* TIM5 init function */
 785              		.loc 1 146 1 is_stmt 0 view .LVU239
 786 0090 0FB0     		add	sp, sp, #60
 787              	.LCFI17:
 788              		.cfi_remember_state
 789              		.cfi_def_cfa_offset 4
 790              		@ sp needed
 791 0092 5DF804FB 		ldr	pc, [sp], #4
 792              	.L53:
 793              	.LCFI18:
 794              		.cfi_restore_state
 112:Core/Src/tim.c ****   }
 795              		.loc 1 112 5 is_stmt 1 view .LVU240
 796 0096 FFF7FEFF 		bl	Error_Handler
 797              	.LVL36:
ARM GAS  C:\Users\GUILLE~1\AppData\Local\Temp\ccmJJ4uo.s 			page 23


 798 009a CFE7     		b	.L46
 799              	.L54:
 117:Core/Src/tim.c ****   }
 800              		.loc 1 117 5 view .LVU241
 801 009c FFF7FEFF 		bl	Error_Handler
 802              	.LVL37:
 803 00a0 D4E7     		b	.L47
 804              	.L55:
 121:Core/Src/tim.c ****   }
 805              		.loc 1 121 5 view .LVU242
 806 00a2 FFF7FEFF 		bl	Error_Handler
 807              	.LVL38:
 808 00a6 D5E7     		b	.L48
 809              	.L56:
 127:Core/Src/tim.c ****   }
 810              		.loc 1 127 5 view .LVU243
 811 00a8 FFF7FEFF 		bl	Error_Handler
 812              	.LVL39:
 813 00ac DAE7     		b	.L49
 814              	.L57:
 135:Core/Src/tim.c ****   }
 815              		.loc 1 135 5 view .LVU244
 816 00ae FFF7FEFF 		bl	Error_Handler
 817              	.LVL40:
 818 00b2 E4E7     		b	.L50
 819              	.L58:
 139:Core/Src/tim.c ****   }
 820              		.loc 1 139 5 view .LVU245
 821 00b4 FFF7FEFF 		bl	Error_Handler
 822              	.LVL41:
 823 00b8 E7E7     		b	.L51
 824              	.L60:
 825 00ba 00BF     		.align	2
 826              	.L59:
 827 00bc 00000000 		.word	.LANCHOR2
 828 00c0 00080040 		.word	1073743872
 829              		.cfi_endproc
 830              	.LFE142:
 832              		.section	.text.HAL_TIM_Base_MspDeInit,"ax",%progbits
 833              		.align	1
 834              		.global	HAL_TIM_Base_MspDeInit
 835              		.syntax unified
 836              		.thumb
 837              		.thumb_func
 838              		.fpu fpv5-sp-d16
 840              	HAL_TIM_Base_MspDeInit:
 841              	.LVL42:
 842              	.LFB146:
 282:Core/Src/tim.c **** 
 283:Core/Src/tim.c **** void HAL_TIM_Base_MspDeInit(TIM_HandleTypeDef* tim_baseHandle)
 284:Core/Src/tim.c **** {
 843              		.loc 1 284 1 view -0
 844              		.cfi_startproc
 845              		@ args = 0, pretend = 0, frame = 0
 846              		@ frame_needed = 0, uses_anonymous_args = 0
 847              		@ link register save eliminated.
 285:Core/Src/tim.c **** 
ARM GAS  C:\Users\GUILLE~1\AppData\Local\Temp\ccmJJ4uo.s 			page 24


 286:Core/Src/tim.c ****   if(tim_baseHandle->Instance==TIM3)
 848              		.loc 1 286 3 view .LVU247
 849              		.loc 1 286 20 is_stmt 0 view .LVU248
 850 0000 0368     		ldr	r3, [r0]
 851              		.loc 1 286 5 view .LVU249
 852 0002 0F4A     		ldr	r2, .L68
 853 0004 9342     		cmp	r3, r2
 854 0006 06D0     		beq	.L65
 287:Core/Src/tim.c ****   {
 288:Core/Src/tim.c ****   /* USER CODE BEGIN TIM3_MspDeInit 0 */
 289:Core/Src/tim.c **** 
 290:Core/Src/tim.c ****   /* USER CODE END TIM3_MspDeInit 0 */
 291:Core/Src/tim.c ****     /* Peripheral clock disable */
 292:Core/Src/tim.c ****     __HAL_RCC_TIM3_CLK_DISABLE();
 293:Core/Src/tim.c ****   /* USER CODE BEGIN TIM3_MspDeInit 1 */
 294:Core/Src/tim.c **** 
 295:Core/Src/tim.c ****   /* USER CODE END TIM3_MspDeInit 1 */
 296:Core/Src/tim.c ****   }
 297:Core/Src/tim.c ****   else if(tim_baseHandle->Instance==TIM4)
 855              		.loc 1 297 8 is_stmt 1 view .LVU250
 856              		.loc 1 297 10 is_stmt 0 view .LVU251
 857 0008 0E4A     		ldr	r2, .L68+4
 858 000a 9342     		cmp	r3, r2
 859 000c 0AD0     		beq	.L66
 298:Core/Src/tim.c ****   {
 299:Core/Src/tim.c ****   /* USER CODE BEGIN TIM4_MspDeInit 0 */
 300:Core/Src/tim.c **** 
 301:Core/Src/tim.c ****   /* USER CODE END TIM4_MspDeInit 0 */
 302:Core/Src/tim.c ****     /* Peripheral clock disable */
 303:Core/Src/tim.c ****     __HAL_RCC_TIM4_CLK_DISABLE();
 304:Core/Src/tim.c ****   /* USER CODE BEGIN TIM4_MspDeInit 1 */
 305:Core/Src/tim.c **** 
 306:Core/Src/tim.c ****   /* USER CODE END TIM4_MspDeInit 1 */
 307:Core/Src/tim.c ****   }
 308:Core/Src/tim.c ****   else if(tim_baseHandle->Instance==TIM5)
 860              		.loc 1 308 8 is_stmt 1 view .LVU252
 861              		.loc 1 308 10 is_stmt 0 view .LVU253
 862 000e 0E4A     		ldr	r2, .L68+8
 863 0010 9342     		cmp	r3, r2
 864 0012 0ED0     		beq	.L67
 865              	.L61:
 309:Core/Src/tim.c ****   {
 310:Core/Src/tim.c ****   /* USER CODE BEGIN TIM5_MspDeInit 0 */
 311:Core/Src/tim.c **** 
 312:Core/Src/tim.c ****   /* USER CODE END TIM5_MspDeInit 0 */
 313:Core/Src/tim.c ****     /* Peripheral clock disable */
 314:Core/Src/tim.c ****     __HAL_RCC_TIM5_CLK_DISABLE();
 315:Core/Src/tim.c ****   /* USER CODE BEGIN TIM5_MspDeInit 1 */
 316:Core/Src/tim.c **** 
 317:Core/Src/tim.c ****   /* USER CODE END TIM5_MspDeInit 1 */
 318:Core/Src/tim.c ****   }
 319:Core/Src/tim.c **** }
 866              		.loc 1 319 1 view .LVU254
 867 0014 7047     		bx	lr
 868              	.L65:
 292:Core/Src/tim.c ****   /* USER CODE BEGIN TIM3_MspDeInit 1 */
 869              		.loc 1 292 5 is_stmt 1 view .LVU255
ARM GAS  C:\Users\GUILLE~1\AppData\Local\Temp\ccmJJ4uo.s 			page 25


 870 0016 02F50D32 		add	r2, r2, #144384
 871 001a 136C     		ldr	r3, [r2, #64]
 872 001c 23F00203 		bic	r3, r3, #2
 873 0020 1364     		str	r3, [r2, #64]
 874 0022 7047     		bx	lr
 875              	.L66:
 303:Core/Src/tim.c ****   /* USER CODE BEGIN TIM4_MspDeInit 1 */
 876              		.loc 1 303 5 view .LVU256
 877 0024 02F50C32 		add	r2, r2, #143360
 878 0028 136C     		ldr	r3, [r2, #64]
 879 002a 23F00403 		bic	r3, r3, #4
 880 002e 1364     		str	r3, [r2, #64]
 881 0030 7047     		bx	lr
 882              	.L67:
 314:Core/Src/tim.c ****   /* USER CODE BEGIN TIM5_MspDeInit 1 */
 883              		.loc 1 314 5 view .LVU257
 884 0032 02F50B32 		add	r2, r2, #142336
 885 0036 136C     		ldr	r3, [r2, #64]
 886 0038 23F00803 		bic	r3, r3, #8
 887 003c 1364     		str	r3, [r2, #64]
 888              		.loc 1 319 1 is_stmt 0 view .LVU258
 889 003e E9E7     		b	.L61
 890              	.L69:
 891              		.align	2
 892              	.L68:
 893 0040 00040040 		.word	1073742848
 894 0044 00080040 		.word	1073743872
 895 0048 000C0040 		.word	1073744896
 896              		.cfi_endproc
 897              	.LFE146:
 899              		.global	htim5
 900              		.global	htim4
 901              		.global	htim3
 902              		.section	.bss.htim3,"aw",%nobits
 903              		.align	2
 904              		.set	.LANCHOR1,. + 0
 907              	htim3:
 908 0000 00000000 		.space	76
 908      00000000 
 908      00000000 
 908      00000000 
 908      00000000 
 909              		.section	.bss.htim4,"aw",%nobits
 910              		.align	2
 911              		.set	.LANCHOR2,. + 0
 914              	htim4:
 915 0000 00000000 		.space	76
 915      00000000 
 915      00000000 
 915      00000000 
 915      00000000 
 916              		.section	.bss.htim5,"aw",%nobits
 917              		.align	2
 918              		.set	.LANCHOR0,. + 0
 921              	htim5:
 922 0000 00000000 		.space	76
 922      00000000 
ARM GAS  C:\Users\GUILLE~1\AppData\Local\Temp\ccmJJ4uo.s 			page 26


 922      00000000 
 922      00000000 
 922      00000000 
 923              		.text
 924              	.Letext0:
 925              		.file 2 "c:\\program files (x86)\\gnu arm embedded toolchain\\10 2020-q4-major\\arm-none-eabi\\inc
 926              		.file 3 "c:\\program files (x86)\\gnu arm embedded toolchain\\10 2020-q4-major\\arm-none-eabi\\inc
 927              		.file 4 "Drivers/CMSIS/Device/ST/STM32F7xx/Include/stm32f746xx.h"
 928              		.file 5 "Drivers/STM32F7xx_HAL_Driver/Inc/stm32f7xx_hal_def.h"
 929              		.file 6 "Drivers/STM32F7xx_HAL_Driver/Inc/stm32f7xx_hal_gpio.h"
 930              		.file 7 "Drivers/STM32F7xx_HAL_Driver/Inc/stm32f7xx_hal_dma.h"
 931              		.file 8 "Drivers/STM32F7xx_HAL_Driver/Inc/stm32f7xx_hal_tim.h"
 932              		.file 9 "Core/Inc/tim.h"
 933              		.file 10 "Drivers/STM32F7xx_HAL_Driver/Inc/stm32f7xx_hal_tim_ex.h"
 934              		.file 11 "Core/Inc/main.h"
ARM GAS  C:\Users\GUILLE~1\AppData\Local\Temp\ccmJJ4uo.s 			page 27


DEFINED SYMBOLS
                            *ABS*:00000000 tim.c
C:\Users\GUILLE~1\AppData\Local\Temp\ccmJJ4uo.s:18     .text.MX_TIM5_Init:00000000 $t
C:\Users\GUILLE~1\AppData\Local\Temp\ccmJJ4uo.s:26     .text.MX_TIM5_Init:00000000 MX_TIM5_Init
C:\Users\GUILLE~1\AppData\Local\Temp\ccmJJ4uo.s:138    .text.MX_TIM5_Init:00000068 $d
C:\Users\GUILLE~1\AppData\Local\Temp\ccmJJ4uo.s:144    .text.HAL_TIM_Base_MspInit:00000000 $t
C:\Users\GUILLE~1\AppData\Local\Temp\ccmJJ4uo.s:151    .text.HAL_TIM_Base_MspInit:00000000 HAL_TIM_Base_MspInit
C:\Users\GUILLE~1\AppData\Local\Temp\ccmJJ4uo.s:248    .text.HAL_TIM_Base_MspInit:0000005c $d
C:\Users\GUILLE~1\AppData\Local\Temp\ccmJJ4uo.s:256    .text.HAL_TIM_MspPostInit:00000000 $t
C:\Users\GUILLE~1\AppData\Local\Temp\ccmJJ4uo.s:263    .text.HAL_TIM_MspPostInit:00000000 HAL_TIM_MspPostInit
C:\Users\GUILLE~1\AppData\Local\Temp\ccmJJ4uo.s:439    .text.HAL_TIM_MspPostInit:000000a8 $d
C:\Users\GUILLE~1\AppData\Local\Temp\ccmJJ4uo.s:448    .text.MX_TIM3_Init:00000000 $t
C:\Users\GUILLE~1\AppData\Local\Temp\ccmJJ4uo.s:455    .text.MX_TIM3_Init:00000000 MX_TIM3_Init
C:\Users\GUILLE~1\AppData\Local\Temp\ccmJJ4uo.s:634    .text.MX_TIM3_Init:000000b8 $d
C:\Users\GUILLE~1\AppData\Local\Temp\ccmJJ4uo.s:640    .text.MX_TIM4_Init:00000000 $t
C:\Users\GUILLE~1\AppData\Local\Temp\ccmJJ4uo.s:647    .text.MX_TIM4_Init:00000000 MX_TIM4_Init
C:\Users\GUILLE~1\AppData\Local\Temp\ccmJJ4uo.s:827    .text.MX_TIM4_Init:000000bc $d
C:\Users\GUILLE~1\AppData\Local\Temp\ccmJJ4uo.s:833    .text.HAL_TIM_Base_MspDeInit:00000000 $t
C:\Users\GUILLE~1\AppData\Local\Temp\ccmJJ4uo.s:840    .text.HAL_TIM_Base_MspDeInit:00000000 HAL_TIM_Base_MspDeInit
C:\Users\GUILLE~1\AppData\Local\Temp\ccmJJ4uo.s:893    .text.HAL_TIM_Base_MspDeInit:00000040 $d
C:\Users\GUILLE~1\AppData\Local\Temp\ccmJJ4uo.s:921    .bss.htim5:00000000 htim5
C:\Users\GUILLE~1\AppData\Local\Temp\ccmJJ4uo.s:914    .bss.htim4:00000000 htim4
C:\Users\GUILLE~1\AppData\Local\Temp\ccmJJ4uo.s:907    .bss.htim3:00000000 htim3
C:\Users\GUILLE~1\AppData\Local\Temp\ccmJJ4uo.s:903    .bss.htim3:00000000 $d
C:\Users\GUILLE~1\AppData\Local\Temp\ccmJJ4uo.s:910    .bss.htim4:00000000 $d
C:\Users\GUILLE~1\AppData\Local\Temp\ccmJJ4uo.s:917    .bss.htim5:00000000 $d

UNDEFINED SYMBOLS
HAL_TIM_Base_Init
HAL_TIM_ConfigClockSource
HAL_TIMEx_MasterConfigSynchronization
Error_Handler
HAL_GPIO_Init
HAL_TIM_PWM_Init
HAL_TIM_PWM_ConfigChannel
