ARM GAS  C:\Users\GUILLE~1\AppData\Local\Temp\ccK11qWt.s 			page 1


   1              		.cpu cortex-m7
   2              		.eabi_attribute 27, 1
   3              		.eabi_attribute 28, 1
   4              		.eabi_attribute 20, 1
   5              		.eabi_attribute 21, 1
   6              		.eabi_attribute 23, 3
   7              		.eabi_attribute 24, 1
   8              		.eabi_attribute 25, 1
   9              		.eabi_attribute 26, 1
  10              		.eabi_attribute 30, 1
  11              		.eabi_attribute 34, 1
  12              		.eabi_attribute 18, 4
  13              		.file	"usart.c"
  14              		.text
  15              	.Ltext0:
  16              		.cfi_sections	.debug_frame
  17              		.section	.text.MX_UART4_Init,"ax",%progbits
  18              		.align	1
  19              		.global	MX_UART4_Init
  20              		.arch armv7e-m
  21              		.syntax unified
  22              		.thumb
  23              		.thumb_func
  24              		.fpu fpv5-sp-d16
  26              	MX_UART4_Init:
  27              	.LFB141:
  28              		.file 1 "Core/Src/usart.c"
   1:Core/Src/usart.c **** /**
   2:Core/Src/usart.c ****   ******************************************************************************
   3:Core/Src/usart.c ****   * @file    usart.c
   4:Core/Src/usart.c ****   * @brief   This file provides code for the configuration
   5:Core/Src/usart.c ****   *          of the USART instances.
   6:Core/Src/usart.c ****   ******************************************************************************
   7:Core/Src/usart.c ****   * @attention
   8:Core/Src/usart.c ****   *
   9:Core/Src/usart.c ****   * <h2><center>&copy; Copyright (c) 2021 STMicroelectronics.
  10:Core/Src/usart.c ****   * All rights reserved.</center></h2>
  11:Core/Src/usart.c ****   *
  12:Core/Src/usart.c ****   * This software component is licensed by ST under BSD 3-Clause license,
  13:Core/Src/usart.c ****   * the "License"; You may not use this file except in compliance with the
  14:Core/Src/usart.c ****   * License. You may obtain a copy of the License at:
  15:Core/Src/usart.c ****   *                        opensource.org/licenses/BSD-3-Clause
  16:Core/Src/usart.c ****   *
  17:Core/Src/usart.c ****   ******************************************************************************
  18:Core/Src/usart.c ****   */
  19:Core/Src/usart.c **** 
  20:Core/Src/usart.c **** /* Includes ------------------------------------------------------------------*/
  21:Core/Src/usart.c **** #include "usart.h"
  22:Core/Src/usart.c **** 
  23:Core/Src/usart.c **** /* USER CODE BEGIN 0 */
  24:Core/Src/usart.c **** 
  25:Core/Src/usart.c **** /* USER CODE END 0 */
  26:Core/Src/usart.c **** 
  27:Core/Src/usart.c **** UART_HandleTypeDef huart4;
  28:Core/Src/usart.c **** UART_HandleTypeDef huart5;
  29:Core/Src/usart.c **** UART_HandleTypeDef huart2;
  30:Core/Src/usart.c **** UART_HandleTypeDef huart3;
ARM GAS  C:\Users\GUILLE~1\AppData\Local\Temp\ccK11qWt.s 			page 2


  31:Core/Src/usart.c **** 
  32:Core/Src/usart.c **** /* UART4 init function */
  33:Core/Src/usart.c **** void MX_UART4_Init(void)
  34:Core/Src/usart.c **** {
  29              		.loc 1 34 1 view -0
  30              		.cfi_startproc
  31              		@ args = 0, pretend = 0, frame = 0
  32              		@ frame_needed = 0, uses_anonymous_args = 0
  33 0000 08B5     		push	{r3, lr}
  34              	.LCFI0:
  35              		.cfi_def_cfa_offset 8
  36              		.cfi_offset 3, -8
  37              		.cfi_offset 14, -4
  35:Core/Src/usart.c **** 
  36:Core/Src/usart.c ****   /* USER CODE BEGIN UART4_Init 0 */
  37:Core/Src/usart.c **** 
  38:Core/Src/usart.c ****   /* USER CODE END UART4_Init 0 */
  39:Core/Src/usart.c **** 
  40:Core/Src/usart.c ****   /* USER CODE BEGIN UART4_Init 1 */
  41:Core/Src/usart.c **** 
  42:Core/Src/usart.c ****   /* USER CODE END UART4_Init 1 */
  43:Core/Src/usart.c ****   huart4.Instance = UART4;
  38              		.loc 1 43 3 view .LVU1
  39              		.loc 1 43 19 is_stmt 0 view .LVU2
  40 0002 0E48     		ldr	r0, .L5
  41 0004 0E4B     		ldr	r3, .L5+4
  42 0006 0360     		str	r3, [r0]
  44:Core/Src/usart.c ****   huart4.Init.BaudRate = 115200;
  43              		.loc 1 44 3 is_stmt 1 view .LVU3
  44              		.loc 1 44 24 is_stmt 0 view .LVU4
  45 0008 4FF4E133 		mov	r3, #115200
  46 000c 4360     		str	r3, [r0, #4]
  45:Core/Src/usart.c ****   huart4.Init.WordLength = UART_WORDLENGTH_8B;
  47              		.loc 1 45 3 is_stmt 1 view .LVU5
  48              		.loc 1 45 26 is_stmt 0 view .LVU6
  49 000e 0023     		movs	r3, #0
  50 0010 8360     		str	r3, [r0, #8]
  46:Core/Src/usart.c ****   huart4.Init.StopBits = UART_STOPBITS_1;
  51              		.loc 1 46 3 is_stmt 1 view .LVU7
  52              		.loc 1 46 24 is_stmt 0 view .LVU8
  53 0012 C360     		str	r3, [r0, #12]
  47:Core/Src/usart.c ****   huart4.Init.Parity = UART_PARITY_NONE;
  54              		.loc 1 47 3 is_stmt 1 view .LVU9
  55              		.loc 1 47 22 is_stmt 0 view .LVU10
  56 0014 0361     		str	r3, [r0, #16]
  48:Core/Src/usart.c ****   huart4.Init.Mode = UART_MODE_TX_RX;
  57              		.loc 1 48 3 is_stmt 1 view .LVU11
  58              		.loc 1 48 20 is_stmt 0 view .LVU12
  59 0016 0C22     		movs	r2, #12
  60 0018 4261     		str	r2, [r0, #20]
  49:Core/Src/usart.c ****   huart4.Init.HwFlowCtl = UART_HWCONTROL_NONE;
  61              		.loc 1 49 3 is_stmt 1 view .LVU13
  62              		.loc 1 49 25 is_stmt 0 view .LVU14
  63 001a 8361     		str	r3, [r0, #24]
  50:Core/Src/usart.c ****   huart4.Init.OverSampling = UART_OVERSAMPLING_16;
  64              		.loc 1 50 3 is_stmt 1 view .LVU15
  65              		.loc 1 50 28 is_stmt 0 view .LVU16
ARM GAS  C:\Users\GUILLE~1\AppData\Local\Temp\ccK11qWt.s 			page 3


  66 001c C361     		str	r3, [r0, #28]
  51:Core/Src/usart.c ****   huart4.Init.OneBitSampling = UART_ONE_BIT_SAMPLE_DISABLE;
  67              		.loc 1 51 3 is_stmt 1 view .LVU17
  68              		.loc 1 51 30 is_stmt 0 view .LVU18
  69 001e 0362     		str	r3, [r0, #32]
  52:Core/Src/usart.c ****   huart4.AdvancedInit.AdvFeatureInit = UART_ADVFEATURE_NO_INIT;
  70              		.loc 1 52 3 is_stmt 1 view .LVU19
  71              		.loc 1 52 38 is_stmt 0 view .LVU20
  72 0020 4362     		str	r3, [r0, #36]
  53:Core/Src/usart.c ****   if (HAL_UART_Init(&huart4) != HAL_OK)
  73              		.loc 1 53 3 is_stmt 1 view .LVU21
  74              		.loc 1 53 7 is_stmt 0 view .LVU22
  75 0022 FFF7FEFF 		bl	HAL_UART_Init
  76              	.LVL0:
  77              		.loc 1 53 6 view .LVU23
  78 0026 28B9     		cbnz	r0, .L4
  79              	.L2:
  54:Core/Src/usart.c ****   {
  55:Core/Src/usart.c ****     Error_Handler();
  56:Core/Src/usart.c ****   }
  57:Core/Src/usart.c ****   /* USER CODE BEGIN UART4_Init 2 */
  58:Core/Src/usart.c ****   UART4->CR1  |= USART_CR1_RXNEIE;
  80              		.loc 1 58 3 is_stmt 1 view .LVU24
  81              		.loc 1 58 15 is_stmt 0 view .LVU25
  82 0028 054A     		ldr	r2, .L5+4
  83 002a 1368     		ldr	r3, [r2]
  84 002c 43F02003 		orr	r3, r3, #32
  85 0030 1360     		str	r3, [r2]
  59:Core/Src/usart.c ****   /* USER CODE END UART4_Init 2 */
  60:Core/Src/usart.c **** 
  61:Core/Src/usart.c **** }
  86              		.loc 1 61 1 view .LVU26
  87 0032 08BD     		pop	{r3, pc}
  88              	.L4:
  55:Core/Src/usart.c ****   }
  89              		.loc 1 55 5 is_stmt 1 view .LVU27
  90 0034 FFF7FEFF 		bl	Error_Handler
  91              	.LVL1:
  92 0038 F6E7     		b	.L2
  93              	.L6:
  94 003a 00BF     		.align	2
  95              	.L5:
  96 003c 00000000 		.word	.LANCHOR0
  97 0040 004C0040 		.word	1073761280
  98              		.cfi_endproc
  99              	.LFE141:
 101              		.section	.text.MX_UART5_Init,"ax",%progbits
 102              		.align	1
 103              		.global	MX_UART5_Init
 104              		.syntax unified
 105              		.thumb
 106              		.thumb_func
 107              		.fpu fpv5-sp-d16
 109              	MX_UART5_Init:
 110              	.LFB142:
  62:Core/Src/usart.c **** /* UART5 init function */
  63:Core/Src/usart.c **** void MX_UART5_Init(void)
ARM GAS  C:\Users\GUILLE~1\AppData\Local\Temp\ccK11qWt.s 			page 4


  64:Core/Src/usart.c **** {
 111              		.loc 1 64 1 view -0
 112              		.cfi_startproc
 113              		@ args = 0, pretend = 0, frame = 0
 114              		@ frame_needed = 0, uses_anonymous_args = 0
 115 0000 08B5     		push	{r3, lr}
 116              	.LCFI1:
 117              		.cfi_def_cfa_offset 8
 118              		.cfi_offset 3, -8
 119              		.cfi_offset 14, -4
  65:Core/Src/usart.c **** 
  66:Core/Src/usart.c ****   /* USER CODE BEGIN UART5_Init 0 */
  67:Core/Src/usart.c **** 
  68:Core/Src/usart.c ****   /* USER CODE END UART5_Init 0 */
  69:Core/Src/usart.c **** 
  70:Core/Src/usart.c ****   /* USER CODE BEGIN UART5_Init 1 */
  71:Core/Src/usart.c **** 
  72:Core/Src/usart.c ****   /* USER CODE END UART5_Init 1 */
  73:Core/Src/usart.c ****   huart5.Instance = UART5;
 120              		.loc 1 73 3 view .LVU29
 121              		.loc 1 73 19 is_stmt 0 view .LVU30
 122 0002 0E48     		ldr	r0, .L11
 123 0004 0E4B     		ldr	r3, .L11+4
 124 0006 0360     		str	r3, [r0]
  74:Core/Src/usart.c ****   huart5.Init.BaudRate = 115200;
 125              		.loc 1 74 3 is_stmt 1 view .LVU31
 126              		.loc 1 74 24 is_stmt 0 view .LVU32
 127 0008 4FF4E133 		mov	r3, #115200
 128 000c 4360     		str	r3, [r0, #4]
  75:Core/Src/usart.c ****   huart5.Init.WordLength = UART_WORDLENGTH_8B;
 129              		.loc 1 75 3 is_stmt 1 view .LVU33
 130              		.loc 1 75 26 is_stmt 0 view .LVU34
 131 000e 0023     		movs	r3, #0
 132 0010 8360     		str	r3, [r0, #8]
  76:Core/Src/usart.c ****   huart5.Init.StopBits = UART_STOPBITS_1;
 133              		.loc 1 76 3 is_stmt 1 view .LVU35
 134              		.loc 1 76 24 is_stmt 0 view .LVU36
 135 0012 C360     		str	r3, [r0, #12]
  77:Core/Src/usart.c ****   huart5.Init.Parity = UART_PARITY_NONE;
 136              		.loc 1 77 3 is_stmt 1 view .LVU37
 137              		.loc 1 77 22 is_stmt 0 view .LVU38
 138 0014 0361     		str	r3, [r0, #16]
  78:Core/Src/usart.c ****   huart5.Init.Mode = UART_MODE_TX_RX;
 139              		.loc 1 78 3 is_stmt 1 view .LVU39
 140              		.loc 1 78 20 is_stmt 0 view .LVU40
 141 0016 0C22     		movs	r2, #12
 142 0018 4261     		str	r2, [r0, #20]
  79:Core/Src/usart.c ****   huart5.Init.HwFlowCtl = UART_HWCONTROL_NONE;
 143              		.loc 1 79 3 is_stmt 1 view .LVU41
 144              		.loc 1 79 25 is_stmt 0 view .LVU42
 145 001a 8361     		str	r3, [r0, #24]
  80:Core/Src/usart.c ****   huart5.Init.OverSampling = UART_OVERSAMPLING_16;
 146              		.loc 1 80 3 is_stmt 1 view .LVU43
 147              		.loc 1 80 28 is_stmt 0 view .LVU44
 148 001c C361     		str	r3, [r0, #28]
  81:Core/Src/usart.c ****   huart5.Init.OneBitSampling = UART_ONE_BIT_SAMPLE_DISABLE;
 149              		.loc 1 81 3 is_stmt 1 view .LVU45
ARM GAS  C:\Users\GUILLE~1\AppData\Local\Temp\ccK11qWt.s 			page 5


 150              		.loc 1 81 30 is_stmt 0 view .LVU46
 151 001e 0362     		str	r3, [r0, #32]
  82:Core/Src/usart.c ****   huart5.AdvancedInit.AdvFeatureInit = UART_ADVFEATURE_NO_INIT;
 152              		.loc 1 82 3 is_stmt 1 view .LVU47
 153              		.loc 1 82 38 is_stmt 0 view .LVU48
 154 0020 4362     		str	r3, [r0, #36]
  83:Core/Src/usart.c ****   if (HAL_UART_Init(&huart5) != HAL_OK)
 155              		.loc 1 83 3 is_stmt 1 view .LVU49
 156              		.loc 1 83 7 is_stmt 0 view .LVU50
 157 0022 FFF7FEFF 		bl	HAL_UART_Init
 158              	.LVL2:
 159              		.loc 1 83 6 view .LVU51
 160 0026 28B9     		cbnz	r0, .L10
 161              	.L8:
  84:Core/Src/usart.c ****   {
  85:Core/Src/usart.c ****     Error_Handler();
  86:Core/Src/usart.c ****   }
  87:Core/Src/usart.c ****   /* USER CODE BEGIN UART5_Init 2 */
  88:Core/Src/usart.c ****   UART5->CR1  |= USART_CR1_RXNEIE;
 162              		.loc 1 88 3 is_stmt 1 view .LVU52
 163              		.loc 1 88 15 is_stmt 0 view .LVU53
 164 0028 054A     		ldr	r2, .L11+4
 165 002a 1368     		ldr	r3, [r2]
 166 002c 43F02003 		orr	r3, r3, #32
 167 0030 1360     		str	r3, [r2]
  89:Core/Src/usart.c ****   /* USER CODE END UART5_Init 2 */
  90:Core/Src/usart.c **** 
  91:Core/Src/usart.c **** }
 168              		.loc 1 91 1 view .LVU54
 169 0032 08BD     		pop	{r3, pc}
 170              	.L10:
  85:Core/Src/usart.c ****   }
 171              		.loc 1 85 5 is_stmt 1 view .LVU55
 172 0034 FFF7FEFF 		bl	Error_Handler
 173              	.LVL3:
 174 0038 F6E7     		b	.L8
 175              	.L12:
 176 003a 00BF     		.align	2
 177              	.L11:
 178 003c 00000000 		.word	.LANCHOR1
 179 0040 00500040 		.word	1073762304
 180              		.cfi_endproc
 181              	.LFE142:
 183              		.section	.text.MX_USART2_UART_Init,"ax",%progbits
 184              		.align	1
 185              		.global	MX_USART2_UART_Init
 186              		.syntax unified
 187              		.thumb
 188              		.thumb_func
 189              		.fpu fpv5-sp-d16
 191              	MX_USART2_UART_Init:
 192              	.LFB143:
  92:Core/Src/usart.c **** /* USART2 init function */
  93:Core/Src/usart.c **** 
  94:Core/Src/usart.c **** void MX_USART2_UART_Init(void)
  95:Core/Src/usart.c **** {
 193              		.loc 1 95 1 view -0
ARM GAS  C:\Users\GUILLE~1\AppData\Local\Temp\ccK11qWt.s 			page 6


 194              		.cfi_startproc
 195              		@ args = 0, pretend = 0, frame = 0
 196              		@ frame_needed = 0, uses_anonymous_args = 0
 197 0000 08B5     		push	{r3, lr}
 198              	.LCFI2:
 199              		.cfi_def_cfa_offset 8
 200              		.cfi_offset 3, -8
 201              		.cfi_offset 14, -4
  96:Core/Src/usart.c **** 
  97:Core/Src/usart.c ****   /* USER CODE BEGIN USART2_Init 0 */
  98:Core/Src/usart.c **** 
  99:Core/Src/usart.c ****   /* USER CODE END USART2_Init 0 */
 100:Core/Src/usart.c **** 
 101:Core/Src/usart.c ****   /* USER CODE BEGIN USART2_Init 1 */
 102:Core/Src/usart.c **** 
 103:Core/Src/usart.c ****   /* USER CODE END USART2_Init 1 */
 104:Core/Src/usart.c ****   huart2.Instance = USART2;
 202              		.loc 1 104 3 view .LVU57
 203              		.loc 1 104 19 is_stmt 0 view .LVU58
 204 0002 0D48     		ldr	r0, .L17
 205 0004 0D4B     		ldr	r3, .L17+4
 206 0006 0360     		str	r3, [r0]
 105:Core/Src/usart.c ****   huart2.Init.BaudRate = 2000000;
 207              		.loc 1 105 3 is_stmt 1 view .LVU59
 208              		.loc 1 105 24 is_stmt 0 view .LVU60
 209 0008 0D4B     		ldr	r3, .L17+8
 210 000a 4360     		str	r3, [r0, #4]
 106:Core/Src/usart.c ****   huart2.Init.WordLength = UART_WORDLENGTH_8B;
 211              		.loc 1 106 3 is_stmt 1 view .LVU61
 212              		.loc 1 106 26 is_stmt 0 view .LVU62
 213 000c 0023     		movs	r3, #0
 214 000e 8360     		str	r3, [r0, #8]
 107:Core/Src/usart.c ****   huart2.Init.StopBits = UART_STOPBITS_1;
 215              		.loc 1 107 3 is_stmt 1 view .LVU63
 216              		.loc 1 107 24 is_stmt 0 view .LVU64
 217 0010 C360     		str	r3, [r0, #12]
 108:Core/Src/usart.c ****   huart2.Init.Parity = UART_PARITY_NONE;
 218              		.loc 1 108 3 is_stmt 1 view .LVU65
 219              		.loc 1 108 22 is_stmt 0 view .LVU66
 220 0012 0361     		str	r3, [r0, #16]
 109:Core/Src/usart.c ****   huart2.Init.Mode = UART_MODE_TX_RX;
 221              		.loc 1 109 3 is_stmt 1 view .LVU67
 222              		.loc 1 109 20 is_stmt 0 view .LVU68
 223 0014 0C22     		movs	r2, #12
 224 0016 4261     		str	r2, [r0, #20]
 110:Core/Src/usart.c ****   huart2.Init.HwFlowCtl = UART_HWCONTROL_NONE;
 225              		.loc 1 110 3 is_stmt 1 view .LVU69
 226              		.loc 1 110 25 is_stmt 0 view .LVU70
 227 0018 8361     		str	r3, [r0, #24]
 111:Core/Src/usart.c ****   huart2.Init.OverSampling = UART_OVERSAMPLING_16;
 228              		.loc 1 111 3 is_stmt 1 view .LVU71
 229              		.loc 1 111 28 is_stmt 0 view .LVU72
 230 001a C361     		str	r3, [r0, #28]
 112:Core/Src/usart.c ****   huart2.Init.OneBitSampling = UART_ONE_BIT_SAMPLE_DISABLE;
 231              		.loc 1 112 3 is_stmt 1 view .LVU73
 232              		.loc 1 112 30 is_stmt 0 view .LVU74
 233 001c 0362     		str	r3, [r0, #32]
ARM GAS  C:\Users\GUILLE~1\AppData\Local\Temp\ccK11qWt.s 			page 7


 113:Core/Src/usart.c ****   huart2.AdvancedInit.AdvFeatureInit = UART_ADVFEATURE_NO_INIT;
 234              		.loc 1 113 3 is_stmt 1 view .LVU75
 235              		.loc 1 113 38 is_stmt 0 view .LVU76
 236 001e 4362     		str	r3, [r0, #36]
 114:Core/Src/usart.c ****   if (HAL_UART_Init(&huart2) != HAL_OK)
 237              		.loc 1 114 3 is_stmt 1 view .LVU77
 238              		.loc 1 114 7 is_stmt 0 view .LVU78
 239 0020 FFF7FEFF 		bl	HAL_UART_Init
 240              	.LVL4:
 241              		.loc 1 114 6 view .LVU79
 242 0024 28B9     		cbnz	r0, .L16
 243              	.L14:
 115:Core/Src/usart.c ****   {
 116:Core/Src/usart.c ****     Error_Handler();
 117:Core/Src/usart.c ****   }
 118:Core/Src/usart.c ****   /* USER CODE BEGIN USART2_Init 2 */
 119:Core/Src/usart.c ****   USART2->CR1  |= USART_CR1_RXNEIE;
 244              		.loc 1 119 3 is_stmt 1 view .LVU80
 245              		.loc 1 119 16 is_stmt 0 view .LVU81
 246 0026 054A     		ldr	r2, .L17+4
 247 0028 1368     		ldr	r3, [r2]
 248 002a 43F02003 		orr	r3, r3, #32
 249 002e 1360     		str	r3, [r2]
 120:Core/Src/usart.c ****   /* USER CODE END USART2_Init 2 */
 121:Core/Src/usart.c **** 
 122:Core/Src/usart.c **** }
 250              		.loc 1 122 1 view .LVU82
 251 0030 08BD     		pop	{r3, pc}
 252              	.L16:
 116:Core/Src/usart.c ****   }
 253              		.loc 1 116 5 is_stmt 1 view .LVU83
 254 0032 FFF7FEFF 		bl	Error_Handler
 255              	.LVL5:
 256 0036 F6E7     		b	.L14
 257              	.L18:
 258              		.align	2
 259              	.L17:
 260 0038 00000000 		.word	.LANCHOR2
 261 003c 00440040 		.word	1073759232
 262 0040 80841E00 		.word	2000000
 263              		.cfi_endproc
 264              	.LFE143:
 266              		.section	.text.MX_USART3_UART_Init,"ax",%progbits
 267              		.align	1
 268              		.global	MX_USART3_UART_Init
 269              		.syntax unified
 270              		.thumb
 271              		.thumb_func
 272              		.fpu fpv5-sp-d16
 274              	MX_USART3_UART_Init:
 275              	.LFB144:
 123:Core/Src/usart.c **** /* USART3 init function */
 124:Core/Src/usart.c **** 
 125:Core/Src/usart.c **** void MX_USART3_UART_Init(void)
 126:Core/Src/usart.c **** {
 276              		.loc 1 126 1 view -0
 277              		.cfi_startproc
ARM GAS  C:\Users\GUILLE~1\AppData\Local\Temp\ccK11qWt.s 			page 8


 278              		@ args = 0, pretend = 0, frame = 0
 279              		@ frame_needed = 0, uses_anonymous_args = 0
 280 0000 08B5     		push	{r3, lr}
 281              	.LCFI3:
 282              		.cfi_def_cfa_offset 8
 283              		.cfi_offset 3, -8
 284              		.cfi_offset 14, -4
 127:Core/Src/usart.c **** 
 128:Core/Src/usart.c ****   /* USER CODE BEGIN USART3_Init 0 */
 129:Core/Src/usart.c **** 
 130:Core/Src/usart.c ****   /* USER CODE END USART3_Init 0 */
 131:Core/Src/usart.c **** 
 132:Core/Src/usart.c ****   /* USER CODE BEGIN USART3_Init 1 */
 133:Core/Src/usart.c **** 
 134:Core/Src/usart.c ****   /* USER CODE END USART3_Init 1 */
 135:Core/Src/usart.c ****   huart3.Instance = USART3;
 285              		.loc 1 135 3 view .LVU85
 286              		.loc 1 135 19 is_stmt 0 view .LVU86
 287 0002 0D48     		ldr	r0, .L23
 288 0004 0D4B     		ldr	r3, .L23+4
 289 0006 0360     		str	r3, [r0]
 136:Core/Src/usart.c ****   huart3.Init.BaudRate = 2000000;
 290              		.loc 1 136 3 is_stmt 1 view .LVU87
 291              		.loc 1 136 24 is_stmt 0 view .LVU88
 292 0008 0D4B     		ldr	r3, .L23+8
 293 000a 4360     		str	r3, [r0, #4]
 137:Core/Src/usart.c ****   huart3.Init.WordLength = UART_WORDLENGTH_8B;
 294              		.loc 1 137 3 is_stmt 1 view .LVU89
 295              		.loc 1 137 26 is_stmt 0 view .LVU90
 296 000c 0023     		movs	r3, #0
 297 000e 8360     		str	r3, [r0, #8]
 138:Core/Src/usart.c ****   huart3.Init.StopBits = UART_STOPBITS_1;
 298              		.loc 1 138 3 is_stmt 1 view .LVU91
 299              		.loc 1 138 24 is_stmt 0 view .LVU92
 300 0010 C360     		str	r3, [r0, #12]
 139:Core/Src/usart.c ****   huart3.Init.Parity = UART_PARITY_NONE;
 301              		.loc 1 139 3 is_stmt 1 view .LVU93
 302              		.loc 1 139 22 is_stmt 0 view .LVU94
 303 0012 0361     		str	r3, [r0, #16]
 140:Core/Src/usart.c ****   huart3.Init.Mode = UART_MODE_TX_RX;
 304              		.loc 1 140 3 is_stmt 1 view .LVU95
 305              		.loc 1 140 20 is_stmt 0 view .LVU96
 306 0014 0C22     		movs	r2, #12
 307 0016 4261     		str	r2, [r0, #20]
 141:Core/Src/usart.c ****   huart3.Init.HwFlowCtl = UART_HWCONTROL_NONE;
 308              		.loc 1 141 3 is_stmt 1 view .LVU97
 309              		.loc 1 141 25 is_stmt 0 view .LVU98
 310 0018 8361     		str	r3, [r0, #24]
 142:Core/Src/usart.c ****   huart3.Init.OverSampling = UART_OVERSAMPLING_16;
 311              		.loc 1 142 3 is_stmt 1 view .LVU99
 312              		.loc 1 142 28 is_stmt 0 view .LVU100
 313 001a C361     		str	r3, [r0, #28]
 143:Core/Src/usart.c ****   huart3.Init.OneBitSampling = UART_ONE_BIT_SAMPLE_DISABLE;
 314              		.loc 1 143 3 is_stmt 1 view .LVU101
 315              		.loc 1 143 30 is_stmt 0 view .LVU102
 316 001c 0362     		str	r3, [r0, #32]
 144:Core/Src/usart.c ****   huart3.AdvancedInit.AdvFeatureInit = UART_ADVFEATURE_NO_INIT;
ARM GAS  C:\Users\GUILLE~1\AppData\Local\Temp\ccK11qWt.s 			page 9


 317              		.loc 1 144 3 is_stmt 1 view .LVU103
 318              		.loc 1 144 38 is_stmt 0 view .LVU104
 319 001e 4362     		str	r3, [r0, #36]
 145:Core/Src/usart.c ****   if (HAL_UART_Init(&huart3) != HAL_OK)
 320              		.loc 1 145 3 is_stmt 1 view .LVU105
 321              		.loc 1 145 7 is_stmt 0 view .LVU106
 322 0020 FFF7FEFF 		bl	HAL_UART_Init
 323              	.LVL6:
 324              		.loc 1 145 6 view .LVU107
 325 0024 28B9     		cbnz	r0, .L22
 326              	.L20:
 146:Core/Src/usart.c ****   {
 147:Core/Src/usart.c ****     Error_Handler();
 148:Core/Src/usart.c ****   }
 149:Core/Src/usart.c ****   /* USER CODE BEGIN USART3_Init 2 */
 150:Core/Src/usart.c ****   USART3->CR1  |= USART_CR1_RXNEIE;
 327              		.loc 1 150 3 is_stmt 1 view .LVU108
 328              		.loc 1 150 16 is_stmt 0 view .LVU109
 329 0026 054A     		ldr	r2, .L23+4
 330 0028 1368     		ldr	r3, [r2]
 331 002a 43F02003 		orr	r3, r3, #32
 332 002e 1360     		str	r3, [r2]
 151:Core/Src/usart.c ****   /* USER CODE END USART3_Init 2 */
 152:Core/Src/usart.c **** 
 153:Core/Src/usart.c **** }
 333              		.loc 1 153 1 view .LVU110
 334 0030 08BD     		pop	{r3, pc}
 335              	.L22:
 147:Core/Src/usart.c ****   }
 336              		.loc 1 147 5 is_stmt 1 view .LVU111
 337 0032 FFF7FEFF 		bl	Error_Handler
 338              	.LVL7:
 339 0036 F6E7     		b	.L20
 340              	.L24:
 341              		.align	2
 342              	.L23:
 343 0038 00000000 		.word	.LANCHOR3
 344 003c 00480040 		.word	1073760256
 345 0040 80841E00 		.word	2000000
 346              		.cfi_endproc
 347              	.LFE144:
 349              		.section	.text.HAL_UART_MspInit,"ax",%progbits
 350              		.align	1
 351              		.global	HAL_UART_MspInit
 352              		.syntax unified
 353              		.thumb
 354              		.thumb_func
 355              		.fpu fpv5-sp-d16
 357              	HAL_UART_MspInit:
 358              	.LVL8:
 359              	.LFB145:
 154:Core/Src/usart.c **** 
 155:Core/Src/usart.c **** void HAL_UART_MspInit(UART_HandleTypeDef* uartHandle)
 156:Core/Src/usart.c **** {
 360              		.loc 1 156 1 view -0
 361              		.cfi_startproc
 362              		@ args = 0, pretend = 0, frame = 56
ARM GAS  C:\Users\GUILLE~1\AppData\Local\Temp\ccK11qWt.s 			page 10


 363              		@ frame_needed = 0, uses_anonymous_args = 0
 364              		.loc 1 156 1 is_stmt 0 view .LVU113
 365 0000 70B5     		push	{r4, r5, r6, lr}
 366              	.LCFI4:
 367              		.cfi_def_cfa_offset 16
 368              		.cfi_offset 4, -16
 369              		.cfi_offset 5, -12
 370              		.cfi_offset 6, -8
 371              		.cfi_offset 14, -4
 372 0002 8EB0     		sub	sp, sp, #56
 373              	.LCFI5:
 374              		.cfi_def_cfa_offset 72
 157:Core/Src/usart.c **** 
 158:Core/Src/usart.c ****   GPIO_InitTypeDef GPIO_InitStruct = {0};
 375              		.loc 1 158 3 is_stmt 1 view .LVU114
 376              		.loc 1 158 20 is_stmt 0 view .LVU115
 377 0004 0023     		movs	r3, #0
 378 0006 0993     		str	r3, [sp, #36]
 379 0008 0A93     		str	r3, [sp, #40]
 380 000a 0B93     		str	r3, [sp, #44]
 381 000c 0C93     		str	r3, [sp, #48]
 382 000e 0D93     		str	r3, [sp, #52]
 159:Core/Src/usart.c ****   if(uartHandle->Instance==UART4)
 383              		.loc 1 159 3 is_stmt 1 view .LVU116
 384              		.loc 1 159 16 is_stmt 0 view .LVU117
 385 0010 0368     		ldr	r3, [r0]
 386              		.loc 1 159 5 view .LVU118
 387 0012 634A     		ldr	r2, .L35
 388 0014 9342     		cmp	r3, r2
 389 0016 0BD0     		beq	.L31
 160:Core/Src/usart.c ****   {
 161:Core/Src/usart.c ****   /* USER CODE BEGIN UART4_MspInit 0 */
 162:Core/Src/usart.c **** 
 163:Core/Src/usart.c ****   /* USER CODE END UART4_MspInit 0 */
 164:Core/Src/usart.c ****     /* UART4 clock enable */
 165:Core/Src/usart.c ****     __HAL_RCC_UART4_CLK_ENABLE();
 166:Core/Src/usart.c **** 
 167:Core/Src/usart.c ****     __HAL_RCC_GPIOC_CLK_ENABLE();
 168:Core/Src/usart.c ****     /**UART4 GPIO Configuration
 169:Core/Src/usart.c ****     PC10     ------> UART4_TX
 170:Core/Src/usart.c ****     PC11     ------> UART4_RX
 171:Core/Src/usart.c ****     */
 172:Core/Src/usart.c ****     GPIO_InitStruct.Pin = GPIO_PIN_10|GPIO_PIN_11;
 173:Core/Src/usart.c ****     GPIO_InitStruct.Mode = GPIO_MODE_AF_PP;
 174:Core/Src/usart.c ****     GPIO_InitStruct.Pull = GPIO_NOPULL;
 175:Core/Src/usart.c ****     GPIO_InitStruct.Speed = GPIO_SPEED_FREQ_VERY_HIGH;
 176:Core/Src/usart.c ****     GPIO_InitStruct.Alternate = GPIO_AF8_UART4;
 177:Core/Src/usart.c ****     HAL_GPIO_Init(GPIOC, &GPIO_InitStruct);
 178:Core/Src/usart.c **** 
 179:Core/Src/usart.c ****     /* UART4 interrupt Init */
 180:Core/Src/usart.c ****     HAL_NVIC_SetPriority(UART4_IRQn, 0, 0);
 181:Core/Src/usart.c ****     HAL_NVIC_EnableIRQ(UART4_IRQn);
 182:Core/Src/usart.c ****   /* USER CODE BEGIN UART4_MspInit 1 */
 183:Core/Src/usart.c **** 
 184:Core/Src/usart.c ****   /* USER CODE END UART4_MspInit 1 */
 185:Core/Src/usart.c ****   }
 186:Core/Src/usart.c ****   else if(uartHandle->Instance==UART5)
ARM GAS  C:\Users\GUILLE~1\AppData\Local\Temp\ccK11qWt.s 			page 11


 390              		.loc 1 186 8 is_stmt 1 view .LVU119
 391              		.loc 1 186 10 is_stmt 0 view .LVU120
 392 0018 624A     		ldr	r2, .L35+4
 393 001a 9342     		cmp	r3, r2
 394 001c 31D0     		beq	.L32
 187:Core/Src/usart.c ****   {
 188:Core/Src/usart.c ****   /* USER CODE BEGIN UART5_MspInit 0 */
 189:Core/Src/usart.c **** 
 190:Core/Src/usart.c ****   /* USER CODE END UART5_MspInit 0 */
 191:Core/Src/usart.c ****     /* UART5 clock enable */
 192:Core/Src/usart.c ****     __HAL_RCC_UART5_CLK_ENABLE();
 193:Core/Src/usart.c **** 
 194:Core/Src/usart.c ****     __HAL_RCC_GPIOC_CLK_ENABLE();
 195:Core/Src/usart.c ****     __HAL_RCC_GPIOD_CLK_ENABLE();
 196:Core/Src/usart.c ****     /**UART5 GPIO Configuration
 197:Core/Src/usart.c ****     PC12     ------> UART5_TX
 198:Core/Src/usart.c ****     PD2     ------> UART5_RX
 199:Core/Src/usart.c ****     */
 200:Core/Src/usart.c ****     GPIO_InitStruct.Pin = GPIO_PIN_12;
 201:Core/Src/usart.c ****     GPIO_InitStruct.Mode = GPIO_MODE_AF_PP;
 202:Core/Src/usart.c ****     GPIO_InitStruct.Pull = GPIO_NOPULL;
 203:Core/Src/usart.c ****     GPIO_InitStruct.Speed = GPIO_SPEED_FREQ_VERY_HIGH;
 204:Core/Src/usart.c ****     GPIO_InitStruct.Alternate = GPIO_AF8_UART5;
 205:Core/Src/usart.c ****     HAL_GPIO_Init(GPIOC, &GPIO_InitStruct);
 206:Core/Src/usart.c **** 
 207:Core/Src/usart.c ****     GPIO_InitStruct.Pin = GPIO_PIN_2;
 208:Core/Src/usart.c ****     GPIO_InitStruct.Mode = GPIO_MODE_AF_PP;
 209:Core/Src/usart.c ****     GPIO_InitStruct.Pull = GPIO_NOPULL;
 210:Core/Src/usart.c ****     GPIO_InitStruct.Speed = GPIO_SPEED_FREQ_VERY_HIGH;
 211:Core/Src/usart.c ****     GPIO_InitStruct.Alternate = GPIO_AF8_UART5;
 212:Core/Src/usart.c ****     HAL_GPIO_Init(GPIOD, &GPIO_InitStruct);
 213:Core/Src/usart.c **** 
 214:Core/Src/usart.c ****     /* UART5 interrupt Init */
 215:Core/Src/usart.c ****     HAL_NVIC_SetPriority(UART5_IRQn, 0, 0);
 216:Core/Src/usart.c ****     HAL_NVIC_EnableIRQ(UART5_IRQn);
 217:Core/Src/usart.c ****   /* USER CODE BEGIN UART5_MspInit 1 */
 218:Core/Src/usart.c **** 
 219:Core/Src/usart.c ****   /* USER CODE END UART5_MspInit 1 */
 220:Core/Src/usart.c ****   }
 221:Core/Src/usart.c ****   else if(uartHandle->Instance==USART2)
 395              		.loc 1 221 8 is_stmt 1 view .LVU121
 396              		.loc 1 221 10 is_stmt 0 view .LVU122
 397 001e 624A     		ldr	r2, .L35+8
 398 0020 9342     		cmp	r3, r2
 399 0022 6BD0     		beq	.L33
 222:Core/Src/usart.c ****   {
 223:Core/Src/usart.c ****   /* USER CODE BEGIN USART2_MspInit 0 */
 224:Core/Src/usart.c **** 
 225:Core/Src/usart.c ****   /* USER CODE END USART2_MspInit 0 */
 226:Core/Src/usart.c ****     /* USART2 clock enable */
 227:Core/Src/usart.c ****     __HAL_RCC_USART2_CLK_ENABLE();
 228:Core/Src/usart.c **** 
 229:Core/Src/usart.c ****     __HAL_RCC_GPIOD_CLK_ENABLE();
 230:Core/Src/usart.c ****     /**USART2 GPIO Configuration
 231:Core/Src/usart.c ****     PD5     ------> USART2_TX
 232:Core/Src/usart.c ****     PD6     ------> USART2_RX
 233:Core/Src/usart.c ****     */
ARM GAS  C:\Users\GUILLE~1\AppData\Local\Temp\ccK11qWt.s 			page 12


 234:Core/Src/usart.c ****     GPIO_InitStruct.Pin = GPIO_PIN_5|GPIO_PIN_6;
 235:Core/Src/usart.c ****     GPIO_InitStruct.Mode = GPIO_MODE_AF_PP;
 236:Core/Src/usart.c ****     GPIO_InitStruct.Pull = GPIO_NOPULL;
 237:Core/Src/usart.c ****     GPIO_InitStruct.Speed = GPIO_SPEED_FREQ_VERY_HIGH;
 238:Core/Src/usart.c ****     GPIO_InitStruct.Alternate = GPIO_AF7_USART2;
 239:Core/Src/usart.c ****     HAL_GPIO_Init(GPIOD, &GPIO_InitStruct);
 240:Core/Src/usart.c **** 
 241:Core/Src/usart.c ****     /* USART2 interrupt Init */
 242:Core/Src/usart.c ****     HAL_NVIC_SetPriority(USART2_IRQn, 0, 0);
 243:Core/Src/usart.c ****     HAL_NVIC_EnableIRQ(USART2_IRQn);
 244:Core/Src/usart.c ****   /* USER CODE BEGIN USART2_MspInit 1 */
 245:Core/Src/usart.c **** 
 246:Core/Src/usart.c ****   /* USER CODE END USART2_MspInit 1 */
 247:Core/Src/usart.c ****   }
 248:Core/Src/usart.c ****   else if(uartHandle->Instance==USART3)
 400              		.loc 1 248 8 is_stmt 1 view .LVU123
 401              		.loc 1 248 10 is_stmt 0 view .LVU124
 402 0024 614A     		ldr	r2, .L35+12
 403 0026 9342     		cmp	r3, r2
 404 0028 00F09080 		beq	.L34
 405              	.LVL9:
 406              	.L25:
 249:Core/Src/usart.c ****   {
 250:Core/Src/usart.c ****   /* USER CODE BEGIN USART3_MspInit 0 */
 251:Core/Src/usart.c **** 
 252:Core/Src/usart.c ****   /* USER CODE END USART3_MspInit 0 */
 253:Core/Src/usart.c ****     /* USART3 clock enable */
 254:Core/Src/usart.c ****     __HAL_RCC_USART3_CLK_ENABLE();
 255:Core/Src/usart.c **** 
 256:Core/Src/usart.c ****     __HAL_RCC_GPIOD_CLK_ENABLE();
 257:Core/Src/usart.c ****     /**USART3 GPIO Configuration
 258:Core/Src/usart.c ****     PD8     ------> USART3_TX
 259:Core/Src/usart.c ****     PD9     ------> USART3_RX
 260:Core/Src/usart.c ****     */
 261:Core/Src/usart.c ****     GPIO_InitStruct.Pin = GPIO_PIN_8|GPIO_PIN_9;
 262:Core/Src/usart.c ****     GPIO_InitStruct.Mode = GPIO_MODE_AF_PP;
 263:Core/Src/usart.c ****     GPIO_InitStruct.Pull = GPIO_NOPULL;
 264:Core/Src/usart.c ****     GPIO_InitStruct.Speed = GPIO_SPEED_FREQ_VERY_HIGH;
 265:Core/Src/usart.c ****     GPIO_InitStruct.Alternate = GPIO_AF7_USART3;
 266:Core/Src/usart.c ****     HAL_GPIO_Init(GPIOD, &GPIO_InitStruct);
 267:Core/Src/usart.c **** 
 268:Core/Src/usart.c ****     /* USART3 interrupt Init */
 269:Core/Src/usart.c ****     HAL_NVIC_SetPriority(USART3_IRQn, 0, 0);
 270:Core/Src/usart.c ****     HAL_NVIC_EnableIRQ(USART3_IRQn);
 271:Core/Src/usart.c ****   /* USER CODE BEGIN USART3_MspInit 1 */
 272:Core/Src/usart.c **** 
 273:Core/Src/usart.c ****   /* USER CODE END USART3_MspInit 1 */
 274:Core/Src/usart.c ****   }
 275:Core/Src/usart.c **** }
 407              		.loc 1 275 1 view .LVU125
 408 002c 0EB0     		add	sp, sp, #56
 409              	.LCFI6:
 410              		.cfi_remember_state
 411              		.cfi_def_cfa_offset 16
 412              		@ sp needed
 413 002e 70BD     		pop	{r4, r5, r6, pc}
 414              	.LVL10:
ARM GAS  C:\Users\GUILLE~1\AppData\Local\Temp\ccK11qWt.s 			page 13


 415              	.L31:
 416              	.LCFI7:
 417              		.cfi_restore_state
 165:Core/Src/usart.c **** 
 418              		.loc 1 165 5 is_stmt 1 view .LVU126
 419              	.LBB2:
 165:Core/Src/usart.c **** 
 420              		.loc 1 165 5 view .LVU127
 165:Core/Src/usart.c **** 
 421              		.loc 1 165 5 view .LVU128
 422 0030 5F4B     		ldr	r3, .L35+16
 423 0032 1A6C     		ldr	r2, [r3, #64]
 424 0034 42F40022 		orr	r2, r2, #524288
 425 0038 1A64     		str	r2, [r3, #64]
 165:Core/Src/usart.c **** 
 426              		.loc 1 165 5 view .LVU129
 427 003a 1A6C     		ldr	r2, [r3, #64]
 428 003c 02F40022 		and	r2, r2, #524288
 429 0040 0092     		str	r2, [sp]
 165:Core/Src/usart.c **** 
 430              		.loc 1 165 5 view .LVU130
 431 0042 009A     		ldr	r2, [sp]
 432              	.LBE2:
 165:Core/Src/usart.c **** 
 433              		.loc 1 165 5 view .LVU131
 167:Core/Src/usart.c ****     /**UART4 GPIO Configuration
 434              		.loc 1 167 5 view .LVU132
 435              	.LBB3:
 167:Core/Src/usart.c ****     /**UART4 GPIO Configuration
 436              		.loc 1 167 5 view .LVU133
 167:Core/Src/usart.c ****     /**UART4 GPIO Configuration
 437              		.loc 1 167 5 view .LVU134
 438 0044 1A6B     		ldr	r2, [r3, #48]
 439 0046 42F00402 		orr	r2, r2, #4
 440 004a 1A63     		str	r2, [r3, #48]
 167:Core/Src/usart.c ****     /**UART4 GPIO Configuration
 441              		.loc 1 167 5 view .LVU135
 442 004c 1B6B     		ldr	r3, [r3, #48]
 443 004e 03F00403 		and	r3, r3, #4
 444 0052 0193     		str	r3, [sp, #4]
 167:Core/Src/usart.c ****     /**UART4 GPIO Configuration
 445              		.loc 1 167 5 view .LVU136
 446 0054 019B     		ldr	r3, [sp, #4]
 447              	.LBE3:
 167:Core/Src/usart.c ****     /**UART4 GPIO Configuration
 448              		.loc 1 167 5 view .LVU137
 172:Core/Src/usart.c ****     GPIO_InitStruct.Mode = GPIO_MODE_AF_PP;
 449              		.loc 1 172 5 view .LVU138
 172:Core/Src/usart.c ****     GPIO_InitStruct.Mode = GPIO_MODE_AF_PP;
 450              		.loc 1 172 25 is_stmt 0 view .LVU139
 451 0056 4FF44063 		mov	r3, #3072
 452 005a 0993     		str	r3, [sp, #36]
 173:Core/Src/usart.c ****     GPIO_InitStruct.Pull = GPIO_NOPULL;
 453              		.loc 1 173 5 is_stmt 1 view .LVU140
 173:Core/Src/usart.c ****     GPIO_InitStruct.Pull = GPIO_NOPULL;
 454              		.loc 1 173 26 is_stmt 0 view .LVU141
 455 005c 0223     		movs	r3, #2
ARM GAS  C:\Users\GUILLE~1\AppData\Local\Temp\ccK11qWt.s 			page 14


 456 005e 0A93     		str	r3, [sp, #40]
 174:Core/Src/usart.c ****     GPIO_InitStruct.Speed = GPIO_SPEED_FREQ_VERY_HIGH;
 457              		.loc 1 174 5 is_stmt 1 view .LVU142
 175:Core/Src/usart.c ****     GPIO_InitStruct.Alternate = GPIO_AF8_UART4;
 458              		.loc 1 175 5 view .LVU143
 175:Core/Src/usart.c ****     GPIO_InitStruct.Alternate = GPIO_AF8_UART4;
 459              		.loc 1 175 27 is_stmt 0 view .LVU144
 460 0060 0323     		movs	r3, #3
 461 0062 0C93     		str	r3, [sp, #48]
 176:Core/Src/usart.c ****     HAL_GPIO_Init(GPIOC, &GPIO_InitStruct);
 462              		.loc 1 176 5 is_stmt 1 view .LVU145
 176:Core/Src/usart.c ****     HAL_GPIO_Init(GPIOC, &GPIO_InitStruct);
 463              		.loc 1 176 31 is_stmt 0 view .LVU146
 464 0064 0823     		movs	r3, #8
 465 0066 0D93     		str	r3, [sp, #52]
 177:Core/Src/usart.c **** 
 466              		.loc 1 177 5 is_stmt 1 view .LVU147
 467 0068 09A9     		add	r1, sp, #36
 468 006a 5248     		ldr	r0, .L35+20
 469              	.LVL11:
 177:Core/Src/usart.c **** 
 470              		.loc 1 177 5 is_stmt 0 view .LVU148
 471 006c FFF7FEFF 		bl	HAL_GPIO_Init
 472              	.LVL12:
 180:Core/Src/usart.c ****     HAL_NVIC_EnableIRQ(UART4_IRQn);
 473              		.loc 1 180 5 is_stmt 1 view .LVU149
 474 0070 0022     		movs	r2, #0
 475 0072 1146     		mov	r1, r2
 476 0074 3420     		movs	r0, #52
 477 0076 FFF7FEFF 		bl	HAL_NVIC_SetPriority
 478              	.LVL13:
 181:Core/Src/usart.c ****   /* USER CODE BEGIN UART4_MspInit 1 */
 479              		.loc 1 181 5 view .LVU150
 480 007a 3420     		movs	r0, #52
 481 007c FFF7FEFF 		bl	HAL_NVIC_EnableIRQ
 482              	.LVL14:
 483 0080 D4E7     		b	.L25
 484              	.LVL15:
 485              	.L32:
 192:Core/Src/usart.c **** 
 486              		.loc 1 192 5 view .LVU151
 487              	.LBB4:
 192:Core/Src/usart.c **** 
 488              		.loc 1 192 5 view .LVU152
 192:Core/Src/usart.c **** 
 489              		.loc 1 192 5 view .LVU153
 490 0082 4B4B     		ldr	r3, .L35+16
 491 0084 1A6C     		ldr	r2, [r3, #64]
 492 0086 42F48012 		orr	r2, r2, #1048576
 493 008a 1A64     		str	r2, [r3, #64]
 192:Core/Src/usart.c **** 
 494              		.loc 1 192 5 view .LVU154
 495 008c 1A6C     		ldr	r2, [r3, #64]
 496 008e 02F48012 		and	r2, r2, #1048576
 497 0092 0292     		str	r2, [sp, #8]
 192:Core/Src/usart.c **** 
 498              		.loc 1 192 5 view .LVU155
ARM GAS  C:\Users\GUILLE~1\AppData\Local\Temp\ccK11qWt.s 			page 15


 499 0094 029A     		ldr	r2, [sp, #8]
 500              	.LBE4:
 192:Core/Src/usart.c **** 
 501              		.loc 1 192 5 view .LVU156
 194:Core/Src/usart.c ****     __HAL_RCC_GPIOD_CLK_ENABLE();
 502              		.loc 1 194 5 view .LVU157
 503              	.LBB5:
 194:Core/Src/usart.c ****     __HAL_RCC_GPIOD_CLK_ENABLE();
 504              		.loc 1 194 5 view .LVU158
 194:Core/Src/usart.c ****     __HAL_RCC_GPIOD_CLK_ENABLE();
 505              		.loc 1 194 5 view .LVU159
 506 0096 1A6B     		ldr	r2, [r3, #48]
 507 0098 42F00402 		orr	r2, r2, #4
 508 009c 1A63     		str	r2, [r3, #48]
 194:Core/Src/usart.c ****     __HAL_RCC_GPIOD_CLK_ENABLE();
 509              		.loc 1 194 5 view .LVU160
 510 009e 1A6B     		ldr	r2, [r3, #48]
 511 00a0 02F00402 		and	r2, r2, #4
 512 00a4 0392     		str	r2, [sp, #12]
 194:Core/Src/usart.c ****     __HAL_RCC_GPIOD_CLK_ENABLE();
 513              		.loc 1 194 5 view .LVU161
 514 00a6 039A     		ldr	r2, [sp, #12]
 515              	.LBE5:
 194:Core/Src/usart.c ****     __HAL_RCC_GPIOD_CLK_ENABLE();
 516              		.loc 1 194 5 view .LVU162
 195:Core/Src/usart.c ****     /**UART5 GPIO Configuration
 517              		.loc 1 195 5 view .LVU163
 518              	.LBB6:
 195:Core/Src/usart.c ****     /**UART5 GPIO Configuration
 519              		.loc 1 195 5 view .LVU164
 195:Core/Src/usart.c ****     /**UART5 GPIO Configuration
 520              		.loc 1 195 5 view .LVU165
 521 00a8 1A6B     		ldr	r2, [r3, #48]
 522 00aa 42F00802 		orr	r2, r2, #8
 523 00ae 1A63     		str	r2, [r3, #48]
 195:Core/Src/usart.c ****     /**UART5 GPIO Configuration
 524              		.loc 1 195 5 view .LVU166
 525 00b0 1B6B     		ldr	r3, [r3, #48]
 526 00b2 03F00803 		and	r3, r3, #8
 527 00b6 0493     		str	r3, [sp, #16]
 195:Core/Src/usart.c ****     /**UART5 GPIO Configuration
 528              		.loc 1 195 5 view .LVU167
 529 00b8 049B     		ldr	r3, [sp, #16]
 530              	.LBE6:
 195:Core/Src/usart.c ****     /**UART5 GPIO Configuration
 531              		.loc 1 195 5 view .LVU168
 200:Core/Src/usart.c ****     GPIO_InitStruct.Mode = GPIO_MODE_AF_PP;
 532              		.loc 1 200 5 view .LVU169
 200:Core/Src/usart.c ****     GPIO_InitStruct.Mode = GPIO_MODE_AF_PP;
 533              		.loc 1 200 25 is_stmt 0 view .LVU170
 534 00ba 4FF48053 		mov	r3, #4096
 535 00be 0993     		str	r3, [sp, #36]
 201:Core/Src/usart.c ****     GPIO_InitStruct.Pull = GPIO_NOPULL;
 536              		.loc 1 201 5 is_stmt 1 view .LVU171
 201:Core/Src/usart.c ****     GPIO_InitStruct.Pull = GPIO_NOPULL;
 537              		.loc 1 201 26 is_stmt 0 view .LVU172
 538 00c0 0224     		movs	r4, #2
ARM GAS  C:\Users\GUILLE~1\AppData\Local\Temp\ccK11qWt.s 			page 16


 539 00c2 0A94     		str	r4, [sp, #40]
 202:Core/Src/usart.c ****     GPIO_InitStruct.Speed = GPIO_SPEED_FREQ_VERY_HIGH;
 540              		.loc 1 202 5 is_stmt 1 view .LVU173
 203:Core/Src/usart.c ****     GPIO_InitStruct.Alternate = GPIO_AF8_UART5;
 541              		.loc 1 203 5 view .LVU174
 203:Core/Src/usart.c ****     GPIO_InitStruct.Alternate = GPIO_AF8_UART5;
 542              		.loc 1 203 27 is_stmt 0 view .LVU175
 543 00c4 0326     		movs	r6, #3
 544 00c6 0C96     		str	r6, [sp, #48]
 204:Core/Src/usart.c ****     HAL_GPIO_Init(GPIOC, &GPIO_InitStruct);
 545              		.loc 1 204 5 is_stmt 1 view .LVU176
 204:Core/Src/usart.c ****     HAL_GPIO_Init(GPIOC, &GPIO_InitStruct);
 546              		.loc 1 204 31 is_stmt 0 view .LVU177
 547 00c8 0825     		movs	r5, #8
 548 00ca 0D95     		str	r5, [sp, #52]
 205:Core/Src/usart.c **** 
 549              		.loc 1 205 5 is_stmt 1 view .LVU178
 550 00cc 09A9     		add	r1, sp, #36
 551 00ce 3948     		ldr	r0, .L35+20
 552              	.LVL16:
 205:Core/Src/usart.c **** 
 553              		.loc 1 205 5 is_stmt 0 view .LVU179
 554 00d0 FFF7FEFF 		bl	HAL_GPIO_Init
 555              	.LVL17:
 207:Core/Src/usart.c ****     GPIO_InitStruct.Mode = GPIO_MODE_AF_PP;
 556              		.loc 1 207 5 is_stmt 1 view .LVU180
 207:Core/Src/usart.c ****     GPIO_InitStruct.Mode = GPIO_MODE_AF_PP;
 557              		.loc 1 207 25 is_stmt 0 view .LVU181
 558 00d4 0423     		movs	r3, #4
 559 00d6 0993     		str	r3, [sp, #36]
 208:Core/Src/usart.c ****     GPIO_InitStruct.Pull = GPIO_NOPULL;
 560              		.loc 1 208 5 is_stmt 1 view .LVU182
 208:Core/Src/usart.c ****     GPIO_InitStruct.Pull = GPIO_NOPULL;
 561              		.loc 1 208 26 is_stmt 0 view .LVU183
 562 00d8 0A94     		str	r4, [sp, #40]
 209:Core/Src/usart.c ****     GPIO_InitStruct.Speed = GPIO_SPEED_FREQ_VERY_HIGH;
 563              		.loc 1 209 5 is_stmt 1 view .LVU184
 209:Core/Src/usart.c ****     GPIO_InitStruct.Speed = GPIO_SPEED_FREQ_VERY_HIGH;
 564              		.loc 1 209 26 is_stmt 0 view .LVU185
 565 00da 0024     		movs	r4, #0
 566 00dc 0B94     		str	r4, [sp, #44]
 210:Core/Src/usart.c ****     GPIO_InitStruct.Alternate = GPIO_AF8_UART5;
 567              		.loc 1 210 5 is_stmt 1 view .LVU186
 210:Core/Src/usart.c ****     GPIO_InitStruct.Alternate = GPIO_AF8_UART5;
 568              		.loc 1 210 27 is_stmt 0 view .LVU187
 569 00de 0C96     		str	r6, [sp, #48]
 211:Core/Src/usart.c ****     HAL_GPIO_Init(GPIOD, &GPIO_InitStruct);
 570              		.loc 1 211 5 is_stmt 1 view .LVU188
 211:Core/Src/usart.c ****     HAL_GPIO_Init(GPIOD, &GPIO_InitStruct);
 571              		.loc 1 211 31 is_stmt 0 view .LVU189
 572 00e0 0D95     		str	r5, [sp, #52]
 212:Core/Src/usart.c **** 
 573              		.loc 1 212 5 is_stmt 1 view .LVU190
 574 00e2 09A9     		add	r1, sp, #36
 575 00e4 3448     		ldr	r0, .L35+24
 576 00e6 FFF7FEFF 		bl	HAL_GPIO_Init
 577              	.LVL18:
ARM GAS  C:\Users\GUILLE~1\AppData\Local\Temp\ccK11qWt.s 			page 17


 215:Core/Src/usart.c ****     HAL_NVIC_EnableIRQ(UART5_IRQn);
 578              		.loc 1 215 5 view .LVU191
 579 00ea 2246     		mov	r2, r4
 580 00ec 2146     		mov	r1, r4
 581 00ee 3520     		movs	r0, #53
 582 00f0 FFF7FEFF 		bl	HAL_NVIC_SetPriority
 583              	.LVL19:
 216:Core/Src/usart.c ****   /* USER CODE BEGIN UART5_MspInit 1 */
 584              		.loc 1 216 5 view .LVU192
 585 00f4 3520     		movs	r0, #53
 586 00f6 FFF7FEFF 		bl	HAL_NVIC_EnableIRQ
 587              	.LVL20:
 588 00fa 97E7     		b	.L25
 589              	.LVL21:
 590              	.L33:
 227:Core/Src/usart.c **** 
 591              		.loc 1 227 5 view .LVU193
 592              	.LBB7:
 227:Core/Src/usart.c **** 
 593              		.loc 1 227 5 view .LVU194
 227:Core/Src/usart.c **** 
 594              		.loc 1 227 5 view .LVU195
 595 00fc 2C4B     		ldr	r3, .L35+16
 596 00fe 1A6C     		ldr	r2, [r3, #64]
 597 0100 42F40032 		orr	r2, r2, #131072
 598 0104 1A64     		str	r2, [r3, #64]
 227:Core/Src/usart.c **** 
 599              		.loc 1 227 5 view .LVU196
 600 0106 1A6C     		ldr	r2, [r3, #64]
 601 0108 02F40032 		and	r2, r2, #131072
 602 010c 0592     		str	r2, [sp, #20]
 227:Core/Src/usart.c **** 
 603              		.loc 1 227 5 view .LVU197
 604 010e 059A     		ldr	r2, [sp, #20]
 605              	.LBE7:
 227:Core/Src/usart.c **** 
 606              		.loc 1 227 5 view .LVU198
 229:Core/Src/usart.c ****     /**USART2 GPIO Configuration
 607              		.loc 1 229 5 view .LVU199
 608              	.LBB8:
 229:Core/Src/usart.c ****     /**USART2 GPIO Configuration
 609              		.loc 1 229 5 view .LVU200
 229:Core/Src/usart.c ****     /**USART2 GPIO Configuration
 610              		.loc 1 229 5 view .LVU201
 611 0110 1A6B     		ldr	r2, [r3, #48]
 612 0112 42F00802 		orr	r2, r2, #8
 613 0116 1A63     		str	r2, [r3, #48]
 229:Core/Src/usart.c ****     /**USART2 GPIO Configuration
 614              		.loc 1 229 5 view .LVU202
 615 0118 1B6B     		ldr	r3, [r3, #48]
 616 011a 03F00803 		and	r3, r3, #8
 617 011e 0693     		str	r3, [sp, #24]
 229:Core/Src/usart.c ****     /**USART2 GPIO Configuration
 618              		.loc 1 229 5 view .LVU203
 619 0120 069B     		ldr	r3, [sp, #24]
 620              	.LBE8:
 229:Core/Src/usart.c ****     /**USART2 GPIO Configuration
ARM GAS  C:\Users\GUILLE~1\AppData\Local\Temp\ccK11qWt.s 			page 18


 621              		.loc 1 229 5 view .LVU204
 234:Core/Src/usart.c ****     GPIO_InitStruct.Mode = GPIO_MODE_AF_PP;
 622              		.loc 1 234 5 view .LVU205
 234:Core/Src/usart.c ****     GPIO_InitStruct.Mode = GPIO_MODE_AF_PP;
 623              		.loc 1 234 25 is_stmt 0 view .LVU206
 624 0122 6023     		movs	r3, #96
 625 0124 0993     		str	r3, [sp, #36]
 235:Core/Src/usart.c ****     GPIO_InitStruct.Pull = GPIO_NOPULL;
 626              		.loc 1 235 5 is_stmt 1 view .LVU207
 235:Core/Src/usart.c ****     GPIO_InitStruct.Pull = GPIO_NOPULL;
 627              		.loc 1 235 26 is_stmt 0 view .LVU208
 628 0126 0223     		movs	r3, #2
 629 0128 0A93     		str	r3, [sp, #40]
 236:Core/Src/usart.c ****     GPIO_InitStruct.Speed = GPIO_SPEED_FREQ_VERY_HIGH;
 630              		.loc 1 236 5 is_stmt 1 view .LVU209
 237:Core/Src/usart.c ****     GPIO_InitStruct.Alternate = GPIO_AF7_USART2;
 631              		.loc 1 237 5 view .LVU210
 237:Core/Src/usart.c ****     GPIO_InitStruct.Alternate = GPIO_AF7_USART2;
 632              		.loc 1 237 27 is_stmt 0 view .LVU211
 633 012a 0323     		movs	r3, #3
 634 012c 0C93     		str	r3, [sp, #48]
 238:Core/Src/usart.c ****     HAL_GPIO_Init(GPIOD, &GPIO_InitStruct);
 635              		.loc 1 238 5 is_stmt 1 view .LVU212
 238:Core/Src/usart.c ****     HAL_GPIO_Init(GPIOD, &GPIO_InitStruct);
 636              		.loc 1 238 31 is_stmt 0 view .LVU213
 637 012e 0723     		movs	r3, #7
 638 0130 0D93     		str	r3, [sp, #52]
 239:Core/Src/usart.c **** 
 639              		.loc 1 239 5 is_stmt 1 view .LVU214
 640 0132 09A9     		add	r1, sp, #36
 641 0134 2048     		ldr	r0, .L35+24
 642              	.LVL22:
 239:Core/Src/usart.c **** 
 643              		.loc 1 239 5 is_stmt 0 view .LVU215
 644 0136 FFF7FEFF 		bl	HAL_GPIO_Init
 645              	.LVL23:
 242:Core/Src/usart.c ****     HAL_NVIC_EnableIRQ(USART2_IRQn);
 646              		.loc 1 242 5 is_stmt 1 view .LVU216
 647 013a 0022     		movs	r2, #0
 648 013c 1146     		mov	r1, r2
 649 013e 2620     		movs	r0, #38
 650 0140 FFF7FEFF 		bl	HAL_NVIC_SetPriority
 651              	.LVL24:
 243:Core/Src/usart.c ****   /* USER CODE BEGIN USART2_MspInit 1 */
 652              		.loc 1 243 5 view .LVU217
 653 0144 2620     		movs	r0, #38
 654 0146 FFF7FEFF 		bl	HAL_NVIC_EnableIRQ
 655              	.LVL25:
 656 014a 6FE7     		b	.L25
 657              	.LVL26:
 658              	.L34:
 254:Core/Src/usart.c **** 
 659              		.loc 1 254 5 view .LVU218
 660              	.LBB9:
 254:Core/Src/usart.c **** 
 661              		.loc 1 254 5 view .LVU219
 254:Core/Src/usart.c **** 
ARM GAS  C:\Users\GUILLE~1\AppData\Local\Temp\ccK11qWt.s 			page 19


 662              		.loc 1 254 5 view .LVU220
 663 014c 184B     		ldr	r3, .L35+16
 664 014e 1A6C     		ldr	r2, [r3, #64]
 665 0150 42F48022 		orr	r2, r2, #262144
 666 0154 1A64     		str	r2, [r3, #64]
 254:Core/Src/usart.c **** 
 667              		.loc 1 254 5 view .LVU221
 668 0156 1A6C     		ldr	r2, [r3, #64]
 669 0158 02F48022 		and	r2, r2, #262144
 670 015c 0792     		str	r2, [sp, #28]
 254:Core/Src/usart.c **** 
 671              		.loc 1 254 5 view .LVU222
 672 015e 079A     		ldr	r2, [sp, #28]
 673              	.LBE9:
 254:Core/Src/usart.c **** 
 674              		.loc 1 254 5 view .LVU223
 256:Core/Src/usart.c ****     /**USART3 GPIO Configuration
 675              		.loc 1 256 5 view .LVU224
 676              	.LBB10:
 256:Core/Src/usart.c ****     /**USART3 GPIO Configuration
 677              		.loc 1 256 5 view .LVU225
 256:Core/Src/usart.c ****     /**USART3 GPIO Configuration
 678              		.loc 1 256 5 view .LVU226
 679 0160 1A6B     		ldr	r2, [r3, #48]
 680 0162 42F00802 		orr	r2, r2, #8
 681 0166 1A63     		str	r2, [r3, #48]
 256:Core/Src/usart.c ****     /**USART3 GPIO Configuration
 682              		.loc 1 256 5 view .LVU227
 683 0168 1B6B     		ldr	r3, [r3, #48]
 684 016a 03F00803 		and	r3, r3, #8
 685 016e 0893     		str	r3, [sp, #32]
 256:Core/Src/usart.c ****     /**USART3 GPIO Configuration
 686              		.loc 1 256 5 view .LVU228
 687 0170 089B     		ldr	r3, [sp, #32]
 688              	.LBE10:
 256:Core/Src/usart.c ****     /**USART3 GPIO Configuration
 689              		.loc 1 256 5 view .LVU229
 261:Core/Src/usart.c ****     GPIO_InitStruct.Mode = GPIO_MODE_AF_PP;
 690              		.loc 1 261 5 view .LVU230
 261:Core/Src/usart.c ****     GPIO_InitStruct.Mode = GPIO_MODE_AF_PP;
 691              		.loc 1 261 25 is_stmt 0 view .LVU231
 692 0172 4FF44073 		mov	r3, #768
 693 0176 0993     		str	r3, [sp, #36]
 262:Core/Src/usart.c ****     GPIO_InitStruct.Pull = GPIO_NOPULL;
 694              		.loc 1 262 5 is_stmt 1 view .LVU232
 262:Core/Src/usart.c ****     GPIO_InitStruct.Pull = GPIO_NOPULL;
 695              		.loc 1 262 26 is_stmt 0 view .LVU233
 696 0178 0223     		movs	r3, #2
 697 017a 0A93     		str	r3, [sp, #40]
 263:Core/Src/usart.c ****     GPIO_InitStruct.Speed = GPIO_SPEED_FREQ_VERY_HIGH;
 698              		.loc 1 263 5 is_stmt 1 view .LVU234
 264:Core/Src/usart.c ****     GPIO_InitStruct.Alternate = GPIO_AF7_USART3;
 699              		.loc 1 264 5 view .LVU235
 264:Core/Src/usart.c ****     GPIO_InitStruct.Alternate = GPIO_AF7_USART3;
 700              		.loc 1 264 27 is_stmt 0 view .LVU236
 701 017c 0323     		movs	r3, #3
 702 017e 0C93     		str	r3, [sp, #48]
ARM GAS  C:\Users\GUILLE~1\AppData\Local\Temp\ccK11qWt.s 			page 20


 265:Core/Src/usart.c ****     HAL_GPIO_Init(GPIOD, &GPIO_InitStruct);
 703              		.loc 1 265 5 is_stmt 1 view .LVU237
 265:Core/Src/usart.c ****     HAL_GPIO_Init(GPIOD, &GPIO_InitStruct);
 704              		.loc 1 265 31 is_stmt 0 view .LVU238
 705 0180 0723     		movs	r3, #7
 706 0182 0D93     		str	r3, [sp, #52]
 266:Core/Src/usart.c **** 
 707              		.loc 1 266 5 is_stmt 1 view .LVU239
 708 0184 09A9     		add	r1, sp, #36
 709 0186 0C48     		ldr	r0, .L35+24
 710              	.LVL27:
 266:Core/Src/usart.c **** 
 711              		.loc 1 266 5 is_stmt 0 view .LVU240
 712 0188 FFF7FEFF 		bl	HAL_GPIO_Init
 713              	.LVL28:
 269:Core/Src/usart.c ****     HAL_NVIC_EnableIRQ(USART3_IRQn);
 714              		.loc 1 269 5 is_stmt 1 view .LVU241
 715 018c 0022     		movs	r2, #0
 716 018e 1146     		mov	r1, r2
 717 0190 2720     		movs	r0, #39
 718 0192 FFF7FEFF 		bl	HAL_NVIC_SetPriority
 719              	.LVL29:
 270:Core/Src/usart.c ****   /* USER CODE BEGIN USART3_MspInit 1 */
 720              		.loc 1 270 5 view .LVU242
 721 0196 2720     		movs	r0, #39
 722 0198 FFF7FEFF 		bl	HAL_NVIC_EnableIRQ
 723              	.LVL30:
 724              		.loc 1 275 1 is_stmt 0 view .LVU243
 725 019c 46E7     		b	.L25
 726              	.L36:
 727 019e 00BF     		.align	2
 728              	.L35:
 729 01a0 004C0040 		.word	1073761280
 730 01a4 00500040 		.word	1073762304
 731 01a8 00440040 		.word	1073759232
 732 01ac 00480040 		.word	1073760256
 733 01b0 00380240 		.word	1073887232
 734 01b4 00080240 		.word	1073874944
 735 01b8 000C0240 		.word	1073875968
 736              		.cfi_endproc
 737              	.LFE145:
 739              		.section	.text.HAL_UART_MspDeInit,"ax",%progbits
 740              		.align	1
 741              		.global	HAL_UART_MspDeInit
 742              		.syntax unified
 743              		.thumb
 744              		.thumb_func
 745              		.fpu fpv5-sp-d16
 747              	HAL_UART_MspDeInit:
 748              	.LVL31:
 749              	.LFB146:
 276:Core/Src/usart.c **** 
 277:Core/Src/usart.c **** void HAL_UART_MspDeInit(UART_HandleTypeDef* uartHandle)
 278:Core/Src/usart.c **** {
 750              		.loc 1 278 1 is_stmt 1 view -0
 751              		.cfi_startproc
 752              		@ args = 0, pretend = 0, frame = 0
ARM GAS  C:\Users\GUILLE~1\AppData\Local\Temp\ccK11qWt.s 			page 21


 753              		@ frame_needed = 0, uses_anonymous_args = 0
 754              		.loc 1 278 1 is_stmt 0 view .LVU245
 755 0000 08B5     		push	{r3, lr}
 756              	.LCFI8:
 757              		.cfi_def_cfa_offset 8
 758              		.cfi_offset 3, -8
 759              		.cfi_offset 14, -4
 279:Core/Src/usart.c **** 
 280:Core/Src/usart.c ****   if(uartHandle->Instance==UART4)
 760              		.loc 1 280 3 is_stmt 1 view .LVU246
 761              		.loc 1 280 16 is_stmt 0 view .LVU247
 762 0002 0368     		ldr	r3, [r0]
 763              		.loc 1 280 5 view .LVU248
 764 0004 254A     		ldr	r2, .L47
 765 0006 9342     		cmp	r3, r2
 766 0008 09D0     		beq	.L43
 281:Core/Src/usart.c ****   {
 282:Core/Src/usart.c ****   /* USER CODE BEGIN UART4_MspDeInit 0 */
 283:Core/Src/usart.c **** 
 284:Core/Src/usart.c ****   /* USER CODE END UART4_MspDeInit 0 */
 285:Core/Src/usart.c ****     /* Peripheral clock disable */
 286:Core/Src/usart.c ****     __HAL_RCC_UART4_CLK_DISABLE();
 287:Core/Src/usart.c **** 
 288:Core/Src/usart.c ****     /**UART4 GPIO Configuration
 289:Core/Src/usart.c ****     PC10     ------> UART4_TX
 290:Core/Src/usart.c ****     PC11     ------> UART4_RX
 291:Core/Src/usart.c ****     */
 292:Core/Src/usart.c ****     HAL_GPIO_DeInit(GPIOC, GPIO_PIN_10|GPIO_PIN_11);
 293:Core/Src/usart.c **** 
 294:Core/Src/usart.c ****     /* UART4 interrupt Deinit */
 295:Core/Src/usart.c ****     HAL_NVIC_DisableIRQ(UART4_IRQn);
 296:Core/Src/usart.c ****   /* USER CODE BEGIN UART4_MspDeInit 1 */
 297:Core/Src/usart.c **** 
 298:Core/Src/usart.c ****   /* USER CODE END UART4_MspDeInit 1 */
 299:Core/Src/usart.c ****   }
 300:Core/Src/usart.c ****   else if(uartHandle->Instance==UART5)
 767              		.loc 1 300 8 is_stmt 1 view .LVU249
 768              		.loc 1 300 10 is_stmt 0 view .LVU250
 769 000a 254A     		ldr	r2, .L47+4
 770 000c 9342     		cmp	r3, r2
 771 000e 15D0     		beq	.L44
 301:Core/Src/usart.c ****   {
 302:Core/Src/usart.c ****   /* USER CODE BEGIN UART5_MspDeInit 0 */
 303:Core/Src/usart.c **** 
 304:Core/Src/usart.c ****   /* USER CODE END UART5_MspDeInit 0 */
 305:Core/Src/usart.c ****     /* Peripheral clock disable */
 306:Core/Src/usart.c ****     __HAL_RCC_UART5_CLK_DISABLE();
 307:Core/Src/usart.c **** 
 308:Core/Src/usart.c ****     /**UART5 GPIO Configuration
 309:Core/Src/usart.c ****     PC12     ------> UART5_TX
 310:Core/Src/usart.c ****     PD2     ------> UART5_RX
 311:Core/Src/usart.c ****     */
 312:Core/Src/usart.c ****     HAL_GPIO_DeInit(GPIOC, GPIO_PIN_12);
 313:Core/Src/usart.c **** 
 314:Core/Src/usart.c ****     HAL_GPIO_DeInit(GPIOD, GPIO_PIN_2);
 315:Core/Src/usart.c **** 
 316:Core/Src/usart.c ****     /* UART5 interrupt Deinit */
ARM GAS  C:\Users\GUILLE~1\AppData\Local\Temp\ccK11qWt.s 			page 22


 317:Core/Src/usart.c ****     HAL_NVIC_DisableIRQ(UART5_IRQn);
 318:Core/Src/usart.c ****   /* USER CODE BEGIN UART5_MspDeInit 1 */
 319:Core/Src/usart.c **** 
 320:Core/Src/usart.c ****   /* USER CODE END UART5_MspDeInit 1 */
 321:Core/Src/usart.c ****   }
 322:Core/Src/usart.c ****   else if(uartHandle->Instance==USART2)
 772              		.loc 1 322 8 is_stmt 1 view .LVU251
 773              		.loc 1 322 10 is_stmt 0 view .LVU252
 774 0010 244A     		ldr	r2, .L47+8
 775 0012 9342     		cmp	r3, r2
 776 0014 25D0     		beq	.L45
 323:Core/Src/usart.c ****   {
 324:Core/Src/usart.c ****   /* USER CODE BEGIN USART2_MspDeInit 0 */
 325:Core/Src/usart.c **** 
 326:Core/Src/usart.c ****   /* USER CODE END USART2_MspDeInit 0 */
 327:Core/Src/usart.c ****     /* Peripheral clock disable */
 328:Core/Src/usart.c ****     __HAL_RCC_USART2_CLK_DISABLE();
 329:Core/Src/usart.c **** 
 330:Core/Src/usart.c ****     /**USART2 GPIO Configuration
 331:Core/Src/usart.c ****     PD5     ------> USART2_TX
 332:Core/Src/usart.c ****     PD6     ------> USART2_RX
 333:Core/Src/usart.c ****     */
 334:Core/Src/usart.c ****     HAL_GPIO_DeInit(GPIOD, GPIO_PIN_5|GPIO_PIN_6);
 335:Core/Src/usart.c **** 
 336:Core/Src/usart.c ****     /* USART2 interrupt Deinit */
 337:Core/Src/usart.c ****     HAL_NVIC_DisableIRQ(USART2_IRQn);
 338:Core/Src/usart.c ****   /* USER CODE BEGIN USART2_MspDeInit 1 */
 339:Core/Src/usart.c **** 
 340:Core/Src/usart.c ****   /* USER CODE END USART2_MspDeInit 1 */
 341:Core/Src/usart.c ****   }
 342:Core/Src/usart.c ****   else if(uartHandle->Instance==USART3)
 777              		.loc 1 342 8 is_stmt 1 view .LVU253
 778              		.loc 1 342 10 is_stmt 0 view .LVU254
 779 0016 244A     		ldr	r2, .L47+12
 780 0018 9342     		cmp	r3, r2
 781 001a 30D0     		beq	.L46
 782              	.LVL32:
 783              	.L37:
 343:Core/Src/usart.c ****   {
 344:Core/Src/usart.c ****   /* USER CODE BEGIN USART3_MspDeInit 0 */
 345:Core/Src/usart.c **** 
 346:Core/Src/usart.c ****   /* USER CODE END USART3_MspDeInit 0 */
 347:Core/Src/usart.c ****     /* Peripheral clock disable */
 348:Core/Src/usart.c ****     __HAL_RCC_USART3_CLK_DISABLE();
 349:Core/Src/usart.c **** 
 350:Core/Src/usart.c ****     /**USART3 GPIO Configuration
 351:Core/Src/usart.c ****     PD8     ------> USART3_TX
 352:Core/Src/usart.c ****     PD9     ------> USART3_RX
 353:Core/Src/usart.c ****     */
 354:Core/Src/usart.c ****     HAL_GPIO_DeInit(GPIOD, GPIO_PIN_8|GPIO_PIN_9);
 355:Core/Src/usart.c **** 
 356:Core/Src/usart.c ****     /* USART3 interrupt Deinit */
 357:Core/Src/usart.c ****     HAL_NVIC_DisableIRQ(USART3_IRQn);
 358:Core/Src/usart.c ****   /* USER CODE BEGIN USART3_MspDeInit 1 */
 359:Core/Src/usart.c **** 
 360:Core/Src/usart.c ****   /* USER CODE END USART3_MspDeInit 1 */
 361:Core/Src/usart.c ****   }
ARM GAS  C:\Users\GUILLE~1\AppData\Local\Temp\ccK11qWt.s 			page 23


 362:Core/Src/usart.c **** }
 784              		.loc 1 362 1 view .LVU255
 785 001c 08BD     		pop	{r3, pc}
 786              	.LVL33:
 787              	.L43:
 286:Core/Src/usart.c **** 
 788              		.loc 1 286 5 is_stmt 1 view .LVU256
 789 001e 02F5F632 		add	r2, r2, #125952
 790 0022 136C     		ldr	r3, [r2, #64]
 791 0024 23F40023 		bic	r3, r3, #524288
 792 0028 1364     		str	r3, [r2, #64]
 292:Core/Src/usart.c **** 
 793              		.loc 1 292 5 view .LVU257
 794 002a 4FF44061 		mov	r1, #3072
 795 002e 1F48     		ldr	r0, .L47+16
 796              	.LVL34:
 292:Core/Src/usart.c **** 
 797              		.loc 1 292 5 is_stmt 0 view .LVU258
 798 0030 FFF7FEFF 		bl	HAL_GPIO_DeInit
 799              	.LVL35:
 295:Core/Src/usart.c ****   /* USER CODE BEGIN UART4_MspDeInit 1 */
 800              		.loc 1 295 5 is_stmt 1 view .LVU259
 801 0034 3420     		movs	r0, #52
 802 0036 FFF7FEFF 		bl	HAL_NVIC_DisableIRQ
 803              	.LVL36:
 804 003a EFE7     		b	.L37
 805              	.LVL37:
 806              	.L44:
 306:Core/Src/usart.c **** 
 807              		.loc 1 306 5 view .LVU260
 808 003c 02F5F432 		add	r2, r2, #124928
 809 0040 136C     		ldr	r3, [r2, #64]
 810 0042 23F48013 		bic	r3, r3, #1048576
 811 0046 1364     		str	r3, [r2, #64]
 312:Core/Src/usart.c **** 
 812              		.loc 1 312 5 view .LVU261
 813 0048 4FF48051 		mov	r1, #4096
 814 004c 1748     		ldr	r0, .L47+16
 815              	.LVL38:
 312:Core/Src/usart.c **** 
 816              		.loc 1 312 5 is_stmt 0 view .LVU262
 817 004e FFF7FEFF 		bl	HAL_GPIO_DeInit
 818              	.LVL39:
 314:Core/Src/usart.c **** 
 819              		.loc 1 314 5 is_stmt 1 view .LVU263
 820 0052 0421     		movs	r1, #4
 821 0054 1648     		ldr	r0, .L47+20
 822 0056 FFF7FEFF 		bl	HAL_GPIO_DeInit
 823              	.LVL40:
 317:Core/Src/usart.c ****   /* USER CODE BEGIN UART5_MspDeInit 1 */
 824              		.loc 1 317 5 view .LVU264
 825 005a 3520     		movs	r0, #53
 826 005c FFF7FEFF 		bl	HAL_NVIC_DisableIRQ
 827              	.LVL41:
 828 0060 DCE7     		b	.L37
 829              	.LVL42:
 830              	.L45:
ARM GAS  C:\Users\GUILLE~1\AppData\Local\Temp\ccK11qWt.s 			page 24


 328:Core/Src/usart.c **** 
 831              		.loc 1 328 5 view .LVU265
 832 0062 02F5FA32 		add	r2, r2, #128000
 833 0066 136C     		ldr	r3, [r2, #64]
 834 0068 23F40033 		bic	r3, r3, #131072
 835 006c 1364     		str	r3, [r2, #64]
 334:Core/Src/usart.c **** 
 836              		.loc 1 334 5 view .LVU266
 837 006e 6021     		movs	r1, #96
 838 0070 0F48     		ldr	r0, .L47+20
 839              	.LVL43:
 334:Core/Src/usart.c **** 
 840              		.loc 1 334 5 is_stmt 0 view .LVU267
 841 0072 FFF7FEFF 		bl	HAL_GPIO_DeInit
 842              	.LVL44:
 337:Core/Src/usart.c ****   /* USER CODE BEGIN USART2_MspDeInit 1 */
 843              		.loc 1 337 5 is_stmt 1 view .LVU268
 844 0076 2620     		movs	r0, #38
 845 0078 FFF7FEFF 		bl	HAL_NVIC_DisableIRQ
 846              	.LVL45:
 847 007c CEE7     		b	.L37
 848              	.LVL46:
 849              	.L46:
 348:Core/Src/usart.c **** 
 850              		.loc 1 348 5 view .LVU269
 851 007e 02F5F832 		add	r2, r2, #126976
 852 0082 136C     		ldr	r3, [r2, #64]
 853 0084 23F48023 		bic	r3, r3, #262144
 854 0088 1364     		str	r3, [r2, #64]
 354:Core/Src/usart.c **** 
 855              		.loc 1 354 5 view .LVU270
 856 008a 4FF44071 		mov	r1, #768
 857 008e 0848     		ldr	r0, .L47+20
 858              	.LVL47:
 354:Core/Src/usart.c **** 
 859              		.loc 1 354 5 is_stmt 0 view .LVU271
 860 0090 FFF7FEFF 		bl	HAL_GPIO_DeInit
 861              	.LVL48:
 357:Core/Src/usart.c ****   /* USER CODE BEGIN USART3_MspDeInit 1 */
 862              		.loc 1 357 5 is_stmt 1 view .LVU272
 863 0094 2720     		movs	r0, #39
 864 0096 FFF7FEFF 		bl	HAL_NVIC_DisableIRQ
 865              	.LVL49:
 866              		.loc 1 362 1 is_stmt 0 view .LVU273
 867 009a BFE7     		b	.L37
 868              	.L48:
 869              		.align	2
 870              	.L47:
 871 009c 004C0040 		.word	1073761280
 872 00a0 00500040 		.word	1073762304
 873 00a4 00440040 		.word	1073759232
 874 00a8 00480040 		.word	1073760256
 875 00ac 00080240 		.word	1073874944
 876 00b0 000C0240 		.word	1073875968
 877              		.cfi_endproc
 878              	.LFE146:
 880              		.global	huart3
ARM GAS  C:\Users\GUILLE~1\AppData\Local\Temp\ccK11qWt.s 			page 25


 881              		.global	huart2
 882              		.global	huart5
 883              		.global	huart4
 884              		.section	.bss.huart2,"aw",%nobits
 885              		.align	2
 886              		.set	.LANCHOR2,. + 0
 889              	huart2:
 890 0000 00000000 		.space	132
 890      00000000 
 890      00000000 
 890      00000000 
 890      00000000 
 891              		.section	.bss.huart3,"aw",%nobits
 892              		.align	2
 893              		.set	.LANCHOR3,. + 0
 896              	huart3:
 897 0000 00000000 		.space	132
 897      00000000 
 897      00000000 
 897      00000000 
 897      00000000 
 898              		.section	.bss.huart4,"aw",%nobits
 899              		.align	2
 900              		.set	.LANCHOR0,. + 0
 903              	huart4:
 904 0000 00000000 		.space	132
 904      00000000 
 904      00000000 
 904      00000000 
 904      00000000 
 905              		.section	.bss.huart5,"aw",%nobits
 906              		.align	2
 907              		.set	.LANCHOR1,. + 0
 910              	huart5:
 911 0000 00000000 		.space	132
 911      00000000 
 911      00000000 
 911      00000000 
 911      00000000 
 912              		.text
 913              	.Letext0:
 914              		.file 2 "c:\\program files (x86)\\gnu arm embedded toolchain\\10 2020-q4-major\\arm-none-eabi\\inc
 915              		.file 3 "c:\\program files (x86)\\gnu arm embedded toolchain\\10 2020-q4-major\\arm-none-eabi\\inc
 916              		.file 4 "Drivers/CMSIS/Device/ST/STM32F7xx/Include/stm32f746xx.h"
 917              		.file 5 "Drivers/STM32F7xx_HAL_Driver/Inc/stm32f7xx_hal_def.h"
 918              		.file 6 "Drivers/STM32F7xx_HAL_Driver/Inc/stm32f7xx_hal_gpio.h"
 919              		.file 7 "Drivers/STM32F7xx_HAL_Driver/Inc/stm32f7xx_hal_dma.h"
 920              		.file 8 "Drivers/STM32F7xx_HAL_Driver/Inc/stm32f7xx_hal_uart.h"
 921              		.file 9 "Core/Inc/usart.h"
 922              		.file 10 "Drivers/STM32F7xx_HAL_Driver/Inc/stm32f7xx_hal_cortex.h"
 923              		.file 11 "Core/Inc/main.h"
ARM GAS  C:\Users\GUILLE~1\AppData\Local\Temp\ccK11qWt.s 			page 26


DEFINED SYMBOLS
                            *ABS*:00000000 usart.c
C:\Users\GUILLE~1\AppData\Local\Temp\ccK11qWt.s:18     .text.MX_UART4_Init:00000000 $t
C:\Users\GUILLE~1\AppData\Local\Temp\ccK11qWt.s:26     .text.MX_UART4_Init:00000000 MX_UART4_Init
C:\Users\GUILLE~1\AppData\Local\Temp\ccK11qWt.s:96     .text.MX_UART4_Init:0000003c $d
C:\Users\GUILLE~1\AppData\Local\Temp\ccK11qWt.s:102    .text.MX_UART5_Init:00000000 $t
C:\Users\GUILLE~1\AppData\Local\Temp\ccK11qWt.s:109    .text.MX_UART5_Init:00000000 MX_UART5_Init
C:\Users\GUILLE~1\AppData\Local\Temp\ccK11qWt.s:178    .text.MX_UART5_Init:0000003c $d
C:\Users\GUILLE~1\AppData\Local\Temp\ccK11qWt.s:184    .text.MX_USART2_UART_Init:00000000 $t
C:\Users\GUILLE~1\AppData\Local\Temp\ccK11qWt.s:191    .text.MX_USART2_UART_Init:00000000 MX_USART2_UART_Init
C:\Users\GUILLE~1\AppData\Local\Temp\ccK11qWt.s:260    .text.MX_USART2_UART_Init:00000038 $d
C:\Users\GUILLE~1\AppData\Local\Temp\ccK11qWt.s:267    .text.MX_USART3_UART_Init:00000000 $t
C:\Users\GUILLE~1\AppData\Local\Temp\ccK11qWt.s:274    .text.MX_USART3_UART_Init:00000000 MX_USART3_UART_Init
C:\Users\GUILLE~1\AppData\Local\Temp\ccK11qWt.s:343    .text.MX_USART3_UART_Init:00000038 $d
C:\Users\GUILLE~1\AppData\Local\Temp\ccK11qWt.s:350    .text.HAL_UART_MspInit:00000000 $t
C:\Users\GUILLE~1\AppData\Local\Temp\ccK11qWt.s:357    .text.HAL_UART_MspInit:00000000 HAL_UART_MspInit
C:\Users\GUILLE~1\AppData\Local\Temp\ccK11qWt.s:729    .text.HAL_UART_MspInit:000001a0 $d
C:\Users\GUILLE~1\AppData\Local\Temp\ccK11qWt.s:740    .text.HAL_UART_MspDeInit:00000000 $t
C:\Users\GUILLE~1\AppData\Local\Temp\ccK11qWt.s:747    .text.HAL_UART_MspDeInit:00000000 HAL_UART_MspDeInit
C:\Users\GUILLE~1\AppData\Local\Temp\ccK11qWt.s:871    .text.HAL_UART_MspDeInit:0000009c $d
C:\Users\GUILLE~1\AppData\Local\Temp\ccK11qWt.s:896    .bss.huart3:00000000 huart3
C:\Users\GUILLE~1\AppData\Local\Temp\ccK11qWt.s:889    .bss.huart2:00000000 huart2
C:\Users\GUILLE~1\AppData\Local\Temp\ccK11qWt.s:910    .bss.huart5:00000000 huart5
C:\Users\GUILLE~1\AppData\Local\Temp\ccK11qWt.s:903    .bss.huart4:00000000 huart4
C:\Users\GUILLE~1\AppData\Local\Temp\ccK11qWt.s:885    .bss.huart2:00000000 $d
C:\Users\GUILLE~1\AppData\Local\Temp\ccK11qWt.s:892    .bss.huart3:00000000 $d
C:\Users\GUILLE~1\AppData\Local\Temp\ccK11qWt.s:899    .bss.huart4:00000000 $d
C:\Users\GUILLE~1\AppData\Local\Temp\ccK11qWt.s:906    .bss.huart5:00000000 $d

UNDEFINED SYMBOLS
HAL_UART_Init
Error_Handler
HAL_GPIO_Init
HAL_NVIC_SetPriority
HAL_NVIC_EnableIRQ
HAL_GPIO_DeInit
HAL_NVIC_DisableIRQ
